INFO:root:02-08-2021:12:51:16||531208166|zooinfo response200
INFO:root:02-08-2021:12:51:17||531208166|https://www.linkedin.com/in/laura-lewis87665268?miniProfileUrn=urn%3Ali%3Afs_miniProfile%3AACoAAA5Vb1oBfRRs0uk8zjKtrhs-2yKgi115CoE
INFO:root:02-08-2021:12:51:18||531208166|got linkedin response200
INFO:root:02-08-2021:12:51:18||531208166|Laura-Lewis-Marketing Manager
INFO:root:02-08-2021:12:51:39||531208167|zooinfo response200
INFO:root:02-08-2021:12:51:40||531208167|https://www.linkedin.com/in/pipjackson?miniProfileUrn=urn%3Ali%3Afs_miniProfile%3AACoAAABWlxMBr9H0qP0Av7CJvQwvM93sIv77HJM
INFO:root:02-08-2021:12:51:40||531208167|got linkedin response200
INFO:root:02-08-2021:12:51:40||531208167|Paul-Jackson-Group Marketing Director
INFO:root:02-08-2021:12:52:00||531208168|zooinfo response200
INFO:root:02-08-2021:12:52:01||531208168|https://www.linkedin.com/in/gabriellasciarrone?miniProfileUrn=urn%3Ali%3Afs_miniProfile%3AACoAAA6hv2gBhYY_0cN5U3qsiFg4vHlcNL2MGvI
INFO:root:02-08-2021:12:52:01||531208168|got linkedin response200
INFO:root:02-08-2021:12:52:01||531208168|Gabriella-Sciarrone-Head of Marketing
INFO:root:02-08-2021:12:52:17||531208169|zooinfo response200
INFO:root:02-08-2021:12:52:18||531208169|https://www.linkedin.com/in/melissoysal?miniProfileUrn=urn%3Ali%3Afs_miniProfile%3AACoAAAtMlHYB-5nvG-LuLLjbxr_2YYgWtV2WT_0
INFO:root:02-08-2021:12:52:18||531208169|got linkedin response200
INFO:root:02-08-2021:12:52:18||531208169|Melis-S.-Senior Marketing Manager, UKI
INFO:root:02-08-2021:12:52:33||531208170|zooinfo response200
INFO:root:02-08-2021:12:52:34||531208170|https://www.linkedin.com/in/robert-oakley?miniProfileUrn=urn%3Ali%3Afs_miniProfile%3AACoAAAREkEABOGvMU9Ebadv1456_D1Gfzn-a70I
INFO:root:02-08-2021:12:52:35||531208170|got linkedin response200
INFO:root:02-08-2021:12:52:35||531208170|Rob-Oakley-Marketing Manager (UK, USA)
INFO:root:02-08-2021:12:52:53||531208568|zooinfo response200
INFO:root:02-08-2021:12:52:54||531208568|https://www.linkedin.com/in/jessica-dye-ab796114?miniProfileUrn=urn%3Ali%3Afs_miniProfile%3AACoAAAL9HusBxBf8Zu5UCieGivD4SIfRXfhUtW0
INFO:root:02-08-2021:12:52:55||531208568|got linkedin response200
INFO:root:02-08-2021:12:52:55||531208568|Jessica-Dye-Chief Marketing Officer
INFO:root:02-08-2021:12:53:11||531208569|zooinfo response200
INFO:root:02-08-2021:12:53:12||531208569|https://www.linkedin.com/in/greenwoodnick?miniProfileUrn=urn%3Ali%3Afs_miniProfile%3AACoAAAddGPoBFNrh5fHJy6x6w9R0_je13hDkaX0
INFO:root:02-08-2021:12:53:13||531208569|got linkedin response200
INFO:root:02-08-2021:12:53:13||531208569|Nick-Greenwood-Head of BD & Marketing
INFO:root:02-08-2021:12:53:28||531208570|zooinfo response200
INFO:root:02-08-2021:12:53:29||531208570|https://www.linkedin.com/in/susan-cotton-a0b52822?miniProfileUrn=urn%3Ali%3Afs_miniProfile%3AACoAAAS0easBHABDkQOHyjwaxIevMt6POC0qvpc
INFO:root:02-08-2021:12:53:29||531208570|got linkedin response200
INFO:root:02-08-2021:12:53:29||531208570|Susan-Cotton-Head Of Brand Marketing
INFO:root:02-08-2021:12:53:45||531208571|zooinfo response200
INFO:root:02-08-2021:12:53:46||531208571|https://www.linkedin.com/in/iain-smith-03a6b214?miniProfileUrn=urn%3Ali%3Afs_miniProfile%3AACoAAALzUK4Br_imVB10j2Eo0QHdp7wLjoDgR-4
INFO:root:02-08-2021:12:53:46||531208571|got linkedin response200
INFO:root:02-08-2021:12:53:46||531208571|Iain-Smith-Head of Marketing - EMEA
INFO:root:02-08-2021:12:54:04||531208572|zooinfo response200
INFO:root:02-08-2021:12:54:05||531208572|https://www.linkedin.com/in/kevin-peake-55a3825?miniProfileUrn=urn%3Ali%3Afs_miniProfile%3AACoAAADxzJYB9ECXmJeMF9GuTxlyFT4N9W0jlrI
INFO:root:02-08-2021:12:54:06||531208572|got linkedin response200
INFO:root:02-08-2021:12:54:06||531208572|Kevin-Peake-Marketing and Business Development Director
INFO:root:02-08-2021:12:54:25||531208573|zooinfo response200
INFO:root:02-08-2021:12:54:25||531208573|https://www.linkedin.com/in/alexoshaughnessy?miniProfileUrn=urn%3Ali%3Afs_miniProfile%3AACoAAABCQVoBn4kdrfyhW7BrtH1G_bpr46q6whA
INFO:root:02-08-2021:12:54:26||531208573|got linkedin response200
INFO:root:02-08-2021:12:54:26||531208573|Alex-O'Shaughnessy-Chief Marketing Officer
INFO:root:02-08-2021:12:54:42||531208574|zooinfo response200
INFO:root:02-08-2021:12:54:43||531208574|https://www.linkedin.com/in/dan-wharton-9a8926141?miniProfileUrn=urn%3Ali%3Afs_miniProfile%3AACoAACJ8jBABURknlzZO7d_CXwE4OmHulQ4QQVY
INFO:root:02-08-2021:12:54:43||531208574|got linkedin response200
INFO:root:02-08-2021:12:54:43||531208574|Dan-Wharton-Director of Marketing Strategy (Retail)
INFO:root:02-08-2021:12:55:03||531208575|zooinfo response200
INFO:root:02-08-2021:12:55:04||531208575|https://www.linkedin.com/in/olivia-moss-a508049?miniProfileUrn=urn%3Ali%3Afs_miniProfile%3AACoAAAG4kNwBBxJJFt1qigOlvB9YZG6AclNFIdQ
INFO:root:02-08-2021:12:55:05||531208575|got linkedin response200
INFO:root:02-08-2021:12:55:05||531208575|Olivia-Moss-Brand & Strategic Marketing Director
INFO:root:02-08-2021:12:55:24||531208577|zooinfo response200
INFO:root:02-08-2021:12:55:33||531208577|got linkedin response200
INFO:root:02-08-2021:12:55:33||531208577|Anisha-Patel-Head Of Marketing
INFO:root:02-08-2021:12:55:49||531208578|zooinfo response200
INFO:root:02-08-2021:12:55:50||531208578|https://www.linkedin.com/in/lisa-moran-9707ba29?miniProfileUrn=urn%3Ali%3Afs_miniProfile%3AACoAAAX95-QBtOrUCdMVaV2L-Ne26ttureB7eQ0
INFO:root:02-08-2021:12:55:51||531208578|got linkedin response200
INFO:root:02-08-2021:12:55:51||531208578|Lisa-Moran-Sales and Marketing Director
INFO:root:02-08-2021:12:56:09||531208579|zooinfo response200
INFO:root:02-08-2021:12:56:10||531208579|https://www.linkedin.com/in/andy-clements-578b0b51?miniProfileUrn=urn%3Ali%3Afs_miniProfile%3AACoAAAsFYWwBdBOY5sRYOp9w2jmpZP3NBb6UbS4
INFO:root:02-08-2021:12:56:10||531208579|got linkedin response200
INFO:root:02-08-2021:12:56:10||531208579|Andy-Clements-Head of Distribution & Marketing - UK & Europe
INFO:root:02-08-2021:12:56:31||531241408|zooinfo response200
INFO:root:02-08-2021:12:56:33||531241408|https://www.linkedin.com/in/jenny-smith-andrews-879a0ba?miniProfileUrn=urn%3Ali%3Afs_miniProfile%3AACoAAAHt5x0B1D-QwJN95cSMI-jUT77fVQyra8Q
INFO:root:02-08-2021:12:56:33||531241408|got linkedin response200
INFO:root:02-08-2021:12:56:33||531241408|Jenny-Smith-Andrews-Head of Marketing
INFO:root:02-08-2021:12:56:52||531241409|zooinfo response200
INFO:root:02-08-2021:12:56:53||531241409|https://www.linkedin.com/in/alasdair-miles-67271a8?miniProfileUrn=urn%3Ali%3Afs_miniProfile%3AACoAAAGHrDYBPwnNIRrg1mBICtcXZvwebeBUTI4
INFO:root:02-08-2021:12:56:54||531241409|got linkedin response200
INFO:root:02-08-2021:12:56:54||531241409|Alasdair-Miles-Committee Member
INFO:root:02-08-2021:12:57:11||531241411|zooinfo response200
INFO:root:02-08-2021:12:57:12||531241411|https://www.linkedin.com/in/samanthabisson?miniProfileUrn=urn%3Ali%3Afs_miniProfile%3AACoAAAMil-QBciEscca2lvwt1IQcUdKJa7huQZ8
INFO:root:02-08-2021:12:57:13||531241411|got linkedin response200
INFO:root:02-08-2021:12:57:13||531241411|Samantha-Bisson-Director of Marketing and Communications
INFO:root:02-08-2021:12:57:30||531241413|zooinfo response200
INFO:root:02-08-2021:12:57:31||531241413|https://www.linkedin.com/in/lizzie-wignall-3bb71b60?miniProfileUrn=urn%3Ali%3Afs_miniProfile%3AACoAAAzrsX8BP0yb4U5Y3VcYLZkBCOEnSPSSNsA
INFO:root:02-08-2021:12:57:31||531241413|got linkedin response200
INFO:root:02-08-2021:12:57:31||531241413|Lizzie-Wignall-Head Of Brand
INFO:root:02-08-2021:12:57:49||531241415|zooinfo response200
INFO:root:02-08-2021:12:57:50||531241415|https://www.linkedin.com/in/kirstiearmsworth?miniProfileUrn=urn%3Ali%3Afs_miniProfile%3AACoAAAMOUsoB-90VYPbGfF3qLjU-BnBXESGGnYM
INFO:root:02-08-2021:12:57:50||531241415|got linkedin response200
INFO:root:02-08-2021:12:57:50||531241415|Kirstie-Armsworth-Scouting Support Officer
INFO:root:02-08-2021:12:58:06||531241421|zooinfo response200
INFO:root:02-08-2021:12:58:07||531241421|https://www.linkedin.com/in/kathryn-hope-65b99b35?miniProfileUrn=urn%3Ali%3Afs_miniProfile%3AACoAAAdxYucBrKH-QaGr242PC46f2d1rDoyI-jE
INFO:root:02-08-2021:12:58:07||531241421|got linkedin response200
INFO:root:02-08-2021:12:58:07||531241421|Kathryn-Hope-Group Marketing & Communications Manager
INFO:root:02-08-2021:12:58:25||531241423|zooinfo response200
INFO:root:02-08-2021:12:58:26||531241423|https://www.linkedin.com/in/carolinecruise?miniProfileUrn=urn%3Ali%3Afs_miniProfile%3AACoAAAeT5loBqcEWR8WkCiZ6dcFdKgBCu-MRD-I
INFO:root:02-08-2021:12:58:27||531241423|got linkedin response200
INFO:root:02-08-2021:12:58:27||531241423|Caroline-Cruise-Head of Digital Marketing & Strategic Projects
INFO:root:02-08-2021:12:59:04||531241428|zooinfo response200
INFO:root:02-08-2021:12:59:05||531241428|https://www.linkedin.com/in/fergal-lynch-7417951b?miniProfileUrn=urn%3Ali%3Afs_miniProfile%3AACoAAAQ1guEBxXihAwiQKUm8_TdkZVYwOVW178I
INFO:root:02-08-2021:12:59:06||531241428|got linkedin response200
INFO:root:02-08-2021:12:59:06||531241428|Fergal-Lynch-Head of Marketing
INFO:root:02-08-2021:12:59:21||531241430|zooinfo response200
INFO:root:02-08-2021:12:59:22||531241430|https://www.linkedin.com/in/dominic-trewin-56911683?miniProfileUrn=urn%3Ali%3Afs_miniProfile%3AACoAABGi-KEBUQETu1PtLH-5ybytHyvSVjcIXkc
INFO:root:02-08-2021:12:59:22||531241430|got linkedin response200
INFO:root:02-08-2021:12:59:22||531241430|Dominic-Trewin-Group Marketing Manager
INFO:root:02-08-2021:12:59:42||531241434|zooinfo response200
INFO:root:02-08-2021:12:59:43||531241434|https://www.linkedin.com/in/heba-zayed-41071223?miniProfileUrn=urn%3Ali%3Afs_miniProfile%3AACoAAATpJMwBQcBihjoMFcPCsG_Jg2drIST9Dew
INFO:root:02-08-2021:12:59:43||531241434|got linkedin response200
INFO:root:02-08-2021:12:59:43||531241434|Heba-Zayed-Consumer Marketing Manager
INFO:root:02-08-2021:13:00:01||531241437|zooinfo response200
INFO:root:02-08-2021:13:00:02||531241437|https://www.linkedin.com/in/alisonmitchell1?miniProfileUrn=urn%3Ali%3Afs_miniProfile%3AACoAAAMZnQUBcQ2olOafN7Wwqcis-xVfQaDCrIk
INFO:root:02-08-2021:13:00:02||531241437|got linkedin response200
INFO:root:02-08-2021:13:00:02||531241437|Alison-Mitchell-Deputy Chair of Marketing Taskforce
INFO:root:02-08-2021:13:00:22||531241438|zooinfo response200
INFO:root:02-08-2021:13:00:34||531241438|got linkedin response403
INFO:root:02-08-2021:13:00:34||531241438|error in extracting contact'$type'
INFO:root:02-08-2021:13:00:53||531241440|zooinfo response200
INFO:root:02-08-2021:13:00:54||531241440|https://www.linkedin.com/in/alasdair-munro-b2674016?miniProfileUrn=urn%3Ali%3Afs_miniProfile%3AACoAAANP_k4BdSfiffsSKNlc2y3JxEbU9wcrKx0
INFO:root:02-08-2021:13:00:54||531241440|got linkedin response200
INFO:root:02-08-2021:13:00:54||531241440|Alasdair-Munro-Head of Marketing and Communications
INFO:root:02-08-2021:13:01:08||531241441|zooinfo response200
INFO:root:02-08-2021:13:01:09||531241441|https://www.linkedin.com/in/sarahahead?miniProfileUrn=urn%3Ali%3Afs_miniProfile%3AACoAAAOTTW0BmHAxAoeeUL2RD6Moc8SYbolHG7E
INFO:root:02-08-2021:13:01:10||531241441|got linkedin response200
INFO:root:02-08-2021:13:01:10||531241441|Sarah-Head-Pembroke-Marketing Manager
INFO:root:02-08-2021:13:01:24||531241444|zooinfo response200
INFO:root:02-08-2021:13:01:25||531241444|https://www.linkedin.com/in/catherinef1?miniProfileUrn=urn%3Ali%3Afs_miniProfile%3AACoAABBwS7gB0K_8xLhwLMqE2Vc0eGlebCf0vR8
INFO:root:02-08-2021:13:01:26||531241444|got linkedin response200
INFO:root:02-08-2021:13:01:26||531241444|Catherine-Flynn-Content Marketing Manager
INFO:root:02-08-2021:13:01:46||531241445|zooinfo response200
INFO:root:02-08-2021:13:01:47||531241445|https://www.linkedin.com/in/tom-wickham?miniProfileUrn=urn%3Ali%3Afs_miniProfile%3AACoAABRKhTcBpIgyVXXAEwSH2wu2I9Zu2V-tg9s
INFO:root:02-08-2021:13:01:47||531241445|got linkedin response200
INFO:root:02-08-2021:13:01:48||531241445|Tom-Wickham-Group Marketing Manager
INFO:root:02-08-2021:13:02:04||531241447|zooinfo response200
INFO:root:02-08-2021:13:02:04||531241447|https://www.linkedin.com/in/lily-smalley-14aa226a?miniProfileUrn=urn%3Ali%3Afs_miniProfile%3AACoAAA6-yEoBFIkIwZ0IpSy75RtliFKLYrSnjlI
INFO:root:02-08-2021:13:02:05||531241447|got linkedin response200
INFO:root:02-08-2021:13:02:05||531241447|Lily-Smalley-Global Content Marketing Manager 
INFO:root:02-08-2021:13:02:21||531241448|zooinfo response200
INFO:root:02-08-2021:13:02:22||531241448|https://www.linkedin.com/in/cathy-bowes-04977411?miniProfileUrn=urn%3Ali%3Afs_miniProfile%3AACoAAAJtNjkB4ujVeYEa7cr9SVp5HDC6ZM40pJc
INFO:root:02-08-2021:13:02:22||531241448|got linkedin response200
INFO:root:02-08-2021:13:02:22||531241448|Cathy-Bowes-Marketing Manager EMEA
INFO:root:02-08-2021:13:02:40||531241449|zooinfo response200
INFO:root:02-08-2021:13:02:41||531241449|https://www.linkedin.com/in/emily-jackson-601925141?miniProfileUrn=urn%3Ali%3Afs_miniProfile%3AACoAACJ8gyEBqQ21n51iVrH0ZaO5ABKJtWXIrzE
INFO:root:02-08-2021:13:02:41||531241449|got linkedin response200
INFO:root:02-08-2021:13:02:41||531241449|Emily-Jackson-Digital Sales and Marketing Manager SMB
INFO:root:02-08-2021:13:02:58||531241450|zooinfo response200
INFO:root:02-08-2021:13:03:09||531241450|got linkedin response200
INFO:root:02-08-2021:13:03:09||531241450|Melissa-Knight MCIPR-Marketing Manager
INFO:root:02-08-2021:13:03:24||531242860|zooinfo response200
INFO:root:02-08-2021:13:03:25||531242860|https://www.linkedin.com/in/belindamaymoore?miniProfileUrn=urn%3Ali%3Afs_miniProfile%3AACoAAAFbmEsB8IcJLJav8Ef9i5ln5K7kWDST_K0
INFO:root:02-08-2021:13:03:26||531242860|got linkedin response200
INFO:root:02-08-2021:13:03:26||531242860|Belinda-Moore-Marketing & Business Development Director
INFO:root:02-08-2021:13:03:43||531242861|zooinfo response200
INFO:root:02-08-2021:13:03:56||531242861|got linkedin response200
INFO:root:02-08-2021:13:03:56||531242861|Alex-Marshall-Advisory Board Member
INFO:root:02-08-2021:13:04:14||531242862|zooinfo response200
INFO:root:02-08-2021:13:04:16||531242862|https://www.linkedin.com/in/richard-white-96993414?miniProfileUrn=urn%3Ali%3Afs_miniProfile%3AACoAAAL8P2EBZvUEaCrGY5GVao_s11bwRF9v32c
INFO:root:02-08-2021:13:04:16||531242862|got linkedin response200
INFO:root:02-08-2021:13:04:16||531242862|error in extracting contact'dateRange'
INFO:root:02-08-2021:13:04:30||531242863|zooinfo response200
INFO:root:02-08-2021:13:04:31||531242863|https://www.linkedin.com/in/aine-bonner-a653a64?miniProfileUrn=urn%3Ali%3Afs_miniProfile%3AACoAAADE_G0BWPxOHG2ZmrR054z36qe88rZyseY
INFO:root:02-08-2021:13:04:32||531242863|got linkedin response200
INFO:root:02-08-2021:13:04:32||531242863|Aine-Bonner-Head Of Marketing
INFO:root:02-08-2021:13:04:52||531242864|zooinfo response200
INFO:root:02-08-2021:13:04:53||531242864|https://www.linkedin.com/in/andrewlawrencemarketing?miniProfileUrn=urn%3Ali%3Afs_miniProfile%3AACoAAAIlNf8BqIG7WTUscnAM2Et1eQjX8Oo1DbU
INFO:root:02-08-2021:13:04:53||531242864|got linkedin response200
INFO:root:02-08-2021:13:04:53||531242864|Andrew-L.-Branding, Bids and Marketing Communications Manager
INFO:root:02-08-2021:13:05:08||531242865|zooinfo response200
INFO:root:02-08-2021:13:05:09||531242865|https://www.linkedin.com/in/andrea-bland-cip-4868273?miniProfileUrn=urn%3Ali%3Afs_miniProfile%3AACoAAACn4-YB9TgERx5H4H3prBfuq9--7NN4V3o
INFO:root:02-08-2021:13:05:09||531242865|got linkedin response200
INFO:root:02-08-2021:13:05:09||531242865|Andrea-Bland CIP-Customer Experience and Commercial Marketing Manager
INFO:root:02-08-2021:13:05:29||531242867|zooinfo response200
INFO:root:02-08-2021:13:05:29||531242867|https://www.linkedin.com/in/sarahmoriartygoodbody?miniProfileUrn=urn%3Ali%3Afs_miniProfile%3AACoAABVCN30BxrG3YYJ8TzTKSBz99bTPoomDUEo
INFO:root:02-08-2021:13:05:30||531242867|got linkedin response200
INFO:root:02-08-2021:13:05:30||531242867|Sarah-Moriarty-Head of Brand Marketing
INFO:root:02-08-2021:13:05:46||531242868|zooinfo response200
INFO:root:02-08-2021:13:05:46||531242868|https://www.linkedin.com/in/mbegonja?miniProfileUrn=urn%3Ali%3Afs_miniProfile%3AACoAABIzUcsBQfRc2uhf19-JLg02lH1pXkuvgYs
INFO:root:02-08-2021:13:05:47||531242868|got linkedin response200
INFO:root:02-08-2021:13:05:47||531242868|Maja-Begonja-Direct Marketing Manager
INFO:root:02-08-2021:13:06:02||531242869|zooinfo response200
INFO:root:02-08-2021:13:06:03||531242869|https://www.linkedin.com/in/adam-fennell-9b12b1164?miniProfileUrn=urn%3Ali%3Afs_miniProfile%3AACoAACcy31UBq_3wvHhjCE_OvR2sDqEo5jqGUNc
INFO:root:02-08-2021:13:06:03||531242869|got linkedin response200
INFO:root:02-08-2021:13:06:03||531242869|Adam-Fennell-Regional Marketing Manager
INFO:root:02-08-2021:13:06:23||531242870|zooinfo response200
INFO:root:02-08-2021:13:06:23||531242870|https://www.linkedin.com/in/lisarobinsonbehnejad?miniProfileUrn=urn%3Ali%3Afs_miniProfile%3AACoAAASZlP4BLGs6ZuZG-Akvd9uaNMCAct4yGfc
INFO:root:02-08-2021:13:06:24||531242870|got linkedin response200
INFO:root:02-08-2021:13:06:24||531242870|Lisa-Robinson-Behnejad-Director Marketing Business Development
INFO:root:02-08-2021:13:06:40||531242872|zooinfo response200
INFO:root:02-08-2021:13:06:41||531242872|https://www.linkedin.com/in/keiron-o-neill-2475269b?miniProfileUrn=urn%3Ali%3Afs_miniProfile%3AACoAABVBt9cBphXo-eA1EgWMq1k2pKKr70ZUgsQ
INFO:root:02-08-2021:13:06:41||531242872|got linkedin response200
INFO:root:02-08-2021:13:06:41||531242872|Keiron-O'Neill-Marketing Manager
INFO:root:02-08-2021:13:06:55||531242873|zooinfo response200
INFO:root:02-08-2021:13:06:56||531242873|https://www.linkedin.com/in/jonathanramsey?miniProfileUrn=urn%3Ali%3Afs_miniProfile%3AACoAAADfySoB_D1mpffzkuJ5S93_Ojyxo8MACto
INFO:root:02-08-2021:13:06:57||531242873|got linkedin response200
INFO:root:02-08-2021:13:06:57||531242873|Jonathan-Ramsey-Product & Marketing Manager
INFO:root:02-08-2021:13:07:18||531242874|zooinfo response200
INFO:root:02-08-2021:13:07:19||531242874|https://www.linkedin.com/in/lisa-ingham-60628a193?miniProfileUrn=urn%3Ali%3Afs_miniProfile%3AACoAAC1s1uYBAksvWILc58mYvDNp2fPopJUjPw4
INFO:root:02-08-2021:13:07:20||531242874|got linkedin response200
INFO:root:02-08-2021:13:07:20||531242874|Lisa-Ingham-Social Impact and Marketing Manager
INFO:root:02-08-2021:13:07:36||531242875|zooinfo response200
INFO:root:02-08-2021:13:07:36||531242875|https://www.linkedin.com/in/ishachander?miniProfileUrn=urn%3Ali%3Afs_miniProfile%3AACoAAAIlkJoBVNChBcUe-ir6bqlRP6A5piNBiCw
INFO:root:02-08-2021:13:07:37||531242875|got linkedin response200
INFO:root:02-08-2021:13:07:37||531242875|Isha-Chander-Chief Marketing Officer
INFO:root:02-08-2021:13:07:56||531242876|zooinfo response200
INFO:root:02-08-2021:13:07:57||531242876|https://www.linkedin.com/in/markblackmore22?miniProfileUrn=urn%3Ali%3Afs_miniProfile%3AACoAAADzUBAB4JzCqO5-FFX-Ih1tY9xlD_Sg47g
INFO:root:02-08-2021:13:07:57||531242876|got linkedin response200
INFO:root:02-08-2021:13:07:57||531242876|Mark-Blackmore, B2B-I-Marketing Manager
INFO:root:02-08-2021:13:08:13||531242877|zooinfo response200
INFO:root:02-08-2021:13:08:14||531242877|https://www.linkedin.com/in/richardeglon?miniProfileUrn=urn%3Ali%3Afs_miniProfile%3AACoAAAEWctwBqnuxIsFq0fVqx_1YsYssKteUcME
INFO:root:02-08-2021:13:08:15||531242877|got linkedin response200
INFO:root:02-08-2021:13:08:15||531242877|Richard-Eglon - MCIM Chartered Marketer-CMO
INFO:root:02-08-2021:13:08:32||531242878|zooinfo response200
INFO:root:02-08-2021:13:08:34||531242878|https://www.linkedin.com/in/gillian-banks-272a0729?miniProfileUrn=urn%3Ali%3Afs_miniProfile%3AACoAAAYFuLYBYW4igZ61YWFFzQp2PympT34Uc8A
INFO:root:02-08-2021:13:08:35||531242878|got linkedin response200
INFO:root:02-08-2021:13:08:35||531242878|Gillian-Banks-Marketing Manager
INFO:root:02-08-2021:13:08:50||531242879|zooinfo response200
INFO:root:02-08-2021:13:08:51||531242879|https://www.linkedin.com/in/karen-o-hara-a980592?miniProfileUrn=urn%3Ali%3Afs_miniProfile%3AACoAAABc99QBXZ2p-4IIQW6blUxfFrPAU_74wek
INFO:root:02-08-2021:13:08:52||531242879|got linkedin response200
INFO:root:02-08-2021:13:08:52||531242879|Karen-O'Hara-Industry Advisory Council Member
INFO:root:02-08-2021:13:09:09||531242880|zooinfo response200
INFO:root:02-08-2021:13:09:10||531242880|https://www.linkedin.com/in/robinclempson?miniProfileUrn=urn%3Ali%3Afs_miniProfile%3AACoAAAhzfjwBubkmVFjazhQwtsadMiRvvNhVHao
INFO:root:02-08-2021:13:09:10||531242880|got linkedin response200
INFO:root:02-08-2021:13:09:10||531242880|Robin-Clempson-Head of Marketing and Communications
INFO:root:02-08-2021:13:09:31||531242881|zooinfo response200
INFO:root:02-08-2021:13:09:32||531242881|https://www.linkedin.com/in/greg-stansfield-26805912?miniProfileUrn=urn%3Ali%3Afs_miniProfile%3AACoAAAJ_szABlR1l5DpAQhZE2T17bimmoPR75dA
INFO:root:02-08-2021:13:09:32||531242881|got linkedin response200
INFO:root:02-08-2021:13:09:32||531242881|Greg-Stansfield-Group Services Director
INFO:root:02-08-2021:13:09:49||531242883|zooinfo response200
INFO:root:02-08-2021:13:09:49||531242883|https://www.linkedin.com/in/holly-johnson-9883b521?miniProfileUrn=urn%3Ali%3Afs_miniProfile%3AACoAAASCFjgBRsfDg29Ol02_wkn0KxPBzYs6228
INFO:root:02-08-2021:13:09:50||531242883|got linkedin response200
INFO:root:02-08-2021:13:09:50||531242883|Holly-Johnson-Head of UK Marketing
INFO:root:02-08-2021:13:10:06||531242885|zooinfo response200
INFO:root:02-08-2021:13:10:07||531242885|https://www.linkedin.com/in/marc-bouvier-51061246?miniProfileUrn=urn%3Ali%3Afs_miniProfile%3AACoAAAmziVwBgmrdaHVD_N78HPEXD_pij7gomXM
INFO:root:02-08-2021:13:10:08||531242885|got linkedin response200
INFO:root:02-08-2021:13:10:08||531242885|error in extracting contact'dateRange'
INFO:root:02-08-2021:13:10:24||531242889|zooinfo response200
INFO:root:02-08-2021:13:10:26||531242889|https://www.linkedin.com/in/ioana-borangic-ba7ab2b?miniProfileUrn=urn%3Ali%3Afs_miniProfile%3AACoAAAIety8BHfkVydrdyvhlJ3nOnyJ8yCF7ZjU
INFO:root:02-08-2021:13:10:26||531242889|got linkedin response200
INFO:root:02-08-2021:13:10:26||531242889|Ioana-Borangic-Head of Corporate & Marketing Communications 
INFO:root:02-08-2021:13:10:45||531242891|zooinfo response200
INFO:root:02-08-2021:13:10:45||531242891|https://www.linkedin.com/in/robyn-lindsay-60706248?miniProfileUrn=urn%3Ali%3Afs_miniProfile%3AACoAAAn5ducB96vlKPfi66MGozZJEPgO4CaPOe8
INFO:root:02-08-2021:13:10:46||531242891|got linkedin response200
INFO:root:02-08-2021:13:10:46||531242891|Robyn-Lindsay-Learning & Development / Marketing Manager
INFO:root:02-08-2021:13:11:01||531242894|zooinfo response200
INFO:root:02-08-2021:13:11:02||531242894|https://www.linkedin.com/in/jessicaparkinson1?miniProfileUrn=urn%3Ali%3Afs_miniProfile%3AACoAAAyk41IBCkJ1piQAmS3tY-9WpMfpoHieTyQ
INFO:root:02-08-2021:13:11:03||531242894|got linkedin response200
INFO:root:02-08-2021:13:11:03||531242894|Jessica-Parkinson-Head of Campaign Marketing
INFO:root:02-08-2021:13:11:23||531242896|zooinfo response200
INFO:root:02-08-2021:13:11:24||531242896|https://www.linkedin.com/in/clare-miszewska-hall-27874833?miniProfileUrn=urn%3Ali%3Afs_miniProfile%3AACoAAAcM_3wBjObCzS_nLljrlPgWb4b5eFKQ5mU
INFO:root:02-08-2021:13:11:24||531242896|got linkedin response200
INFO:root:02-08-2021:13:11:24||531242896|Clare-Miszewska-Hall-Head of Global Sales & Marketing
INFO:root:02-08-2021:13:11:43||531242899|zooinfo response200
INFO:root:02-08-2021:13:11:44||531242899|https://www.linkedin.com/in/annasjones?miniProfileUrn=urn%3Ali%3Afs_miniProfile%3AACoAAAryaPwBIeh69dV5yBmuzkcr-wB7Dv-cAL0
INFO:root:02-08-2021:13:11:44||531242899|got linkedin response200
INFO:root:02-08-2021:13:11:44||531242899|Anna-Jones-Residential Marketing & PR Manager
INFO:root:02-08-2021:13:12:02||531242901|zooinfo response200
INFO:root:02-08-2021:13:12:10||531242901|got linkedin response200
INFO:root:02-08-2021:13:12:10||531242901|Ellie-Thomson -Marketing Manager
INFO:root:02-08-2021:13:12:26||531242903|zooinfo response200
INFO:root:02-08-2021:13:12:39||531242903|got linkedin response200
INFO:root:02-08-2021:13:12:39||531242903|Isabel-Bertram-Director of Marketing and Business Development
INFO:root:02-08-2021:13:12:58||531242906|zooinfo response200
INFO:root:02-08-2021:13:12:59||531242906|https://www.linkedin.com/in/paul-lyons-dipm-f-idm-79100212?miniProfileUrn=urn%3Ali%3Afs_miniProfile%3AACoAAAJ98d0BhSIE2MI3Rlm5KVfcZkc1UL8XVtE
INFO:root:02-08-2021:13:13:00||531242906|got linkedin response200
INFO:root:02-08-2021:13:13:00||531242906|Paul-Lyons DipM F IDM-Marketing Manager
INFO:root:02-08-2021:13:13:15||531242908|zooinfo response200
INFO:root:02-08-2021:13:13:16||531242908|https://www.linkedin.com/in/alex-marczewski?miniProfileUrn=urn%3Ali%3Afs_miniProfile%3AACoAAAmpF_sB0ihtpOOLMs5GrAjsExrqz7vv6O4
INFO:root:02-08-2021:13:13:16||531242908|got linkedin response200
INFO:root:02-08-2021:13:13:16||531242908|Alex-Marczewski-Marketing Campaign Manager
INFO:root:02-08-2021:13:13:34||531242910|zooinfo response200
INFO:root:02-08-2021:13:13:35||531242910|https://www.linkedin.com/in/elaine-phillips-marketing?miniProfileUrn=urn%3Ali%3Afs_miniProfile%3AACoAAAXswp0BgWEi99qATn-6oz41AQMNh3MJtfM
INFO:root:02-08-2021:13:13:36||531242910|got linkedin response200
INFO:root:02-08-2021:13:13:36||531242910|Elaine-Phillips-Head of Marketing & Communications
INFO:root:02-08-2021:13:13:54||531242912|zooinfo response200
INFO:root:02-08-2021:13:13:54||531242912|https://www.linkedin.com/in/vicky-kirkwood-7337a0b9?miniProfileUrn=urn%3Ali%3Afs_miniProfile%3AACoAABk2EhcBxbLUjf9nL1G4wqWeB9aFLP60UsI
INFO:root:02-08-2021:13:13:55||531242912|got linkedin response200
INFO:root:02-08-2021:13:13:55||531242912|Vicky-Kirkwood-Marketing Manager
INFO:root:02-08-2021:13:14:12||531242915|zooinfo response200
INFO:root:02-08-2021:13:14:12||531242915|https://www.linkedin.com/in/inezmahony?miniProfileUrn=urn%3Ali%3Afs_miniProfile%3AACoAAADB74EBeBRu7FRXHvJQgxAtAAuLscsWrMY
INFO:root:02-08-2021:13:14:13||531242915|got linkedin response200
INFO:root:02-08-2021:13:14:13||531242915|Inez-Mahony-Senior Digital Marketing Manager
INFO:root:02-08-2021:13:14:32||531242917|zooinfo response200
INFO:root:02-08-2021:13:14:33||531242917|https://www.linkedin.com/in/alistair-hands-2a3429b?miniProfileUrn=urn%3Ali%3Afs_miniProfile%3AACoAAAIFQFsBMCbd9Is59KRxZv5Y-bdW7eTLAG0
INFO:root:02-08-2021:13:14:34||531242917|got linkedin response200
INFO:root:02-08-2021:13:14:34||531242917|Alistair-Hands-Commercial & Marketing Director UK Bus
INFO:root:02-08-2021:13:14:50||531242919|zooinfo response200
INFO:root:02-08-2021:13:14:51||531242919|https://www.linkedin.com/in/bencollins3?miniProfileUrn=urn%3Ali%3Afs_miniProfile%3AACoAAATjmEcBekoZIhcbMqRmLYr-8jyLWojITYI
INFO:root:02-08-2021:13:14:52||531242919|got linkedin response200
INFO:root:02-08-2021:13:14:52||531242919|Ben-Collins-Head of Marketing & Communications
INFO:root:02-08-2021:13:15:07||531242922|zooinfo response200
INFO:root:02-08-2021:13:15:08||531242922|https://www.linkedin.com/in/vanyadamyanova?miniProfileUrn=urn%3Ali%3Afs_miniProfile%3AACoAAAS_tWwBe3ZuIsyu8D1nYf6EjHJ4WLFAA-w
INFO:root:02-08-2021:13:15:09||531242922|got linkedin response200
INFO:root:02-08-2021:13:15:09||531242922|Vanya-Damyanova-Marketing Manager
INFO:root:02-08-2021:13:15:27||531242925|zooinfo response200
INFO:root:02-08-2021:13:15:28||531242925|https://www.linkedin.com/in/caitlin-kerr-6780618b?miniProfileUrn=urn%3Ali%3Afs_miniProfile%3AACoAABMNIHwBWcyn3PsH1zaoyLQzZK77-Dq1wHQ
INFO:root:02-08-2021:13:15:28||531242925|got linkedin response200
INFO:root:02-08-2021:13:15:28||531242925|Caitlin-Kerr-Sales and Marketing Manager
INFO:root:02-08-2021:13:15:47||531260678|zooinfo response200
INFO:root:02-08-2021:13:15:48||531260678|https://www.linkedin.com/in/davidmbain?miniProfileUrn=urn%3Ali%3Afs_miniProfile%3AACoAAAIVG5oBJjnPaY2siNt4_TwVYGoK7Cgi5us
INFO:root:02-08-2021:13:15:49||531260678|got linkedin response200
INFO:root:02-08-2021:13:15:49||531260678|David-Bain-Director of Marketing and Digital
INFO:root:02-08-2021:13:16:06||531260680|zooinfo response200
INFO:root:02-08-2021:13:16:07||531260680|https://www.linkedin.com/in/katie-airey-67b39b93?miniProfileUrn=urn%3Ali%3Afs_miniProfile%3AACoAABPP-v8BX9CUXKLd5abdgfgeTxvC_w666ko
INFO:root:02-08-2021:13:16:08||531260680|got linkedin response200
INFO:root:02-08-2021:13:16:08||531260680|Katie-Airey-Communications Manager (Rail Scotland)
INFO:root:02-08-2021:13:16:24||531261770|zooinfo response200
INFO:root:02-08-2021:13:16:25||531261770|https://www.linkedin.com/in/julia-brass-28594a2b?miniProfileUrn=urn%3Ali%3Afs_miniProfile%3AACoAAAZeZQUBc8mXwpsdKMH3RGAhKISCRN6vZTQ
INFO:root:02-08-2021:13:16:26||531261770|got linkedin response200
INFO:root:02-08-2021:13:16:26||531261770|Julia-Brass-Group Marketing Director
INFO:root:02-08-2021:13:16:42||531261772|zooinfo response200
INFO:root:02-08-2021:13:16:42||531261772|https://www.linkedin.com/in/dominic-cheetham-87804115?miniProfileUrn=urn%3Ali%3Afs_miniProfile%3AACoAAAMH35wBen0icQBLltqZNES6ZB8vohKw7Mg
INFO:root:02-08-2021:13:16:43||531261772|got linkedin response200
INFO:root:02-08-2021:13:16:43||531261772|Dominic-Cheetham-Director of Marketing and Communications
INFO:root:02-08-2021:13:16:59||531261775|zooinfo response200
INFO:root:02-08-2021:13:17:00||531261775|https://www.linkedin.com/in/anne-scherrer-dipm-44a8b344?miniProfileUrn=urn%3Ali%3Afs_miniProfile%3AACoAAAljMboBmLJs6H4C7xj1MtkgYzNhVWeGyes
INFO:root:02-08-2021:13:17:01||531261775|got linkedin response200
INFO:root:02-08-2021:13:17:01||531261775|Anne-Scherrer DipM-Regional Marketing Manager
INFO:root:02-08-2021:13:17:20||531261777|zooinfo response200
INFO:root:02-08-2021:13:17:21||531261777|https://www.linkedin.com/in/hannah-jordan-42811866?miniProfileUrn=urn%3Ali%3Afs_miniProfile%3AACoAAA3mNWABiFbrfYYsFl4t1QuNl7dR91SMZWw
INFO:root:02-08-2021:13:17:21||531261777|got linkedin response200
INFO:root:02-08-2021:13:17:21||531261777|Hannah-Jordan-Customer Marketing Manager
INFO:root:02-08-2021:13:17:37||531261779|zooinfo response200
INFO:root:02-08-2021:13:17:38||531261779|https://www.linkedin.com/in/ben-tinson?miniProfileUrn=urn%3Ali%3Afs_miniProfile%3AACoAABcYhJ4B5FSBNPpkkMcSEl0IFZ4Js8nxsBs
INFO:root:02-08-2021:13:17:39||531261779|got linkedin response200
INFO:root:02-08-2021:13:17:39||531261779|Ben-Tinson-Associate Product Marketing Manager
INFO:root:02-08-2021:13:17:57||531261781|zooinfo response200
INFO:root:02-08-2021:13:17:58||531261781|https://www.linkedin.com/in/michelle-costelloe-08400216?miniProfileUrn=urn%3Ali%3Afs_miniProfile%3AACoAAAM0LeQBMun2Zyt726Wxfuzqv0hQTR6L7ew
INFO:root:02-08-2021:13:17:59||531261781|got linkedin response200
INFO:root:02-08-2021:13:17:59||531261781|Michelle-Costelloe-Head of Communications & CSR
INFO:root:02-08-2021:13:18:18||531263106|zooinfo response200
INFO:root:02-08-2021:13:18:30||531263106|got linkedin response200
INFO:root:02-08-2021:13:18:30||531263106|David-Fanning-Strategic Marketing and Customer Insights Manager
INFO:root:02-08-2021:13:18:44||531263107|zooinfo response200
INFO:root:02-08-2021:13:18:45||531263107|https://www.linkedin.com/in/sophie-mcdougall-641a5a167?miniProfileUrn=urn%3Ali%3Afs_miniProfile%3AACoAACfYRBEBVvFLcgSQHUWIAlvcFBL4mDXLR_E
INFO:root:02-08-2021:13:18:45||531263107|got linkedin response200
INFO:root:02-08-2021:13:18:46||531263107|Sophie-McDougall-Senior Strategy Developer & Salesforce Marketing Cloud Development Leader
INFO:root:02-08-2021:13:19:04||531263108|zooinfo response200
INFO:root:02-08-2021:13:19:05||531263108|https://www.linkedin.com/in/aoife-byrne-836a2049?miniProfileUrn=urn%3Ali%3Afs_miniProfile%3AACoAAApLrqoBK4iDgD2SXcmwNGicYGSfqyTBGVI
INFO:root:02-08-2021:13:19:06||531263108|got linkedin response200
INFO:root:02-08-2021:13:19:06||531263108|Aoife-Byrne-Senior Manager of Marketing Programs
INFO:root:02-08-2021:13:19:22||531263109|zooinfo response200
INFO:root:02-08-2021:13:19:29||531263109|got linkedin response200
INFO:root:02-08-2021:13:19:29||531263109|error in extracting contact'dateRange'
INFO:root:02-08-2021:13:19:44||531263110|zooinfo response200
INFO:root:02-08-2021:13:19:45||531263110|https://www.linkedin.com/in/simone-barry-1316893b?miniProfileUrn=urn%3Ali%3Afs_miniProfile%3AACoAAAh2_XUBwHrMMGARaqWvQs6KAzH_qGG5LHc
INFO:root:02-08-2021:13:19:45||531263110|got linkedin response200
INFO:root:02-08-2021:13:19:45||531263110|Simone-Barry-Sr. Manager, Marketing UKI
INFO:root:02-08-2021:13:20:02||531263111|zooinfo response200
INFO:root:02-08-2021:13:20:03||531263111|https://www.linkedin.com/in/elinor-horsfield?miniProfileUrn=urn%3Ali%3Afs_miniProfile%3AACoAAB2dLNgBsXvAUINjC0vYm4DI3BHKKnUYbNc
INFO:root:02-08-2021:13:20:03||531263111|got linkedin response200
INFO:root:02-08-2021:13:20:03||531263111|Elinor-Horsfield-Marketing Manager
INFO:root:02-08-2021:13:20:21||531263112|zooinfo response200
INFO:root:02-08-2021:13:20:22||531263112|https://www.linkedin.com/in/markgrehandublin?miniProfileUrn=urn%3Ali%3Afs_miniProfile%3AACoAAAFySpEBjOXu6nTmVhrRR_NE6D-r9dM89CA
INFO:root:02-08-2021:13:20:22||531263112|got linkedin response200
INFO:root:02-08-2021:13:20:23||531263112|Mark-Grehan-Group Head of Brand and Marketing 
INFO:root:02-08-2021:13:20:42||531263113|zooinfo response200
INFO:root:02-08-2021:13:20:53||531263113|got linkedin response200
INFO:root:02-08-2021:13:20:53||531263113|Graham-Edwards-Visiting Professor - Faculty of Business and Law
INFO:root:02-08-2021:13:21:07||531263114|zooinfo response200
INFO:root:02-08-2021:13:21:07||531263114|https://www.linkedin.com/in/sean-hosey-3100a110?miniProfileUrn=urn%3Ali%3Afs_miniProfile%3AACoAAAIl8nwB_pZ9EEHF-dei7NgWLNZeYTwDGTU
INFO:root:02-08-2021:13:21:08||531263114|got linkedin response200
INFO:root:02-08-2021:13:21:08||531263114|Sean-Hosey-Group Marketing Director
INFO:root:02-08-2021:13:21:25||531263116|zooinfo response200
INFO:root:02-08-2021:13:21:26||531263116|https://www.linkedin.com/in/darrenomoore?miniProfileUrn=urn%3Ali%3Afs_miniProfile%3AACoAAAVsWTYBfcsTDwLhGyNyjQEGK4WCoiAfXuw
INFO:root:02-08-2021:13:21:27||531263116|got linkedin response200
INFO:root:02-08-2021:13:21:27||531263116|Darren-O'Moore-Head of CRM & Marketing Technology
INFO:root:02-08-2021:13:21:42||531263118|zooinfo response200
INFO:root:02-08-2021:13:21:43||531263118|https://www.linkedin.com/in/oliver-uitenbroek-595955?miniProfileUrn=urn%3Ali%3Afs_miniProfile%3AACoAAAAj5gEBeibc9jXK-DnkHwJEnR4otEDLPH4
INFO:root:02-08-2021:13:21:43||531263118|got linkedin response200
INFO:root:02-08-2021:13:21:43||531263118|Oliver-Uitenbroek-Head of Communications & Marketing
INFO:root:02-08-2021:13:22:01||531267284|zooinfo response200
INFO:root:02-08-2021:13:22:09||531267284|got linkedin response200
INFO:root:02-08-2021:13:22:10||531267284|Alastair-Conway-Engaged in various strategic Projects
INFO:root:02-08-2021:13:22:26||531267285|zooinfo response200
INFO:root:02-08-2021:13:22:34||531267285|got linkedin response403
INFO:root:02-08-2021:13:22:34||531267285|error in extracting contact'$type'
INFO:root:02-08-2021:13:22:51||531267286|zooinfo response200
INFO:root:02-08-2021:13:22:52||531267286|https://www.linkedin.com/in/andy-cleaver-35b95b30?miniProfileUrn=urn%3Ali%3Afs_miniProfile%3AACoAAAaMTTcBHOkqSCt68VSlkG8RK9U41OysHOc
INFO:root:02-08-2021:13:22:52||531267286|got linkedin response200
INFO:root:02-08-2021:13:22:52||531267286|Andy-Cleaver-Senior Marketing Manager
INFO:root:02-08-2021:13:23:09||531267287|zooinfo response200
INFO:root:02-08-2021:13:23:10||531267287|https://www.linkedin.com/in/anna-mcgown-26859b77?miniProfileUrn=urn%3Ali%3Afs_miniProfile%3AACoAABBIULAB0l1DPT4ybkdcFt-WhwWb93qBG28
INFO:root:02-08-2021:13:23:10||531267287|got linkedin response200
INFO:root:02-08-2021:13:23:10||531267287|Anna-Mcgown-Marketing Manager
INFO:root:02-08-2021:13:23:28||531267288|zooinfo response200
INFO:root:02-08-2021:13:23:29||531267288|https://www.linkedin.com/in/john-masters-115a454?miniProfileUrn=urn%3Ali%3Afs_miniProfile%3AACoAAADdnmEBmceb2EYNhhWWM4gwwWKwCP_t698
INFO:root:02-08-2021:13:23:30||531267288|got linkedin response200
INFO:root:02-08-2021:13:23:30||531267288|John-Masters-India Country Director
INFO:root:02-08-2021:13:23:44||531267290|zooinfo response200
INFO:root:02-08-2021:13:23:45||531267290|https://www.linkedin.com/in/louise-cunningham-ire?miniProfileUrn=urn%3Ali%3Afs_miniProfile%3AACoAAAUf1AUBA9Sr3FiyzFV8JJ6kEgX_nOTIfKQ
INFO:root:02-08-2021:13:23:46||531267290|got linkedin response200
INFO:root:02-08-2021:13:23:46||531267290|Louise-Cunningham-VP and Head of Field Marketing EMEA, Asia and ANZ 
INFO:root:02-08-2021:13:24:03||531267291|zooinfo response200
INFO:root:02-08-2021:13:24:03||531267291|https://www.linkedin.com/in/matthew-hopper-7a874942?miniProfileUrn=urn%3Ali%3Afs_miniProfile%3AACoAAAkCOTABjYox-ntcY6voL931b24HN3Pk1wE
INFO:root:02-08-2021:13:24:04||531267291|got linkedin response200
INFO:root:02-08-2021:13:24:04||531267291|Matthew-Hopper-Head Of Marketing
INFO:root:02-08-2021:13:24:22||531267293|zooinfo response200
INFO:root:02-08-2021:13:24:23||531267293|https://www.linkedin.com/in/jenbarham?miniProfileUrn=urn%3Ali%3Afs_miniProfile%3AACoAAAHC-lsB0jkYDeqXfOCnYMqvJAdsUU_4td8
INFO:root:02-08-2021:13:24:24||531267293|got linkedin response200
INFO:root:02-08-2021:13:24:24||531267293|Jen-Barham-Managing Director, International Marketing & Communications
INFO:root:02-08-2021:13:24:44||531267294|zooinfo response200
INFO:root:02-08-2021:13:24:45||531267294|https://www.linkedin.com/in/bethandavies?miniProfileUrn=urn%3Ali%3Afs_miniProfile%3AACoAAAcIWj8Bx_M7x8_uCd9PiXKLLNNwKRvGcD0
INFO:root:02-08-2021:13:24:45||531267294|got linkedin response200
INFO:root:02-08-2021:13:24:45||531267294|Bethan-Davies - ACIM-Head Of Marketing
INFO:root:02-08-2021:13:25:03||531267295|zooinfo response200
INFO:root:02-08-2021:13:25:04||531267295|https://www.linkedin.com/in/dominiquekroon?miniProfileUrn=urn%3Ali%3Afs_miniProfile%3AACoAAATAw2oBVeJ0aThsbt3m0VHeT6vOBckd868
INFO:root:02-08-2021:13:25:05||531267295|got linkedin response200
INFO:root:02-08-2021:13:25:05||531267295|Dominique-Kroon-B2B & Development Marketing Manager
INFO:root:02-08-2021:13:25:19||531267296|zooinfo response200
INFO:root:02-08-2021:13:25:20||531267296|https://www.linkedin.com/in/ali-ballantine-118501a?miniProfileUrn=urn%3Ali%3Afs_miniProfile%3AACoAAAHao2QBPN1PTQR2AdIcxcNWDfAGr-nLN4U
INFO:root:02-08-2021:13:25:21||531267296|got linkedin response200
INFO:root:02-08-2021:13:25:21||531267296|Ali-Ballantine-Brand and Communications Director
INFO:root:02-08-2021:13:25:40||531284060|zooinfo response200
INFO:root:02-08-2021:13:25:41||531284060|https://www.linkedin.com/in/jacob-sutton-3a33497b?miniProfileUrn=urn%3Ali%3Afs_miniProfile%3AACoAABD1VusBHa_fG-ApcFlT40U3FLMairuvpf8
INFO:root:02-08-2021:13:25:42||531284060|got linkedin response200
INFO:root:02-08-2021:13:25:42||531284060|Jacob-Sutton-Consumer Marketing Manager
INFO:root:02-08-2021:13:26:01||531284061|zooinfo response200
INFO:root:02-08-2021:13:26:02||531284061|https://www.linkedin.com/in/holly-spiers-marketing-manager-giant-group?miniProfileUrn=urn%3Ali%3Afs_miniProfile%3AACoAABn3tDABOn2GwPFdMVyvzwtpLKMPqUD8JmY
INFO:root:02-08-2021:13:26:02||531284061|got linkedin response200
INFO:root:02-08-2021:13:26:02||531284061|Holly-Spiers-Marketing Manager
INFO:root:02-08-2021:13:26:22||531284062|zooinfo response200
INFO:root:02-08-2021:13:26:23||531284062|https://www.linkedin.com/in/ellie-cohen?miniProfileUrn=urn%3Ali%3Afs_miniProfile%3AACoAABikSCQBTf_sQgBDhSMkReTQHw-TcYmXItE
INFO:root:02-08-2021:13:26:24||531284062|got linkedin response200
INFO:root:02-08-2021:13:26:24||531284062|Ellie-Cohen-Group Marketing Manager
INFO:root:02-08-2021:13:26:41||531284063|zooinfo response200
INFO:root:02-08-2021:13:26:42||531284063|https://www.linkedin.com/in/claire-lynam?miniProfileUrn=urn%3Ali%3Afs_miniProfile%3AACoAAAE1G0UBF3GUSTRQwEV-f_LONSvNlbudNCg
INFO:root:02-08-2021:13:26:43||531284063|got linkedin response200
INFO:root:02-08-2021:13:26:43||531284063|Claire-Lynam-Marketing Manager
INFO:root:02-08-2021:13:27:02||531284064|zooinfo response200
INFO:root:02-08-2021:13:27:03||531284064|https://www.linkedin.com/in/francesca-morgan?miniProfileUrn=urn%3Ali%3Afs_miniProfile%3AACoAAAVZcIMBbseKGrQeyZ7gGFJ2fMnDWhdFBwM
INFO:root:02-08-2021:13:27:04||531284064|got linkedin response200
INFO:root:02-08-2021:13:27:04||531284064|Francesca-Morgan-Co-Founder
INFO:root:02-08-2021:13:27:19||531284065|zooinfo response200
INFO:root:02-08-2021:13:27:20||531284065|https://www.linkedin.com/in/freddie-findlater-mcim-2a6b1a12?miniProfileUrn=urn%3Ali%3Afs_miniProfile%3AACoAAAKoOh4BOXcsp68KdqhGbULy6sJh7u-0ZZA
INFO:root:02-08-2021:13:27:21||531284065|got linkedin response200
INFO:root:02-08-2021:13:27:21||531284065|Freddie-Findlater, MCIM -Director
INFO:root:02-08-2021:13:27:37||531284066|zooinfo response200
INFO:root:02-08-2021:13:27:37||531284066|https://www.linkedin.com/in/gemma-vaites-53411610?miniProfileUrn=urn%3Ali%3Afs_miniProfile%3AACoAAAInCHgBzK51a2G317RASNQ158ZMVSqj2FE
INFO:root:02-08-2021:13:27:38||531284066|got linkedin response200
INFO:root:02-08-2021:13:27:38||531284066|Gemma-Vaites-Director of Business Development and Marketing
INFO:root:02-08-2021:13:27:56||531284067|zooinfo response200
INFO:root:02-08-2021:13:27:57||531284067|https://www.linkedin.com/in/andywhite1273?miniProfileUrn=urn%3Ali%3Afs_miniProfile%3AACoAAAUtAAoBvmM3eLQMZAxUucmmq7HPIceYZPA
INFO:root:02-08-2021:13:27:58||531284067|got linkedin response200
INFO:root:02-08-2021:13:27:58||531284067|Andy-White-Digital Customer Experience Marketing Manager
INFO:root:02-08-2021:13:28:16||531284068|zooinfo response200
INFO:root:02-08-2021:13:28:17||531284068|https://www.linkedin.com/in/adeela-mahmood-8000ba32?miniProfileUrn=urn%3Ali%3Afs_miniProfile%3AACoAAAbHIwABEM5qLKLHWXQ2YEaWXfYrcluaO6Q
INFO:root:02-08-2021:13:28:17||531284068|got linkedin response200
INFO:root:02-08-2021:13:28:17||531284068|Adeela-Mahmood-Head Of Global Marketing & Communications 
INFO:root:02-08-2021:13:28:37||531284069|zooinfo response200
INFO:root:02-08-2021:13:28:38||531284069|https://www.linkedin.com/in/louise-grainger-93ba2624?miniProfileUrn=urn%3Ali%3Afs_miniProfile%3AACoAAAUih78BwuXclQ7hcm3kqNbL3e9-S6kyvgk
INFO:root:02-08-2021:13:28:38||531284069|got linkedin response200
INFO:root:02-08-2021:13:28:38||531284069|Louise-Grainger-Global Marketing Director
INFO:root:02-08-2021:13:28:57||531284673|zooinfo response200
INFO:root:02-08-2021:13:28:58||531284673|https://www.linkedin.com/in/mikelewis17?miniProfileUrn=urn%3Ali%3Afs_miniProfile%3AACoAABb7AL0Bmc1a6Benc3-QGGa3gV7wvUs9f8s
INFO:root:02-08-2021:13:28:59||531284673|got linkedin response200
INFO:root:02-08-2021:13:28:59||531284673|Michael-Lewis-Marketing Manager
INFO:root:02-08-2021:13:29:14||531284674|zooinfo response200
INFO:root:02-08-2021:13:29:22||531284674|got linkedin response200
INFO:root:02-08-2021:13:29:22||531284674|David-Simpson-COO
INFO:root:02-08-2021:13:29:41||531284675|zooinfo response200
INFO:root:02-08-2021:13:29:41||531284675|https://www.linkedin.com/in/alex-ryder?miniProfileUrn=urn%3Ali%3Afs_miniProfile%3AACoAAAVcNNMBVhZZ9R8oaLMV1smXnm1RhKF4MoQ
INFO:root:02-08-2021:13:29:42||531284675|got linkedin response200
INFO:root:02-08-2021:13:29:42||531284675|Alex-Ryder-Marketing Lead
INFO:root:02-08-2021:13:29:57||531284676|zooinfo response200
INFO:root:02-08-2021:13:29:58||531284676|https://www.linkedin.com/in/rachel-osborne-804ab22a?miniProfileUrn=urn%3Ali%3Afs_miniProfile%3AACoAAAY2pQQBvMP0oJtX14hQIlsnv6-y0VHTO9Y
INFO:root:02-08-2021:13:29:59||531284676|got linkedin response200
INFO:root:02-08-2021:13:29:59||531284676|Rachel-Osborne-Marketing Communications Officer
INFO:root:02-08-2021:13:30:14||531284677|zooinfo response200
INFO:root:02-08-2021:13:30:15||531284677|https://www.linkedin.com/in/connor-mccloy-5418ba41?miniProfileUrn=urn%3Ali%3Afs_miniProfile%3AACoAAAjasYEBgQ68RFuoB3U5oGQ3n9UMXFq4aK0
INFO:root:02-08-2021:13:30:16||531284677|got linkedin response200
INFO:root:02-08-2021:13:30:16||531284677|Connor-McCloy-Business Development Executive
