INFO:root:26-07-2021:12:49:32||530357670|zooinfo response200
INFO:root:26-07-2021:12:49:37||530357670|got linkedin response200
INFO:root:26-07-2021:12:49:37||530357670|Uli-Broedl-Head of Global Clinical Development & Operations
INFO:root:26-07-2021:12:49:46||530357671|zooinfo response200
INFO:root:26-07-2021:12:49:47||530357671|https://www.linkedin.com/in/allancoignet?miniProfileUrn=urn%3Ali%3Afs_miniProfile%3AACoAAAAJguUBtOJBtF8ukGTm53FHqWV5CpYaL4Q
INFO:root:26-07-2021:12:49:48||530357671|got linkedin response200
INFO:root:26-07-2021:12:49:48||530357671|Allan-Coignet-Senior Information Security Risk Manager
INFO:root:26-07-2021:12:50:02||530357672|zooinfo response200
INFO:root:26-07-2021:12:50:02||530357672|https://www.linkedin.com/in/peggy-ronda-47b1591?miniProfileUrn=urn%3Ali%3Afs_miniProfile%3AACoAAAAzMF8Bs5bEma--DkcTL7DlJgQRqDoFOIw
INFO:root:26-07-2021:12:50:03||530357672|got linkedin response200
INFO:root:26-07-2021:12:50:03||530357672|Peggy-Ronda-Senior IT Manager 
INFO:root:26-07-2021:12:50:14||530357673|zooinfo response200
INFO:root:26-07-2021:12:50:27||530357673|got linkedin response200
INFO:root:26-07-2021:12:50:27||530357673|Rigo-Bosman-Global Senior Application Development Manager
INFO:root:26-07-2021:12:50:27||530357673|error in extracting contactsingle positional indexer is out-of-bounds
INFO:root:26-07-2021:12:50:34||530357675|zooinfo response200
INFO:root:26-07-2021:12:50:36||530357675|https://www.linkedin.com/in/csortega?miniProfileUrn=urn%3Ali%3Afs_miniProfile%3AACoAAAC7JzsBZ0HDuTMXfsFyMGv676St8jYQooE
INFO:root:26-07-2021:12:50:36||530357675|got linkedin response200
INFO:root:26-07-2021:12:50:36||530357675|Cesar-Serrano Ortega-Senior Head of Service Telecom. Management, Cost Control & Governance
INFO:root:26-07-2021:12:50:47||530357676|zooinfo response200
INFO:root:26-07-2021:12:50:48||530357676|https://www.linkedin.com/in/itsynet?miniProfileUrn=urn%3Ali%3Afs_miniProfile%3AACoAAAAloloBHz9495glJrr_wGBoSii73BTAb-c
INFO:root:26-07-2021:12:50:48||530357676|got linkedin response200
INFO:root:26-07-2021:12:50:48||530357676|Paul-Donovan CISSP CISM-Senior Information Security Manager - Enterprise & Cyber Security UK&I
INFO:root:26-07-2021:12:51:03||530357677|zooinfo response200
INFO:root:26-07-2021:12:51:04||530357677|https://www.linkedin.com/in/chrispetrie?miniProfileUrn=urn%3Ali%3Afs_miniProfile%3AACoAAADY9uABkkKqzEaD99r8JQPg5xjLHQcEG2E
INFO:root:26-07-2021:12:51:04||530357677|got linkedin response200
INFO:root:26-07-2021:12:51:04||530357677|Chris-Petrie-Senior Project Manager
INFO:root:26-07-2021:12:51:20||530357678|zooinfo response200
INFO:root:26-07-2021:12:51:21||530357678|https://www.linkedin.com/in/angus-mcdonald-17818967?miniProfileUrn=urn%3Ali%3Afs_miniProfile%3AACoAAA4WAawB5wo7H7NZbV3sZeIcH0ckcM-KAL8
INFO:root:26-07-2021:12:51:22||530357678|got linkedin response200
INFO:root:26-07-2021:12:51:22||530357678|ANGUS-MCDONALD-Senior IT & Technology Category Sourcing Manager 
INFO:root:26-07-2021:12:51:33||530357679|zooinfo response200
INFO:root:26-07-2021:12:51:34||530357679|https://www.linkedin.com/in/peterjoy?miniProfileUrn=urn%3Ali%3Afs_miniProfile%3AACoAAABAQWwBOacI6jEzu6DymrddBSlnp0CAZIc
INFO:root:26-07-2021:12:51:35||530357679|got linkedin response200
INFO:root:26-07-2021:12:51:35||530357679|Peter-Joy, CISM, CISA-Cyber Security Senior Project Manager 
INFO:root:26-07-2021:12:51:35||530357679|error in extracting contactsingle positional indexer is out-of-bounds
INFO:root:26-07-2021:12:51:47||530357681|zooinfo response200
INFO:root:26-07-2021:12:51:48||530357681|https://www.linkedin.com/in/rob-negus-12988b4?miniProfileUrn=urn%3Ali%3Afs_miniProfile%3AACoAAADXcvEBEKxBur9McRzx_BEk_EeS2RE7uzw
INFO:root:26-07-2021:12:51:49||530357681|got linkedin response200
INFO:root:26-07-2021:12:51:49||530357681|Rob-Negus-Senior Director - Digital IT
INFO:root:26-07-2021:12:52:01||530357682|zooinfo response200
INFO:root:26-07-2021:12:52:02||530357682|https://www.linkedin.com/in/fabrice-gilbert-8b1b698b?miniProfileUrn=urn%3Ali%3Afs_miniProfile%3AACoAABM3G8UBqi9-y7LKXIYTYmDk-v5IG54VY3E
INFO:root:26-07-2021:12:52:03||530357682|got linkedin response200
INFO:root:26-07-2021:12:52:03||530357682|fabrice-gilbert-Directeur Marketing et Developpement Macif Finance Epargne
INFO:root:26-07-2021:12:52:03||530357682|error in extracting contactsingle positional indexer is out-of-bounds
INFO:root:26-07-2021:12:52:20||530357683|zooinfo response200
INFO:root:26-07-2021:12:52:20||530357683|https://www.linkedin.com/in/jean-christophe-perrin-53762b10?miniProfileUrn=urn%3Ali%3Afs_miniProfile%3AACoAAAI6dzsBK_TzArJ4JgIimVEsgB3sQt6h69Q
INFO:root:26-07-2021:12:52:21||530357683|got linkedin response200
INFO:root:26-07-2021:12:52:21||530357683|jean-christophe-Perrin-Global Sales and Marketing Director
INFO:root:26-07-2021:12:52:21||530357683|error in extracting contactsingle positional indexer is out-of-bounds
INFO:root:26-07-2021:12:52:36||530357684|zooinfo response200
INFO:root:26-07-2021:12:52:38||530357684|https://www.linkedin.com/in/v%C3%A9ronique-remy-a922051?miniProfileUrn=urn%3Ali%3Afs_miniProfile%3AACoAAAA1T84BJ21MPhGWFAIZOSvIaBD3dWfGpZM
INFO:root:26-07-2021:12:52:38||530357684|got linkedin response200
INFO:root:26-07-2021:12:52:38||530357684|Véronique-Remy-Country Marketing Manager-Salomon
INFO:root:26-07-2021:12:52:55||530357687|zooinfo response200
INFO:root:26-07-2021:12:52:55||530357687|https://www.linkedin.com/in/alexshepko?miniProfileUrn=urn%3Ali%3Afs_miniProfile%3AACoAAAMjCBsBwpFUSWJlbtDzPN1e80tDOvzVhSw
INFO:root:26-07-2021:12:52:56||530357687|got linkedin response200
INFO:root:26-07-2021:12:52:56||530357687|Alex-Shepko-Director Software Development
INFO:root:26-07-2021:12:53:07||530357688|zooinfo response200
INFO:root:26-07-2021:12:53:08||530357688|https://www.linkedin.com/in/annemieksterks?miniProfileUrn=urn%3Ali%3Afs_miniProfile%3AACoAAAF57GQBOT_v5mRbfPjf7y6bPkH90k9ioWw
INFO:root:26-07-2021:12:53:09||530357688|got linkedin response200
INFO:root:26-07-2021:12:53:09||530357688|Annemiek-Sterks-Director Service Delivery
INFO:root:26-07-2021:12:53:09||530357688|error in extracting contactsingle positional indexer is out-of-bounds
INFO:root:26-07-2021:12:53:20||530357689|zooinfo response200
INFO:root:26-07-2021:12:53:20||530357689|https://www.linkedin.com/in/johnblazey?miniProfileUrn=urn%3Ali%3Afs_miniProfile%3AACoAAARyFr0B9X2msCGVC0KWJsSV5nanCKk-Rzk
INFO:root:26-07-2021:12:53:21||530357689|got linkedin response200
INFO:root:26-07-2021:12:53:21||530357689|John-Blazey-Director Of Software Development
INFO:root:26-07-2021:12:53:37||530357690|zooinfo response200
INFO:root:26-07-2021:12:53:49||530357690|got linkedin response200
INFO:root:26-07-2021:12:53:49||530357690|Juan Pablo-Hernández -Research Analyst
INFO:root:26-07-2021:12:53:49||530357690|error in extracting contactsingle positional indexer is out-of-bounds
INFO:root:26-07-2021:12:53:58||530357691|zooinfo response200
INFO:root:26-07-2021:12:53:59||530357691|https://www.linkedin.com/in/meritxell-clemente-8567823?miniProfileUrn=urn%3Ali%3Afs_miniProfile%3AACoAAACl3kIBiXSwsfP_gC3ZdzuwmPVbxneVyq0
INFO:root:26-07-2021:12:53:59||530357691|got linkedin response200
INFO:root:26-07-2021:12:53:59||530357691|Meritxell-Clemente-Director of Sales, Corporations Travel IT (cytric)
INFO:root:26-07-2021:12:54:18||530357692|zooinfo response200
INFO:root:26-07-2021:12:54:19||530357692|https://www.linkedin.com/in/stephane-maraut?miniProfileUrn=urn%3Ali%3Afs_miniProfile%3AACoAABDYOK0Bc9tSfANcgwqk7UT-v1ShqVQmvso
INFO:root:26-07-2021:12:54:19||530357692|got linkedin response200
INFO:root:26-07-2021:12:54:19||530357692|Stéphane-Maraut-Director of Data Science and Artificial Intelligence - AI in Process
INFO:root:26-07-2021:12:54:37||530357693|zooinfo response200
INFO:root:26-07-2021:12:54:38||530357693|https://www.linkedin.com/in/mark-anthony-wheeler-71644310?miniProfileUrn=urn%3Ali%3Afs_miniProfile%3AACoAAAIzTEIB6K6vjWKhA1GeK1MepAWMlPeLARI
INFO:root:26-07-2021:12:54:39||530357693|got linkedin response200
INFO:root:26-07-2021:12:54:39||530357693|Mark-Anthony-Wheeler-IT Operations Director
INFO:root:26-07-2021:12:54:39||530357693|error in extracting contactsingle positional indexer is out-of-bounds
INFO:root:26-07-2021:12:54:50||530357695|zooinfo response200
INFO:root:26-07-2021:12:54:51||530357695|https://www.linkedin.com/in/jorge-ribeiro-828a5069?miniProfileUrn=urn%3Ali%3Afs_miniProfile%3AACoAAA6SIaABJ2VnmTJ0q3FgJDv7BIvQZQfTn6g
INFO:root:26-07-2021:12:54:52||530357695|got linkedin response200
INFO:root:26-07-2021:12:54:52||530357695|Jorge-Ribeiro-Director of Core & IT Infrastructure
INFO:root:26-07-2021:12:55:06||530357697|zooinfo response200
INFO:root:26-07-2021:12:55:07||530357697|https://www.linkedin.com/in/martinplatts?miniProfileUrn=urn%3Ali%3Afs_miniProfile%3AACoAAABj8WoBOw7rDGzYVBSKwemdL9oVrMHju2M
INFO:root:26-07-2021:12:55:07||530357697|got linkedin response200
INFO:root:26-07-2021:12:55:07||530357697|Martin-Platts-Director of Program Management
INFO:root:26-07-2021:12:55:20||530357698|zooinfo response200
INFO:root:26-07-2021:12:55:21||530357698|https://www.linkedin.com/in/kate-carroll-mcips-38679318?miniProfileUrn=urn%3Ali%3Afs_miniProfile%3AACoAAAOsw1YB1rnbxlFl6ZvfpntYyRUwyAABScY
INFO:root:26-07-2021:12:55:21||530357698|got linkedin response200
INFO:root:26-07-2021:12:55:21||530357698|Kate-Carroll (MCIPS)-Global Procurement Director/CPO
INFO:root:26-07-2021:12:55:36||530357699|zooinfo response200
INFO:root:26-07-2021:12:55:37||530357699|https://www.linkedin.com/in/batesben?miniProfileUrn=urn%3Ali%3Afs_miniProfile%3AACoAAAJViaUBQ4c-2s6ZHq8wHPk0Oa2H7WnjrTk
INFO:root:26-07-2021:12:55:37||530357699|got linkedin response200
INFO:root:26-07-2021:12:55:37||530357699|Ben-Bates-Director Of Software Development, Not For Profit and Education Divisions
INFO:root:26-07-2021:12:55:51||530357700|zooinfo response200
INFO:root:26-07-2021:12:55:57||530357700|got linkedin response403
INFO:root:26-07-2021:12:55:57||530357700|error in extracting contact'$type'
INFO:root:26-07-2021:12:56:09||530357701|zooinfo response200
INFO:root:26-07-2021:12:56:13||530357701|got linkedin response200
INFO:root:26-07-2021:12:56:13||530357701|Stuart-Rye-Director Of Business Development, Application & Mullti-Cloud Services
INFO:root:26-07-2021:12:56:13||530357701|error in extracting contactsingle positional indexer is out-of-bounds
INFO:root:26-07-2021:12:56:23||530357702|zooinfo response200
INFO:root:26-07-2021:12:56:41||530357703|zooinfo response200
INFO:root:26-07-2021:12:56:42||530357703|https://www.linkedin.com/in/tudor-alexandru-litu-a9505725?miniProfileUrn=urn%3Ali%3Afs_miniProfile%3AACoAAAUrGlEBKDPoI7NPx0i67tTElE9UTSAUBF8
INFO:root:26-07-2021:12:56:43||530357703|got linkedin response200
INFO:root:26-07-2021:12:56:43||530357703|Tudor Alexandru-Litu-Director Of Software Development - Mobile Apps
INFO:root:26-07-2021:12:56:52||530357704|zooinfo response200
INFO:root:26-07-2021:12:56:59||530357704|got linkedin response200
INFO:root:26-07-2021:12:56:59||530357704|Sascha-Willhoeft-Corporate Director Information Technology
INFO:root:26-07-2021:12:56:59||530357704|error in extracting contactsingle positional indexer is out-of-bounds
INFO:root:26-07-2021:12:57:10||530357705|zooinfo response200
INFO:root:26-07-2021:12:57:11||530357705|https://www.linkedin.com/in/ianwaller?miniProfileUrn=urn%3Ali%3Afs_miniProfile%3AACoAAAH9QUsBE27R60rJzZtzIGsJl7quGfRRsMI
INFO:root:26-07-2021:12:57:11||530357705|got linkedin response200
INFO:root:26-07-2021:12:57:11||530357705|Ian-Waller-IT Director
INFO:root:26-07-2021:12:57:23||530357706|zooinfo response200
INFO:root:26-07-2021:12:57:30||530357706|got linkedin response200
INFO:root:26-07-2021:12:57:30||530357706|Richard-Pavey-Deputy Director of Delivery - Health & Working Age (Contract)
INFO:root:26-07-2021:12:57:43||530357707|zooinfo response200
INFO:root:26-07-2021:12:57:44||530357707|https://www.linkedin.com/in/rodolphe-dhenin-0620858?miniProfileUrn=urn%3Ali%3Afs_miniProfile%3AACoAAAFvKgoB30q5hXpqPmwT0GXtBFUiZjZKloE
INFO:root:26-07-2021:12:57:44||530357707|got linkedin response200
INFO:root:26-07-2021:12:57:45||530357707|Rodolphe-Dhenin-IT Director : France & Belgium
INFO:root:26-07-2021:12:57:58||530357709|zooinfo response200
INFO:root:26-07-2021:12:58:01||530357709|got linkedin response200
INFO:root:26-07-2021:12:58:02||530357709|Mark-Beard-Head of Technology Operations
INFO:root:26-07-2021:12:58:15||530357710|zooinfo response200
INFO:root:26-07-2021:12:58:16||530357710|https://www.linkedin.com/in/pepevarelaguinot?miniProfileUrn=urn%3Ali%3Afs_miniProfile%3AACoAAAC-km4B3Imyq9sTcdtEIUT_NQNKYENmX7E
INFO:root:26-07-2021:12:58:16||530357710|got linkedin response200
INFO:root:26-07-2021:12:58:16||530357710|José Enrique-VARELA GUINOT-Integration IT Director for wealth management & insurances
INFO:root:26-07-2021:12:58:25||530357711|zooinfo response200
INFO:root:26-07-2021:12:58:29||530357711|got linkedin response200
INFO:root:26-07-2021:12:58:29||530357711|Alice-de Brem-Directeur commercial et marketing - membre du Comité Exécutif
INFO:root:26-07-2021:12:58:42||530357712|zooinfo response200
INFO:root:26-07-2021:12:58:45||530357712|https://www.linkedin.com/in/christelledarrigo?miniProfileUrn=urn%3Ali%3Afs_miniProfile%3AACoAAAGSiTcBXD1RrkVHcmpB4pzVUPlrlkvg9pM
INFO:root:26-07-2021:12:58:46||530357712|got linkedin response200
INFO:root:26-07-2021:12:58:46||530357712|Christelle-d'ARRIGO-Directrice Marketing Relationnel
INFO:root:26-07-2021:12:58:59||530357713|zooinfo response200
INFO:root:26-07-2021:12:58:59||530357713|https://www.linkedin.com/in/fabrice-lefebvre-b797517?miniProfileUrn=urn%3Ali%3Afs_miniProfile%3AACoAAAFbJk0BiwSm1xtdgi0wKavLBej7zODrXCU
INFO:root:26-07-2021:12:59:00||530357713|got linkedin response200
INFO:root:26-07-2021:12:59:00||530357713|Fabrice-Lefebvre-Sales and Marketing Director
INFO:root:26-07-2021:12:59:00||530357713|error in extracting contactsingle positional indexer is out-of-bounds
INFO:root:26-07-2021:12:59:08||530357714|zooinfo response200
INFO:root:26-07-2021:12:59:09||530357714|https://www.linkedin.com/in/davenebo?miniProfileUrn=urn%3Ali%3Afs_miniProfile%3AACoAAABDpmAB4Zs_6YVBRxuwPotXBjD2dv_kZEo
INFO:root:26-07-2021:12:59:10||530357714|got linkedin response200
INFO:root:26-07-2021:12:59:10||530357714|Dave-Nebo-Sr Director, IT Operations
INFO:root:26-07-2021:12:59:18||530357715|zooinfo response200
INFO:root:26-07-2021:12:59:19||530357715|https://www.linkedin.com/in/maurice-rijnen-2b155620?miniProfileUrn=urn%3Ali%3Afs_miniProfile%3AACoAAARaOyUB0yoW2vGZjFri6aiARlRbEjwc65o
INFO:root:26-07-2021:12:59:20||530357715|got linkedin response200
INFO:root:26-07-2021:12:59:20||530357715|Maurice-Rijnen-Program Director Digital Business Transformation
INFO:root:26-07-2021:12:59:37||530357716|zooinfo response200
INFO:root:26-07-2021:12:59:37||530357716|https://www.linkedin.com/in/antoine-ardanuy-a962b6b1?miniProfileUrn=urn%3Ali%3Afs_miniProfile%3AACoAABe3EZIBly52gY6bBdxgBHyHGZQHpPjDHss
INFO:root:26-07-2021:12:59:38||530357716|got linkedin response200
INFO:root:26-07-2021:12:59:38||530357716|Antoine-Ardanuy-Directeur marketing adjoint
INFO:root:26-07-2021:12:59:38||530357716|error in extracting contactsingle positional indexer is out-of-bounds
INFO:root:26-07-2021:12:59:48||530357717|zooinfo response200
INFO:root:26-07-2021:12:59:49||530357717|https://www.linkedin.com/in/laetitia-peerbolte-crinon-6b956264?miniProfileUrn=urn%3Ali%3Afs_miniProfile%3AACoAAA2bs20BJcbGWFIwJ2aJZAt8UVaLWT8uaeA
INFO:root:26-07-2021:12:59:50||530357717|got linkedin response200
INFO:root:26-07-2021:12:59:50||530357717|Laetitia-PEERBOLTE-CRINON-Directrice Commerciale et Marketing
INFO:root:26-07-2021:12:59:50||530357717|error in extracting contactsingle positional indexer is out-of-bounds
INFO:root:26-07-2021:13:00:00||530357718|zooinfo response200
INFO:root:26-07-2021:13:00:05||530357718|got linkedin response200
INFO:root:26-07-2021:13:00:05||530357718|Isabelle-Truchet-Directrice Expérience Client et Marketing
INFO:root:26-07-2021:13:00:05||530357718|error in extracting contactsingle positional indexer is out-of-bounds
INFO:root:26-07-2021:13:00:21||530357719|zooinfo response200
INFO:root:26-07-2021:13:00:26||530357719|got linkedin response200
INFO:root:26-07-2021:13:00:26||530357719|error in extracting contact'dateRange'
INFO:root:26-07-2021:13:00:39||530357720|zooinfo response200
INFO:root:26-07-2021:13:00:47||530357720|got linkedin response200
INFO:root:26-07-2021:13:00:47||530357720|Thomas-Holderegger-Managing Director, Group Technology, Infrastructure & Security Engineering - Head of Security IT
INFO:root:26-07-2021:13:00:47||530357720|error in extracting contactsingle positional indexer is out-of-bounds
INFO:root:26-07-2021:13:00:59||530357721|zooinfo response200
INFO:root:26-07-2021:13:01:06||530357721|got linkedin response400
INFO:root:26-07-2021:13:01:06||530357721|error in extracting contact'included'
INFO:root:26-07-2021:13:01:19||530357723|zooinfo response200
INFO:root:26-07-2021:13:01:20||530357723|https://www.linkedin.com/in/holger-linnertz-a941521?miniProfileUrn=urn%3Ali%3Afs_miniProfile%3AACoAAAAzBJABZpP2qc1e7fl3sBLpMRuWxcMSTIk
INFO:root:26-07-2021:13:01:21||530357723|got linkedin response200
INFO:root:26-07-2021:13:01:21||530357723|Holger-Linnertz-Head of Software Development Center
INFO:root:26-07-2021:13:01:21||530357723|error in extracting contactsingle positional indexer is out-of-bounds
INFO:root:26-07-2021:13:01:37||530357726|zooinfo response200
INFO:root:26-07-2021:13:01:38||530357726|https://www.linkedin.com/in/tanja-becker-cisa-ba6398124?miniProfileUrn=urn%3Ali%3Afs_miniProfile%3AACoAAB6rOa4BmgxT_0RtB7zR6oyemt-ubaeNdU8
INFO:root:26-07-2021:13:01:39||530357726|got linkedin response200
INFO:root:26-07-2021:13:01:39||530357726|Tanja-Becker, CISA-Deputy Corporate Information Security Officer (CISO)
INFO:root:26-07-2021:13:01:39||530357726|error in extracting contactsingle positional indexer is out-of-bounds
INFO:root:26-07-2021:13:01:50||530357730|zooinfo response200
INFO:root:26-07-2021:13:01:51||530357730|https://www.linkedin.com/in/ursandergassen?miniProfileUrn=urn%3Ali%3Afs_miniProfile%3AACoAAAVFAo8B7Hb-KwLxW0mx9-1DF2KHYHhbBak
INFO:root:26-07-2021:13:01:52||530357730|got linkedin response200
INFO:root:26-07-2021:13:01:52||530357730|Urs-Andergassen-Head IT & Facility Management Schindler Management Ltd.
INFO:root:26-07-2021:13:01:52||530357730|error in extracting contactsingle positional indexer is out-of-bounds
INFO:root:26-07-2021:13:02:02||530357733|zooinfo response200
INFO:root:26-07-2021:13:02:03||530357733|https://www.linkedin.com/in/daniel-erni-313566113?miniProfileUrn=urn%3Ali%3Afs_miniProfile%3AACoAABxhfD8B1vOZvK91Qfi0MTijTplbJK8z1z4
INFO:root:26-07-2021:13:02:04||530357733|got linkedin response200
INFO:root:26-07-2021:13:02:04||530357733|Daniel-Erni-Leiter IT-Strategie
INFO:root:26-07-2021:13:02:04||530357733|error in extracting contactsingle positional indexer is out-of-bounds
INFO:root:26-07-2021:13:02:14||530357736|zooinfo response200
INFO:root:26-07-2021:13:02:15||530357736|https://www.linkedin.com/in/rocco-smaldore-5a58b336?miniProfileUrn=urn%3Ali%3Afs_miniProfile%3AACoAAAebko0BL0oBuTp4hhM91F_92rxbJ0ea7i0
INFO:root:26-07-2021:13:02:16||530357736|got linkedin response200
INFO:root:26-07-2021:13:02:16||530357736|Rocco-Smaldore-Head IT Department SCH | Head BSCC
INFO:root:26-07-2021:13:02:16||530357736|error in extracting contactsingle positional indexer is out-of-bounds
INFO:root:26-07-2021:13:02:22||530357739|zooinfo response200
INFO:root:26-07-2021:13:02:44||530357742|zooinfo response200
INFO:root:26-07-2021:13:02:45||530357742|https://www.linkedin.com/in/joostvanderzwaan?miniProfileUrn=urn%3Ali%3Afs_miniProfile%3AACoAAAA9tbgBzStlTSjoDbFDJO9vQfgn3KR31j0
INFO:root:26-07-2021:13:02:46||530357742|got linkedin response200
INFO:root:26-07-2021:13:02:46||530357742|Joost-van der Zwaan-Head of ICT
INFO:root:26-07-2021:13:03:02||530357746|zooinfo response200
INFO:root:26-07-2021:13:03:03||530357746|https://www.linkedin.com/in/ronandhaese?miniProfileUrn=urn%3Ali%3Afs_miniProfile%3AACoAAAAXIc4BTgu-cDCoA9ekUtyWWri4YXGkkxE
INFO:root:26-07-2021:13:03:03||530357746|got linkedin response200
INFO:root:26-07-2021:13:03:03||530357746|Ronan-D'Haese-Head of the IT Unit - DG for External Policies of the Union
INFO:root:26-07-2021:13:03:14||530357749|zooinfo response200
INFO:root:26-07-2021:13:03:15||530357749|https://www.linkedin.com/in/pieter-van-offenwert-5387202b?miniProfileUrn=urn%3Ali%3Afs_miniProfile%3AACoAAAZV6PwBn7MOO1X3FdWXildlwDhjRrLXfDY
INFO:root:26-07-2021:13:03:15||530357749|got linkedin response200
INFO:root:26-07-2021:13:03:15||530357749|Pieter-Van Offenwert-Head Of IT Development & Operations
INFO:root:26-07-2021:13:03:27||530357752|zooinfo response200
INFO:root:26-07-2021:13:03:37||530357752|got linkedin response200
INFO:root:26-07-2021:13:03:38||530357752|Miguel-Gomez Lopez-IT Head of Revenue Management Systems, CRM and cross projects
INFO:root:26-07-2021:13:03:38||530357752|error in extracting contactsingle positional indexer is out-of-bounds
INFO:root:26-07-2021:13:03:49||530357755|zooinfo response200
INFO:root:26-07-2021:13:03:50||530357755|https://www.linkedin.com/in/andr%C3%A9-barros-9a26a0?miniProfileUrn=urn%3Ali%3Afs_miniProfile%3AACoAAAAZ94oBtnCBBuMvfsoTrV42n90tYEvxnW4
INFO:root:26-07-2021:13:03:50||530357755|got linkedin response200
INFO:root:26-07-2021:13:03:50||530357755|André-Barros-Head of IT Channels
INFO:root:26-07-2021:13:03:50||530357755|error in extracting contactsingle positional indexer is out-of-bounds
INFO:root:26-07-2021:13:04:08||530357758|zooinfo response200
INFO:root:26-07-2021:13:04:09||530357758|https://www.linkedin.com/in/sambrimble?miniProfileUrn=urn%3Ali%3Afs_miniProfile%3AACoAAAE7MtABhhMyPdsjDUwD-JrSOJB5vVpCYtM
INFO:root:26-07-2021:13:04:10||530357758|got linkedin response200
INFO:root:26-07-2021:13:04:10||530357758|Sam-Brimble-Head of IT Service Delivery - Dental Division
INFO:root:26-07-2021:13:04:26||530357761|zooinfo response200
INFO:root:26-07-2021:13:04:28||530357761|https://www.linkedin.com/in/peter-mead-a8108511?miniProfileUrn=urn%3Ali%3Afs_miniProfile%3AACoAAAJS_8EBwgO9tI25T2C4_tSvN9vjUUOWa-c
INFO:root:26-07-2021:13:04:28||530357761|got linkedin response200
INFO:root:26-07-2021:13:04:28||530357761|Peter-Mead-Head Of IT Delivery
INFO:root:26-07-2021:13:04:39||530357763|zooinfo response200
INFO:root:26-07-2021:13:04:40||530357763|https://www.linkedin.com/in/christopher-watson-05958813?miniProfileUrn=urn%3Ali%3Afs_miniProfile%3AACoAAALBKkUBaR8i8Pd-HCOp5LSEofyxLd3QV74
INFO:root:26-07-2021:13:04:41||530357763|got linkedin response200
INFO:root:26-07-2021:13:04:41||530357763|Christopher-Watson-Group Head Of Audit - IT & Change
INFO:root:26-07-2021:13:04:50||530357765|zooinfo response200
INFO:root:26-07-2021:13:04:51||530357765|https://www.linkedin.com/in/simon-creegan-davies?miniProfileUrn=urn%3Ali%3Afs_miniProfile%3AACoAAAC9bpYBETCMtNjQCP9C8Qb7jZaPAPMhIWs
INFO:root:26-07-2021:13:04:52||530357765|got linkedin response200
INFO:root:26-07-2021:13:04:52||530357765|Simon-Creegan-Davies-Head of IT Operations
INFO:root:26-07-2021:13:05:08||530357766|zooinfo response200
INFO:root:26-07-2021:13:05:14||530357766|got linkedin response200
INFO:root:26-07-2021:13:05:14||530357766|Simon-Gilmour-Head Of Service Delivery
INFO:root:26-07-2021:13:05:28||530357768|zooinfo response200
INFO:root:26-07-2021:13:05:29||530357768|https://www.linkedin.com/in/stefan-treloar-8156b16?miniProfileUrn=urn%3Ali%3Afs_miniProfile%3AACoAAAErrlEBbhyLR7b7lUcxCQnxR8sRgldPXIQ
INFO:root:26-07-2021:13:05:30||530357768|got linkedin response200
INFO:root:26-07-2021:13:05:30||530357768|Stefan-Treloar-Chief Information Security Officer
INFO:root:26-07-2021:13:05:47||530357770|zooinfo response200
INFO:root:26-07-2021:13:05:48||530357770|https://www.linkedin.com/in/fernandocomendador?miniProfileUrn=urn%3Ali%3Afs_miniProfile%3AACoAAAjoi7MBMMvRnaJePSFoJ6tbd5SJW1Szspc
INFO:root:26-07-2021:13:05:49||530357770|got linkedin response200
INFO:root:26-07-2021:13:05:49||530357770|Fernando-Comendador Marín-Head of Data Ecosystem - Financial Crime Transformation Program
INFO:root:26-07-2021:13:05:59||530357772|zooinfo response200
INFO:root:26-07-2021:13:06:00||530357772|https://www.linkedin.com/in/wyndawall?miniProfileUrn=urn%3Ali%3Afs_miniProfile%3AACoAAACxGMwBKSfO83qzws7_5FjK9Sc8F0YAYjE
INFO:root:26-07-2021:13:06:01||530357772|got linkedin response200
INFO:root:26-07-2021:13:06:01||530357772|Wynda-Wall (nee Pretorius)-Head of IT Help Desk
INFO:root:26-07-2021:13:06:19||530357773|zooinfo response200
INFO:root:26-07-2021:13:06:20||530357773|https://www.linkedin.com/in/stevenartingstall?miniProfileUrn=urn%3Ali%3Afs_miniProfile%3AACoAAAeGwHcBnUE4VBUsOtNdfOdG1mawMCI3ib0
INFO:root:26-07-2021:13:06:20||530357773|got linkedin response200
INFO:root:26-07-2021:13:06:20||530357773|Steven-Artingstall-Head of Change Delivery
INFO:root:26-07-2021:13:06:33||530357775|zooinfo response200
INFO:root:26-07-2021:13:06:34||530357775|https://www.linkedin.com/in/onur-ba%C5%9Falo%C4%9Flu-mba-mcips-13804158?miniProfileUrn=urn%3Ali%3Afs_miniProfile%3AACoAAAwbi3wBhIzDPfza1HThXy0JxhCVLGkB3LA
INFO:root:26-07-2021:13:06:34||530357775|got linkedin response200
INFO:root:26-07-2021:13:06:34||530357775|Onur-Ba\u015falo\u011flu, MBA,MCIPS-Head Of IT Procurement
INFO:root:26-07-2021:13:06:50||530357776|zooinfo response200
INFO:root:26-07-2021:13:06:52||530357776|https://www.linkedin.com/in/chris-bevan-a11b9410?miniProfileUrn=urn%3Ali%3Afs_miniProfile%3AACoAAAJPfa0BdBw9gdI3XhUv0xvif3C6HRsPbNk
INFO:root:26-07-2021:13:06:52||530357776|got linkedin response200
INFO:root:26-07-2021:13:06:52||530357776|Chris-Bevan-Head of Platform Services
INFO:root:26-07-2021:13:07:08||530357778|zooinfo response200
INFO:root:26-07-2021:13:07:09||530357778|https://www.linkedin.com/in/dean-francis-77332021?miniProfileUrn=urn%3Ali%3Afs_miniProfile%3AACoAAAR_GkcBGfWxOFFw-lZ7eE10gZnoNwm0j0w
INFO:root:26-07-2021:13:07:10||530357778|got linkedin response200
INFO:root:26-07-2021:13:07:10||530357778|Dean-Francis-Head of Cyber & Technology Procurement 
INFO:root:26-07-2021:13:07:20||530357780|zooinfo response200
INFO:root:26-07-2021:13:07:22||530357780|https://www.linkedin.com/in/paul-thorpe-ba51b782?miniProfileUrn=urn%3Ali%3Afs_miniProfile%3AACoAABF4nO0BufMteMQEO0cx3qIUShgi7cHiAZI
INFO:root:26-07-2021:13:07:22||530357780|got linkedin response200
INFO:root:26-07-2021:13:07:22||530357780|Paul-Thorpe-Head of IT Business Relationship Management
INFO:root:26-07-2021:13:07:38||530357781|zooinfo response200
INFO:root:26-07-2021:13:07:39||530357781|https://www.linkedin.com/in/ian-cox-90217412?miniProfileUrn=urn%3Ali%3Afs_miniProfile%3AACoAAAKEAxIBMYcIs7v_9CofKhJH2somO9bJvGc
INFO:root:26-07-2021:13:07:40||530357781|got linkedin response200
INFO:root:26-07-2021:13:07:40||530357781|Ian-Cox-Head of Technology - SAP
INFO:root:26-07-2021:13:07:57||530357782|zooinfo response200
INFO:root:26-07-2021:13:07:58||530357782|https://www.linkedin.com/in/tony-nicol-88b284a1?miniProfileUrn=urn%3Ali%3Afs_miniProfile%3AACoAABWTT-sBQfEH4Y1AZisNBoI-GH6KB11NIN0
INFO:root:26-07-2021:13:07:59||530357782|got linkedin response200
INFO:root:26-07-2021:13:07:59||530357782|Tony-Nicol-Head of Data Platform Services and Governance
INFO:root:26-07-2021:13:08:13||530357783|zooinfo response200
INFO:root:26-07-2021:13:08:18||530357783|got linkedin response200
INFO:root:26-07-2021:13:08:18||530357783|Chris-Plank \u2601-Head of Cloud Architecture & Engineering, Modern Banking Platform (Permanent)
INFO:root:26-07-2021:13:08:27||530357784|zooinfo response200
INFO:root:26-07-2021:13:08:27||530357784|https://www.linkedin.com/in/lisa-fennessy-a9922a76?miniProfileUrn=urn%3Ali%3Afs_miniProfile%3AACoAABANI5UB6gfSpO2mt6RiLIpNQT2zeW9Us9o
INFO:root:26-07-2021:13:08:28||530357784|got linkedin response200
INFO:root:26-07-2021:13:08:28||530357784|Lisa-Fennessy-Head of Operations PMO
INFO:root:26-07-2021:13:08:44||530357785|zooinfo response200
INFO:root:26-07-2021:13:08:45||530357785|https://www.linkedin.com/in/mark-smith-6451463?miniProfileUrn=urn%3Ali%3Afs_miniProfile%3AACoAAACN7BUBFsaLD7xibkJOCxDG4bDvPqV3D18
INFO:root:26-07-2021:13:08:46||530357785|got linkedin response200
INFO:root:26-07-2021:13:08:46||530357785|Mark-Smith-CTO
INFO:root:26-07-2021:13:09:02||530357786|zooinfo response200
INFO:root:26-07-2021:13:09:03||530357786|https://www.linkedin.com/in/shahaatish?miniProfileUrn=urn%3Ali%3Afs_miniProfile%3AACoAAACCgYgBHS_htrkFfd1B4Iwtl1v0YJ0LDb0
INFO:root:26-07-2021:13:09:04||530357786|got linkedin response200
INFO:root:26-07-2021:13:09:04||530357786|Aatish-Shah-Head - IT Governance & Reporting
INFO:root:26-07-2021:13:09:13||530357787|zooinfo response200
INFO:root:26-07-2021:13:09:14||530357787|https://www.linkedin.com/in/robbeardsmore?miniProfileUrn=urn%3Ali%3Afs_miniProfile%3AACoAAAGrmiYBTMPcud6rcz5BomBkGyBFWA3fNhE
INFO:root:26-07-2021:13:09:14||530357787|got linkedin response200
INFO:root:26-07-2021:13:09:14||530357787|Rob-Beardsmore-Deputy CISO
INFO:root:26-07-2021:13:09:27||530357788|zooinfo response200
INFO:root:26-07-2021:13:09:28||530357788|https://www.linkedin.com/in/geraint-treharne-73272a10b?miniProfileUrn=urn%3Ali%3Afs_miniProfile%3AACoAABuxrZYBax9rPF9PV_qI614b29Io_QWfV9E
INFO:root:26-07-2021:13:09:29||530357788|got linkedin response200
INFO:root:26-07-2021:13:09:29||530357788|Geraint-Treharne-Head Of Information Security
INFO:root:26-07-2021:13:09:29||530357788|error in extracting contactsingle positional indexer is out-of-bounds
INFO:root:26-07-2021:13:09:45||530357789|zooinfo response200
INFO:root:26-07-2021:13:09:52||530357789|got linkedin response200
INFO:root:26-07-2021:13:09:52||530357789|Tony-Challands-Head of IT, Benchmark Capital
INFO:root:26-07-2021:13:09:59||530357790|zooinfo response200
INFO:root:26-07-2021:13:10:04||530357790|got linkedin response200
INFO:root:26-07-2021:13:10:04||530357790|Gianluca-Magri-Head Of Product Management - Receipt and Payment Services
