INFO:root:26-07-2021:12:29:26||530357672|zooinfo response200
INFO:root:26-07-2021:12:29:27||530357672|https://www.linkedin.com/in/peggy-ronda-47b1591?miniProfileUrn=urn%3Ali%3Afs_miniProfile%3AACoAAAAzMF8Bs5bEma--DkcTL7DlJgQRqDoFOIw
INFO:root:26-07-2021:12:29:28||530357672|got linkedin response200
INFO:root:26-07-2021:12:29:28||530357672|error in extracting contactcan only concatenate str (not "PermissionError") to str
INFO:root:26-07-2021:12:31:19||530357672|zooinfo response200
INFO:root:26-07-2021:12:31:20||530357672|https://www.linkedin.com/in/peggy-ronda-47b1591?miniProfileUrn=urn%3Ali%3Afs_miniProfile%3AACoAAAAzMF8Bs5bEma--DkcTL7DlJgQRqDoFOIw
INFO:root:26-07-2021:12:31:21||530357672|got linkedin response200
INFO:root:26-07-2021:12:31:21||530357672|Peggy-Ronda-Senior IT Manager 
INFO:root:26-07-2021:12:31:21||530357672|error in extracting linkedin company Name 'included'
INFO:root:26-07-2021:12:41:20||530357672|zooinfo response200
INFO:root:26-07-2021:12:41:21||530357672|https://www.linkedin.com/in/peggy-ronda-47b1591?miniProfileUrn=urn%3Ali%3Afs_miniProfile%3AACoAAAAzMF8Bs5bEma--DkcTL7DlJgQRqDoFOIw
INFO:root:26-07-2021:12:41:21||530357672|got linkedin response200
INFO:root:26-07-2021:12:41:21||530357672|error in extracting contactcan only concatenate str (not "PermissionError") to str
INFO:root:26-07-2021:12:41:45||530357672|zooinfo response200
INFO:root:26-07-2021:12:41:46||530357672|https://www.linkedin.com/in/peggy-ronda-47b1591?miniProfileUrn=urn%3Ali%3Afs_miniProfile%3AACoAAAAzMF8Bs5bEma--DkcTL7DlJgQRqDoFOIw
INFO:root:26-07-2021:12:41:47||530357672|got linkedin response200
INFO:root:26-07-2021:12:41:47||530357672|Peggy-Ronda-Senior IT Manager 
INFO:root:26-07-2021:12:41:47||530357672|error in extracting linkedin company Name 'included'
INFO:root:26-07-2021:12:43:18||530357672|zooinfo response200
INFO:root:26-07-2021:12:43:18||530357672|https://www.linkedin.com/in/peggy-ronda-47b1591?miniProfileUrn=urn%3Ali%3Afs_miniProfile%3AACoAAAAzMF8Bs5bEma--DkcTL7DlJgQRqDoFOIw
INFO:root:26-07-2021:12:43:19||530357672|got linkedin response200
INFO:root:26-07-2021:12:43:19||530357672|Peggy-Ronda-Senior IT Manager 
INFO:root:26-07-2021:12:43:19||530357672|error in extracting linkedin company Name 'included'
INFO:root:26-07-2021:12:46:16||530357672|zooinfo response200
INFO:root:26-07-2021:12:46:17||530357672|https://www.linkedin.com/in/peggy-ronda-47b1591?miniProfileUrn=urn%3Ali%3Afs_miniProfile%3AACoAAAAzMF8Bs5bEma--DkcTL7DlJgQRqDoFOIw
INFO:root:26-07-2021:12:46:18||530357672|got linkedin response200
INFO:root:26-07-2021:12:46:18||530357672|Peggy-Ronda-Senior IT Manager 
