INFO:root:26-07-2021:11:38:01||530357670|zooinfo response200
INFO:root:26-07-2021:11:38:45||530357670|got linkedin response200
INFO:root:26-07-2021:11:38:45||530357670|Uli-Broedl-Head of Global Clinical Development & Operations
INFO:root:26-07-2021:11:38:55||530357671|zooinfo response200
INFO:root:26-07-2021:11:38:56||530357671|https://www.linkedin.com/in/allancoignet?miniProfileUrn=urn%3Ali%3Afs_miniProfile%3AACoAAAAJguUBtOJBtF8ukGTm53FHqWV5CpYaL4Q
INFO:root:26-07-2021:11:38:57||530357671|got linkedin response200
INFO:root:26-07-2021:11:38:57||530357671|Allan-Coignet-Senior Information Security Risk Manager
INFO:root:26-07-2021:11:39:09||530357672|zooinfo response200
INFO:root:26-07-2021:11:39:10||530357672|https://www.linkedin.com/in/peggy-ronda-47b1591?miniProfileUrn=urn%3Ali%3Afs_miniProfile%3AACoAAAAzMF8Bs5bEma--DkcTL7DlJgQRqDoFOIw
INFO:root:26-07-2021:11:39:10||530357672|got linkedin response200
INFO:root:26-07-2021:11:39:10||530357672|Peggy-Ronda-Senior IT Manager 
INFO:root:26-07-2021:11:39:10||530357672|error in extracting contactsingle positional indexer is out-of-bounds
INFO:root:26-07-2021:11:39:20||530357673|zooinfo response200
INFO:root:26-07-2021:11:39:29||530357673|got linkedin response200
INFO:root:26-07-2021:11:39:29||530357673|Rigo-Bosman-Global Senior Application Development Manager
INFO:root:26-07-2021:11:39:44||530357675|zooinfo response200
INFO:root:26-07-2021:11:39:45||530357675|https://www.linkedin.com/in/csortega?miniProfileUrn=urn%3Ali%3Afs_miniProfile%3AACoAAAC7JzsBZ0HDuTMXfsFyMGv676St8jYQooE
INFO:root:26-07-2021:11:39:46||530357675|got linkedin response200
INFO:root:26-07-2021:11:39:46||530357675|Cesar-Serrano Ortega-Senior Head of Service Telecom. Management, Cost Control & Governance
INFO:root:26-07-2021:11:40:03||530357676|zooinfo response200
INFO:root:26-07-2021:11:40:04||530357676|https://www.linkedin.com/in/itsynet?miniProfileUrn=urn%3Ali%3Afs_miniProfile%3AACoAAAAloloBHz9495glJrr_wGBoSii73BTAb-c
INFO:root:26-07-2021:11:40:04||530357676|got linkedin response200
INFO:root:26-07-2021:11:40:04||530357676|Paul-Donovan CISSP CISM-Senior Information Security Manager - Enterprise & Cyber Security UK&I
INFO:root:26-07-2021:11:40:17||530357677|zooinfo response200
INFO:root:26-07-2021:11:40:18||530357677|https://www.linkedin.com/in/chrispetrie?miniProfileUrn=urn%3Ali%3Afs_miniProfile%3AACoAAADY9uABkkKqzEaD99r8JQPg5xjLHQcEG2E
INFO:root:26-07-2021:11:40:19||530357677|got linkedin response200
INFO:root:26-07-2021:11:40:19||530357677|Chris-Petrie-Senior Project Manager
INFO:root:26-07-2021:11:40:32||530357678|zooinfo response200
INFO:root:26-07-2021:11:40:33||530357678|https://www.linkedin.com/in/angus-mcdonald-17818967?miniProfileUrn=urn%3Ali%3Afs_miniProfile%3AACoAAA4WAawB5wo7H7NZbV3sZeIcH0ckcM-KAL8
INFO:root:26-07-2021:11:40:33||530357678|got linkedin response200
INFO:root:26-07-2021:11:40:33||530357678|ANGUS-MCDONALD-Senior IT & Technology Category Sourcing Manager 
INFO:root:26-07-2021:11:40:44||530357679|zooinfo response200
INFO:root:26-07-2021:11:40:46||530357679|https://www.linkedin.com/in/peterjoy?miniProfileUrn=urn%3Ali%3Afs_miniProfile%3AACoAAABAQWwBOacI6jEzu6DymrddBSlnp0CAZIc
INFO:root:26-07-2021:11:40:46||530357679|got linkedin response200
INFO:root:26-07-2021:11:40:46||530357679|Peter-Joy, CISM, CISA-Cyber Security Senior Project Manager 
INFO:root:26-07-2021:11:41:03||530357681|zooinfo response200
INFO:root:26-07-2021:11:41:04||530357681|https://www.linkedin.com/in/rob-negus-12988b4?miniProfileUrn=urn%3Ali%3Afs_miniProfile%3AACoAAADXcvEBEKxBur9McRzx_BEk_EeS2RE7uzw
INFO:root:26-07-2021:11:41:04||530357681|got linkedin response200
INFO:root:26-07-2021:11:41:05||530357681|Rob-Negus-Senior Director - Digital IT
