INFO:root:26-07-2021:15:35:49||530357670|zooinfo response200
INFO:root:26-07-2021:15:35:52||530357670|got linkedin response200
INFO:root:26-07-2021:15:35:52||530357670|Uli-Broedl-Head of Global Clinical Development & Operations
INFO:root:26-07-2021:15:36:07||530357671|zooinfo response200
INFO:root:26-07-2021:15:36:08||530357671|https://www.linkedin.com/in/allancoignet?miniProfileUrn=urn%3Ali%3Afs_miniProfile%3AACoAAAAJguUBtOJBtF8ukGTm53FHqWV5CpYaL4Q
INFO:root:26-07-2021:15:36:09||530357671|got linkedin response200
INFO:root:26-07-2021:15:36:09||530357671|Allan-Coignet-Senior Information Security Risk Manager
INFO:root:26-07-2021:15:36:19||530357672|zooinfo response200
INFO:root:26-07-2021:15:36:19||530357672|https://www.linkedin.com/in/peggy-ronda-47b1591?miniProfileUrn=urn%3Ali%3Afs_miniProfile%3AACoAAAAzMF8Bs5bEma--DkcTL7DlJgQRqDoFOIw
INFO:root:26-07-2021:15:36:20||530357672|got linkedin response200
INFO:root:26-07-2021:15:36:20||530357672|Peggy-Ronda-Senior IT Manager 
INFO:root:26-07-2021:15:36:20||530357672|error in extracting contactsingle positional indexer is out-of-bounds
INFO:root:26-07-2021:15:36:34||530357673|zooinfo response200
INFO:root:26-07-2021:15:36:46||530357673|got linkedin response200
INFO:root:26-07-2021:15:36:46||530357673|Rigo-Bosman-Global Senior Application Development Manager
INFO:root:26-07-2021:15:37:03||530357675|zooinfo response200
INFO:root:26-07-2021:15:37:03||530357675|https://www.linkedin.com/in/csortega?miniProfileUrn=urn%3Ali%3Afs_miniProfile%3AACoAAAC7JzsBZ0HDuTMXfsFyMGv676St8jYQooE
INFO:root:26-07-2021:15:37:04||530357675|got linkedin response200
INFO:root:26-07-2021:15:37:04||530357675|Cesar-Serrano Ortega-Senior Head of Service Telecom. Management, Cost Control & Governance
INFO:root:26-07-2021:15:37:14||530357676|zooinfo response200
INFO:root:26-07-2021:15:37:14||530357676|https://www.linkedin.com/in/itsynet?miniProfileUrn=urn%3Ali%3Afs_miniProfile%3AACoAAAAloloBHz9495glJrr_wGBoSii73BTAb-c
INFO:root:26-07-2021:15:37:15||530357676|got linkedin response200
INFO:root:26-07-2021:15:37:15||530357676|Paul-Donovan CISSP CISM-Senior Information Security Manager - Enterprise & Cyber Security UK&I
INFO:root:26-07-2021:15:37:32||530357677|zooinfo response200
INFO:root:26-07-2021:15:37:33||530357677|https://www.linkedin.com/in/chrispetrie?miniProfileUrn=urn%3Ali%3Afs_miniProfile%3AACoAAADY9uABkkKqzEaD99r8JQPg5xjLHQcEG2E
INFO:root:26-07-2021:15:37:33||530357677|got linkedin response200
INFO:root:26-07-2021:15:37:33||530357677|Chris-Petrie-Senior Project Manager
INFO:root:26-07-2021:15:37:48||530357678|zooinfo response200
INFO:root:26-07-2021:15:37:49||530357678|https://www.linkedin.com/in/angus-mcdonald-17818967?miniProfileUrn=urn%3Ali%3Afs_miniProfile%3AACoAAA4WAawB5wo7H7NZbV3sZeIcH0ckcM-KAL8
INFO:root:26-07-2021:15:37:50||530357678|got linkedin response200
INFO:root:26-07-2021:15:37:50||530357678|ANGUS-MCDONALD-Senior IT & Technology Category Sourcing Manager 
INFO:root:26-07-2021:15:38:04||530357679|zooinfo response200
INFO:root:26-07-2021:15:38:05||530357679|https://www.linkedin.com/in/peterjoy?miniProfileUrn=urn%3Ali%3Afs_miniProfile%3AACoAAABAQWwBOacI6jEzu6DymrddBSlnp0CAZIc
INFO:root:26-07-2021:15:38:06||530357679|got linkedin response200
INFO:root:26-07-2021:15:38:06||530357679|Peter-Joy, CISM, CISA-Cyber Security Senior Project Manager 
INFO:root:26-07-2021:15:38:19||530357681|zooinfo response200
INFO:root:26-07-2021:15:38:20||530357681|https://www.linkedin.com/in/rob-negus-12988b4?miniProfileUrn=urn%3Ali%3Afs_miniProfile%3AACoAAADXcvEBEKxBur9McRzx_BEk_EeS2RE7uzw
INFO:root:26-07-2021:15:38:21||530357681|got linkedin response200
INFO:root:26-07-2021:15:38:21||530357681|Rob-Negus-Senior Director - Digital IT
INFO:root:26-07-2021:15:38:39||530357682|zooinfo response200
INFO:root:26-07-2021:15:38:39||530357682|https://www.linkedin.com/in/fabrice-gilbert-8b1b698b?miniProfileUrn=urn%3Ali%3Afs_miniProfile%3AACoAABM3G8UBqi9-y7LKXIYTYmDk-v5IG54VY3E
INFO:root:26-07-2021:15:38:40||530357682|got linkedin response200
INFO:root:26-07-2021:15:38:40||530357682|fabrice-gilbert-Directeur Marketing et Developpement Macif Finance Epargne
INFO:root:26-07-2021:15:38:59||530357683|zooinfo response200
INFO:root:26-07-2021:15:38:59||530357683|https://www.linkedin.com/in/jean-christophe-perrin-53762b10?miniProfileUrn=urn%3Ali%3Afs_miniProfile%3AACoAAAI6dzsBK_TzArJ4JgIimVEsgB3sQt6h69Q
INFO:root:26-07-2021:15:39:00||530357683|got linkedin response200
INFO:root:26-07-2021:15:39:00||530357683|jean-christophe-Perrin-Global Sales and Marketing Director
INFO:root:26-07-2021:15:39:14||530357684|zooinfo response200
INFO:root:26-07-2021:15:39:15||530357684|https://www.linkedin.com/in/v%C3%A9ronique-remy-a922051?miniProfileUrn=urn%3Ali%3Afs_miniProfile%3AACoAAAA1T84BJ21MPhGWFAIZOSvIaBD3dWfGpZM
INFO:root:26-07-2021:15:39:16||530357684|got linkedin response200
INFO:root:26-07-2021:15:39:16||530357684|Véronique-Remy-Country Marketing Manager-Salomon
INFO:root:26-07-2021:15:39:33||530357687|zooinfo response200
INFO:root:26-07-2021:15:39:34||530357687|https://www.linkedin.com/in/alexshepko?miniProfileUrn=urn%3Ali%3Afs_miniProfile%3AACoAAAMjCBsBwpFUSWJlbtDzPN1e80tDOvzVhSw
INFO:root:26-07-2021:15:39:35||530357687|got linkedin response200
INFO:root:26-07-2021:15:39:35||530357687|Alex-Shepko-Director Software Development
INFO:root:26-07-2021:15:39:49||530357688|zooinfo response200
INFO:root:26-07-2021:15:39:50||530357688|https://www.linkedin.com/in/annemieksterks?miniProfileUrn=urn%3Ali%3Afs_miniProfile%3AACoAAAF57GQBOT_v5mRbfPjf7y6bPkH90k9ioWw
INFO:root:26-07-2021:15:39:51||530357688|got linkedin response200
INFO:root:26-07-2021:15:39:51||530357688|Annemiek-Sterks-Director Service Delivery
INFO:root:26-07-2021:15:40:06||530357689|zooinfo response200
INFO:root:26-07-2021:15:40:07||530357689|https://www.linkedin.com/in/johnblazey?miniProfileUrn=urn%3Ali%3Afs_miniProfile%3AACoAAARyFr0B9X2msCGVC0KWJsSV5nanCKk-Rzk
INFO:root:26-07-2021:15:40:08||530357689|got linkedin response200
INFO:root:26-07-2021:15:40:08||530357689|John-Blazey-Director Of Software Development
INFO:root:26-07-2021:15:40:22||530357690|zooinfo response200
INFO:root:26-07-2021:15:40:34||530357690|got linkedin response200
INFO:root:26-07-2021:15:40:34||530357690|Juan Pablo-Hernández -Research Analyst
INFO:root:26-07-2021:15:40:41||530357691|zooinfo response200
INFO:root:26-07-2021:15:40:42||530357691|https://www.linkedin.com/in/meritxell-clemente-8567823?miniProfileUrn=urn%3Ali%3Afs_miniProfile%3AACoAAACl3kIBiXSwsfP_gC3ZdzuwmPVbxneVyq0
INFO:root:26-07-2021:15:40:43||530357691|got linkedin response200
INFO:root:26-07-2021:15:40:43||530357691|Meritxell-Clemente-Director of Sales, Corporations Travel IT (cytric)
INFO:root:26-07-2021:15:41:00||530357692|zooinfo response200
INFO:root:26-07-2021:15:41:01||530357692|https://www.linkedin.com/in/stephane-maraut?miniProfileUrn=urn%3Ali%3Afs_miniProfile%3AACoAABDYOK0Bc9tSfANcgwqk7UT-v1ShqVQmvso
INFO:root:26-07-2021:15:41:01||530357692|got linkedin response200
INFO:root:26-07-2021:15:41:01||530357692|Stéphane-Maraut-Director of Data Science and Artificial Intelligence - AI in Process
INFO:root:26-07-2021:15:41:16||530357693|zooinfo response200
INFO:root:26-07-2021:15:41:17||530357693|https://www.linkedin.com/in/mark-anthony-wheeler-71644310?miniProfileUrn=urn%3Ali%3Afs_miniProfile%3AACoAAAIzTEIB6K6vjWKhA1GeK1MepAWMlPeLARI
INFO:root:26-07-2021:15:41:17||530357693|got linkedin response200
INFO:root:26-07-2021:15:41:17||530357693|Mark-Anthony-Wheeler-IT Operations Director
INFO:root:26-07-2021:15:41:17||530357693|error in extracting contactsingle positional indexer is out-of-bounds
INFO:root:26-07-2021:15:41:34||530357695|zooinfo response200
INFO:root:26-07-2021:15:41:35||530357695|https://www.linkedin.com/in/jorge-ribeiro-828a5069?miniProfileUrn=urn%3Ali%3Afs_miniProfile%3AACoAAA6SIaABJ2VnmTJ0q3FgJDv7BIvQZQfTn6g
INFO:root:26-07-2021:15:41:36||530357695|got linkedin response200
INFO:root:26-07-2021:15:41:36||530357695|Jorge-Ribeiro-Director of Core & IT Infrastructure
INFO:root:26-07-2021:15:41:47||530357697|zooinfo response200
INFO:root:26-07-2021:15:41:48||530357697|https://www.linkedin.com/in/martinplatts?miniProfileUrn=urn%3Ali%3Afs_miniProfile%3AACoAAABj8WoBOw7rDGzYVBSKwemdL9oVrMHju2M
INFO:root:26-07-2021:15:41:49||530357697|got linkedin response200
INFO:root:26-07-2021:15:41:49||530357697|Martin-Platts-Director of Program Management
INFO:root:26-07-2021:15:42:05||530357698|zooinfo response200
INFO:root:26-07-2021:15:42:06||530357698|https://www.linkedin.com/in/kate-carroll-mcips-38679318?miniProfileUrn=urn%3Ali%3Afs_miniProfile%3AACoAAAOsw1YB1rnbxlFl6ZvfpntYyRUwyAABScY
INFO:root:26-07-2021:15:42:06||530357698|got linkedin response200
INFO:root:26-07-2021:15:42:06||530357698|Kate-Carroll (MCIPS)-Global Procurement Director/CPO
INFO:root:26-07-2021:15:42:22||530357699|zooinfo response200
INFO:root:26-07-2021:15:42:23||530357699|https://www.linkedin.com/in/batesben?miniProfileUrn=urn%3Ali%3Afs_miniProfile%3AACoAAAJViaUBQ4c-2s6ZHq8wHPk0Oa2H7WnjrTk
INFO:root:26-07-2021:15:42:24||530357699|got linkedin response200
INFO:root:26-07-2021:15:42:24||530357699|Ben-Bates-Director Of Software Development, Not For Profit and Education Divisions
INFO:root:26-07-2021:15:42:38||530357700|zooinfo response200
INFO:root:26-07-2021:15:42:50||530357700|got linkedin response200
INFO:root:26-07-2021:15:42:50||530357700|Julian-Carter-Head Of Operations and Technical Support
INFO:root:26-07-2021:15:43:04||530357701|zooinfo response200
INFO:root:26-07-2021:15:43:15||530357701|got linkedin response200
INFO:root:26-07-2021:15:43:15||530357701|Stuart-Rye-Director Of Business Development, Application & Mullti-Cloud Services
INFO:root:26-07-2021:15:43:27||530357702|zooinfo response200
INFO:root:26-07-2021:15:43:34||530357702|got linkedin response200
INFO:root:26-07-2021:15:43:34||530357702|Paul-Laidley-Global IT Procurement Manager
INFO:root:26-07-2021:15:43:49||530357703|zooinfo response200
INFO:root:26-07-2021:15:43:49||530357703|https://www.linkedin.com/in/tudor-alexandru-litu-a9505725?miniProfileUrn=urn%3Ali%3Afs_miniProfile%3AACoAAAUrGlEBKDPoI7NPx0i67tTElE9UTSAUBF8
INFO:root:26-07-2021:15:43:50||530357703|got linkedin response200
INFO:root:26-07-2021:15:43:50||530357703|Tudor Alexandru-Litu-Director Of Software Development - Mobile Apps
INFO:root:26-07-2021:15:44:05||530357704|zooinfo response200
INFO:root:26-07-2021:15:44:09||530357704|got linkedin response200
INFO:root:26-07-2021:15:44:09||530357704|Sascha-Kunze-Head of Global Business Operations, EMEA North
INFO:root:26-07-2021:15:44:18||530357705|zooinfo response200
INFO:root:26-07-2021:15:44:19||530357705|https://www.linkedin.com/in/ianwaller?miniProfileUrn=urn%3Ali%3Afs_miniProfile%3AACoAAAH9QUsBE27R60rJzZtzIGsJl7quGfRRsMI
INFO:root:26-07-2021:15:44:19||530357705|got linkedin response200
INFO:root:26-07-2021:15:44:19||530357705|Ian-Waller-IT Director
INFO:root:26-07-2021:15:44:29||530357706|zooinfo response200
INFO:root:26-07-2021:15:44:50||530357707|zooinfo response200
INFO:root:26-07-2021:15:44:51||530357707|https://www.linkedin.com/in/rodolphe-dhenin-0620858?miniProfileUrn=urn%3Ali%3Afs_miniProfile%3AACoAAAFvKgoB30q5hXpqPmwT0GXtBFUiZjZKloE
INFO:root:26-07-2021:15:44:52||530357707|got linkedin response200
INFO:root:26-07-2021:15:44:52||530357707|Rodolphe-Dhenin-IT Director : France & Belgium
INFO:root:26-07-2021:15:45:03||530357709|zooinfo response200
INFO:root:26-07-2021:15:45:09||530357709|got linkedin response200
INFO:root:26-07-2021:15:45:09||530357709|Mark-Beard-Head of Technology Operations
INFO:root:26-07-2021:15:45:25||530357710|zooinfo response200
INFO:root:26-07-2021:15:45:26||530357710|https://www.linkedin.com/in/pepevarelaguinot?miniProfileUrn=urn%3Ali%3Afs_miniProfile%3AACoAAAC-km4B3Imyq9sTcdtEIUT_NQNKYENmX7E
INFO:root:26-07-2021:15:45:26||530357710|got linkedin response200
INFO:root:26-07-2021:15:45:26||530357710|José Enrique-VARELA GUINOT-Integration IT Director for wealth management & insurances
INFO:root:26-07-2021:15:45:36||530357711|zooinfo response200
INFO:root:26-07-2021:15:45:47||530357711|got linkedin response200
INFO:root:26-07-2021:15:45:47||530357711|Alice-de Brem-Directeur commercial et marketing - membre du Comité Exécutif
INFO:root:26-07-2021:15:45:57||530357712|zooinfo response200
INFO:root:26-07-2021:15:45:58||530357712|https://www.linkedin.com/in/christelledarrigo?miniProfileUrn=urn%3Ali%3Afs_miniProfile%3AACoAAAGSiTcBXD1RrkVHcmpB4pzVUPlrlkvg9pM
INFO:root:26-07-2021:15:45:59||530357712|got linkedin response200
INFO:root:26-07-2021:15:45:59||530357712|Christelle-d'ARRIGO-Directrice Marketing Relationnel
INFO:root:26-07-2021:15:46:15||530357713|zooinfo response200
INFO:root:26-07-2021:15:46:16||530357713|https://www.linkedin.com/in/fabrice-lefebvre-b797517?miniProfileUrn=urn%3Ali%3Afs_miniProfile%3AACoAAAFbJk0BiwSm1xtdgi0wKavLBej7zODrXCU
INFO:root:26-07-2021:15:46:17||530357713|got linkedin response200
INFO:root:26-07-2021:15:46:17||530357713|Fabrice-Lefebvre-Sales and Marketing Director
INFO:root:26-07-2021:15:46:31||530357714|zooinfo response200
INFO:root:26-07-2021:15:46:32||530357714|https://www.linkedin.com/in/davenebo?miniProfileUrn=urn%3Ali%3Afs_miniProfile%3AACoAAABDpmAB4Zs_6YVBRxuwPotXBjD2dv_kZEo
INFO:root:26-07-2021:15:46:33||530357714|got linkedin response200
INFO:root:26-07-2021:15:46:33||530357714|Dave-Nebo-Sr Director, IT Operations
INFO:root:26-07-2021:15:46:42||530357715|zooinfo response200
INFO:root:26-07-2021:15:46:43||530357715|https://www.linkedin.com/in/maurice-rijnen-2b155620?miniProfileUrn=urn%3Ali%3Afs_miniProfile%3AACoAAARaOyUB0yoW2vGZjFri6aiARlRbEjwc65o
INFO:root:26-07-2021:15:46:44||530357715|got linkedin response200
INFO:root:26-07-2021:15:46:44||530357715|Maurice-Rijnen-Program Director Digital Business Transformation
INFO:root:26-07-2021:15:47:00||530357716|zooinfo response200
INFO:root:26-07-2021:15:47:00||530357716|https://www.linkedin.com/in/antoine-ardanuy-a962b6b1?miniProfileUrn=urn%3Ali%3Afs_miniProfile%3AACoAABe3EZIBly52gY6bBdxgBHyHGZQHpPjDHss
INFO:root:26-07-2021:15:47:01||530357716|got linkedin response200
INFO:root:26-07-2021:15:47:01||530357716|Antoine-Ardanuy-Directeur marketing adjoint
INFO:root:26-07-2021:15:47:19||530357717|zooinfo response200
INFO:root:26-07-2021:15:47:20||530357717|https://www.linkedin.com/in/laetitia-peerbolte-crinon-6b956264?miniProfileUrn=urn%3Ali%3Afs_miniProfile%3AACoAAA2bs20BJcbGWFIwJ2aJZAt8UVaLWT8uaeA
INFO:root:26-07-2021:15:47:20||530357717|got linkedin response200
INFO:root:26-07-2021:15:47:20||530357717|Laetitia-PEERBOLTE-CRINON-Directrice Commerciale et Marketing
INFO:root:26-07-2021:15:47:35||530357718|zooinfo response200
INFO:root:26-07-2021:15:47:47||530357718|got linkedin response200
INFO:root:26-07-2021:15:47:47||530357718|Isabelle-Truchet-Directrice Expérience Client et Marketing
INFO:root:26-07-2021:15:48:02||530357719|zooinfo response200
INFO:root:26-07-2021:15:48:09||530357719|got linkedin response200
INFO:root:26-07-2021:15:48:09||530357719|error in extracting contact'companyUrn'
INFO:root:26-07-2021:15:48:17||530357720|zooinfo response200
INFO:root:26-07-2021:15:48:29||530357720|got linkedin response200
INFO:root:26-07-2021:15:48:29||530357720|Thomas-Holderegger-Managing Director, Group Technology, Infrastructure & Security Engineering - Head of Security IT
INFO:root:26-07-2021:15:48:38||530357721|zooinfo response200
INFO:root:26-07-2021:15:48:49||530357721|got linkedin response400
INFO:root:26-07-2021:15:48:49||530357721|error in extracting contact'included'
INFO:root:26-07-2021:15:49:01||530357723|zooinfo response200
INFO:root:26-07-2021:15:49:02||530357723|https://www.linkedin.com/in/holger-linnertz-a941521?miniProfileUrn=urn%3Ali%3Afs_miniProfile%3AACoAAAAzBJABZpP2qc1e7fl3sBLpMRuWxcMSTIk
INFO:root:26-07-2021:15:49:03||530357723|got linkedin response200
INFO:root:26-07-2021:15:49:03||530357723|Holger-Linnertz-Head of Software Development Center
INFO:root:26-07-2021:15:49:16||530357726|zooinfo response200
INFO:root:26-07-2021:15:49:17||530357726|https://www.linkedin.com/in/tanja-becker-cisa-ba6398124?miniProfileUrn=urn%3Ali%3Afs_miniProfile%3AACoAAB6rOa4BmgxT_0RtB7zR6oyemt-ubaeNdU8
INFO:root:26-07-2021:15:49:18||530357726|got linkedin response200
INFO:root:26-07-2021:15:49:18||530357726|Tanja-Becker, CISA-Deputy Corporate Information Security Officer (CISO)
INFO:root:26-07-2021:15:49:28||530357730|zooinfo response200
INFO:root:26-07-2021:15:49:29||530357730|https://www.linkedin.com/in/ursandergassen?miniProfileUrn=urn%3Ali%3Afs_miniProfile%3AACoAAAVFAo8B7Hb-KwLxW0mx9-1DF2KHYHhbBak
INFO:root:26-07-2021:15:49:29||530357730|got linkedin response200
INFO:root:26-07-2021:15:49:29||530357730|Urs-Andergassen-Head IT & Facility Management Schindler Management Ltd.
INFO:root:26-07-2021:15:49:44||530357733|zooinfo response200
INFO:root:26-07-2021:15:49:44||530357733|https://www.linkedin.com/in/daniel-erni-313566113?miniProfileUrn=urn%3Ali%3Afs_miniProfile%3AACoAABxhfD8B1vOZvK91Qfi0MTijTplbJK8z1z4
INFO:root:26-07-2021:15:49:45||530357733|got linkedin response200
INFO:root:26-07-2021:15:49:45||530357733|Daniel-Erni-Leiter IT-Strategie
INFO:root:26-07-2021:15:49:56||530357736|zooinfo response200
INFO:root:26-07-2021:15:49:57||530357736|https://www.linkedin.com/in/rocco-smaldore-5a58b336?miniProfileUrn=urn%3Ali%3Afs_miniProfile%3AACoAAAebko0BL0oBuTp4hhM91F_92rxbJ0ea7i0
INFO:root:26-07-2021:15:49:57||530357736|got linkedin response200
INFO:root:26-07-2021:15:49:57||530357736|Rocco-Smaldore-Head IT Department SCH | Head BSCC
INFO:root:26-07-2021:15:50:06||530357739|zooinfo response200
INFO:root:26-07-2021:15:50:20||530357742|zooinfo response200
INFO:root:26-07-2021:15:50:21||530357742|https://www.linkedin.com/in/joostvanderzwaan?miniProfileUrn=urn%3Ali%3Afs_miniProfile%3AACoAAAA9tbgBzStlTSjoDbFDJO9vQfgn3KR31j0
INFO:root:26-07-2021:15:50:21||530357742|got linkedin response200
INFO:root:26-07-2021:15:50:21||530357742|Joost-van der Zwaan-Head of ICT
INFO:root:26-07-2021:15:50:39||530357746|zooinfo response200
INFO:root:26-07-2021:15:50:40||530357746|https://www.linkedin.com/in/ronandhaese?miniProfileUrn=urn%3Ali%3Afs_miniProfile%3AACoAAAAXIc4BTgu-cDCoA9ekUtyWWri4YXGkkxE
INFO:root:26-07-2021:15:50:40||530357746|got linkedin response200
INFO:root:26-07-2021:15:50:40||530357746|Ronan-D'Haese-Head of the IT Unit - DG for External Policies of the Union
INFO:root:26-07-2021:15:50:56||530357749|zooinfo response200
INFO:root:26-07-2021:15:50:57||530357749|https://www.linkedin.com/in/pieter-van-offenwert-5387202b?miniProfileUrn=urn%3Ali%3Afs_miniProfile%3AACoAAAZV6PwBn7MOO1X3FdWXildlwDhjRrLXfDY
INFO:root:26-07-2021:15:50:57||530357749|got linkedin response200
INFO:root:26-07-2021:15:50:57||530357749|Pieter-Van Offenwert-Head Of IT Development & Operations
INFO:root:26-07-2021:15:51:11||530357752|zooinfo response200
INFO:root:26-07-2021:15:51:19||530357752|got linkedin response200
INFO:root:26-07-2021:15:51:19||530357752|Miguel-Gomez Lopez-IT Head of Revenue Management Systems, CRM and cross projects
INFO:root:26-07-2021:15:51:30||530357755|zooinfo response200
INFO:root:26-07-2021:15:51:31||530357755|https://www.linkedin.com/in/andr%C3%A9-barros-9a26a0?miniProfileUrn=urn%3Ali%3Afs_miniProfile%3AACoAAAAZ94oBtnCBBuMvfsoTrV42n90tYEvxnW4
INFO:root:26-07-2021:15:51:31||530357755|got linkedin response200
INFO:root:26-07-2021:15:51:31||530357755|André-Barros-Head of IT Channels
INFO:root:26-07-2021:15:51:43||530357758|zooinfo response200
INFO:root:26-07-2021:15:51:44||530357758|https://www.linkedin.com/in/sambrimble?miniProfileUrn=urn%3Ali%3Afs_miniProfile%3AACoAAAE7MtABhhMyPdsjDUwD-JrSOJB5vVpCYtM
INFO:root:26-07-2021:15:51:45||530357758|got linkedin response200
INFO:root:26-07-2021:15:51:45||530357758|Sam-Brimble-Head of IT Service Delivery - Dental Division
INFO:root:26-07-2021:15:52:00||530357761|zooinfo response200
INFO:root:26-07-2021:15:52:01||530357761|https://www.linkedin.com/in/peter-mead-a8108511?miniProfileUrn=urn%3Ali%3Afs_miniProfile%3AACoAAAJS_8EBwgO9tI25T2C4_tSvN9vjUUOWa-c
INFO:root:26-07-2021:15:52:01||530357761|got linkedin response200
INFO:root:26-07-2021:15:52:01||530357761|Peter-Mead-Head Of IT Delivery
INFO:root:26-07-2021:15:52:20||530357763|zooinfo response200
INFO:root:26-07-2021:15:52:20||530357763|https://www.linkedin.com/in/christopher-watson-05958813?miniProfileUrn=urn%3Ali%3Afs_miniProfile%3AACoAAALBKkUBaR8i8Pd-HCOp5LSEofyxLd3QV74
INFO:root:26-07-2021:15:52:21||530357763|got linkedin response200
INFO:root:26-07-2021:15:52:21||530357763|Christopher-Watson-Group Head Of Audit - IT & Change
INFO:root:26-07-2021:15:52:38||530357765|zooinfo response200
INFO:root:26-07-2021:15:52:39||530357765|https://www.linkedin.com/in/simon-creegan-davies?miniProfileUrn=urn%3Ali%3Afs_miniProfile%3AACoAAAC9bpYBETCMtNjQCP9C8Qb7jZaPAPMhIWs
INFO:root:26-07-2021:15:52:39||530357765|got linkedin response200
INFO:root:26-07-2021:15:52:39||530357765|Simon-Creegan-Davies-Head of IT Operations
INFO:root:26-07-2021:15:52:52||530357766|zooinfo response200
INFO:root:26-07-2021:15:53:03||530357766|got linkedin response200
INFO:root:26-07-2021:15:53:03||530357766|Simon-Gilmour-Head Of Service Delivery
INFO:root:26-07-2021:15:53:15||530357768|zooinfo response200
INFO:root:26-07-2021:15:53:16||530357768|https://www.linkedin.com/in/stefan-treloar-8156b16?miniProfileUrn=urn%3Ali%3Afs_miniProfile%3AACoAAAErrlEBbhyLR7b7lUcxCQnxR8sRgldPXIQ
INFO:root:26-07-2021:15:53:17||530357768|got linkedin response200
INFO:root:26-07-2021:15:53:17||530357768|Stefan-Treloar-Chief Information Security Officer
INFO:root:26-07-2021:15:53:26||530357770|zooinfo response200
INFO:root:26-07-2021:15:53:27||530357770|https://www.linkedin.com/in/fernandocomendador?miniProfileUrn=urn%3Ali%3Afs_miniProfile%3AACoAAAjoi7MBMMvRnaJePSFoJ6tbd5SJW1Szspc
INFO:root:26-07-2021:15:53:28||530357770|got linkedin response200
INFO:root:26-07-2021:15:53:28||530357770|Fernando-Comendador Marín-Head of Data Ecosystem - Financial Crime Transformation Program
INFO:root:26-07-2021:15:53:38||530357772|zooinfo response200
INFO:root:26-07-2021:15:53:39||530357772|https://www.linkedin.com/in/wyndawall?miniProfileUrn=urn%3Ali%3Afs_miniProfile%3AACoAAACxGMwBKSfO83qzws7_5FjK9Sc8F0YAYjE
INFO:root:26-07-2021:15:53:40||530357772|got linkedin response200
INFO:root:26-07-2021:15:53:40||530357772|Wynda-Wall (nee Pretorius)-Head of IT Help Desk
INFO:root:26-07-2021:15:53:51||530357773|zooinfo response200
INFO:root:26-07-2021:15:53:52||530357773|https://www.linkedin.com/in/stevenartingstall?miniProfileUrn=urn%3Ali%3Afs_miniProfile%3AACoAAAeGwHcBnUE4VBUsOtNdfOdG1mawMCI3ib0
INFO:root:26-07-2021:15:53:52||530357773|got linkedin response200
INFO:root:26-07-2021:15:53:53||530357773|Steven-Artingstall-Head of Change Delivery
INFO:root:26-07-2021:15:54:08||530357775|zooinfo response200
INFO:root:26-07-2021:15:54:09||530357775|https://www.linkedin.com/in/onur-ba%C5%9Falo%C4%9Flu-mba-mcips-13804158?miniProfileUrn=urn%3Ali%3Afs_miniProfile%3AACoAAAwbi3wBhIzDPfza1HThXy0JxhCVLGkB3LA
INFO:root:26-07-2021:15:54:10||530357775|got linkedin response200
INFO:root:26-07-2021:15:54:10||530357775|Onur-Ba\u015falo\u011flu, MBA,MCIPS-Head Of IT Procurement
INFO:root:26-07-2021:15:54:23||530357776|zooinfo response200
INFO:root:26-07-2021:15:54:24||530357776|https://www.linkedin.com/in/chris-bevan-a11b9410?miniProfileUrn=urn%3Ali%3Afs_miniProfile%3AACoAAAJPfa0BdBw9gdI3XhUv0xvif3C6HRsPbNk
INFO:root:26-07-2021:15:54:25||530357776|got linkedin response200
INFO:root:26-07-2021:15:54:25||530357776|Chris-Bevan-Head of Platform Services
INFO:root:26-07-2021:15:54:36||530357778|zooinfo response200
INFO:root:26-07-2021:15:54:36||530357778|https://www.linkedin.com/in/dean-francis-77332021?miniProfileUrn=urn%3Ali%3Afs_miniProfile%3AACoAAAR_GkcBGfWxOFFw-lZ7eE10gZnoNwm0j0w
INFO:root:26-07-2021:15:54:37||530357778|got linkedin response200
INFO:root:26-07-2021:15:54:37||530357778|Dean-Francis-Head of Cyber & Technology Procurement 
INFO:root:26-07-2021:15:54:50||530357780|zooinfo response200
INFO:root:26-07-2021:15:54:51||530357780|https://www.linkedin.com/in/paul-thorpe-ba51b782?miniProfileUrn=urn%3Ali%3Afs_miniProfile%3AACoAABF4nO0BufMteMQEO0cx3qIUShgi7cHiAZI
INFO:root:26-07-2021:15:54:52||530357780|got linkedin response200
INFO:root:26-07-2021:15:54:52||530357780|Paul-Thorpe-Head of IT Business Relationship Management
INFO:root:26-07-2021:15:55:05||530357781|zooinfo response200
INFO:root:26-07-2021:15:55:06||530357781|https://www.linkedin.com/in/ian-cox-90217412?miniProfileUrn=urn%3Ali%3Afs_miniProfile%3AACoAAAKEAxIBMYcIs7v_9CofKhJH2somO9bJvGc
INFO:root:26-07-2021:15:55:07||530357781|got linkedin response200
INFO:root:26-07-2021:15:55:07||530357781|Ian-Cox-Head of Technology - SAP
INFO:root:26-07-2021:15:55:21||530357782|zooinfo response200
INFO:root:26-07-2021:15:55:22||530357782|https://www.linkedin.com/in/tony-nicol-88b284a1?miniProfileUrn=urn%3Ali%3Afs_miniProfile%3AACoAABWTT-sBQfEH4Y1AZisNBoI-GH6KB11NIN0
INFO:root:26-07-2021:15:55:23||530357782|got linkedin response200
INFO:root:26-07-2021:15:55:23||530357782|Tony-Nicol-Head of Data Platform Services and Governance
INFO:root:26-07-2021:15:55:36||530357783|zooinfo response200
INFO:root:26-07-2021:15:55:45||530357783|got linkedin response200
INFO:root:26-07-2021:15:55:45||530357783|Chris-Plank \u2601-Head of Cloud Architecture & Engineering, Modern Banking Platform (Permanent)
INFO:root:26-07-2021:15:56:03||530357784|zooinfo response200
INFO:root:26-07-2021:15:56:04||530357784|https://www.linkedin.com/in/lisa-fennessy-a9922a76?miniProfileUrn=urn%3Ali%3Afs_miniProfile%3AACoAABANI5UB6gfSpO2mt6RiLIpNQT2zeW9Us9o
INFO:root:26-07-2021:15:56:04||530357784|got linkedin response200
INFO:root:26-07-2021:15:56:04||530357784|Lisa-Fennessy-Head of Operations PMO
INFO:root:26-07-2021:15:56:15||530357785|zooinfo response200
INFO:root:26-07-2021:15:56:16||530357785|https://www.linkedin.com/in/mark-smith-6451463?miniProfileUrn=urn%3Ali%3Afs_miniProfile%3AACoAAACN7BUBFsaLD7xibkJOCxDG4bDvPqV3D18
INFO:root:26-07-2021:15:56:17||530357785|got linkedin response200
INFO:root:26-07-2021:15:56:17||530357785|Mark-Smith-CTO
INFO:root:26-07-2021:15:56:33||530357786|zooinfo response200
INFO:root:26-07-2021:15:56:34||530357786|https://www.linkedin.com/in/shahaatish?miniProfileUrn=urn%3Ali%3Afs_miniProfile%3AACoAAACCgYgBHS_htrkFfd1B4Iwtl1v0YJ0LDb0
INFO:root:26-07-2021:15:56:35||530357786|got linkedin response200
INFO:root:26-07-2021:15:56:35||530357786|Aatish-Shah-Head - IT Governance & Reporting
INFO:root:26-07-2021:15:56:51||530357787|zooinfo response200
INFO:root:26-07-2021:15:56:52||530357787|https://www.linkedin.com/in/robbeardsmore?miniProfileUrn=urn%3Ali%3Afs_miniProfile%3AACoAAAGrmiYBTMPcud6rcz5BomBkGyBFWA3fNhE
INFO:root:26-07-2021:15:56:52||530357787|got linkedin response200
INFO:root:26-07-2021:15:56:52||530357787|Rob-Beardsmore-Deputy CISO
INFO:root:26-07-2021:15:57:09||530357788|zooinfo response200
INFO:root:26-07-2021:15:57:10||530357788|https://www.linkedin.com/in/geraint-treharne-73272a10b?miniProfileUrn=urn%3Ali%3Afs_miniProfile%3AACoAABuxrZYBax9rPF9PV_qI614b29Io_QWfV9E
INFO:root:26-07-2021:15:57:10||530357788|got linkedin response200
INFO:root:26-07-2021:15:57:10||530357788|Geraint-Treharne-Head Of Information Security
INFO:root:26-07-2021:15:57:23||530357789|zooinfo response200
INFO:root:26-07-2021:15:57:31||530357789|got linkedin response200
INFO:root:26-07-2021:15:57:31||530357789|Tony-Challands-Head of IT, Benchmark Capital
INFO:root:26-07-2021:15:57:44||530357790|zooinfo response200
INFO:root:26-07-2021:15:57:54||530357790|got linkedin response200
INFO:root:26-07-2021:15:57:54||530357790|Gianluca-Magri-Head Of Product Management - Receipt and Payment Services
