INFO:root:26-07-2021:17:52:47||530735366|zooinfo response200
INFO:root:26-07-2021:17:52:48||530735366|https://www.linkedin.com/in/sarahratcliffe?miniProfileUrn=urn%3Ali%3Afs_miniProfile%3AACoAAAbxI8UBr023gGm7OIQV8JTgADg8t6i6JOg
INFO:root:26-07-2021:17:52:49||530735366|got linkedin response200
INFO:root:26-07-2021:17:52:49||530735366|Sarah-Ratcliffe MCIM-Marketing and Bidding Director 
INFO:root:26-07-2021:17:53:04||530735367|zooinfo response200
INFO:root:26-07-2021:17:53:04||530735367|https://www.linkedin.com/in/hannah-georg-mcim-9551a611?miniProfileUrn=urn%3Ali%3Afs_miniProfile%3AACoAAAJXc9EBRmXztlD-M5Zh-Xud8i91X6_gQMw
INFO:root:26-07-2021:17:53:05||530735367|got linkedin response200
INFO:root:26-07-2021:17:53:05||530735367|Hannah-Georg (MCIM)-Head of Marketing and Communications 
INFO:root:26-07-2021:17:53:15||530735368|zooinfo response200
INFO:root:26-07-2021:17:53:16||530735368|https://www.linkedin.com/in/alex-wheldon?miniProfileUrn=urn%3Ali%3Afs_miniProfile%3AACoAABRaDAoBpBGTxpanl7VGEhyb2k7CpsOFV6E
INFO:root:26-07-2021:17:53:17||530735368|got linkedin response200
INFO:root:26-07-2021:17:53:17||530735368|Alex-Wheldon-Head of Strategic Communications and Marketing – Space Park Leicester
INFO:root:26-07-2021:17:53:25||530735369|zooinfo response200
INFO:root:26-07-2021:17:53:26||530735369|https://www.linkedin.com/in/carys-roberts-a5808536?miniProfileUrn=urn%3Ali%3Afs_miniProfile%3AACoAAAd8T6QB5t_DUoChhcyfmD_OaabJ-w3VnNs
INFO:root:26-07-2021:17:53:26||530735369|got linkedin response200
INFO:root:26-07-2021:17:53:26||530735369|Carys-Roberts-Director of Marketing & UK Recruitment
INFO:root:26-07-2021:17:53:40||530735370|zooinfo response200
INFO:root:26-07-2021:17:53:42||530735370|https://www.linkedin.com/in/richardnorton69?miniProfileUrn=urn%3Ali%3Afs_miniProfile%3AACoAAAE27tsBJEeOF6qsDcIwa5ckMgQYoxhD9Uw
INFO:root:26-07-2021:17:53:43||530735370|got linkedin response200
INFO:root:26-07-2021:17:53:43||530735370|Richard-Norton-Head Of Global Marketing and Global eCommerce
INFO:root:26-07-2021:17:53:56||530735371|zooinfo response200
INFO:root:26-07-2021:17:53:57||530735371|https://www.linkedin.com/in/allen-scott-2a722a27?miniProfileUrn=urn%3Ali%3Afs_miniProfile%3AACoAAAWM7x8Buqfp5w_OuoxwtNY1axvYh547pXw
INFO:root:26-07-2021:17:53:58||530735371|got linkedin response200
INFO:root:26-07-2021:17:53:58||530735371|Allen-Scott-Group Communications & Marketing Director
INFO:root:26-07-2021:17:54:11||530735372|zooinfo response200
INFO:root:26-07-2021:17:54:15||530735372|got linkedin response200
INFO:root:26-07-2021:17:54:15||530735372|Richard-Bengree-Director - Marketing, Recruitment and Admissions
INFO:root:26-07-2021:17:54:27||530735373|zooinfo response200
INFO:root:26-07-2021:17:54:28||530735373|https://www.linkedin.com/in/amir-ahmed-816b1238?miniProfileUrn=urn%3Ali%3Afs_miniProfile%3AACoAAAf-5xIBXBCP9HHLSlYZLeW2CJCIhKDYiCw
INFO:root:26-07-2021:17:54:28||530735373|got linkedin response200
INFO:root:26-07-2021:17:54:28||530735373|Amir-Ahmed-Director of Learner Services, Marketing & Communications
INFO:root:26-07-2021:17:54:39||530735374|zooinfo response200
INFO:root:26-07-2021:17:54:40||530735374|https://www.linkedin.com/in/alexjustinbrown?miniProfileUrn=urn%3Ali%3Afs_miniProfile%3AACoAAABmp8QBWBo42VCKkgIvHicyEF3bJfGOw0g
INFO:root:26-07-2021:17:54:40||530735374|got linkedin response200
INFO:root:26-07-2021:17:54:40||530735374|Alex-Brown-Head of Digital Marketing & Transformation
INFO:root:26-07-2021:17:54:53||530735375|zooinfo response200
INFO:root:26-07-2021:17:54:54||530735375|https://www.linkedin.com/in/steven-pearson-88b5031?miniProfileUrn=urn%3Ali%3Afs_miniProfile%3AACoAAABApSsBTm_KYact-zbyh0mE_yPj9XKn43o
INFO:root:26-07-2021:17:54:55||530735375|got linkedin response200
INFO:root:26-07-2021:17:54:55||530735375|Steven-Pearson-Global Marketing Director
INFO:root:26-07-2021:17:55:14||530735377|zooinfo response200
INFO:root:26-07-2021:17:55:14||530735377|https://www.linkedin.com/in/sarah-hannaford-3b898445?miniProfileUrn=urn%3Ali%3Afs_miniProfile%3AACoAAAmToTwBGebir99UzXaa_VD7yDNZYcAkEpE
INFO:root:26-07-2021:17:55:15||530735377|got linkedin response200
INFO:root:26-07-2021:17:55:15||530735377|Sarah-Hannaford-Head of Student Recruitment, Marketing and Admissions
INFO:root:26-07-2021:17:55:26||530735378|zooinfo response200
INFO:root:26-07-2021:17:55:33||530735378|got linkedin response200
INFO:root:26-07-2021:17:55:33||530735378|Jac-Bowen-Head of Marketing
INFO:root:26-07-2021:17:55:51||530735379|zooinfo response200
INFO:root:26-07-2021:17:55:52||530735379|https://www.linkedin.com/in/sylviayli?miniProfileUrn=urn%3Ali%3Afs_miniProfile%3AACoAAAjhTmMB_CznxtXniqexxu0sl_TgRnGK4vY
INFO:root:26-07-2021:17:55:52||530735379|got linkedin response200
INFO:root:26-07-2021:17:55:52||530735379|Sylvia-Li-Business Manager
INFO:root:26-07-2021:17:56:03||530735380|zooinfo response200
INFO:root:26-07-2021:17:56:04||530735380|https://www.linkedin.com/in/louise-wilson-27106516?miniProfileUrn=urn%3Ali%3Afs_miniProfile%3AACoAAAM2KTUB78ZTzRgPdik4TT-UfJ9Sfnk8D2c
INFO:root:26-07-2021:17:56:04||530735380|got linkedin response200
INFO:root:26-07-2021:17:56:04||530735380|Louise-Wilson-Global Head of Marketing Communications - Automotive and Industrial EMEA, Performance Products
INFO:root:26-07-2021:17:56:19||530735381|zooinfo response200
INFO:root:26-07-2021:17:56:20||530735381|https://www.linkedin.com/in/beckyfrogg01?miniProfileUrn=urn%3Ali%3Afs_miniProfile%3AACoAAAWAm00BOmYXGHn3N9rXPzkhGedQP0qdeOI
INFO:root:26-07-2021:17:56:21||530735381|got linkedin response200
INFO:root:26-07-2021:17:56:21||530735381|Rebecca-Giddings-Head of Recruitment Marketing
INFO:root:26-07-2021:17:56:37||530735382|zooinfo response200
INFO:root:26-07-2021:17:56:38||530735382|https://www.linkedin.com/in/alexhardie80?miniProfileUrn=urn%3Ali%3Afs_miniProfile%3AACoAAAKtyIoBo_8-pxQog-9XOwwU832L9on1XGY
INFO:root:26-07-2021:17:56:39||530735382|got linkedin response200
INFO:root:26-07-2021:17:56:39||530735382|Alex-Hardie-Head Of Brand Marketing
INFO:root:26-07-2021:17:56:52||530735383|zooinfo response200
INFO:root:26-07-2021:17:56:52||530735383|https://www.linkedin.com/in/stephhibbert?miniProfileUrn=urn%3Ali%3Afs_miniProfile%3AACoAAAoWKcwBoNxcCdYgtWFxJrOXnlyDKqYhdKo
INFO:root:26-07-2021:17:56:53||530735383|got linkedin response200
INFO:root:26-07-2021:17:56:53||530735383|Steph-Hibbert-Group Global Marketing Director 
INFO:root:26-07-2021:17:57:01||530735384|zooinfo response200
INFO:root:26-07-2021:17:57:02||530735384|https://www.linkedin.com/in/frankrajewski?miniProfileUrn=urn%3Ali%3Afs_miniProfile%3AACoAAAFuBNUBHrr5Qs7KVRshmFueNpIrRHC6v0A
INFO:root:26-07-2021:17:57:03||530735384|got linkedin response200
INFO:root:26-07-2021:17:57:03||530735384|Francesca-Underhill-Marketing Director
INFO:root:26-07-2021:17:57:13||530735385|zooinfo response200
INFO:root:26-07-2021:17:57:13||530735385|https://www.linkedin.com/in/tashi-shetty-50442130?miniProfileUrn=urn%3Ali%3Afs_miniProfile%3AACoAAAZ4G5QBM6bbIBgQVUenNVCaJ-b7-12jzY0
INFO:root:26-07-2021:17:57:14||530735385|got linkedin response200
INFO:root:26-07-2021:17:57:14||530735385|Tashi-Shetty-Head Of Marketing
INFO:root:26-07-2021:17:57:29||530735386|zooinfo response200
INFO:root:26-07-2021:17:57:30||530735386|https://www.linkedin.com/in/hazelkay?miniProfileUrn=urn%3Ali%3Afs_miniProfile%3AACoAAADtnNEBBRbOlcPf-hbt6LAGorkZsJUbbnM
INFO:root:26-07-2021:17:57:31||530735386|got linkedin response200
INFO:root:26-07-2021:17:57:31||530735386|Hazel-Kay-Global Head of Admissions and Marketing
INFO:root:26-07-2021:17:57:48||530735387|zooinfo response200
INFO:root:26-07-2021:17:57:49||530735387|https://www.linkedin.com/in/angela-loines-13490a40?miniProfileUrn=urn%3Ali%3Afs_miniProfile%3AACoAAAitcDgB6Asygomdp-fbcYOZP13lzK6a1wg
INFO:root:26-07-2021:17:57:50||530735387|got linkedin response200
INFO:root:26-07-2021:17:57:50||530735387|Angela-Loines-Head Of Marketing
INFO:root:26-07-2021:17:57:59||530735388|zooinfo response200
INFO:root:26-07-2021:17:58:00||530735388|https://www.linkedin.com/in/emmajaneleech?miniProfileUrn=urn%3Ali%3Afs_miniProfile%3AACoAAANK6EYBDcphwUAJME0ykkdMwPEMF21a7G8
INFO:root:26-07-2021:17:58:01||530735388|got linkedin response200
INFO:root:26-07-2021:17:58:01||530735388|Emma-Leech-Director of Marketing and Communications
INFO:root:26-07-2021:17:58:14||530735389|zooinfo response200
INFO:root:26-07-2021:17:58:15||530735389|https://www.linkedin.com/in/joannaross?miniProfileUrn=urn%3Ali%3Afs_miniProfile%3AACoAAAJwG6kBjKEYoobR69dBWFS3u4fX4O_ANgM
INFO:root:26-07-2021:17:58:16||530735389|got linkedin response200
INFO:root:26-07-2021:17:58:16||530735389|Jo-Ross-Global Head of Marketing, Ricardo Strategic Consulting 
INFO:root:26-07-2021:17:58:31||530735864|zooinfo response200
INFO:root:26-07-2021:17:58:32||530735864|https://www.linkedin.com/in/joneholland?miniProfileUrn=urn%3Ali%3Afs_miniProfile%3AACoAAAJZEncBnEhqBWrkALvmNmKDJlHsutFSAEI
INFO:root:26-07-2021:17:58:33||530735864|got linkedin response200
INFO:root:26-07-2021:17:58:33||530735864|Jon-Holland-Head of Marketing and Communications
INFO:root:26-07-2021:17:58:48||530735865|zooinfo response200
INFO:root:26-07-2021:17:58:49||530735865|https://www.linkedin.com/in/andreabaker01?miniProfileUrn=urn%3Ali%3Afs_miniProfile%3AACoAAAG8bksBLNrC-3kJauAMOsNfSUwUxeKmSMI
INFO:root:26-07-2021:17:58:49||530735865|got linkedin response200
INFO:root:26-07-2021:17:58:49||530735865|Andrea-Baker-Marketing and Communications Director
