INFO:root:05-08-2021:08:47:38||531662927|zooinfo response200
INFO:root:05-08-2021:08:47:39||531662927|https://www.linkedin.com/in/maxine-laker-564a5b105?miniProfileUrn=urn%3Ali%3Afs_miniProfile%3AACoAABqsqlwBai1jwbAO1Yxw6FgNrLv-HGjmxSQ
INFO:root:05-08-2021:08:47:40||531662927|got linkedin response200
INFO:root:05-08-2021:08:47:40||531662927|Maxine-Laker-Finance Manager
INFO:root:05-08-2021:08:47:59||531662928|zooinfo response200
INFO:root:05-08-2021:08:47:59||531662928|https://www.linkedin.com/in/brian-gillingham-fca-ab51231b?miniProfileUrn=urn%3Ali%3Afs_miniProfile%3AACoAAAQceGkBcUiPMuAvOTDYDYT4Ph9StyxNqsk
INFO:root:05-08-2021:08:48:00||531662928|got linkedin response200
INFO:root:05-08-2021:08:48:00||531662928|Brian-Gillingham FCA-Chief Finance and Operations Officer at Citizen Watch UK Limited
INFO:root:05-08-2021:08:48:16||531662931|zooinfo response200
INFO:root:05-08-2021:08:48:17||531662931|https://www.linkedin.com/in/jason-g-grace?miniProfileUrn=urn%3Ali%3Afs_miniProfile%3AACoAAAP_gbUBgSqasQC20PWkAKRE2oPA2qM8JEQ
INFO:root:05-08-2021:08:48:17||531662931|got linkedin response200
INFO:root:05-08-2021:08:48:17||531662931|Jason-Grace-Finance Planning Manager
INFO:root:05-08-2021:08:48:32||531662932|zooinfo response200
INFO:root:05-08-2021:08:48:33||531662932|https://www.linkedin.com/in/sue-melly-864bb735?miniProfileUrn=urn%3Ali%3Afs_miniProfile%3AACoAAAd5gwwBmEB04OFWDgdT7uP2p9UYRKCiEKA
INFO:root:05-08-2021:08:48:34||531662932|got linkedin response200
INFO:root:05-08-2021:08:48:34||531662932|Sue-Melly-CFO
INFO:root:05-08-2021:08:48:49||531662933|zooinfo response200
INFO:root:05-08-2021:08:48:50||531662933|https://www.linkedin.com/in/richard-cashmore-278a03?miniProfileUrn=urn%3Ali%3Afs_miniProfile%3AACoAAAAmDbwB5OTOWUVFn1rpd0fVmNpbDHXF2uM
INFO:root:05-08-2021:08:48:50||531662933|got linkedin response200
INFO:root:05-08-2021:08:48:50||531662933|Richard-Cashmore-Finance Director
INFO:root:05-08-2021:08:49:07||531662934|zooinfo response200
INFO:root:05-08-2021:08:49:08||531662934|https://www.linkedin.com/in/michaelstarke?miniProfileUrn=urn%3Ali%3Afs_miniProfile%3AACoAAAUGBIoBTKARz8_P0voQiaJNEc9NRaVcpZ8
INFO:root:05-08-2021:08:49:08||531662934|got linkedin response200
INFO:root:05-08-2021:08:49:08||531662934|Michael-Starke-Manager Corporate Finance
INFO:root:05-08-2021:08:49:22||531662935|zooinfo response200
INFO:root:05-08-2021:08:49:23||531662935|https://www.linkedin.com/in/hudsonben?miniProfileUrn=urn%3Ali%3Afs_miniProfile%3AACoAAAD-zSwB3PB8CBbXRpl-gtjKLC5iY1FtjLE
INFO:root:05-08-2021:08:49:24||531662935|got linkedin response200
INFO:root:05-08-2021:08:49:24||531662935|Ben-Hudson-Group Chief Financial Officer
INFO:root:05-08-2021:08:49:40||531662936|zooinfo response200
INFO:root:05-08-2021:08:49:46||531662936|got linkedin response200
INFO:root:05-08-2021:08:49:46||531662936|Nick-Pointon-Chief Financial Officer
INFO:root:05-08-2021:08:50:00||531662937|zooinfo response200
INFO:root:05-08-2021:08:50:02||531662937|https://www.linkedin.com/in/george-lang-b381b5a3?miniProfileUrn=urn%3Ali%3Afs_miniProfile%3AACoAABXrnxwBOqGf5gnA9pkpbfTjEsHXE0NvEYk
INFO:root:05-08-2021:08:50:03||531662937|got linkedin response200
INFO:root:05-08-2021:08:50:03||531662937|George-Lang-Finance Manager
INFO:root:05-08-2021:08:50:17||531662938|zooinfo response200
INFO:root:05-08-2021:08:50:17||531662938|https://www.linkedin.com/in/rgracias?miniProfileUrn=urn%3Ali%3Afs_miniProfile%3AACoAABMochQBmDM7zY8LlrAM5Ecu16k7ZM_saJk
INFO:root:05-08-2021:08:50:18||531662938|got linkedin response200
INFO:root:05-08-2021:08:50:18||531662938|Ricardo-Gracias-Finance Manager
INFO:root:05-08-2021:08:50:35||531662939|zooinfo response200
INFO:root:05-08-2021:08:50:43||531662939|got linkedin response200
INFO:root:05-08-2021:08:50:43||531662939|Aylsa-Muir-Chief Financial Officer
INFO:root:05-08-2021:08:51:00||531662940|zooinfo response200
INFO:root:05-08-2021:08:51:01||531662940|https://www.linkedin.com/in/davidbyrneuk?miniProfileUrn=urn%3Ali%3Afs_miniProfile%3AACoAAAVUW-EBfnoboACUfH3X4BgfhHdYOT9PaXk
INFO:root:05-08-2021:08:51:02||531662940|got linkedin response200
INFO:root:05-08-2021:08:51:02||531662940|David-Byrne-Chief Financial Officer
INFO:root:05-08-2021:08:51:18||531662941|zooinfo response200
INFO:root:05-08-2021:08:51:28||531662941|got linkedin response200
INFO:root:05-08-2021:08:51:29||531662941|Melvyn-Chungath, PMP ®-Vice President, Head of Finance and Administration
INFO:root:05-08-2021:08:51:42||531662942|zooinfo response200
INFO:root:05-08-2021:08:51:43||531662942|https://www.linkedin.com/in/elliott-gaspar-88490451?miniProfileUrn=urn%3Ali%3Afs_miniProfile%3AACoAAAr9m-QBYSh_v5EDYbQ9JSr-vi8eWmMpeNU
INFO:root:05-08-2021:08:51:44||531662942|got linkedin response200
INFO:root:05-08-2021:08:51:44||531662942|Elliott-Gaspar-Financial Projects Manager
INFO:root:05-08-2021:08:51:58||531662943|zooinfo response200
INFO:root:05-08-2021:08:52:00||531662943|https://www.linkedin.com/in/jo-chuter-6a615646?miniProfileUrn=urn%3Ali%3Afs_miniProfile%3AACoAAAmh7V4BhAUFo05FkmX2XeiSUabeODPDTXc
INFO:root:05-08-2021:08:52:00||531662943|got linkedin response200
INFO:root:05-08-2021:08:52:00||531662943|Jo-Chuter-Finance and operations manager
INFO:root:05-08-2021:08:52:19||531662944|zooinfo response200
INFO:root:05-08-2021:08:52:20||531662944|https://www.linkedin.com/in/dnlvogel?miniProfileUrn=urn%3Ali%3Afs_miniProfile%3AACoAAACjNYYBiJKMB8hTe9fSWTb3dGdTrDp9tq0
INFO:root:05-08-2021:08:52:20||531662944|got linkedin response200
INFO:root:05-08-2021:08:52:20||531662944|Daniel-Vogel-Chief Financial Officer
INFO:root:05-08-2021:08:52:39||531662945|zooinfo response429
INFO:root:05-08-2021:08:52:39||531662945|https://www.linkedin.com/in/susan-cummings-124774212?miniProfileUrn=urn%3Ali%3Afs_miniProfile%3AACoAADXcxqwBJOIWxnLebnxhDQa5TtCO6klxHp4
INFO:root:05-08-2021:08:52:40||531662945|got linkedin response200
INFO:root:05-08-2021:08:52:40||531662945|Susan-Cummings-Chief Financial Officer
INFO:root:05-08-2021:08:52:58||531662946|zooinfo response200
INFO:root:05-08-2021:08:52:59||531662946|https://www.linkedin.com/in/rebecca-hannon-67719483?miniProfileUrn=urn%3Ali%3Afs_miniProfile%3AACoAABGlc7sBs8wk2dcy3qXNhorEYRL374eLc0U
INFO:root:05-08-2021:08:52:59||531662946|got linkedin response200
INFO:root:05-08-2021:08:52:59||531662946|Rebecca-Hannon-Head Of Finance
INFO:root:05-08-2021:08:53:16||531662947|zooinfo response200
INFO:root:05-08-2021:08:53:17||531662947|https://www.linkedin.com/in/stefwelkers?miniProfileUrn=urn%3Ali%3Afs_miniProfile%3AACoAAABpHQABMYcPO-vclji4R2lOPa9LJU_y0TQ
INFO:root:05-08-2021:08:53:17||531662947|got linkedin response200
INFO:root:05-08-2021:08:53:17||531662947|Stef-Welkers-VP Finance - Corporate FP&A
INFO:root:05-08-2021:08:53:31||531662948|zooinfo response200
INFO:root:05-08-2021:08:53:32||531662948|https://www.linkedin.com/in/gareth-garner-73824811?miniProfileUrn=urn%3Ali%3Afs_miniProfile%3AACoAAAJZZhwBA87yhdQqPvVnlJXRYgQtPFFdy78
INFO:root:05-08-2021:08:53:32||531662948|got linkedin response200
INFO:root:05-08-2021:08:53:32||531662948|Gareth-Garner-VP Finance and Business Operations
INFO:root:05-08-2021:08:53:52||531662949|zooinfo response200
INFO:root:05-08-2021:08:54:02||531662949|got linkedin response200
INFO:root:05-08-2021:08:54:02||531662949|Sally-Robinson-Group Finance Director
INFO:root:05-08-2021:08:54:17||531662950|zooinfo response200
INFO:root:05-08-2021:08:54:26||531662950|got linkedin response200
INFO:root:05-08-2021:08:54:26||531662950|Tracy-Tompkins-Finance Operations Manager
INFO:root:05-08-2021:08:54:36||531662951|zooinfo response999
INFO:root:05-08-2021:08:54:37||531662951|https://www.linkedin.com/in/pramodgarg?miniProfileUrn=urn%3Ali%3Afs_miniProfile%3AACoAAADwr-sBhv7Al1BFO13zTXcIEU9lwNNK_KQ
INFO:root:05-08-2021:08:54:38||531662951|got linkedin response200
INFO:root:05-08-2021:08:54:38||531662951|Pramod-Garg-Finance Director
INFO:root:05-08-2021:08:54:54||531662952|zooinfo response200
INFO:root:05-08-2021:08:54:55||531662952|https://www.linkedin.com/in/gavin-kirkham-bb49a934?miniProfileUrn=urn%3Ali%3Afs_miniProfile%3AACoAAAdEGXgBlgmRd5zk3kDvduuRG-MK1UL5gOo
INFO:root:05-08-2021:08:54:56||531662952|got linkedin response200
INFO:root:05-08-2021:08:54:56||531662952|Gavin-Kirkham-CFO
INFO:root:05-08-2021:08:55:10||531662953|zooinfo response200
INFO:root:05-08-2021:08:55:19||531662953|got linkedin response200
INFO:root:05-08-2021:08:55:19||531662953|Colin-Duncan-Finance Director
INFO:root:05-08-2021:08:55:34||531662954|zooinfo response200
INFO:root:05-08-2021:08:55:42||531662954|got linkedin response200
INFO:root:05-08-2021:08:55:42||531662954|Terence-Lim-Chief Financial Officer
INFO:root:05-08-2021:08:55:56||531662955|zooinfo response410
INFO:root:05-08-2021:08:55:57||531662955|https://www.linkedin.com/in/ellie-poltorak-5b647142?miniProfileUrn=urn%3Ali%3Afs_miniProfile%3AACoAAAj3kRoB5UNJre_ASILJkZCOfkoNrG4YlDc
INFO:root:05-08-2021:08:55:58||531662955|got linkedin response200
INFO:root:05-08-2021:08:55:58||531662955|Ellie-Poltorak-Head of Finance
INFO:root:05-08-2021:08:56:14||531662956|zooinfo response200
INFO:root:05-08-2021:08:56:15||531662956|https://www.linkedin.com/in/karin-gibson-9061494a?miniProfileUrn=urn%3Ali%3Afs_miniProfile%3AACoAAApX8dYBjwBDtJzOkNiVn95-ZGH1mbOaTpA
INFO:root:05-08-2021:08:56:15||531662956|got linkedin response200
INFO:root:05-08-2021:08:56:15||531662956|Karin-Gibson-Group Finance manager
INFO:root:05-08-2021:08:56:29||531662957|zooinfo response200
INFO:root:05-08-2021:08:56:30||531662957|https://www.linkedin.com/in/nikita-lynn-742ab542?miniProfileUrn=urn%3Ali%3Afs_miniProfile%3AACoAAAkPuOIBh_jR0O__lBSm-V_TjzKSo2q4VMA
INFO:root:05-08-2021:08:56:30||531662957|got linkedin response200
INFO:root:05-08-2021:08:56:30||531662957|Nikita-Lynn-VP of Finance
INFO:root:05-08-2021:08:56:45||531662958|zooinfo response200
INFO:root:05-08-2021:08:56:45||531662958|https://www.linkedin.com/in/andrewbailes?miniProfileUrn=urn%3Ali%3Afs_miniProfile%3AACoAAAUOgncB0pGdNTxJvwVCwQBaOC8hc7Cdz4s
INFO:root:05-08-2021:08:56:46||531662958|got linkedin response200
INFO:root:05-08-2021:08:56:46||531662958|Andrew-Bailes-Chief Operating Officer
INFO:root:05-08-2021:08:57:02||531662959|zooinfo response200
INFO:root:05-08-2021:08:57:09||531662959|got linkedin response200
INFO:root:05-08-2021:08:57:09||531662959|Michael-Kent-Operations Director
INFO:root:05-08-2021:08:57:25||531662960|zooinfo response200
INFO:root:05-08-2021:08:57:26||531662960|https://www.linkedin.com/in/jim-griffin-10283a6a?miniProfileUrn=urn%3Ali%3Afs_miniProfile%3AACoAAA63txIBD0e1OtZJvwrsnTc6lZyAHFwdP1E
INFO:root:05-08-2021:08:57:26||531662960|got linkedin response200
INFO:root:05-08-2021:08:57:26||531662960|Jim-Griffin-Operations Manager
INFO:root:05-08-2021:08:57:41||531662961|zooinfo response200
INFO:root:05-08-2021:08:57:42||531662961|https://www.linkedin.com/in/scott-paton-18a1a1134?miniProfileUrn=urn%3Ali%3Afs_miniProfile%3AACoAACDGfboBEXme5M1UKJkHHYO2tvECac-7TAw
INFO:root:05-08-2021:08:57:42||531662961|got linkedin response200
INFO:root:05-08-2021:08:57:42||531662961|Scott-Paton-Operations Director
INFO:root:05-08-2021:08:57:56||531662962|zooinfo response200
INFO:root:05-08-2021:08:57:57||531662962|https://www.linkedin.com/in/petesimmonds?miniProfileUrn=urn%3Ali%3Afs_miniProfile%3AACoAAABeWqUBK5QkXvDCHk9qC_5-Y5wkI5--C8A
INFO:root:05-08-2021:08:57:57||531662962|got linkedin response200
INFO:root:05-08-2021:08:57:57||531662962|Peter-Simmonds-Chief Operating Officer
INFO:root:05-08-2021:08:58:13||531662963|zooinfo response200
INFO:root:05-08-2021:08:58:14||531662963|https://www.linkedin.com/in/jordan-copestake-973660120?miniProfileUrn=urn%3Ali%3Afs_miniProfile%3AACoAAB3_M2cBGJuJ4kYNCffXGwTHTPsU0RB6UYw
INFO:root:05-08-2021:08:58:14||531662963|got linkedin response200
INFO:root:05-08-2021:08:58:14||531662963|Jordan-Copestake-Operations Manager
INFO:root:05-08-2021:08:58:33||531662964|zooinfo response200
INFO:root:05-08-2021:08:58:33||531662964|https://www.linkedin.com/in/hayley-powell-23a37a32?miniProfileUrn=urn%3Ali%3Afs_miniProfile%3AACoAAAbRP84Bew2ysbIPFGOhLZU5VUK7wJv6hWI
INFO:root:05-08-2021:08:58:34||531662964|got linkedin response200
INFO:root:05-08-2021:08:58:34||531662964|Hayley-Powell-Operations Director
INFO:root:05-08-2021:08:58:47||531662965|zooinfo response200
INFO:root:05-08-2021:08:58:59||531662965|got linkedin response200
INFO:root:05-08-2021:08:58:59||531662965|Adelle-Engelbrecht-Senior Retail Operations Manager 
INFO:root:05-08-2021:08:59:17||531662967|zooinfo response200
INFO:root:05-08-2021:08:59:17||531662967|https://www.linkedin.com/in/darren-bagley-521a2988?miniProfileUrn=urn%3Ali%3Afs_miniProfile%3AACoAABKpWakB_dcBovKmhOQvrMxaeqadevF5HAI
INFO:root:05-08-2021:08:59:18||531662967|got linkedin response200
INFO:root:05-08-2021:08:59:18||531662967|Darren-Bagley-Operations Manager
INFO:root:05-08-2021:08:59:32||531662968|zooinfo response200
INFO:root:05-08-2021:08:59:43||531662968|got linkedin response200
INFO:root:05-08-2021:08:59:43||531662968|Steven-O'Connor-Director of IT
INFO:root:05-08-2021:08:59:55||531662969|https://www.linkedin.com/in/rob-ramsell-0ab55296?miniProfileUrn=urn%3Ali%3Afs_miniProfile%3AACoAABRevwMBptZ0FwENgCEKmrf57O8JtaClRBI
INFO:root:05-08-2021:08:59:55||531662969|got linkedin response200
INFO:root:05-08-2021:08:59:55||531662969|Rob-Ramsell-Operations Manager
INFO:root:05-08-2021:09:00:09||531662970|zooinfo response200
INFO:root:05-08-2021:09:00:10||531662970|https://www.linkedin.com/in/apcunningham?miniProfileUrn=urn%3Ali%3Afs_miniProfile%3AACoAAAASHLcBnabqH9bf6oV9b8YqZdrrmmNEp-8
INFO:root:05-08-2021:09:00:10||531662970|got linkedin response200
INFO:root:05-08-2021:09:00:10||531662970|Andrew-Cunningham-Chief Operating Officer (COO)
INFO:root:05-08-2021:09:00:25||531662971|zooinfo response200
INFO:root:05-08-2021:09:00:25||531662971|https://www.linkedin.com/in/iain-c-brown?miniProfileUrn=urn%3Ali%3Afs_miniProfile%3AACoAAABiigcB0oAA3bqggSFUWEGEXdoflAQW8gE
INFO:root:05-08-2021:09:00:26||531662971|got linkedin response200
INFO:root:05-08-2021:09:00:26||531662971|Iain-Brown-Director of Operations, DevOps
INFO:root:05-08-2021:09:00:45||531662972|zooinfo response200
INFO:root:05-08-2021:09:00:57||531662972|got linkedin response200
INFO:root:05-08-2021:09:00:57||531662972|David-Earland-Operations Director
INFO:root:05-08-2021:09:01:14||531662973|zooinfo response200
INFO:root:05-08-2021:09:01:15||531662973|https://www.linkedin.com/in/michael-mcmillan-068ab752?miniProfileUrn=urn%3Ali%3Afs_miniProfile%3AACoAAAsygpABAyPmUEkUJZyuTXaA29_iIk4YZ80
INFO:root:05-08-2021:09:01:15||531662973|got linkedin response200
INFO:root:05-08-2021:09:01:15||531662973|Michael-McMillan-Operations Director
INFO:root:05-08-2021:09:01:30||531662974|zooinfo response200
INFO:root:05-08-2021:09:01:31||531662974|https://www.linkedin.com/in/martin-allum-7992a941?miniProfileUrn=urn%3Ali%3Afs_miniProfile%3AACoAAAjDkyUBOtes-4qh93fwArrIKNjaR2I2KU8
INFO:root:05-08-2021:09:01:32||531662974|got linkedin response200
INFO:root:05-08-2021:09:01:32||531662974|Martin-Allum-Operations Manager 
INFO:root:05-08-2021:09:01:45||531662975|zooinfo response200
INFO:root:05-08-2021:09:01:46||531662975|https://www.linkedin.com/in/panteleimon-pantelis-7464392?miniProfileUrn=urn%3Ali%3Afs_miniProfile%3AACoAAABrg-YBgt3buzo9TEZzUHN2wnYTm4VSWHg
INFO:root:05-08-2021:09:01:47||531662975|got linkedin response200
INFO:root:05-08-2021:09:01:47||531662975|Panteleimon-Pantelis-Chief Operating Officer
INFO:root:05-08-2021:09:02:00||531662976|zooinfo response200
INFO:root:05-08-2021:09:02:01||531662976|https://www.linkedin.com/in/tom-hatfield-62910a?miniProfileUrn=urn%3Ali%3Afs_miniProfile%3AACoAAAAEEwEBlmibO-_6Q7bjW5k1V8YGrtsPVmA
INFO:root:05-08-2021:09:02:02||531662976|got linkedin response200
INFO:root:05-08-2021:09:02:02||531662976|Tom-Hatfield-Chief Operating Officer
INFO:root:05-08-2021:09:02:19||531662977|zooinfo response200
INFO:root:05-08-2021:09:02:20||531662977|https://www.linkedin.com/in/nick-bertram-75855410?miniProfileUrn=urn%3Ali%3Afs_miniProfile%3AACoAAAI3cDQBEr3QXp-XXKRWhnTtgnkvO_ZWTfM
INFO:root:05-08-2021:09:02:21||531662977|got linkedin response200
INFO:root:05-08-2021:09:02:21||531662977|Nick-Bertram-Head of Operations & Strategy
INFO:root:05-08-2021:09:02:38||531662978|zooinfo response200
INFO:root:05-08-2021:09:02:39||531662978|https://www.linkedin.com/in/matt-hampton-448112153?miniProfileUrn=urn%3Ali%3Afs_miniProfile%3AACoAACTbnPgBYPLCJ03cvrvGS_Z2-q7xqzbsn-M
INFO:root:05-08-2021:09:02:40||531662978|got linkedin response200
INFO:root:05-08-2021:09:02:40||531662978|Matt-Hampton-Head Of Operations
INFO:root:05-08-2021:09:02:58||531662981|zooinfo response200
INFO:root:05-08-2021:09:03:10||531662981|got linkedin response200
INFO:root:05-08-2021:09:03:11||531662981|Tony-Barnes-Director of European Operations
INFO:root:05-08-2021:09:03:29||531662984|zooinfo response200
INFO:root:05-08-2021:09:03:30||531662984|https://www.linkedin.com/in/ryangeldard?miniProfileUrn=urn%3Ali%3Afs_miniProfile%3AACoAAA33UhABc_Bwc_Psh6RdcumcYuNh8_d4e8s
INFO:root:05-08-2021:09:03:30||531662984|got linkedin response200
INFO:root:05-08-2021:09:03:30||531662984|Ryan-Geldard-Operations Director
INFO:root:05-08-2021:09:03:44||531662986|zooinfo response200
INFO:root:05-08-2021:09:03:45||531662986|https://www.linkedin.com/in/michael-hill-47a61179?miniProfileUrn=urn%3Ali%3Afs_miniProfile%3AACoAABCkcl4BhVR2iCWZ7cM3qWAz38wZ3RhkFvI
INFO:root:05-08-2021:09:03:45||531662986|got linkedin response200
INFO:root:05-08-2021:09:03:45||531662986|Michael-Hill-Operations Manager
INFO:root:05-08-2021:09:03:59||531662989|zooinfo response200
INFO:root:05-08-2021:09:04:00||531662989|https://www.linkedin.com/in/jimtomaney?miniProfileUrn=urn%3Ali%3Afs_miniProfile%3AACoAAABCCAIBAVs7daXSqc6m4mSBCw5kUb71j38
INFO:root:05-08-2021:09:04:00||531662989|got linkedin response200
INFO:root:05-08-2021:09:04:00||531662989|Jim-Tomaney-Chief Operating Officer
INFO:root:05-08-2021:09:04:18||531662991|zooinfo response200
INFO:root:05-08-2021:09:04:27||531662991|got linkedin response200
INFO:root:05-08-2021:09:04:27||531662991|Michael-Vroobel-Head Of Operations
INFO:root:05-08-2021:09:04:41||531662994|zooinfo response200
INFO:root:05-08-2021:09:04:42||531662994|https://www.linkedin.com/in/elliot-finlayson?miniProfileUrn=urn%3Ali%3Afs_miniProfile%3AACoAABRWKJoBC_fGp2Wq-JBZALIlcXkDss05dVA
INFO:root:05-08-2021:09:04:42||531662994|got linkedin response200
INFO:root:05-08-2021:09:04:42||531662994|Elliot-Finlayson-Customer Operations Manager, EMEA
INFO:root:05-08-2021:09:04:56||531662997|zooinfo response200
INFO:root:05-08-2021:09:04:57||531662997|https://www.linkedin.com/in/chilvinho?miniProfileUrn=urn%3Ali%3Afs_miniProfile%3AACoAAAdYQ3wBRHSxHnOJfcDJ4QFUPtIdL4OsYoQ
INFO:root:05-08-2021:09:04:58||531662997|got linkedin response200
INFO:root:05-08-2021:09:04:58||531662997|Mark-Chilvers-Executive Operations Director
INFO:root:05-08-2021:09:05:17||531663000|zooinfo response200
INFO:root:05-08-2021:09:05:18||531663000|https://www.linkedin.com/in/caseycrellin?miniProfileUrn=urn%3Ali%3Afs_miniProfile%3AACoAAAAH5BABz45999xKYrvyIrh4fJG9ud2clYs
INFO:root:05-08-2021:09:05:18||531663000|got linkedin response200
INFO:root:05-08-2021:09:05:18||531663000|Casey-Crellin-Chief Operating Officer
INFO:root:05-08-2021:09:05:38||531663003|zooinfo response200
INFO:root:05-08-2021:09:05:38||531663003|https://www.linkedin.com/in/paul-baldwin-541b258?miniProfileUrn=urn%3Ali%3Afs_miniProfile%3AACoAAAGXCsEBF-b92GDB4GsjhIGpeh07QIpYZEU
INFO:root:05-08-2021:09:05:39||531663003|got linkedin response200
INFO:root:05-08-2021:09:05:39||531663003|Paul-Baldwin-Chief Operating Officer
INFO:root:05-08-2021:09:05:56||531663006|zooinfo response200
INFO:root:05-08-2021:09:05:57||531663006|https://www.linkedin.com/in/gillianlivingstone?miniProfileUrn=urn%3Ali%3Afs_miniProfile%3AACoAAAhqrLoB7578PDYLhfa4TqAUN7wdjkcVMqI
INFO:root:05-08-2021:09:05:57||531663006|got linkedin response200
INFO:root:05-08-2021:09:05:57||531663006|Gillian-Livingstone-Chief Operating Officer
INFO:root:05-08-2021:09:06:14||531663008|zooinfo response200
INFO:root:05-08-2021:09:06:22||531663008|got linkedin response200
INFO:root:05-08-2021:09:06:22||531663008|Daniel-Moran-Vice President - Operations
INFO:root:05-08-2021:09:06:41||531663011|zooinfo response200
INFO:root:05-08-2021:09:06:42||531663011|https://www.linkedin.com/in/dean-gardner?miniProfileUrn=urn%3Ali%3Afs_miniProfile%3AACoAAAF9A_YB69lH_GX387_K-lfTYyYEiEzmILU
INFO:root:05-08-2021:09:06:43||531663011|got linkedin response200
INFO:root:05-08-2021:09:06:43||531663011|Dean-Gardner-Operations Director
INFO:root:05-08-2021:09:07:01||531663014|zooinfo response200
INFO:root:05-08-2021:09:07:02||531663014|https://www.linkedin.com/in/sakib-mirza-9757603?miniProfileUrn=urn%3Ali%3Afs_miniProfile%3AACoAAAClL2kBF8qspbuPAfpSzBs7zCdO22JeK6k
INFO:root:05-08-2021:09:07:02||531663014|got linkedin response200
INFO:root:05-08-2021:09:07:02||531663014|Sakib-Mirza-Advisor & Startup Client Advisor
INFO:root:05-08-2021:09:07:18||531663016|zooinfo response200
INFO:root:05-08-2021:09:07:19||531663016|https://www.linkedin.com/in/chris-looney-04673816?miniProfileUrn=urn%3Ali%3Afs_miniProfile%3AACoAAANP3TYB-UU3mDX2xBamgoe6uPxekOE9vK4
INFO:root:05-08-2021:09:07:19||531663016|got linkedin response200
INFO:root:05-08-2021:09:07:19||531663016|Chris-Looney-Operations Director
INFO:root:05-08-2021:09:07:39||531663019|zooinfo response200
INFO:root:05-08-2021:09:07:52||531663019|got linkedin response200
INFO:root:05-08-2021:09:07:52||531663019|Stuart-Thompson MCMI-Operations Manager
INFO:root:05-08-2021:09:08:09||531663020|zooinfo response200
INFO:root:05-08-2021:09:08:09||531663020|https://www.linkedin.com/in/nicolapender?miniProfileUrn=urn%3Ali%3Afs_miniProfile%3AACoAABPw9TAB57Vt6ubBG8xW2p8m0XeZfUBpoW4
INFO:root:05-08-2021:09:08:10||531663020|got linkedin response200
INFO:root:05-08-2021:09:08:10||531663020|Nicola-Pender-Group COO
INFO:root:05-08-2021:09:08:24||531663021|zooinfo response200
INFO:root:05-08-2021:09:08:25||531663021|https://www.linkedin.com/in/mike-wiggins-in?miniProfileUrn=urn%3Ali%3Afs_miniProfile%3AACoAABBrHoIBbpDIt-xBhqffjETV8WNKQ6wiuXc
INFO:root:05-08-2021:09:08:26||531663021|got linkedin response200
INFO:root:05-08-2021:09:08:26||531663021|Mike-Wiggins-Head Of Operations Delivery
INFO:root:05-08-2021:09:08:43||531663022|zooinfo response200
INFO:root:05-08-2021:09:08:49||531663022|got linkedin response200
INFO:root:05-08-2021:09:08:50||531663022|Ganesh Natarajan-Ph.D.-Chief Operating Officer
INFO:root:05-08-2021:09:09:05||531663023|zooinfo response200
INFO:root:05-08-2021:09:09:06||531663023|https://www.linkedin.com/in/leon-wynne-179b032?miniProfileUrn=urn%3Ali%3Afs_miniProfile%3AACoAAACE-S0B9NUudEVzvlYMmaJQjc2LeU4NvAM
INFO:root:05-08-2021:09:09:07||531663023|got linkedin response200
INFO:root:05-08-2021:09:09:07||531663023|Leon-Wynne-COO
INFO:root:05-08-2021:09:09:23||531663024|zooinfo response200
INFO:root:05-08-2021:09:09:24||531663024|https://www.linkedin.com/in/stevenjcarson?miniProfileUrn=urn%3Ali%3Afs_miniProfile%3AACoAAA_ilM0Bw1oPAJzd60FZMXbNmizZubaITHE
INFO:root:05-08-2021:09:09:25||531663024|got linkedin response200
INFO:root:05-08-2021:09:09:25||531663024|Steve-Carson-Senior Manager, International Operations
INFO:root:05-08-2021:09:09:40||531663025|zooinfo response200
INFO:root:05-08-2021:09:09:51||531663025|got linkedin response200
INFO:root:05-08-2021:09:09:51||531663025|Lee-Cockin-Operations Director
INFO:root:05-08-2021:09:10:10||531663331|zooinfo response200
INFO:root:05-08-2021:09:10:10||531663331|https://www.linkedin.com/in/matthew-freeman-9b3a30117?miniProfileUrn=urn%3Ali%3Afs_miniProfile%3AACoAAB0poJcBwwJs_N98Ztsm85Aa1vR2ogdbH9Q
INFO:root:05-08-2021:09:10:11||531663331|got linkedin response200
INFO:root:05-08-2021:09:10:11||531663331|Matthew-Freeman-Regional Sales Director, EMEA
INFO:root:05-08-2021:09:10:30||531663333|zooinfo response200
INFO:root:05-08-2021:09:10:31||531663333|https://www.linkedin.com/in/alex-mccall-2336515?miniProfileUrn=urn%3Ali%3Afs_miniProfile%3AACoAAAD8NQcBQcIJgD0Y1y46njEGMAoLOUvM-Xk
INFO:root:05-08-2021:09:10:31||531663333|got linkedin response200
INFO:root:05-08-2021:09:10:31||531663333|Alex-McCall-Sales Director
INFO:root:05-08-2021:09:10:46||531663334|zooinfo response200
INFO:root:05-08-2021:09:10:47||531663334|https://www.linkedin.com/in/paddybell?miniProfileUrn=urn%3Ali%3Afs_miniProfile%3AACoAAABBxnABJ9MJYDQc2lSFWJIQL9eRcrsQHHM
INFO:root:05-08-2021:09:10:47||531663334|got linkedin response200
INFO:root:05-08-2021:09:10:47||531663334|Paddy-Bell-VP Sales, EMEA
INFO:root:05-08-2021:09:11:06||531663335|zooinfo response200
INFO:root:05-08-2021:09:11:07||531663335|https://www.linkedin.com/in/sarahcreurer?miniProfileUrn=urn%3Ali%3Afs_miniProfile%3AACoAAAWEh5UB3HWDEPJNBB-zdtCTnEkkYU3nYBY
INFO:root:05-08-2021:09:11:07||531663335|got linkedin response200
INFO:root:05-08-2021:09:11:07||531663335|Sarah-Creurer-Senior Sales Manager
INFO:root:05-08-2021:09:11:25||531663336|zooinfo response200
INFO:root:05-08-2021:09:11:26||531663336|https://www.linkedin.com/in/mitchell-greenham-7638b660?miniProfileUrn=urn%3Ali%3Afs_miniProfile%3AACoAAAzyh7sBKQYWvS-VFDkZG-H4MMBNJTGh2TQ
INFO:root:05-08-2021:09:11:26||531663336|got linkedin response200
INFO:root:05-08-2021:09:11:26||531663336|Mitchell-Greenham-Head of Sales and Operations 
INFO:root:05-08-2021:09:11:40||531663337|zooinfo response200
INFO:root:05-08-2021:09:11:43||531663337|https://www.linkedin.com/in/andrew-turner-ba8a071?miniProfileUrn=urn%3Ali%3Afs_miniProfile%3AACoAAABTvfABgJ6wbjeOtbUahHRmGhCA83Ax6TQ
INFO:root:05-08-2021:09:11:43||531663337|got linkedin response200
INFO:root:05-08-2021:09:11:43||531663337|Andrew-Turner-Vice President of Global Sales
INFO:root:05-08-2021:09:11:58||531663338|zooinfo response200
INFO:root:05-08-2021:09:12:08||531663338|got linkedin response200
INFO:root:05-08-2021:09:12:09||531663338|Ade-Adegbite-Sales Director
INFO:root:05-08-2021:09:12:26||531663339|zooinfo response200
INFO:root:05-08-2021:09:12:27||531663339|https://www.linkedin.com/in/nicholashenthorn?miniProfileUrn=urn%3Ali%3Afs_miniProfile%3AACoAAAARWiMBtC97M2TFUZ-U4rN76DkcwAvqtq0
INFO:root:05-08-2021:09:12:28||531663339|got linkedin response200
INFO:root:05-08-2021:09:12:28||531663339|Nick-Henthorn-Sales Director
INFO:root:05-08-2021:09:12:44||531663340|zooinfo response200
INFO:root:05-08-2021:09:12:46||531663340|https://www.linkedin.com/in/sunil-modha?miniProfileUrn=urn%3Ali%3Afs_miniProfile%3AACoAAAUZd9cBObhOUdjAY5fHoP73Ozwn7F3E6wA
INFO:root:05-08-2021:09:12:46||531663340|got linkedin response200
INFO:root:05-08-2021:09:12:46||531663340|Sunil-Modha-Sales Director
INFO:root:05-08-2021:09:13:02||531663341|zooinfo response200
INFO:root:05-08-2021:09:13:03||531663341|https://www.linkedin.com/in/jamesiancameron?miniProfileUrn=urn%3Ali%3Afs_miniProfile%3AACoAAACUp30Bsc4po9othsIbOT7tcu-qen2CI0o
INFO:root:05-08-2021:09:13:04||531663341|got linkedin response200
INFO:root:05-08-2021:09:13:04||531663341|James-Cameron-Vice President, Global Strategic Sales
INFO:root:05-08-2021:09:13:17||531663342|zooinfo response200
INFO:root:05-08-2021:09:13:18||531663342|https://www.linkedin.com/in/stephen-hardcastle-53138825?miniProfileUrn=urn%3Ali%3Afs_miniProfile%3AACoAAAU3dPUBXDF3sh5ySqHcuaNARH4H8pOe1k4
INFO:root:05-08-2021:09:13:19||531663342|got linkedin response200
INFO:root:05-08-2021:09:13:19||531663342|Stephen-Hardcastle-Sales and Business Development Manager
INFO:root:05-08-2021:09:13:33||531663343|zooinfo response200
INFO:root:05-08-2021:09:13:34||531663343|https://www.linkedin.com/in/ross-dallas-a4a91577?miniProfileUrn=urn%3Ali%3Afs_miniProfile%3AACoAABBU1JoBF0N71ssCbclgggoR3PDa4uHhf2A
INFO:root:05-08-2021:09:13:34||531663343|got linkedin response200
INFO:root:05-08-2021:09:13:34||531663343|Ross-Dallas-Sales Manager
INFO:root:05-08-2021:09:13:52||531663344|zooinfo response200
INFO:root:05-08-2021:09:13:53||531663344|https://www.linkedin.com/in/jamielee-young-7398a0182?miniProfileUrn=urn%3Ali%3Afs_miniProfile%3AACoAACszrh0BW43b_fbL00FYuyP9pXkRolaxl4g
INFO:root:05-08-2021:09:13:53||531663344|got linkedin response200
INFO:root:05-08-2021:09:13:53||531663344|JamieLee-Young-Sales Manager
INFO:root:05-08-2021:09:14:10||531663345|zooinfo response200
INFO:root:05-08-2021:09:14:10||531663345|https://www.linkedin.com/in/nileshchavda?miniProfileUrn=urn%3Ali%3Afs_miniProfile%3AACoAAAAwC8MB1Lpv1BNdn-JpHlb8Wx2DSzxRGGg
INFO:root:05-08-2021:09:14:11||531663345|got linkedin response200
INFO:root:05-08-2021:09:14:11||531663345|Nilesh-Chavda-Country Lead & Head of Sales UK & DACH
INFO:root:05-08-2021:09:14:29||531663346|zooinfo response200
INFO:root:05-08-2021:09:14:30||531663346|https://www.linkedin.com/in/grant-leslie-99118146?miniProfileUrn=urn%3Ali%3Afs_miniProfile%3AACoAAAmiwD0BNpHx8T5LPAszurJnf9Xe2uhILcs
INFO:root:05-08-2021:09:14:30||531663346|got linkedin response200
INFO:root:05-08-2021:09:14:30||531663346|Grant-Leslie-Sales Channel Manager
INFO:root:05-08-2021:09:14:50||531663347|zooinfo response200
INFO:root:05-08-2021:09:15:01||531663347|got linkedin response200
INFO:root:05-08-2021:09:15:01||531663347|Fouad-Katat-Director Sales & Client Relationships
INFO:root:05-08-2021:09:15:16||531663348|zooinfo response200
INFO:root:05-08-2021:09:15:26||531663348|got linkedin response403
INFO:root:05-08-2021:09:15:26||531663348|error in extracting contact'$type'
INFO:root:05-08-2021:09:15:43||531663349|zooinfo response200
INFO:root:05-08-2021:09:15:44||531663349|https://www.linkedin.com/in/lucindawilliamson?miniProfileUrn=urn%3Ali%3Afs_miniProfile%3AACoAABMCt_QBG13wTvpkH53vmZ4z6AAhJJlXys4
INFO:root:05-08-2021:09:15:44||531663349|got linkedin response200
INFO:root:05-08-2021:09:15:44||531663349|Lucinda-Williamson ACIM-National Sales Manager
INFO:root:05-08-2021:09:15:57||531663350|zooinfo response999
INFO:root:05-08-2021:09:15:58||531663350|https://www.linkedin.com/in/andreasalvagni?miniProfileUrn=urn%3Ali%3Afs_miniProfile%3AACoAAADbSsYBSod7eTbffD5oD9A3UuqPrx-fLaQ
INFO:root:05-08-2021:09:15:59||531663350|got linkedin response200
INFO:root:05-08-2021:09:15:59||531663350|Andrea-Salvagni-Sales Director
INFO:root:05-08-2021:09:16:18||531663351|zooinfo response200
INFO:root:05-08-2021:09:16:19||531663351|https://www.linkedin.com/in/simon-leng-4969594?miniProfileUrn=urn%3Ali%3Afs_miniProfile%3AACoAAADaQHIBYQAeNh4KCozszkOi47V5kHdCSmU
INFO:root:05-08-2021:09:16:20||531663351|got linkedin response200
INFO:root:05-08-2021:09:16:20||531663351|Simon-Leng-VP of Sales
INFO:root:05-08-2021:09:16:35||531663352|zooinfo response200
INFO:root:05-08-2021:09:16:46||531663352|got linkedin response200
INFO:root:05-08-2021:09:16:46||531663352|Joel-Bennett-Head of Sales Development - UK
INFO:root:05-08-2021:09:17:05||531663353|zooinfo response200
INFO:root:05-08-2021:09:17:05||531663353|https://www.linkedin.com/in/debbieroxannebarnes?miniProfileUrn=urn%3Ali%3Afs_miniProfile%3AACoAAAQGsuEB_JlOCxGLShkjGAzsY23ymOLNWwU
INFO:root:05-08-2021:09:17:06||531663353|got linkedin response200
INFO:root:05-08-2021:09:17:06||531663353|Debbie-Barnes-Enterprise Sales Director
INFO:root:05-08-2021:09:17:24||531663354|zooinfo response200
INFO:root:05-08-2021:09:17:25||531663354|https://www.linkedin.com/in/thomaslee2002?miniProfileUrn=urn%3Ali%3Afs_miniProfile%3AACoAAAAU4V8BdtSeRLQLt9zdtjO0duPtKMXPba4
INFO:root:05-08-2021:09:17:26||531663354|got linkedin response200
INFO:root:05-08-2021:09:17:26||531663354|Thomas-Lee-Sales Director Nordics
INFO:root:05-08-2021:09:17:41||531663355|zooinfo response200
INFO:root:05-08-2021:09:17:49||531663355|got linkedin response200
INFO:root:05-08-2021:09:17:49||531663355|Michael-McNeil-Head Of Sales
INFO:root:05-08-2021:09:18:06||531663356|zooinfo response200
INFO:root:05-08-2021:09:18:17||531663356|got linkedin response200
INFO:root:05-08-2021:09:18:17||531663356|Adam-Schneider-Manager 
INFO:root:05-08-2021:09:18:36||531663357|zooinfo response200
INFO:root:05-08-2021:09:18:37||531663357|https://www.linkedin.com/in/dangee1?miniProfileUrn=urn%3Ali%3Afs_miniProfile%3AACoAAAZGoeoBxsPfHFLbn8VSyY6EzhatIfM1JzA
INFO:root:05-08-2021:09:18:38||531663357|got linkedin response200
INFO:root:05-08-2021:09:18:38||531663357|Dan-Gee-Head of EMEA, Sales and Brand Partnerships
INFO:root:05-08-2021:09:18:52||531663358|zooinfo response200
INFO:root:05-08-2021:09:18:53||531663358|https://www.linkedin.com/in/matt-wells-4086b540?miniProfileUrn=urn%3Ali%3Afs_miniProfile%3AACoAAAilZwgBbD8H2sF4eX3H-EejBi70Tz_O1FA
INFO:root:05-08-2021:09:18:53||531663358|got linkedin response200
INFO:root:05-08-2021:09:18:53||531663358|Matt-Wells-Sales Director, Advertising, UK, India & South Africa
INFO:root:05-08-2021:09:19:07||531691628|zooinfo response200
INFO:root:05-08-2021:09:19:15||531691628|got linkedin response200
INFO:root:05-08-2021:09:19:15||531691628|Richard-Woodward-Managing Director UK MEAN - The Gap Partnership
INFO:root:05-08-2021:09:19:30||531691629|zooinfo response200
INFO:root:05-08-2021:09:19:42||531691629|got linkedin response200
INFO:root:05-08-2021:09:19:42||531691629|Gary-Smith-Fulfilment Manager
INFO:root:05-08-2021:09:20:00||531691630|zooinfo response200
INFO:root:05-08-2021:09:20:01||531691630|https://www.linkedin.com/in/alistair-findlater-41b5545?miniProfileUrn=urn%3Ali%3Afs_miniProfile%3AACoAAAD4flcBB4R72jAgCG-PwYggZHVM1yWC0EE
INFO:root:05-08-2021:09:20:01||531691630|got linkedin response200
INFO:root:05-08-2021:09:20:01||531691630|Alistair-Findlater-MD
INFO:root:05-08-2021:09:20:20||531691631|zooinfo response200
INFO:root:05-08-2021:09:20:21||531691631|https://www.linkedin.com/in/steve-cains-79b06145?miniProfileUrn=urn%3Ali%3Afs_miniProfile%3AACoAAAlwwScBcmUQf8aKp7fgZKLSaF58zC15jH8
INFO:root:05-08-2021:09:20:22||531691631|got linkedin response200
INFO:root:05-08-2021:09:20:22||531691631|Steve-Cains-Managing Director
INFO:root:05-08-2021:09:20:41||531691632|zooinfo response200
INFO:root:05-08-2021:09:20:41||531691632|https://www.linkedin.com/in/david-foley-acfs-cfe-0a952016?miniProfileUrn=urn%3Ali%3Afs_miniProfile%3AACoAAANHvoEBbg3V1Sp148Pq0O1uXr6jYRMB4kY
INFO:root:05-08-2021:09:20:42||531691632|got linkedin response200
INFO:root:05-08-2021:09:20:42||531691632|David-Foley - ACFS, CFE-Regional Managing Director
INFO:root:05-08-2021:09:20:58||531691633|zooinfo response200
INFO:root:05-08-2021:09:21:09||531691633|got linkedin response200
INFO:root:05-08-2021:09:21:09||531691633|Frank-Miller-Managing Director
INFO:root:05-08-2021:09:21:25||531691635|zooinfo response200
INFO:root:05-08-2021:09:21:27||531691635|https://www.linkedin.com/in/sandra-smith-047b3247?miniProfileUrn=urn%3Ali%3Afs_miniProfile%3AACoAAAn0tLcBHrz4BTfQkwownGh662CkKfTYzJU
INFO:root:05-08-2021:09:21:27||531691635|got linkedin response200
INFO:root:05-08-2021:09:21:27||531691635|Sandra-Smith-General Manager
INFO:root:05-08-2021:09:21:40||531691636|zooinfo response999
INFO:root:05-08-2021:09:21:41||531691636|https://www.linkedin.com/in/stuart-liddle-9a475539?miniProfileUrn=urn%3Ali%3Afs_miniProfile%3AACoAAAgeoEwBMWAiEF7bL3cskva3EMf9um8Tcnw
INFO:root:05-08-2021:09:21:42||531691636|got linkedin response200
INFO:root:05-08-2021:09:21:42||531691636|Stuart-Liddle-Managing Director
INFO:root:05-08-2021:09:22:01||531691637|zooinfo response200
INFO:root:05-08-2021:09:22:10||531691637|got linkedin response200
INFO:root:05-08-2021:09:22:10||531691637|Tim-Reed-Managing Director
INFO:root:05-08-2021:09:22:29||531691638|zooinfo response200
INFO:root:05-08-2021:09:22:30||531691638|https://www.linkedin.com/in/ross-armstrong-a3a18322?miniProfileUrn=urn%3Ali%3Afs_miniProfile%3AACoAAASnDg4BhuxmF8nZgLHQwjN0Ih_f_XIymcM
INFO:root:05-08-2021:09:22:30||531691638|got linkedin response200
INFO:root:05-08-2021:09:22:30||531691638|Ross-Armstrong-Managing Director
INFO:root:05-08-2021:09:22:45||531691639|zooinfo response200
INFO:root:05-08-2021:09:22:57||531691639|got linkedin response200
INFO:root:05-08-2021:09:22:57||531691639|Carl-Perry-Managing Director
INFO:root:05-08-2021:09:23:11||531691640|zooinfo response200
INFO:root:05-08-2021:09:23:19||531691640|got linkedin response403
INFO:root:05-08-2021:09:23:19||531691640|error in extracting contact'$type'
INFO:root:05-08-2021:09:23:34||531691641|zooinfo response200
INFO:root:05-08-2021:09:23:35||531691641|https://www.linkedin.com/in/matt-fitzpatrick-63110713?miniProfileUrn=urn%3Ali%3Afs_miniProfile%3AACoAAAKvbsUB1ApG3QY-qhpPMS-5sTe8zPcTiqg
INFO:root:05-08-2021:09:23:35||531691641|got linkedin response200
INFO:root:05-08-2021:09:23:35||531691641|Matt-Fitzpatrick-Managing Director
INFO:root:05-08-2021:09:23:53||531691642|zooinfo response200
INFO:root:05-08-2021:09:24:01||531691642|got linkedin response200
INFO:root:05-08-2021:09:24:01||531691642|Adam-Treacher-Managing Director
INFO:root:05-08-2021:09:24:15||531691643|zooinfo response200
INFO:root:05-08-2021:09:24:15||531691643|https://www.linkedin.com/in/laura-butcher-9ba02631?miniProfileUrn=urn%3Ali%3Afs_miniProfile%3AACoAAAaWoB4BVqEz0aoqcdwhCkCOzSYZ4QPCHqU
INFO:root:05-08-2021:09:24:16||531691643|got linkedin response200
INFO:root:05-08-2021:09:24:16||531691643|Laura-Butcher-Executive Finance Director
INFO:root:05-08-2021:09:24:34||531691644|zooinfo response200
INFO:root:05-08-2021:09:24:35||531691644|https://www.linkedin.com/in/sapna-lachhani-56b87a100?miniProfileUrn=urn%3Ali%3Afs_miniProfile%3AACoAABnB3aMBdWJHW_6_0y5eaor8fVVnqFgCq0Y
INFO:root:05-08-2021:09:24:35||531691644|got linkedin response200
INFO:root:05-08-2021:09:24:35||531691644|Sapna-Lachhani-Director/Finance Director
INFO:root:05-08-2021:09:24:52||531691646|zooinfo response200
INFO:root:05-08-2021:09:24:53||531691646|https://www.linkedin.com/in/andrea-pearse-50a2bb16a?miniProfileUrn=urn%3Ali%3Afs_miniProfile%3AACoAAChEgBoB5AeIIzWDxZawHjr73HSF8hvfkLQ
INFO:root:05-08-2021:09:24:53||531691646|got linkedin response200
INFO:root:05-08-2021:09:24:53||531691646|Andrea-Pearse-Finance Manager
INFO:root:05-08-2021:09:25:07||531691647|zooinfo response200
INFO:root:05-08-2021:09:25:15||531691647|got linkedin response200
INFO:root:05-08-2021:09:25:15||531691647|Marie-Burkinshaw-Finance Director
INFO:root:05-08-2021:09:25:35||531691651|zooinfo response200
INFO:root:05-08-2021:09:25:36||531691651|https://www.linkedin.com/in/michael-saunders-81140386?miniProfileUrn=urn%3Ali%3Afs_miniProfile%3AACoAABI2qM0BOF1wMWBUBIWKJrQQCH9NTt_Eu_o
INFO:root:05-08-2021:09:25:37||531691651|got linkedin response200
INFO:root:05-08-2021:09:25:37||531691651|Michael-Saunders-Chief Financial Officer
INFO:root:05-08-2021:09:25:55||531691653|zooinfo response200
INFO:root:05-08-2021:09:25:57||531691653|https://www.linkedin.com/in/janine-andrews-fmaat-33511672?miniProfileUrn=urn%3Ali%3Afs_miniProfile%3AACoAAA9Sp1kBgixCkosQhojPUirVwlEQHFfbpqk
INFO:root:05-08-2021:09:25:57||531691653|got linkedin response200
INFO:root:05-08-2021:09:25:57||531691653|Janine-Andrews (FMAAT)-Finance Director
INFO:root:05-08-2021:09:26:13||531691654|zooinfo response200
INFO:root:05-08-2021:09:26:14||531691654|https://www.linkedin.com/in/judith-wallace-91a70b121?miniProfileUrn=urn%3Ali%3Afs_miniProfile%3AACoAAB4u82YBmskfwPmIrjEW-toq-fKPmf7qKrM
INFO:root:05-08-2021:09:26:14||531691654|got linkedin response200
INFO:root:05-08-2021:09:26:14||531691654|Judith-Wallace-Finance Manager
INFO:root:05-08-2021:09:26:33||531691655|zooinfo response200
INFO:root:05-08-2021:09:26:35||531691655|https://www.linkedin.com/in/doug-reid-571482174?miniProfileUrn=urn%3Ali%3Afs_miniProfile%3AACoAAClcSKUB5IC9T5oOdvWpLefXnNrjcF32V9A
INFO:root:05-08-2021:09:26:36||531691655|got linkedin response200
INFO:root:05-08-2021:09:26:36||531691655|Doug-Reid-Head Of Finance
INFO:root:05-08-2021:09:26:44||531691656|https://www.linkedin.com/in/jamie-beal-37366431?miniProfileUrn=urn%3Ali%3Afs_miniProfile%3AACoAAAaumwcBstIXPt0Kf7FapUpe3l1xqxx0SZc
INFO:root:05-08-2021:09:26:45||531691656|got linkedin response200
INFO:root:05-08-2021:09:26:45||531691656|Jamie-Beal-Finance Director
INFO:root:05-08-2021:09:27:04||531691657|zooinfo response200
INFO:root:05-08-2021:09:27:14||531691657|got linkedin response200
INFO:root:05-08-2021:09:27:14||531691657|Michelle-Wilson-Finance Manager
INFO:root:05-08-2021:09:27:29||531691658|zooinfo response200
INFO:root:05-08-2021:09:27:31||531691658|https://www.linkedin.com/in/anthony-kennedy-393a4515?miniProfileUrn=urn%3Ali%3Afs_miniProfile%3AACoAAAMt798Blrl5gh519duYD-dYhw2rxPF6dq0
INFO:root:05-08-2021:09:27:32||531691658|got linkedin response200
INFO:root:05-08-2021:09:27:32||531691658|Anthony-Kennedy-Financial Reporting Manager
INFO:root:05-08-2021:09:27:53||531691659|zooinfo response200
INFO:root:05-08-2021:09:27:53||531691659|https://www.linkedin.com/in/paulmarsland?miniProfileUrn=urn%3Ali%3Afs_miniProfile%3AACoAAAA9gDcBRtzvKoo8ZaYyg4cgQnkbFREqEAg
INFO:root:05-08-2021:09:27:54||531691659|got linkedin response200
INFO:root:05-08-2021:09:27:54||531691659|Paul-Marsland-Finance Director and Partner
INFO:root:05-08-2021:09:28:13||531691660|zooinfo response200
INFO:root:05-08-2021:09:28:14||531691660|https://www.linkedin.com/in/steve-dixon?miniProfileUrn=urn%3Ali%3Afs_miniProfile%3AACoAAAlrjdQB078tmnbpILwp0HcNkSMSI1xBdf4
INFO:root:05-08-2021:09:28:15||531691660|got linkedin response200
INFO:root:05-08-2021:09:28:15||531691660|Steve-Dixon-CFO
INFO:root:05-08-2021:09:28:33||531691661|zooinfo response200
INFO:root:05-08-2021:09:28:34||531691661|https://www.linkedin.com/in/craig-williams-81717279?miniProfileUrn=urn%3Ali%3Afs_miniProfile%3AACoAABCTZRMBtFhFP2-mmCQ6SVijVsWKgZFxpeE
INFO:root:05-08-2021:09:28:34||531691661|got linkedin response200
INFO:root:05-08-2021:09:28:34||531691661|Craig-Williams-CFO & Head of Accountancy Practice
INFO:root:05-08-2021:09:28:49||531691662|zooinfo response200
INFO:root:05-08-2021:09:28:50||531691662|https://www.linkedin.com/in/paul-phillips-7b1551a8?miniProfileUrn=urn%3Ali%3Afs_miniProfile%3AACoAABbcnDUByFfCyw1j4UerJ0xZu036DKjO93M
INFO:root:05-08-2021:09:28:50||531691662|got linkedin response200
INFO:root:05-08-2021:09:28:51||531691662|Paul-Phillips-Operations Director
INFO:root:05-08-2021:09:29:07||531691663|zooinfo response200
INFO:root:05-08-2021:09:29:16||531691663|got linkedin response200
INFO:root:05-08-2021:09:29:16||531691663|Russell-Barnes-Technical Director
INFO:root:05-08-2021:09:29:36||531691664|zooinfo response999
INFO:root:05-08-2021:09:29:37||531691664|https://www.linkedin.com/in/robert-douglass-uk?miniProfileUrn=urn%3Ali%3Afs_miniProfile%3AACoAAAN3slQBuhHBvXUMz8GpxthZFY2JllKIlb8
INFO:root:05-08-2021:09:29:38||531691664|got linkedin response200
INFO:root:05-08-2021:09:29:38||531691664|Robert-Douglass-IT Operations Director
INFO:root:05-08-2021:09:29:55||531691665|zooinfo response200
INFO:root:05-08-2021:09:29:56||531691665|https://www.linkedin.com/in/jeremy-graham-mciob-46766b15?miniProfileUrn=urn%3Ali%3Afs_miniProfile%3AACoAAAMfis8BZtw839hgyu0MTQETjFaZ_0nzNKw
INFO:root:05-08-2021:09:29:57||531691665|got linkedin response200
INFO:root:05-08-2021:09:29:57||531691665|Jeremy-Graham MCIOB-Operations Director
INFO:root:05-08-2021:09:30:11||531691666|zooinfo response200
INFO:root:05-08-2021:09:30:12||531691666|https://www.linkedin.com/in/roland-bricknell-10451483?miniProfileUrn=urn%3Ali%3Afs_miniProfile%3AACoAABGyGJQBlp89iEpzRKUAA67RBRMIgM03Dhk
INFO:root:05-08-2021:09:30:12||531691666|got linkedin response200
INFO:root:05-08-2021:09:30:12||531691666|Roland-Bricknell-Operations Director
INFO:root:05-08-2021:09:30:32||531691668|zooinfo response200
INFO:root:05-08-2021:09:30:33||531691668|https://www.linkedin.com/in/john-secker-333aba87?miniProfileUrn=urn%3Ali%3Afs_miniProfile%3AACoAABJ-qFcB2qMOiVknzu32XPUM2T9R1QiUlj0
INFO:root:05-08-2021:09:30:33||531691668|got linkedin response200
INFO:root:05-08-2021:09:30:33||531691668|John-Secker-Business Director
INFO:root:05-08-2021:09:30:52||531691669|zooinfo response200
INFO:root:05-08-2021:09:30:52||531691669|https://www.linkedin.com/in/roland-knight-b5a7b51a1?miniProfileUrn=urn%3Ali%3Afs_miniProfile%3AACoAAC9IRzYBZpyJAj5MjgSwLq_17H2_d4qeqp8
INFO:root:05-08-2021:09:30:53||531691669|got linkedin response200
INFO:root:05-08-2021:09:30:53||531691669|Roland-Knight-Operations Manager
INFO:root:05-08-2021:09:31:10||531691670|zooinfo response200
INFO:root:05-08-2021:09:31:11||531691670|https://www.linkedin.com/in/david-goulding-302990108?miniProfileUrn=urn%3Ali%3Afs_miniProfile%3AACoAABsyhrIBeQU09Ok-gSpRTv9QGNemrgRwe7I
INFO:root:05-08-2021:09:31:11||531691670|got linkedin response200
INFO:root:05-08-2021:09:31:11||531691670|David-Goulding-Operations Manager
INFO:root:05-08-2021:09:31:26||531691671|zooinfo response200
INFO:root:05-08-2021:09:31:38||531691671|got linkedin response200
INFO:root:05-08-2021:09:31:38||531691671|Terry-Kintas-Director of Operations
INFO:root:05-08-2021:09:31:54||531691672|zooinfo response200
INFO:root:05-08-2021:09:31:56||531691672|https://www.linkedin.com/in/andrew-parrish-80b510187?miniProfileUrn=urn%3Ali%3Afs_miniProfile%3AACoAACwJQYsBN8Yth7vHmkJz9hIphCxSktrlHhM
INFO:root:05-08-2021:09:31:57||531691672|got linkedin response200
INFO:root:05-08-2021:09:31:57||531691672|Andrew-Parrish-Operations Director 
INFO:root:05-08-2021:09:32:15||531691673|zooinfo response200
INFO:root:05-08-2021:09:32:26||531691673|got linkedin response200
INFO:root:05-08-2021:09:32:26||531691673|Fraser-Jones-Managing Director
INFO:root:05-08-2021:09:32:46||531691674|zooinfo response200
INFO:root:05-08-2021:09:32:47||531691674|https://www.linkedin.com/in/mark-johnston-37313115b?miniProfileUrn=urn%3Ali%3Afs_miniProfile%3AACoAACZIt8cBjt5Yv6Kh1ALNang5iVb_QelgXx0
INFO:root:05-08-2021:09:32:47||531691674|got linkedin response200
INFO:root:05-08-2021:09:32:47||531691674|Mark-Johnston-Operations Manager
INFO:root:05-08-2021:09:33:04||531691675|zooinfo response200
INFO:root:05-08-2021:09:33:05||531691675|https://www.linkedin.com/in/tony-campbell-91a96883?miniProfileUrn=urn%3Ali%3Afs_miniProfile%3AACoAABHC_SYBy2_1mIIwlHhw6D4KE3EhnFr0EDY
INFO:root:05-08-2021:09:33:05||531691675|got linkedin response200
INFO:root:05-08-2021:09:33:05||531691675|Tony-Campbell-Operations Director
INFO:root:05-08-2021:09:33:22||531691676|zooinfo response200
INFO:root:05-08-2021:09:33:23||531691676|https://www.linkedin.com/in/joanne-sinnott-907b799a?miniProfileUrn=urn%3Ali%3Afs_miniProfile%3AACoAABUsnNcBvrzOYfKfsLOiiWhrp3oOU4-IDM0
INFO:root:05-08-2021:09:33:23||531691676|got linkedin response200
INFO:root:05-08-2021:09:33:23||531691676|Joanne-Sinnott-Head Of Operations
INFO:root:05-08-2021:09:33:37||531691679|zooinfo response200
INFO:root:05-08-2021:09:33:46||531691679|got linkedin response200
INFO:root:05-08-2021:09:33:46||531691679|Peter-Wilson-Operations Director
INFO:root:05-08-2021:09:34:04||531691680|zooinfo response200
INFO:root:05-08-2021:09:34:05||531691680|https://www.linkedin.com/in/derek-smith-90826046?miniProfileUrn=urn%3Ali%3Afs_miniProfile%3AACoAAAml4xgB4Z69jd-X7m3sNARvedJaYdWGYzM
INFO:root:05-08-2021:09:34:05||531691680|got linkedin response200
INFO:root:05-08-2021:09:34:05||531691680|Derek-Smith-Director of Global Sales
INFO:root:05-08-2021:09:34:21||531691681|zooinfo response200
INFO:root:05-08-2021:09:34:32||531691681|got linkedin response200
INFO:root:05-08-2021:09:34:32||531691681|James-Butler-Sales Director
INFO:root:05-08-2021:09:34:45||531691682|zooinfo response999
INFO:root:05-08-2021:09:34:46||531691682|https://www.linkedin.com/in/bladeaccess?miniProfileUrn=urn%3Ali%3Afs_miniProfile%3AACoAAB0JFY0BFR2r2msI1RDvszx3vaYGvyq2NZw
INFO:root:05-08-2021:09:34:46||531691682|got linkedin response200
INFO:root:05-08-2021:09:34:46||531691682|Greg-Myers-Sales Manager
INFO:root:05-08-2021:09:35:04||531691683|zooinfo response200
INFO:root:05-08-2021:09:35:17||531691683|got linkedin response200
INFO:root:05-08-2021:09:35:17||531691683|error in extracting contact'dateRange'
INFO:root:05-08-2021:09:35:27||531691684|zooinfo response999
INFO:root:05-08-2021:09:35:29||531691684|https://www.linkedin.com/in/terry-lindsey-0a15b148?miniProfileUrn=urn%3Ali%3Afs_miniProfile%3AACoAAAoN_jkBzwVU7D7v07y5KHox9aMuy1Sybg8
INFO:root:05-08-2021:09:35:29||531691684|got linkedin response200
INFO:root:05-08-2021:09:35:29||531691684|Terry-Lindsey-Group Sales Director
INFO:root:05-08-2021:09:35:45||531691687|zooinfo response200
INFO:root:05-08-2021:09:35:46||531691687|https://www.linkedin.com/in/simon-rayner-0b5b5168?miniProfileUrn=urn%3Ali%3Afs_miniProfile%3AACoAAA5oYEkBkINtqFx11aEBGaOXBczZaL8AilE
INFO:root:05-08-2021:09:35:46||531691687|got linkedin response200
INFO:root:05-08-2021:09:35:46||531691687|Simon-Rayner-Sales Manager
INFO:root:05-08-2021:09:36:00||531691688|zooinfo response200
INFO:root:05-08-2021:09:36:01||531691688|https://www.linkedin.com/in/rob-dakin-aba5015?miniProfileUrn=urn%3Ali%3Afs_miniProfile%3AACoAAAD22O4BsegSrzLRpablv4hqyaZH83F_yWs
INFO:root:05-08-2021:09:36:02||531691688|got linkedin response200
INFO:root:05-08-2021:09:36:02||531691688|Rob-Dakin-Sales Manager
INFO:root:05-08-2021:09:36:19||531691689|zooinfo response200
INFO:root:05-08-2021:09:36:19||531691689|https://www.linkedin.com/in/james-beattie-661a27101?miniProfileUrn=urn%3Ali%3Afs_miniProfile%3AACoAABn1XOkBEaefLZyBFFS9eO4eK_5ktOg3_ZQ
INFO:root:05-08-2021:09:36:20||531691689|got linkedin response200
INFO:root:05-08-2021:09:36:20||531691689|James-Beattie-Regional Sales Director
INFO:root:05-08-2021:09:36:38||531691690|zooinfo response200
INFO:root:05-08-2021:09:36:39||531691690|https://www.linkedin.com/in/richard-hutchins-a089a7a7?miniProfileUrn=urn%3Ali%3Afs_miniProfile%3AACoAABa_-ugBMURxNfJnR-WP1XrT7TdzcHFAQuA
INFO:root:05-08-2021:09:36:40||531691690|got linkedin response200
INFO:root:05-08-2021:09:36:40||531691690|Richard-Hutchins-Sales & Design Manager
INFO:root:05-08-2021:09:36:55||531691691|zooinfo response200
INFO:root:05-08-2021:09:36:56||531691691|https://www.linkedin.com/in/harveykeates?miniProfileUrn=urn%3Ali%3Afs_miniProfile%3AACoAABUIS3MBgcWvot7lux1HsvuU-jF3AQ5_S7g
INFO:root:05-08-2021:09:36:56||531691691|got linkedin response200
INFO:root:05-08-2021:09:36:57||531691691|Harvey-Keates-Sales Director
INFO:root:05-08-2021:09:37:13||531691692|zooinfo response200
INFO:root:05-08-2021:09:37:13||531691692|https://www.linkedin.com/in/ulla-andersen-b8993288?miniProfileUrn=urn%3Ali%3Afs_miniProfile%3AACoAABKlsxkB0-8lvNdqGSj4D_fpCEuR9Wh_MrA
INFO:root:05-08-2021:09:37:14||531691692|got linkedin response200
INFO:root:05-08-2021:09:37:14||531691692|error in extracting contact'dateRange'
