INFO:root:05-08-2021:09:44:16||531743665|zooinfo response999
INFO:root:05-08-2021:09:44:17||531743665|https://www.linkedin.com/in/matthias-br%C3%A4ndli?miniProfileUrn=urn%3Ali%3Afs_miniProfile%3AACoAABc_VGMBHIzNthO0jr9gkmcQCtP6x_LglNY
INFO:root:05-08-2021:09:44:17||531743665|got linkedin response403
INFO:root:05-08-2021:09:44:17||531743665|error in extracting contact'$type'
INFO:root:05-08-2021:09:44:35||531743667|zooinfo response200
INFO:root:05-08-2021:09:44:36||531743667|https://www.linkedin.com/in/isabel-berghoff-25790593?miniProfileUrn=urn%3Ali%3Afs_miniProfile%3AACoAABPjvyMB_Ls_UFTNlePHFUQDRdwrqCiJ-qQ
INFO:root:05-08-2021:09:44:36||531743667|got linkedin response200
INFO:root:05-08-2021:09:44:36||531743667|Isabel-Berghoff-Leitung Marketing
INFO:root:05-08-2021:09:44:52||531743668|zooinfo response200
INFO:root:05-08-2021:09:44:53||531743668|https://www.linkedin.com/in/carina-seibert-a475a7100?miniProfileUrn=urn%3Ali%3Afs_miniProfile%3AACoAABm3WxcBxCl0FAnUpB2SArCtjXTLUEixaCA
INFO:root:05-08-2021:09:44:53||531743668|got linkedin response200
INFO:root:05-08-2021:09:44:53||531743668|Carina-Seibert-Senior Marketing Manager 
INFO:root:05-08-2021:09:45:09||531743669|zooinfo response200
INFO:root:05-08-2021:09:45:10||531743669|https://www.linkedin.com/in/zeljko-maric-a31b52173?miniProfileUrn=urn%3Ali%3Afs_miniProfile%3AACoAAClIXEUBJpE6JeQkXAB6xY9BfP7QrzRSx2A
INFO:root:05-08-2021:09:45:10||531743669|got linkedin response200
INFO:root:05-08-2021:09:45:10||531743669|Zeljko-Maric-Marketing Director | Head of Advertising and Branding & Packaging | Prokurist
INFO:root:05-08-2021:09:45:26||531743670|zooinfo response200
INFO:root:05-08-2021:09:45:27||531743670|https://www.linkedin.com/in/beat-lehmann-62488891?miniProfileUrn=urn%3Ali%3Afs_miniProfile%3AACoAABOHcXwBV03ELeDTTjEKtH0pbrZRddRlfWI
INFO:root:05-08-2021:09:45:27||531743670|got linkedin response200
INFO:root:05-08-2021:09:45:27||531743670|Beat-Lehmann-Projektleiter IT
INFO:root:05-08-2021:09:45:43||531743671|zooinfo response200
INFO:root:05-08-2021:09:45:51||531743671|got linkedin response200
INFO:root:05-08-2021:09:45:51||531743671|Christoph-Lindlein-Director Global Marketing Communication
INFO:root:05-08-2021:09:46:07||531743672|zooinfo response200
INFO:root:05-08-2021:09:46:08||531743672|https://www.linkedin.com/in/patrick-kozak-7733b7163?miniProfileUrn=urn%3Ali%3Afs_miniProfile%3AACoAACcJQocBH5Ner2VM9l3iXAzNPTFRbFyxFEs
INFO:root:05-08-2021:09:46:08||531743672|got linkedin response200
INFO:root:05-08-2021:09:46:08||531743672|Patrick-Kozak-IT-Projektmanager
INFO:root:05-08-2021:09:46:26||531743673|zooinfo response200
INFO:root:05-08-2021:09:46:35||531743673|got linkedin response403
INFO:root:05-08-2021:09:46:35||531743673|error in extracting contact'$type'
INFO:root:05-08-2021:09:46:50||531743674|zooinfo response200
INFO:root:05-08-2021:09:47:00||531743674|got linkedin response200
INFO:root:05-08-2021:09:47:00||531743674|Amit-Sinha-Direktor Marketing & E-Commerce
INFO:root:05-08-2021:09:47:10||531743675|zooinfo response403
INFO:root:05-08-2021:09:47:10||531743675|https://www.linkedin.com/in/florian-heuberger?miniProfileUrn=urn%3Ali%3Afs_miniProfile%3AACoAAAY5WVUB-FEl0oNTTrRW0ndn7Wc3t79HfAE
INFO:root:05-08-2021:09:47:11||531743675|got linkedin response200
INFO:root:05-08-2021:09:47:11||531743675|Florian-Heuberger-Head of Media / Digital Marketing
INFO:root:05-08-2021:09:47:28||531743676|zooinfo response200
INFO:root:05-08-2021:09:47:29||531743676|https://www.linkedin.com/in/tabea-janine-bremer-93b17614a?miniProfileUrn=urn%3Ali%3Afs_miniProfile%3AACoAACP50L8BA-nV893QoZxONliYKuMozOL2bn8
INFO:root:05-08-2021:09:47:29||531743676|got linkedin response200
INFO:root:05-08-2021:09:47:29||531743676|error in extracting contact'companyUrn'
INFO:root:05-08-2021:09:47:43||531743677|zooinfo response403
INFO:root:05-08-2021:09:47:44||531743677|https://www.linkedin.com/in/lutz-enders-2aa486a7?miniProfileUrn=urn%3Ali%3Afs_miniProfile%3AACoAABasUiIBWd6ScEf6kSBPpNi7swxLL5aiKqU
INFO:root:05-08-2021:09:47:45||531743677|got linkedin response200
INFO:root:05-08-2021:09:47:45||531743677|Lutz-Enders-IT - Project Manager / Product Manager - Collaboration Product
INFO:root:05-08-2021:09:48:04||531743678|zooinfo response200
INFO:root:05-08-2021:09:48:05||531743678|https://www.linkedin.com/in/aster-oberreit-1524513a?miniProfileUrn=urn%3Ali%3Afs_miniProfile%3AACoAAAhArI4BEFhmdpL02oYH2k2t4LQ_m-8ZPS4
INFO:root:05-08-2021:09:48:05||531743678|got linkedin response200
INFO:root:05-08-2021:09:48:05||531743678|Aster-Oberreit-Senior Retail Marketing Manager
INFO:root:05-08-2021:09:48:17||531743679|zooinfo response403
INFO:root:05-08-2021:09:48:24||531743679|got linkedin response200
INFO:root:05-08-2021:09:48:24||531743679|Alena-Weiß-Projektmanagerin Retail Marketing International
INFO:root:05-08-2021:09:48:39||531743680|zooinfo response403
INFO:root:05-08-2021:09:48:46||531743680|got linkedin response200
INFO:root:05-08-2021:09:48:46||531743680|Sylvie-Kleffer - Le Tourneur-Head of IT Backoffice Solutions
INFO:root:05-08-2021:09:48:55||531743681|zooinfo response403
INFO:root:05-08-2021:09:48:56||531743681|https://www.linkedin.com/in/thomas-ellis-b9917867?miniProfileUrn=urn%3Ali%3Afs_miniProfile%3AACoAAA4Vr6UBfGj6vjIJcJGfHmkW5kJlIH1F9vE
INFO:root:05-08-2021:09:48:57||531743681|got linkedin response200
INFO:root:05-08-2021:09:48:57||531743681|Thomas-Ellis-Senior Global Marketing Manager
INFO:root:05-08-2021:09:49:10||531743682|zooinfo response403
INFO:root:05-08-2021:09:49:11||531743682|https://www.linkedin.com/in/colombe-cournut-bb9a0b1a?miniProfileUrn=urn%3Ali%3Afs_miniProfile%3AACoAAAQQqP0BqbPHXX0H7op3zAXLRCbD0DZYo6Q
INFO:root:05-08-2021:09:49:12||531743682|got linkedin response200
INFO:root:05-08-2021:09:49:12||531743682|Colombe-Cournut-Brand & Content Marketing Manager
INFO:root:05-08-2021:09:49:21||531743683|zooinfo response403
INFO:root:05-08-2021:09:49:21||531743683|https://www.linkedin.com/in/sinabaumgarten?miniProfileUrn=urn%3Ali%3Afs_miniProfile%3AACoAABajAXYBpVmD-FjTUBE1I8KIYKQ75VH9-Co
INFO:root:05-08-2021:09:49:22||531743683|got linkedin response200
INFO:root:05-08-2021:09:49:22||531743683|Sina-Baumgarten-Head Of Online Marketing
INFO:root:05-08-2021:09:49:36||531743684|zooinfo response403
INFO:root:05-08-2021:09:49:47||531743684|got linkedin response200
INFO:root:05-08-2021:09:49:47||531743684|Luca Vittorio-Bartoccini-Digital Markering Manager
INFO:root:05-08-2021:09:49:57||531743685|zooinfo response403
INFO:root:05-08-2021:09:49:58||531743685|https://www.linkedin.com/in/finja-sahm-778308198?miniProfileUrn=urn%3Ali%3Afs_miniProfile%3AACoAAC5R3kwB8jt0ZV3z7nAIK2Y0zl2JK8nP1eg
INFO:root:05-08-2021:09:49:59||531743685|got linkedin response200
INFO:root:05-08-2021:09:49:59||531743685|Finja-Sahm-Operations Manager
INFO:root:05-08-2021:09:50:11||531744929|zooinfo response403
INFO:root:05-08-2021:09:50:12||531744929|https://www.linkedin.com/in/erdinc-g%C3%BCnalp-441a40b7?miniProfileUrn=urn%3Ali%3Afs_miniProfile%3AACoAABjkbnEB6OnYhvojD-1OjhfmK21UA_80BMk
INFO:root:05-08-2021:09:50:12||531744929|got linkedin response200
INFO:root:05-08-2021:09:50:12||531744929|Erdinc-Günalp-Digital Marketing Manager
INFO:root:05-08-2021:09:50:31||531744931|zooinfo response200
INFO:root:05-08-2021:09:50:32||531744931|https://www.linkedin.com/in/ulas-erdogmus-cpa-a0936b32?miniProfileUrn=urn%3Ali%3Afs_miniProfile%3AACoAAAbQ-ekBIiIBZk0iR1v_yTlOR5waeIokdjI
INFO:root:05-08-2021:09:50:32||531744931|got linkedin response200
INFO:root:05-08-2021:09:50:32||531744931|Ulas-Erdogmus, CPA-Operations Manager
INFO:root:05-08-2021:09:50:41||531744932|zooinfo response403
INFO:root:05-08-2021:09:50:42||531744932|https://www.linkedin.com/in/merve-urkun-060a8212?miniProfileUrn=urn%3Ali%3Afs_miniProfile%3AACoAAAKmbcgBbGEN81hcVNFZ4glimVz91DZjxGw
INFO:root:05-08-2021:09:50:43||531744932|got linkedin response200
INFO:root:05-08-2021:09:50:43||531744932|Merve-Urkun-Marketing Communications Manager
INFO:root:05-08-2021:09:50:55||531744934|zooinfo response403
INFO:root:05-08-2021:09:51:06||531744934|got linkedin response200
INFO:root:05-08-2021:09:51:06||531744934|Burak-Çopur-IT & ERP Business Application Manager
INFO:root:05-08-2021:09:51:17||531744935|zooinfo response429
INFO:root:05-08-2021:09:51:18||531744935|https://www.linkedin.com/in/alparslan-dural-93414b4a?miniProfileUrn=urn%3Ali%3Afs_miniProfile%3AACoAAApX_3gB81F8XstiOPq_dYFyAmKyzrqevrA
INFO:root:05-08-2021:09:51:18||531744935|got linkedin response200
INFO:root:05-08-2021:09:51:18||531744935|ALPARSLAN-DURAL-Head of International Operations
INFO:root:05-08-2021:09:51:29||531744936|zooinfo response403
INFO:root:05-08-2021:09:51:30||531744936|https://www.linkedin.com/in/%C3%B6zcan-ayyildiz-1913b975?miniProfileUrn=urn%3Ali%3Afs_miniProfile%3AACoAAA_mLL0BoiWnuAKPp-TiUcflnihQ7c1XzIs
INFO:root:05-08-2021:09:51:30||531744936|got linkedin response200
INFO:root:05-08-2021:09:51:30||531744936|Özcan-AYYILDIZ-IT Director
INFO:root:05-08-2021:09:51:44||531744937|zooinfo response403
INFO:root:05-08-2021:09:51:51||531744937|got linkedin response200
INFO:root:05-08-2021:09:51:51||531744937|Alper-OKTAY-Retail Operations Director/Perakende Operasyon Direktörü
INFO:root:05-08-2021:09:52:02||531744938|zooinfo response403
INFO:root:05-08-2021:09:52:10||531744938|got linkedin response200
INFO:root:05-08-2021:09:52:10||531744938|Burçin-ÇEL\u0130K-Head of Supply Chain ,Marketing, E-Commerce 
INFO:root:05-08-2021:09:52:23||531744939|zooinfo response403
INFO:root:05-08-2021:09:52:23||531744939|https://www.linkedin.com/in/erkutakbas01011991?miniProfileUrn=urn%3Ali%3Afs_miniProfile%3AACoAABs1aNAB8inCzztjvbbLSyLT2s31_I1x3Pc
INFO:root:05-08-2021:09:52:24||531744939|got linkedin response200
INFO:root:05-08-2021:09:52:24||531744939|Erkut-Akba\u015f-IT Support Unit Manager
INFO:root:05-08-2021:09:52:34||531744940|zooinfo response403
INFO:root:05-08-2021:09:52:46||531744940|got linkedin response200
INFO:root:05-08-2021:09:52:46||531744940|Demet-Çiftçi-Marketing Manager
INFO:root:05-08-2021:09:52:57||531744941|zooinfo response429
INFO:root:05-08-2021:09:53:07||531744941|got linkedin response200
INFO:root:05-08-2021:09:53:07||531744941|Ozge-Yasarturk-Private Label & Exclusive Brands /Beauty Category Manager
INFO:root:05-08-2021:09:53:16||531744942|zooinfo response403
INFO:root:05-08-2021:09:53:17||531744942|https://www.linkedin.com/in/ayhan-karayel?miniProfileUrn=urn%3Ali%3Afs_miniProfile%3AACoAAAaABIwBgzV7rDXQuV5EpH9DVK-Z8tdFVfo
INFO:root:05-08-2021:09:53:17||531744942|got linkedin response200
INFO:root:05-08-2021:09:53:17||531744942|Ayhan-Karayel-Technology and Infrastructure Projects Manager / Teknoloji ve Altyap\u0131 Projeler Müdürü
INFO:root:05-08-2021:09:53:31||531744943|zooinfo response429
INFO:root:05-08-2021:09:53:31||531744943|https://www.linkedin.com/in/guldenkeceli?miniProfileUrn=urn%3Ali%3Afs_miniProfile%3AACoAAAWBbsUBqOLpHatUanMvn_xfc1aCxF71t5A
INFO:root:05-08-2021:09:53:32||531744943|got linkedin response200
INFO:root:05-08-2021:09:53:32||531744943|Gülden-Keçeli-Digital Marketing Unit Manager
INFO:root:05-08-2021:09:53:43||531744944|zooinfo response403
INFO:root:05-08-2021:09:53:44||531744944|https://www.linkedin.com/in/mina-aslan-533a09134?miniProfileUrn=urn%3Ali%3Afs_miniProfile%3AACoAACDlt7cBBlkSfcpxXDOzG06A-eeKrVNPnOo
INFO:root:05-08-2021:09:53:44||531744944|got linkedin response200
INFO:root:05-08-2021:09:53:44||531744944|Mina-Aslan-Customer Service Manager
INFO:root:05-08-2021:09:53:56||531744945|zooinfo response429
INFO:root:05-08-2021:09:53:57||531744945|https://www.linkedin.com/in/selim-emre-bora-1b322767?miniProfileUrn=urn%3Ali%3Afs_miniProfile%3AACoAAA4X2lcBFbaMvXR5e48FiLD2JuMtDNR2ZeE
INFO:root:05-08-2021:09:53:58||531744945|got linkedin response200
INFO:root:05-08-2021:09:53:58||531744945|Selim Emre-Bora-IT Application Support Manager
INFO:root:05-08-2021:09:54:06||531744946|zooinfo response429
INFO:root:05-08-2021:09:54:07||531744946|https://www.linkedin.com/in/sedat-merdan-99029147?miniProfileUrn=urn%3Ali%3Afs_miniProfile%3AACoAAAnUbTwBZ9y1HsdNI3YvbLKvitG0p1t4Llw
INFO:root:05-08-2021:09:54:07||531744946|got linkedin response200
INFO:root:05-08-2021:09:54:07||531744946|Sedat-Merdan-Head of Operations FC
INFO:root:05-08-2021:09:54:18||531744947|zooinfo response429
INFO:root:05-08-2021:09:54:19||531744947|https://www.linkedin.com/in/s-fatih-giray-378924119?miniProfileUrn=urn%3Ali%3Afs_miniProfile%3AACoAAB2AuwwBu0hIy09zfeZhk8s-jcopispxeEA
INFO:root:05-08-2021:09:54:19||531744947|got linkedin response200
INFO:root:05-08-2021:09:54:19||531744947|S. Fatih-Giray-Key Account & Operations Manager
INFO:root:05-08-2021:09:54:31||531744948|zooinfo response429
INFO:root:05-08-2021:09:54:32||531744948|https://www.linkedin.com/in/nurerciyas?miniProfileUrn=urn%3Ali%3Afs_miniProfile%3AACoAABEtlDkBbAd3wUDBJ1JSUAiqTi5aCkcnfsw
INFO:root:05-08-2021:09:54:32||531744948|got linkedin response200
INFO:root:05-08-2021:09:54:33||531744948|Nur-Erciyas-Marketing Manager
INFO:root:05-08-2021:09:54:43||531744949|zooinfo response429
INFO:root:05-08-2021:09:54:44||531744949|https://www.linkedin.com/in/fisun-kaya?miniProfileUrn=urn%3Ali%3Afs_miniProfile%3AACoAACvr2qkBLcVbzaMyB270pRvEKs5uxUlp7Cc
INFO:root:05-08-2021:09:54:44||531744949|got linkedin response200
INFO:root:05-08-2021:09:54:44||531744949|Fisun-Kaya-Manager of Operations
INFO:root:05-08-2021:09:54:56||531744950|zooinfo response429
INFO:root:05-08-2021:09:54:57||531744950|https://www.linkedin.com/in/mert-sun-23b049aa?miniProfileUrn=urn%3Ali%3Afs_miniProfile%3AACoAABckog8BV3EBnwtCcRv7Bvw4WZa2XeSV5yY
INFO:root:05-08-2021:09:54:58||531744950|got linkedin response200
INFO:root:05-08-2021:09:54:58||531744950|Mert-SUN-CIO, Head of Information Technology
INFO:root:05-08-2021:09:55:09||531744951|zooinfo response403
INFO:root:05-08-2021:09:55:09||531744951|https://www.linkedin.com/in/mansur-uyar-89a0b934?miniProfileUrn=urn%3Ali%3Afs_miniProfile%3AACoAAAciPLYBN26miIlOvTJ8-M9MV4A0xnW0U-4
INFO:root:05-08-2021:09:55:10||531744951|got linkedin response200
INFO:root:05-08-2021:09:55:10||531744951|Mansur-Uyar-Customer Experience & Research Manager
INFO:root:05-08-2021:09:55:23||531744952|zooinfo response403
INFO:root:05-08-2021:09:55:24||531744952|https://www.linkedin.com/in/ahmetdedeoglu?miniProfileUrn=urn%3Ali%3Afs_miniProfile%3AACoAAAS18U4BA4Vpgv10S9dzQDfDnvQ5Xy6a4UE
INFO:root:05-08-2021:09:55:24||531744952|got linkedin response200
INFO:root:05-08-2021:09:55:24||531744952|Ahmet-Dedeo\u011flu-Director Of Operations
INFO:root:05-08-2021:09:55:38||531744953|zooinfo response429
INFO:root:05-08-2021:09:55:38||531744953|https://www.linkedin.com/in/salih-feda-90b52a33?miniProfileUrn=urn%3Ali%3Afs_miniProfile%3AACoAAAcE1psBvw7Kn5PheAJnR-w7nL4CFvfdxTs
INFO:root:05-08-2021:09:55:39||531744953|got linkedin response200
INFO:root:05-08-2021:09:55:39||531744953|Salih-Feda-Customer Services Manager
INFO:root:05-08-2021:09:55:52||531744954|zooinfo response403
INFO:root:05-08-2021:09:55:53||531744954|https://www.linkedin.com/in/alpersezer?miniProfileUrn=urn%3Ali%3Afs_miniProfile%3AACoAAAfYkmABMIeFBEByoq2YE-1nWF8tLuz0h6Q
INFO:root:05-08-2021:09:55:54||531744954|got linkedin response200
INFO:root:05-08-2021:09:55:54||531744954|Alper-Sezer-Digital Marketing Manager
INFO:root:05-08-2021:09:56:03||531744955|zooinfo response429
INFO:root:05-08-2021:09:56:04||531744955|https://www.linkedin.com/in/cem-sakarya-268386?miniProfileUrn=urn%3Ali%3Afs_miniProfile%3AACoAAAAOFfABr0gO2t4PDthwNWMd4NtPZrSmYmI
INFO:root:05-08-2021:09:56:04||531744955|got linkedin response200
INFO:root:05-08-2021:09:56:04||531744955|Cem-Sakarya-Customer Services Director
INFO:root:05-08-2021:09:56:13||531744956|zooinfo response429
INFO:root:05-08-2021:09:56:23||531744956|got linkedin response200
INFO:root:05-08-2021:09:56:23||531744956|Berna-Ünal-Customer Service Manager
INFO:root:05-08-2021:09:56:35||531744957|zooinfo response403
INFO:root:05-08-2021:09:56:35||531744957|https://www.linkedin.com/in/fatih-osman-yaz-182b4070?miniProfileUrn=urn%3Ali%3Afs_miniProfile%3AACoAAA8eSPIB5IVUXvAXLiB1aI1lmMeHk2pFEJU
INFO:root:05-08-2021:09:56:36||531744957|got linkedin response200
INFO:root:05-08-2021:09:56:36||531744957|Fatih Osman-Yaz-Operations Manager
INFO:root:05-08-2021:09:56:50||531744958|zooinfo response403
INFO:root:05-08-2021:09:56:50||531744958|https://www.linkedin.com/in/bestekaya?miniProfileUrn=urn%3Ali%3Afs_miniProfile%3AACoAAAqb0U0BMeL5rTd8-FrfGhKMIfA4gnTGiDM
INFO:root:05-08-2021:09:56:51||531744958|got linkedin response200
INFO:root:05-08-2021:09:56:51||531744958|Beste-KAYA-Head of Marketing
INFO:root:05-08-2021:09:57:00||531744959|zooinfo response429
INFO:root:05-08-2021:09:57:11||531744959|got linkedin response200
INFO:root:05-08-2021:09:57:11||531744959|Cem-O\u011fuz-Deputy General Manager Operations
INFO:root:05-08-2021:09:57:26||531744960|zooinfo response403
INFO:root:05-08-2021:09:57:27||531744960|https://www.linkedin.com/in/%C3%B6mer-kaya-9a5816167?miniProfileUrn=urn%3Ali%3Afs_miniProfile%3AACoAACfPTw0BXIYgwm-BjhVDHen90fz6FoXhKvo
INFO:root:05-08-2021:09:57:27||531744960|got linkedin response200
INFO:root:05-08-2021:09:57:27||531744960|Ömer-Kaya-Branch Operations Manager
INFO:root:05-08-2021:09:57:42||531752394|zooinfo response403
INFO:root:05-08-2021:09:57:42||531752394|https://www.linkedin.com/in/anatoly-gubsky-a543324?miniProfileUrn=urn%3Ali%3Afs_miniProfile%3AACoAAADCqmABNLYLdf5pzOlwo2cYyBVR1xNfJho
INFO:root:05-08-2021:09:57:43||531752394|got linkedin response200
INFO:root:05-08-2021:09:57:43||531752394|Anatoly-Gubsky-Head of IT Service Management & IT Controls
INFO:root:05-08-2021:09:57:55||531752395|zooinfo response429
INFO:root:05-08-2021:09:57:55||531752395|https://www.linkedin.com/in/dmitry-sidorovich-5b764338?miniProfileUrn=urn%3Ali%3Afs_miniProfile%3AACoAAAfs45sBJ0xwOL2nN8v5Gii3QQNc6H5T9nk
INFO:root:05-08-2021:09:57:56||531752395|got linkedin response200
INFO:root:05-08-2021:09:57:56||531752395|Dmitry-Sidorovich-Director of Information Technology
INFO:root:05-08-2021:09:58:04||531752396|zooinfo response429
INFO:root:05-08-2021:09:58:05||531752396|https://www.linkedin.com/in/valeriybrazhnikov?miniProfileUrn=urn%3Ali%3Afs_miniProfile%3AACoAAA19n0wBWZ3cIgjV4h61wBaDRv4sT001Hl8
INFO:root:05-08-2021:09:58:05||531752396|got linkedin response200
INFO:root:05-08-2021:09:58:05||531752396|Valeriy-Brazhnikov-Deputy CIO
INFO:root:05-08-2021:09:58:16||531752399|zooinfo response429
INFO:root:05-08-2021:09:58:17||531752399|https://www.linkedin.com/in/igor-doronin-20581873?miniProfileUrn=urn%3Ali%3Afs_miniProfile%3AACoAAA-a2CUBLHrteIigtoXG0QaejLh3Coolgac
INFO:root:05-08-2021:09:58:17||531752399|got linkedin response200
INFO:root:05-08-2021:09:58:17||531752399|Igor-Doronin-Customer Service Director
INFO:root:05-08-2021:09:58:30||531752400|zooinfo response403
INFO:root:05-08-2021:09:58:42||531752400|got linkedin response200
INFO:root:05-08-2021:09:58:42||531752400|Ekaterina-Kurochkina-Digital Marketing Manager
INFO:root:05-08-2021:09:58:52||531752402|zooinfo response429
INFO:root:05-08-2021:09:58:52||531752402|https://www.linkedin.com/in/anton-ermakov-b2668a68?miniProfileUrn=urn%3Ali%3Afs_miniProfile%3AACoAAA5Wmc4Bo7dSbP73qL14MtAyjR0GlB3lZn0
INFO:root:05-08-2021:09:58:53||531752402|got linkedin response200
INFO:root:05-08-2021:09:58:53||531752402|Anton-Ermakov-IT procurement manager
INFO:root:05-08-2021:09:59:02||531752404|zooinfo response429
INFO:root:05-08-2021:09:59:03||531752404|https://www.linkedin.com/in/asokolovsky?miniProfileUrn=urn%3Ali%3Afs_miniProfile%3AACoAAAQ2lu0Bfv8wEkFTGq0Zb0o_ZRTSYTjTPYE
INFO:root:05-08-2021:09:59:04||531752404|got linkedin response200
INFO:root:05-08-2021:09:59:04||531752404|Aleksandr-Sokolovskii-Chief Information Officer
INFO:root:05-08-2021:09:59:15||531752405|zooinfo response429
INFO:root:05-08-2021:09:59:26||531752405|got linkedin response200
INFO:root:05-08-2021:09:59:26||531752405|error in extracting contact'companyUrn'
INFO:root:05-08-2021:09:59:39||531752407|zooinfo response403
INFO:root:05-08-2021:09:59:40||531752407|https://www.linkedin.com/in/danilgrebenev?miniProfileUrn=urn%3Ali%3Afs_miniProfile%3AACoAAAa7UPwBdepJq1ODsHDiE13bdLooFyOFxgo
INFO:root:05-08-2021:09:59:41||531752407|got linkedin response200
INFO:root:05-08-2021:09:59:41||531752407|Danil-Grebenev-Head of Product Marketing for Young Audience
INFO:root:05-08-2021:09:59:50||531752408|zooinfo response429
INFO:root:05-08-2021:09:59:50||531752408|https://www.linkedin.com/in/ilya-potapov-spb?miniProfileUrn=urn%3Ali%3Afs_miniProfile%3AACoAAAfUbUQBwc5pl93lb0nDZ37nAM--AV9OYEk
INFO:root:05-08-2021:09:59:51||531752408|got linkedin response200
INFO:root:05-08-2021:09:59:51||531752408|Ilya-Potapov-CUSTOMER SERVICE MANAGER (B2B)
INFO:root:05-08-2021:10:00:05||531752409|zooinfo response403
INFO:root:05-08-2021:10:00:06||531752409|https://www.linkedin.com/in/jason-thomas-b08308184?miniProfileUrn=urn%3Ali%3Afs_miniProfile%3AACoAACt44DgBZptGMPfKUqbTxqwIkbv2lsjX6Ko
INFO:root:05-08-2021:10:00:07||531752409|got linkedin response200
INFO:root:05-08-2021:10:00:07||531752409|JASON-THOMAS-Director Of Sales Marketing
INFO:root:05-08-2021:10:00:16||531753067|zooinfo response403
INFO:root:05-08-2021:10:00:17||531753067|https://www.linkedin.com/in/falk-schumacher-9760721b7?miniProfileUrn=urn%3Ali%3Afs_miniProfile%3AACoAADJgeeoB1jIb9Fg7F9_rWoxAfgwy4ymP6qU
INFO:root:05-08-2021:10:00:17||531753067|got linkedin response200
INFO:root:05-08-2021:10:00:17||531753067|Falk-Schumacher-Projektmanager Operations Transformation
INFO:root:05-08-2021:10:00:30||531753070|zooinfo response429
INFO:root:05-08-2021:10:00:37||531753070|got linkedin response403
INFO:root:05-08-2021:10:00:37||531753070|error in extracting contact'$type'
INFO:root:05-08-2021:10:00:48||531753072|zooinfo response403
INFO:root:05-08-2021:10:00:49||531753072|https://www.linkedin.com/in/pawel-byglewski-97580248?miniProfileUrn=urn%3Ali%3Afs_miniProfile%3AACoAAAoV8ukBjyVKw7k0Bb59RDjkXN9RdyiO6g0
INFO:root:05-08-2021:10:00:49||531753072|got linkedin response200
INFO:root:05-08-2021:10:00:49||531753072|error in extracting contact'companyUrn'
INFO:root:05-08-2021:10:00:58||531753073|zooinfo response429
INFO:root:05-08-2021:10:00:59||531753073|https://www.linkedin.com/in/mathias-nepp-68740b158?miniProfileUrn=urn%3Ali%3Afs_miniProfile%3AACoAACXKvgcBw4pE35OzThVZoirmru-Kq5DHjEM
INFO:root:05-08-2021:10:00:59||531753073|got linkedin response200
INFO:root:05-08-2021:10:00:59||531753073|Mathias-Nepp-Operations Manager, E-Commerce & Fulfillment
INFO:root:05-08-2021:10:01:11||531753074|zooinfo response429
INFO:root:05-08-2021:10:01:12||531753074|https://www.linkedin.com/in/david-buch-b198461a3?miniProfileUrn=urn%3Ali%3Afs_miniProfile%3AACoAAC-lAsUBPw52lAlmejjlnEHthUp1Yw1UfQs
INFO:root:05-08-2021:10:01:12||531753074|got linkedin response200
INFO:root:05-08-2021:10:01:12||531753074|David-Buch-IT Projektmanager
INFO:root:05-08-2021:10:01:24||531753075|zooinfo response403
INFO:root:05-08-2021:10:01:24||531753075|https://www.linkedin.com/in/andrea-d-amario-0a739b66?miniProfileUrn=urn%3Ali%3Afs_miniProfile%3AACoAAA3wZ78BEaDRxeeI7uMQfLyPwe2MrEw1V5c
INFO:root:05-08-2021:10:01:25||531753075|got linkedin response200
INFO:root:05-08-2021:10:01:25||531753075|Andrea-D'Amario-Regional Operations Manager West & South
INFO:root:05-08-2021:10:01:36||531753076|zooinfo response429
INFO:root:05-08-2021:10:01:48||531753076|got linkedin response403
INFO:root:05-08-2021:10:01:48||531753076|error in extracting contact'$type'
INFO:root:05-08-2021:10:01:59||531753078|zooinfo response403
INFO:root:05-08-2021:10:02:00||531753078|https://www.linkedin.com/in/wibke-lummer-5709a01b1?miniProfileUrn=urn%3Ali%3Afs_miniProfile%3AACoAADFyKSQBYwlV8GyHmBxo-VIdejz6O97B2Rs
INFO:root:05-08-2021:10:02:00||531753078|got linkedin response200
INFO:root:05-08-2021:10:02:00||531753078|Wibke-Lummer-Online Marketing Manager
INFO:root:05-08-2021:10:02:15||531753079|zooinfo response429
INFO:root:05-08-2021:10:02:15||531753079|https://www.linkedin.com/in/norman-marian-215284161?miniProfileUrn=urn%3Ali%3Afs_miniProfile%3AACoAACapTDEBQB_Fkm1CGn3izY8CK5MFIV37X7E
INFO:root:05-08-2021:10:02:16||531753079|got linkedin response200
INFO:root:05-08-2021:10:02:16||531753079|Norman-Marian-Senior Director Operations |  Air Cargo Logistics GmbH & Co. KG
INFO:root:05-08-2021:10:02:28||531753080|zooinfo response429
INFO:root:05-08-2021:10:02:39||531753080|got linkedin response200
INFO:root:05-08-2021:10:02:39||531753080|Sabrina-Zdzanski-Operations Manager
INFO:root:05-08-2021:10:02:51||531753081|zooinfo response429
INFO:root:05-08-2021:10:02:52||531753081|https://www.linkedin.com/in/sebastian-leberfing-bb4240151?miniProfileUrn=urn%3Ali%3Afs_miniProfile%3AACoAACSFMrgBXBeyFzaPo3gIQsvrL6tLwn-v5hU
INFO:root:05-08-2021:10:02:53||531753081|got linkedin response200
INFO:root:05-08-2021:10:02:53||531753081|Sebastian-Leberfing-IT-Projektmanager
INFO:root:05-08-2021:10:03:07||531753865|zooinfo response403
INFO:root:05-08-2021:10:03:07||531753865|https://www.linkedin.com/in/gorazdkurez?miniProfileUrn=urn%3Ali%3Afs_miniProfile%3AACoAAAM7EhsB5_kJ4R2ncxB-vyquQNW5w7wUkBo
INFO:root:05-08-2021:10:03:08||531753865|got linkedin response200
INFO:root:05-08-2021:10:03:08||531753865|error in extracting contact'companyUrn'
INFO:root:05-08-2021:10:03:20||531753866|zooinfo response403
INFO:root:05-08-2021:10:03:21||531753866|https://www.linkedin.com/in/mindek?miniProfileUrn=urn%3Ali%3Afs_miniProfile%3AACoAAAA7t2AB67Mz1LZQPJTiuUXxOMu-80y7HBw
INFO:root:05-08-2021:10:03:21||531753866|got linkedin response200
INFO:root:05-08-2021:10:03:21||531753866|Lubomir-Mindek-Director Of Information Technology
INFO:root:05-08-2021:10:03:33||531753867|zooinfo response429
INFO:root:05-08-2021:10:03:35||531753867|https://www.linkedin.com/in/louckaivan?miniProfileUrn=urn%3Ali%3Afs_miniProfile%3AACoAAAcz8FkBATcH-dZzN0zvnUhoibLfvPT_GE0
INFO:root:05-08-2021:10:03:35||531753867|got linkedin response200
INFO:root:05-08-2021:10:03:35||531753867|Ivan-Lou\u010dka-Head of IT support dpt.
INFO:root:05-08-2021:10:03:46||531753868|zooinfo response403
INFO:root:05-08-2021:10:03:55||531753868|got linkedin response200
INFO:root:05-08-2021:10:03:55||531753868|Boris-Kostov-General Manager, AIG Europe Limited (Slovak branch)
INFO:root:05-08-2021:10:04:11||531753082|zooinfo response200
INFO:root:05-08-2021:10:04:12||531753082|https://www.linkedin.com/in/raphael-rudaz-628b01107?miniProfileUrn=urn%3Ali%3Afs_miniProfile%3AACoAABsJvkABum4vhVpR2fCXuK3O56b0flL9cgw
INFO:root:05-08-2021:10:04:12||531753082|got linkedin response200
INFO:root:05-08-2021:10:04:12||531753082|Raphael-Rudaz-Operations Manager
INFO:root:05-08-2021:10:04:23||531753083|zooinfo response403
INFO:root:05-08-2021:10:04:25||531753083|https://www.linkedin.com/in/tobiashell?miniProfileUrn=urn%3Ali%3Afs_miniProfile%3AACoAAA1slHsBUE2r6-sAR_5hZGry4AfORKk2Zx0
INFO:root:05-08-2021:10:04:26||531753083|got linkedin response200
INFO:root:05-08-2021:10:04:26||531753083|Tobias-Hell-Bereichsleiter IT
INFO:root:05-08-2021:10:04:35||531753084|zooinfo response429
INFO:root:05-08-2021:10:04:47||531753084|got linkedin response200
INFO:root:05-08-2021:10:04:47||531753084|Jana-Lahmann-Head of IT - Business Unit Air&Sea 
INFO:root:05-08-2021:10:04:59||531753085|zooinfo response429
INFO:root:05-08-2021:10:05:00||531753085|https://www.linkedin.com/in/pawe%C5%82-sta%C5%84do-6b284552?miniProfileUrn=urn%3Ali%3Afs_miniProfile%3AACoAAAsoqaYBD5auvN1l7SvsBURBtDyBFuipI8w
INFO:root:05-08-2021:10:05:01||531753085|got linkedin response200
INFO:root:05-08-2021:10:05:01||531753085|Pawe\u0142-Sta\u0144do-CIO and E-commerce Operations Director
INFO:root:05-08-2021:10:05:13||531753086|zooinfo response403
INFO:root:05-08-2021:10:05:14||531753086|https://www.linkedin.com/in/vianney-dujardin-0115a0?miniProfileUrn=urn%3Ali%3Afs_miniProfile%3AACoAAAAWJg0BqiRLUb4poqjpYm6TSYqn9qNS6y0
INFO:root:05-08-2021:10:05:15||531753086|got linkedin response200
INFO:root:05-08-2021:10:05:15||531753086|Vianney-Dujardin-Chief Operations Officer, Board Member, Auchan Retail Romania
INFO:root:05-08-2021:10:05:30||531753087|zooinfo response403
INFO:root:05-08-2021:10:05:37||531753087|got linkedin response200
INFO:root:05-08-2021:10:05:37||531753087|Erika-Maželien\u0117-Operations Manager for Baltic Countries 
INFO:root:05-08-2021:10:05:48||531753088|zooinfo response403
INFO:root:05-08-2021:10:05:49||531753088|https://www.linkedin.com/in/olga-tobiasz-3bb4953?miniProfileUrn=urn%3Ali%3Afs_miniProfile%3AACoAAACa3P8BEPzkXACN762GUhLFv98TpF2yeKE
INFO:root:05-08-2021:10:05:50||531753088|got linkedin response200
INFO:root:05-08-2021:10:05:50||531753088|Olga-Tobiasz-Manager of Brand & Marketing Communication Division 
INFO:root:05-08-2021:10:06:01||531753089|zooinfo response403
INFO:root:05-08-2021:10:06:02||531753089|https://www.linkedin.com/in/algirdasplikusas?miniProfileUrn=urn%3Ali%3Afs_miniProfile%3AACoAAAAVgkYBjOWVoKB32NsU2qgjkxkCqi_2s58
INFO:root:05-08-2021:10:06:02||531753089|got linkedin response200
INFO:root:05-08-2021:10:06:02||531753089|Algirdas-Plikusas-Shopper Marketing & Category Management Project Manager
INFO:root:05-08-2021:10:06:17||531753090|zooinfo response403
INFO:root:05-08-2021:10:06:17||531753090|https://www.linkedin.com/in/peter-prohhorov-2163a9133?miniProfileUrn=urn%3Ali%3Afs_miniProfile%3AACoAACCgu_IBdzmKLte1HII3ZhsA9OaKKafWisM
INFO:root:05-08-2021:10:06:18||531753090|got linkedin response200
INFO:root:05-08-2021:10:06:18||531753090|Peter-Prohhorov-IT Process Support Manager
INFO:root:05-08-2021:10:06:33||531753093|zooinfo response403
INFO:root:05-08-2021:10:06:40||531753093|got linkedin response200
INFO:root:05-08-2021:10:06:40||531753093|\u0141ukasz-Walczuk-SEO & Content Marketing Manager
INFO:root:05-08-2021:10:06:54||531753095|zooinfo response403
INFO:root:05-08-2021:10:06:54||531753095|https://www.linkedin.com/in/magdalena-leli%C5%84ska-416a221?miniProfileUrn=urn%3Ali%3Afs_miniProfile%3AACoAAABUOdIBRWa9jc46OKn-Y6eugdqY2-oZp2c
INFO:root:05-08-2021:10:06:55||531753095|got linkedin response200
INFO:root:05-08-2021:10:06:55||531753095|Magdalena-Leli\u0144ska-Mobile Marketing Manager at Carrefour Polska
INFO:root:05-08-2021:10:07:05||531753097|zooinfo response403
INFO:root:05-08-2021:10:07:06||531753097|https://www.linkedin.com/in/mariuszwingralek?miniProfileUrn=urn%3Ali%3Afs_miniProfile%3AACoAAAK8m8sB2eBaFEX77B_ofn6sALAK2XFk5w4
INFO:root:05-08-2021:10:07:06||531753097|got linkedin response200
INFO:root:05-08-2021:10:07:06||531753097|Mariusz-Wingralek-Marketing Director
INFO:root:05-08-2021:10:07:20||531753099|zooinfo response429
INFO:root:05-08-2021:10:07:20||531753099|https://www.linkedin.com/in/krist%C4%ABne-turl%C4%81-92736341?miniProfileUrn=urn%3Ali%3Afs_miniProfile%3AACoAAAjF828BxJ82xuHCGHFJEYDAjZY4U6MSWFs
INFO:root:05-08-2021:10:07:21||531753099|got linkedin response200
INFO:root:05-08-2021:10:07:21||531753099|Krist\u012bne-Turl\u0101-Marketing Communications Manager
INFO:root:05-08-2021:10:07:34||531753102|zooinfo response403
INFO:root:05-08-2021:10:07:35||531753102|https://www.linkedin.com/in/jean-simon-36530940?miniProfileUrn=urn%3Ali%3Afs_miniProfile%3AACoAAAiWor0BoWGNp_OPaBE54svk3itQo9W9DcQ
INFO:root:05-08-2021:10:07:35||531753102|got linkedin response200
INFO:root:05-08-2021:10:07:35||531753102|Jean-SIMON-Regional Operations Director Auchan Romania
INFO:root:05-08-2021:10:07:46||531753104|zooinfo response403
INFO:root:05-08-2021:10:07:46||531753104|https://www.linkedin.com/in/piotr-ostapowicz-ba9013126?miniProfileUrn=urn%3Ali%3Afs_miniProfile%3AACoAAB74S_EBFMmPNYmJ85M-7JBn6rTLfxDqykw
INFO:root:05-08-2021:10:07:47||531753104|got linkedin response200
INFO:root:05-08-2021:10:07:47||531753104|Piotr-Ostapowicz-Head of the IT Exploitation Department
INFO:root:05-08-2021:10:08:00||531753856|zooinfo response403
INFO:root:05-08-2021:10:08:01||531753856|https://www.linkedin.com/in/istvan-sipos-49b85511?miniProfileUrn=urn%3Ali%3Afs_miniProfile%3AACoAAAJwaXcBzHWxD5LloMxf0YAaO_RLP8Ioozo
INFO:root:05-08-2021:10:08:01||531753856|got linkedin response200
INFO:root:05-08-2021:10:08:01||531753856|Istvan-Sipos-Director of IT solutions
INFO:root:05-08-2021:10:08:12||531753857|zooinfo response429
INFO:root:05-08-2021:10:08:13||531753857|https://www.linkedin.com/in/kriszti%C3%A1n-lehoczki-579ab352?miniProfileUrn=urn%3Ali%3Afs_miniProfile%3AACoAAAsyam0BT0jate861dgwtSXv6wQapUp_Feo
INFO:root:05-08-2021:10:08:14||531753857|got linkedin response200
INFO:root:05-08-2021:10:08:14||531753857|Krisztián-Lehoczki-Head of IT Client Operations Center
INFO:root:05-08-2021:10:08:23||531753858|zooinfo response403
INFO:root:05-08-2021:10:08:24||531753858|https://www.linkedin.com/in/zita-b%C3%A1lint-10701432?miniProfileUrn=urn%3Ali%3Afs_miniProfile%3AACoAAAbDzJcB2YVdbk7iiyPcH2DdJBXX2tqU9EU
INFO:root:05-08-2021:10:08:24||531753858|got linkedin response200
INFO:root:05-08-2021:10:08:24||531753858|Zita-Bálint-Head of IT Development Department
INFO:root:05-08-2021:10:08:34||531753859|zooinfo response429
INFO:root:05-08-2021:10:08:34||531753859|https://www.linkedin.com/in/janosterhes?miniProfileUrn=urn%3Ali%3Afs_miniProfile%3AACoAAC7O8kMBHseHBZaqvQXeS74LKC7eKnQ2N-Q
INFO:root:05-08-2021:10:08:35||531753859|got linkedin response200
INFO:root:05-08-2021:10:08:35||531753859|Janos-Terhes-Head of infrastructure operations
INFO:root:05-08-2021:10:08:47||531753860|zooinfo response429
INFO:root:05-08-2021:10:08:48||531753860|https://www.linkedin.com/in/drjanossziveri?miniProfileUrn=urn%3Ali%3Afs_miniProfile%3AACoAAAF49awBQ6CdYROzb8VnO-A1_8qezCxCrP0
INFO:root:05-08-2021:10:08:49||531753860|got linkedin response200
INFO:root:05-08-2021:10:08:49||531753860|dr. János-Sziveri-CIO
INFO:root:05-08-2021:10:09:00||531753861|zooinfo response403
INFO:root:05-08-2021:10:09:01||531753861|https://www.linkedin.com/in/sylwia-kowal-b97b941a8?miniProfileUrn=urn%3Ali%3Afs_miniProfile%3AACoAADCVvqMBbDaXJPBzg2QseU1SZGtVmNy-NaE
INFO:root:05-08-2021:10:09:01||531753861|got linkedin response200
INFO:root:05-08-2021:10:09:01||531753861|Sylwia-Kowal-Dyrektor operacyjny ds. nieruchomo\u015bci
INFO:root:05-08-2021:10:09:12||531753862|zooinfo response429
INFO:root:05-08-2021:10:09:22||531753862|got linkedin response200
INFO:root:05-08-2021:10:09:22||531753862|Grzegorz-Badura-IT Services & Processes Architect
INFO:root:05-08-2021:10:09:35||531753863|zooinfo response403
INFO:root:05-08-2021:10:09:42||531753863|got linkedin response200
INFO:root:05-08-2021:10:09:42||531753863|Damijan-Poš-Head of IT Services Customer Care and Sales
INFO:root:05-08-2021:10:09:57||531753864|zooinfo response403
INFO:root:05-08-2021:10:09:58||531753864|https://www.linkedin.com/in/darja-murkovic-8291069?miniProfileUrn=urn%3Ali%3Afs_miniProfile%3AACoAAAGeCSEB6kWRGaXJnm-LX3VIKYexroraa1k
INFO:root:05-08-2021:10:09:58||531753864|got linkedin response200
INFO:root:05-08-2021:10:09:58||531753864|error in extracting contact'companyUrn'
