INFO:root:29-07-2021:11:35:59||530954535|zooinfo response200
INFO:root:29-07-2021:11:36:36||530954535|https://www.linkedin.com/in/joscarlett?miniProfileUrn=urn%3Ali%3Afs_miniProfile%3AACoAAABuHgEBcyHa8iqukLt5gbnT__aOq0rFvMw
INFO:root:29-07-2021:11:36:37||530954535|got linkedin response200
INFO:root:29-07-2021:11:36:37||530954535|Jo-Scarlett-Chief Marketing Officer and Board Director
INFO:root:29-07-2021:11:36:55||530954537|zooinfo response200
INFO:root:29-07-2021:11:36:57||530954537|https://www.linkedin.com/in/gayle-terry-0231385?miniProfileUrn=urn%3Ali%3Afs_miniProfile%3AACoAAADoxRsBJv41YI0siil9Ng33eAKZshutTyM
INFO:root:29-07-2021:11:36:58||530954537|got linkedin response200
INFO:root:29-07-2021:11:36:58||530954537|Gayle-Terry-Chief Marketing Officer
INFO:root:29-07-2021:11:37:15||530954539|zooinfo response200
INFO:root:29-07-2021:11:37:16||530954539|https://www.linkedin.com/in/victoria-hemelaer-560ba83?miniProfileUrn=urn%3Ali%3Afs_miniProfile%3AACoAAAC11xgBjzubEUPXn7_Y7A76eLBkzUiUwe0
INFO:root:29-07-2021:11:37:17||530954539|got linkedin response200
INFO:root:29-07-2021:11:37:17||530954539|Victoria-Hemelaer-Chief Marketing Officer
INFO:root:29-07-2021:11:37:36||530954540|zooinfo response200
INFO:root:29-07-2021:11:37:37||530954540|https://www.linkedin.com/in/mariafronthsagen?miniProfileUrn=urn%3Ali%3Afs_miniProfile%3AACoAAAAWc7kBpXy5539tVbKZVdre9wWmsUvwoNU
INFO:root:29-07-2021:11:37:38||530954540|got linkedin response200
INFO:root:29-07-2021:11:37:38||530954540|Maria-Fronth-Sagen-Chief Marketing Officer
INFO:root:29-07-2021:11:37:54||530954541|zooinfo response200
INFO:root:29-07-2021:11:38:02||530954541|got linkedin response200
INFO:root:29-07-2021:11:38:02||530954541|Henrik-Lervold-Chief Marketing Officer / Head of Communication, Clients & Markets
INFO:root:29-07-2021:11:38:18||530954542|zooinfo response200
INFO:root:29-07-2021:11:38:25||530954542|got linkedin response200
INFO:root:29-07-2021:11:38:25||530954542|Stephan-Erdmann-Head of Marketing (CMO)
INFO:root:29-07-2021:11:38:42||530954543|zooinfo response200
INFO:root:29-07-2021:11:38:43||530954543|https://www.linkedin.com/in/vicki-demant-andersen-1226694?miniProfileUrn=urn%3Ali%3Afs_miniProfile%3AACoAAADPK2oBnb-d4gnxbX2NFRTApBJVCGAeruI
INFO:root:29-07-2021:11:38:44||530954543|got linkedin response200
INFO:root:29-07-2021:11:38:44||530954543|Vicki-Demant Andersen-Chief Marketing Officer Nordics 4finance (DK/SE/FI)
INFO:root:29-07-2021:11:39:02||530954544|zooinfo response200
INFO:root:29-07-2021:11:39:10||530954544|got linkedin response200
INFO:root:29-07-2021:11:39:10||530954544|Trond Runar-Hagen-Chief Digital Officer
INFO:root:29-07-2021:11:39:24||530954545|zooinfo response200
INFO:root:29-07-2021:11:39:25||530954545|https://www.linkedin.com/in/katrienmarent?miniProfileUrn=urn%3Ali%3Afs_miniProfile%3AACoAAADl9F0BKmlybIBGm648fTiICaiZ01GwjDg
INFO:root:29-07-2021:11:39:25||530954545|got linkedin response200
INFO:root:29-07-2021:11:39:25||530954545|Katrien-Marent-EVP and CMO
INFO:root:29-07-2021:11:39:44||530954547|zooinfo response200
INFO:root:29-07-2021:11:39:52||530954547|got linkedin response200
INFO:root:29-07-2021:11:39:53||530954547|Reine-Lundin-Chief Digital Officer (CDO)
INFO:root:29-07-2021:11:40:07||530954548|zooinfo response200
INFO:root:29-07-2021:11:40:19||530954548|got linkedin response200
INFO:root:29-07-2021:11:40:19||530954548|Erik-Vennekens-Chief Digital Officer (CDO)
INFO:root:29-07-2021:11:40:37||530954550|zooinfo response200
INFO:root:29-07-2021:11:40:38||530954550|https://www.linkedin.com/in/sophieblum?miniProfileUrn=urn%3Ali%3Afs_miniProfile%3AACoAABcEk5kBMMUmr7GfI5l_Dwtn2hbFG9S5kP0
INFO:root:29-07-2021:11:40:39||530954550|got linkedin response200
INFO:root:29-07-2021:11:40:39||530954550|Sophie-Blum-Chief Marketing Officer
INFO:root:29-07-2021:11:40:57||530954551|zooinfo response200
INFO:root:29-07-2021:11:41:21||530954552|zooinfo response200
INFO:root:29-07-2021:11:41:30||530954552|got linkedin response200
INFO:root:29-07-2021:11:41:30||530954552|Axel \u270a\U0001f331-Tasciyan-Chief Marketing Officer
INFO:root:29-07-2021:11:41:49||530954553|zooinfo response200
INFO:root:29-07-2021:11:41:58||530954553|got linkedin response200
INFO:root:29-07-2021:11:41:58||530954553|Chris-Knowles-Chief Digital Officer
INFO:root:29-07-2021:11:42:12||530954554|zooinfo response200
INFO:root:29-07-2021:11:42:21||530954554|got linkedin response200
INFO:root:29-07-2021:11:42:21||530954554|Nicolas-Sanchez Roel-Chief Digital Officer
INFO:root:29-07-2021:11:42:39||530954555|zooinfo response200
INFO:root:29-07-2021:11:42:39||530954555|https://www.linkedin.com/in/rolmik?miniProfileUrn=urn%3Ali%3Afs_miniProfile%3AACoAAAQyoBcBz7lUjNZFNUl0Y0BqsA_Ho91QgD8
INFO:root:29-07-2021:11:42:40||530954555|got linkedin response200
INFO:root:29-07-2021:11:42:40||530954555|Michaël-ROLLAND-Group Chief Marketing Officer
INFO:root:29-07-2021:11:42:56||530978448|zooinfo response200
INFO:root:29-07-2021:11:42:57||530978448|https://www.linkedin.com/in/mpetrushkov?miniProfileUrn=urn%3Ali%3Afs_miniProfile%3AACoAAAafuKMBN1WzHh6-tkGAniuHDfg-G-LKk2E
INFO:root:29-07-2021:11:42:57||530978448|got linkedin response200
INFO:root:29-07-2021:11:42:57||530978448|Momchil-Petrushkov-Corporate Digital Marketing Manager
INFO:root:29-07-2021:11:43:14||530978449|zooinfo response200
INFO:root:29-07-2021:11:43:14||530978449|https://www.linkedin.com/in/sree-subramaniam?miniProfileUrn=urn%3Ali%3Afs_miniProfile%3AACoAAARhK-MBHMYTN2CnI94yzKKPiqZfK_W_k1U
INFO:root:29-07-2021:11:43:15||530978449|got linkedin response200
INFO:root:29-07-2021:11:43:15||530978449|Sree-Subramaniam-Digital Marketing Manager
INFO:root:29-07-2021:11:43:31||530978450|zooinfo response200
INFO:root:29-07-2021:11:43:41||530978450|got linkedin response200
INFO:root:29-07-2021:11:43:41||530978450|Meri-Vesanto-System Specialist (International Sales)
INFO:root:29-07-2021:11:43:59||530978451|zooinfo response200
INFO:root:29-07-2021:11:43:59||530978451|https://www.linkedin.com/in/elinp?miniProfileUrn=urn%3Ali%3Afs_miniProfile%3AACoAAAF3gqUBYRuGirR2AM_bv1X6GFldvxn15wo
INFO:root:29-07-2021:11:44:00||530978451|got linkedin response200
INFO:root:29-07-2021:11:44:00||530978451|Elin-Pedersen-Director, Digital Marketing & Communications
INFO:root:29-07-2021:11:44:18||530978452|zooinfo response200
INFO:root:29-07-2021:11:44:30||530978452|got linkedin response200
INFO:root:29-07-2021:11:44:30||530978452|Angus-Forrester-Digital Marketing Manager EMEA & APAC
INFO:root:29-07-2021:11:44:50||530978453|zooinfo response200
INFO:root:29-07-2021:11:44:51||530978453|https://www.linkedin.com/in/giovannigribaudo?miniProfileUrn=urn%3Ali%3Afs_miniProfile%3AACoAAACd-q8BGB0mm0Qs2zKPy11i5M9UgxUJJ3c
INFO:root:29-07-2021:11:44:51||530978453|got linkedin response200
INFO:root:29-07-2021:11:44:51||530978453|Giovanni-Gribaudo-Group Director of Digital Marketing
INFO:root:29-07-2021:11:45:11||530978454|zooinfo response200
INFO:root:29-07-2021:11:45:11||530978454|https://www.linkedin.com/in/christopher-badcock-2358a4169?miniProfileUrn=urn%3Ali%3Afs_miniProfile%3AACoAACgtNkkBHJtGu61vcLIHUvqZ-W_eTVleRBU
INFO:root:29-07-2021:11:45:12||530978454|got linkedin response200
INFO:root:29-07-2021:11:45:12||530978454|Christopher-Badcock-Marketing Communications Manager
INFO:root:29-07-2021:11:45:30||530978455|zooinfo response200
INFO:root:29-07-2021:11:45:31||530978455|https://www.linkedin.com/in/joanneingham?miniProfileUrn=urn%3Ali%3Afs_miniProfile%3AACoAAAEthooBkYEo_DKUZ5GyQKP1FzokeL1NgsI
INFO:root:29-07-2021:11:45:31||530978455|got linkedin response200
INFO:root:29-07-2021:11:45:31||530978455|Joanne-Ingham-Marketing Communications leader for Construction & Infrastructure
INFO:root:29-07-2021:11:45:48||530978456|zooinfo response200
INFO:root:29-07-2021:11:45:49||530978456|https://www.linkedin.com/in/daniellenierop?miniProfileUrn=urn%3Ali%3Afs_miniProfile%3AACoAAABmY_wB60WWoTnaBbdNVCbeFJ3HANqZ91o
INFO:root:29-07-2021:11:45:50||530978456|got linkedin response200
INFO:root:29-07-2021:11:45:50||530978456|Danielle-Nierop-Online Marketing Manager and Brand Manager AMCS Corporate
INFO:root:29-07-2021:11:46:05||530978457|zooinfo response200
INFO:root:29-07-2021:11:46:15||530978457|got linkedin response200
INFO:root:29-07-2021:11:46:15||530978457|Hannah-Gelder-Partner & Channel Marketing Manager, EMEA
INFO:root:29-07-2021:11:46:31||530978458|zooinfo response200
INFO:root:29-07-2021:11:46:32||530978458|https://www.linkedin.com/in/irina-alexandra-titi-paun-89654051?miniProfileUrn=urn%3Ali%3Afs_miniProfile%3AACoAAArvlPIBGXlL5CMbUi67a_sph63K9SvYkvk
INFO:root:29-07-2021:11:46:32||530978458|got linkedin response200
INFO:root:29-07-2021:11:46:32||530978458|Irina-Alexandra-Titi-Paun-Senior B2C Marketing Manager
INFO:root:29-07-2021:11:46:49||530978459|zooinfo response200
INFO:root:29-07-2021:11:46:50||530978459|https://www.linkedin.com/in/sue-kirton-45b3a71a?miniProfileUrn=urn%3Ali%3Afs_miniProfile%3AACoAAAP5H8cBwkh7ch3qQYeXObmSyTkMsbdiaw0
INFO:root:29-07-2021:11:46:50||530978459|got linkedin response200
INFO:root:29-07-2021:11:46:50||530978459|Sue-Kirton-Senior Commercial Campaign Manager
INFO:root:29-07-2021:11:47:08||530978460|zooinfo response200
INFO:root:29-07-2021:11:47:09||530978460|https://www.linkedin.com/in/natalie-willmott-turner-965754a1?miniProfileUrn=urn%3Ali%3Afs_miniProfile%3AACoAABWlWV0ByhRyGRIfKCuu3WD4Tjl52kxXbmg
INFO:root:29-07-2021:11:47:10||530978460|got linkedin response200
INFO:root:29-07-2021:11:47:10||530978460|Natalie-Willmott-Turner-Senior Event Manager, Marketing Business Partner
INFO:root:29-07-2021:11:47:27||530978461|zooinfo response200
INFO:root:29-07-2021:11:47:27||530978461|https://www.linkedin.com/in/ninadubravec?miniProfileUrn=urn%3Ali%3Afs_miniProfile%3AACoAAAPiDNMBaL5yQguxE5GgsjjxW52j9znM7DE
INFO:root:29-07-2021:11:47:28||530978461|got linkedin response200
INFO:root:29-07-2021:11:47:28||530978461|Nina-Dubravec-Senior Digital Marketing Manager
INFO:root:29-07-2021:11:47:44||530978462|zooinfo response200
INFO:root:29-07-2021:11:47:45||530978462|https://www.linkedin.com/in/thomas-baverstock-47324826?miniProfileUrn=urn%3Ali%3Afs_miniProfile%3AACoAAAVf9JcBC0aUe1bxfsso6bx5HSWnRUMeJeo
INFO:root:29-07-2021:11:47:45||530978462|got linkedin response200
INFO:root:29-07-2021:11:47:45||530978462|Thomas-Baverstock-Senior Digital Marketing Manager
INFO:root:29-07-2021:11:48:01||530978463|zooinfo response200
INFO:root:29-07-2021:11:48:02||530978463|https://www.linkedin.com/in/juha-lanteri-2161bb20?miniProfileUrn=urn%3Ali%3Afs_miniProfile%3AACoAAARNEnIBXyvzmFwkAx3bDrsZ3V0HI810N9I
INFO:root:29-07-2021:11:48:03||530978463|got linkedin response200
INFO:root:29-07-2021:11:48:03||530978463|Juha-Lanteri-Senior Digital Marketing Manager
INFO:root:29-07-2021:11:48:18||530978464|zooinfo response200
INFO:root:29-07-2021:11:48:19||530978464|https://www.linkedin.com/in/ingeborgvanbeusekom?miniProfileUrn=urn%3Ali%3Afs_miniProfile%3AACoAAAADM4wB1eXDheLYSI_r7tJgh1qqea-tebo
INFO:root:29-07-2021:11:48:20||530978464|got linkedin response200
INFO:root:29-07-2021:11:48:20||530978464|Ingeborg-van Beusekom-Senior Marketing Communications Manager People, Culture & Community SAP EMEA Marketing
INFO:root:29-07-2021:11:48:36||530978465|zooinfo response200
INFO:root:29-07-2021:11:48:37||530978465|https://www.linkedin.com/in/thomas-eeckhaut-8020087?miniProfileUrn=urn%3Ali%3Afs_miniProfile%3AACoAAAE_KoIBbiHclLcIo4yjd16S2dscS6CUECQ
INFO:root:29-07-2021:11:48:37||530978465|got linkedin response200
INFO:root:29-07-2021:11:48:37||530978465|Thomas-Eeckhaut-Head of Trade Marketing
INFO:root:29-07-2021:11:48:56||530978466|zooinfo response200
INFO:root:29-07-2021:11:48:57||530978466|https://www.linkedin.com/in/amyroseleonard?miniProfileUrn=urn%3Ali%3Afs_miniProfile%3AACoAAANC2GcBpwP68BeX-wiLCzokflcQpnLuPa4
INFO:root:29-07-2021:11:48:58||530978466|got linkedin response200
INFO:root:29-07-2021:11:48:58||530978466|Amy-Potter-Senior Marketing Communications Manager
INFO:root:29-07-2021:11:49:15||530978467|zooinfo response200
INFO:root:29-07-2021:11:49:17||530978467|https://www.linkedin.com/in/jonathandwilkinson?miniProfileUrn=urn%3Ali%3Afs_miniProfile%3AACoAAA-soMcBqinqEkjo7hzckpIJSVOX_HxX5w0
INFO:root:29-07-2021:11:49:17||530978467|got linkedin response200
INFO:root:29-07-2021:11:49:17||530978467|Jonathan-Wilkinson-Digital Marketing Manager
INFO:root:29-07-2021:11:49:35||530978468|zooinfo response200
INFO:root:29-07-2021:11:49:36||530978468|https://www.linkedin.com/in/iidalehikoinen?miniProfileUrn=urn%3Ali%3Afs_miniProfile%3AACoAABGQE5cBPclf_s0T0uaj7dT41r20Fgi52nw
INFO:root:29-07-2021:11:49:37||530978468|got linkedin response200
INFO:root:29-07-2021:11:49:37||530978468|Iida-Lehikoinen-Digital Marketing Manager
INFO:root:29-07-2021:11:49:52||530978469|zooinfo response200
INFO:root:29-07-2021:11:50:05||530978469|got linkedin response200
INFO:root:29-07-2021:11:50:05||530978469|Nick-Melton-Manager - Campaign & Digital Marketing, EMEA
INFO:root:29-07-2021:11:50:20||530978470|zooinfo response200
INFO:root:29-07-2021:11:50:28||530978470|got linkedin response200
INFO:root:29-07-2021:11:50:28||530978470|Terry-Salmon-Head of Digital Marketing Campaigning, EMEA
INFO:root:29-07-2021:11:50:42||530978471|zooinfo response200
INFO:root:29-07-2021:11:50:43||530978471|https://www.linkedin.com/in/francesco-tramacere-trademarketing?miniProfileUrn=urn%3Ali%3Afs_miniProfile%3AACoAAA5grIgBm1zcGQmkDEn2XFEReCo1qoYmerc
INFO:root:29-07-2021:11:50:43||530978471|got linkedin response200
INFO:root:29-07-2021:11:50:43||530978471|Francesco-Tramacere-National Key Account Manager
INFO:root:29-07-2021:11:51:01||530978472|zooinfo response200
INFO:root:29-07-2021:11:51:26||530978473|zooinfo response200
INFO:root:29-07-2021:11:51:27||530978473|https://www.linkedin.com/in/alexia-feige-84462240?miniProfileUrn=urn%3Ali%3Afs_miniProfile%3AACoAAAiifDQBP9Mm7RIu7m7dCsBI-hnwddIG94s
INFO:root:29-07-2021:11:51:27||530978473|got linkedin response200
INFO:root:29-07-2021:11:51:27||530978473|Alexia-Feige-Digital Marketing Manager 
INFO:root:29-07-2021:11:51:44||530978474|zooinfo response200
INFO:root:29-07-2021:11:51:45||530978474|https://www.linkedin.com/in/victoriabourguignon?miniProfileUrn=urn%3Ali%3Afs_miniProfile%3AACoAABKOnzoBCYMhEF1xCC3173RLJu7j9ATmwhU
INFO:root:29-07-2021:11:51:45||530978474|got linkedin response200
INFO:root:29-07-2021:11:51:45||530978474|Victoria-Bourguignon-Head of Digital Marketing (ODDO BHF Asset Management)
INFO:root:29-07-2021:11:52:04||530978475|zooinfo response200
INFO:root:29-07-2021:11:52:05||530978475|https://www.linkedin.com/in/federica-federico-67b8b738?miniProfileUrn=urn%3Ali%3Afs_miniProfile%3AACoAAAf2zf8BMeFqxH8QoN3hKUY3YUgC4w6u7Kg
INFO:root:29-07-2021:11:52:06||530978475|got linkedin response200
INFO:root:29-07-2021:11:52:06||530978475|Federica-Federico-Head of Digital Marketing
INFO:root:29-07-2021:11:52:23||530978476|zooinfo response200
INFO:root:29-07-2021:11:52:34||530978476|got linkedin response200
INFO:root:29-07-2021:11:52:34||530978476|Nadia-Calamai-Group Commercial Still Drinks Business Manager - Shopper & Channel Marketing Manager
INFO:root:29-07-2021:11:52:53||530978477|zooinfo response200
INFO:root:29-07-2021:11:52:54||530978477|https://www.linkedin.com/in/maxime-richard-1b48ab19?miniProfileUrn=urn%3Ali%3Afs_miniProfile%3AACoAAAPepVgBwOe3ZHs8wPUJ0Xy5WvwnMI-Krik
INFO:root:29-07-2021:11:52:54||530978477|got linkedin response200
INFO:root:29-07-2021:11:52:54||530978477|Maxime-Richard-Marketing Communications Manager, Connection Systems
INFO:root:29-07-2021:11:53:10||530978478|zooinfo response200
INFO:root:29-07-2021:11:53:11||530978478|https://www.linkedin.com/in/filipa-castro-87ab3995?miniProfileUrn=urn%3Ali%3Afs_miniProfile%3AACoAABRHiJ4Byt7iP8iUxx47TsZ4qMR1lS36Wk4
INFO:root:29-07-2021:11:53:11||530978478|got linkedin response200
INFO:root:29-07-2021:11:53:11||530978478|Filipa-Castro-Digital Marketing Manager | Omnichannel
INFO:root:29-07-2021:11:53:30||530978479|zooinfo response200
INFO:root:29-07-2021:11:53:42||530978479|got linkedin response200
INFO:root:29-07-2021:11:53:42||530978479|Philippe-WOJTYLO-Lead Project Manager
INFO:root:29-07-2021:11:53:56||530978480|zooinfo response200
INFO:root:29-07-2021:11:53:57||530978480|https://www.linkedin.com/in/dami%C3%A1n-granados-lorca-soto?miniProfileUrn=urn%3Ali%3Afs_miniProfile%3AACoAAAVETHIBo9g49HkqQOKLrhdRfoBOvfw0SjQ
INFO:root:29-07-2021:11:53:57||530978480|got linkedin response403
INFO:root:29-07-2021:11:53:57||530978480|error in extracting contact'$type'
INFO:root:29-07-2021:11:54:12||530978481|zooinfo response200
INFO:root:29-07-2021:11:54:13||530978481|https://www.linkedin.com/in/erika-picerno-34180b6?miniProfileUrn=urn%3Ali%3Afs_miniProfile%3AACoAAAEwDCEBfhHwKW1YMJ4ZMgbbT2dgJHtVY-c
INFO:root:29-07-2021:11:54:14||530978481|got linkedin response200
INFO:root:29-07-2021:11:54:14||530978481|Erika-Picerno-Trade Marketing Manager
INFO:root:29-07-2021:11:54:30||530978482|zooinfo response200
INFO:root:29-07-2021:11:54:31||530978482|https://www.linkedin.com/in/costaluigi?miniProfileUrn=urn%3Ali%3Afs_miniProfile%3AACoAAABIdkEBJlHL3PlhuTvLB7i1slrmcW9-e7o
INFO:root:29-07-2021:11:54:31||530978482|got linkedin response200
INFO:root:29-07-2021:11:54:31||530978482|Luigi-Costa-CVM Evolution
INFO:root:29-07-2021:11:54:50||530978483|zooinfo response200
INFO:root:29-07-2021:11:54:51||530978483|https://www.linkedin.com/in/micaela-orizio?miniProfileUrn=urn%3Ali%3Afs_miniProfile%3AACoAAAHKDTsBP7WmTgVY7rfC8MRRhXrzcfJzHgc
INFO:root:29-07-2021:11:54:52||530978483|got linkedin response200
INFO:root:29-07-2021:11:54:52||530978483|Micaela-Orizio-Marketing Communications Director
INFO:root:29-07-2021:11:55:07||531020184|zooinfo response200
INFO:root:29-07-2021:11:55:08||531020184|https://www.linkedin.com/in/isabelle-cocheteux-22093313?miniProfileUrn=urn%3Ali%3Afs_miniProfile%3AACoAAALOpHgBwHZrFkrhOT24UYGRQCPXnprAl1Y
INFO:root:29-07-2021:11:55:08||531020184|got linkedin response200
INFO:root:29-07-2021:11:55:08||531020184|isabelle-cocheteux-BUSINESS PARTNER INTERNAL CONTROL R&D AND CMO
INFO:root:29-07-2021:11:55:28||531020186|zooinfo response200
INFO:root:29-07-2021:11:55:28||531020186|https://www.linkedin.com/in/guillaume-vizquel-2347155a?miniProfileUrn=urn%3Ali%3Afs_miniProfile%3AACoAAAyQaAgBdUVZJWKyriFwIRXETYvLf9gLPU0
INFO:root:29-07-2021:11:55:29||531020186|got linkedin response200
INFO:root:29-07-2021:11:55:29||531020186|Guillaume-VIZQUEL-Responsable AQ CMO
INFO:root:29-07-2021:11:55:43||531020188|zooinfo response200
INFO:root:29-07-2021:11:55:44||531020188|https://www.linkedin.com/in/samantha-steen-87b1941a?miniProfileUrn=urn%3Ali%3Afs_miniProfile%3AACoAAAPxJN8BWP0HEtkjJuZV0zVXrtjbEUBhXIg
INFO:root:29-07-2021:11:55:45||531020188|got linkedin response200
INFO:root:29-07-2021:11:55:45||531020188|Samantha-Steen-CMO Operations Manager (Global Contract Manufacturing)
INFO:root:29-07-2021:11:56:03||531020190|zooinfo response200
INFO:root:29-07-2021:11:56:04||531020190|https://www.linkedin.com/in/paul-radaschitz-138b1570?miniProfileUrn=urn%3Ali%3Afs_miniProfile%3AACoAAA8dd3wBKmW6ZE_TSeZFZBoO_KJQuHtvqus
INFO:root:29-07-2021:11:56:05||531020190|got linkedin response200
INFO:root:29-07-2021:11:56:05||531020190|Paul-Radaschitz-Director Manufacturing Pharma/CMO
INFO:root:29-07-2021:11:56:19||531020192|zooinfo response200
INFO:root:29-07-2021:11:56:20||531020192|https://www.linkedin.com/in/anne-uldahl-1928a32?miniProfileUrn=urn%3Ali%3Afs_miniProfile%3AACoAAAB8vz4BlinMFm633D3XcGcYAVNX7s-o0Us
INFO:root:29-07-2021:11:56:20||531020192|got linkedin response200
INFO:root:29-07-2021:11:56:20||531020192|Anne-Uldahl-CMO Operations Manager
INFO:root:29-07-2021:11:56:37||531020194|zooinfo response200
INFO:root:29-07-2021:11:56:38||531020194|https://www.linkedin.com/in/cedrickmagny?miniProfileUrn=urn%3Ali%3Afs_miniProfile%3AACoAAACI40EBjuioP2PFEDICOuiQ8cD8LBUokdc
INFO:root:29-07-2021:11:56:38||531020194|got linkedin response200
INFO:root:29-07-2021:11:56:38||531020194|Cedrick-Magny-IS Partner for R&D/CMO
INFO:root:29-07-2021:11:56:53||531020195|zooinfo response200
INFO:root:29-07-2021:11:56:54||531020195|https://www.linkedin.com/in/pierre-gareau?miniProfileUrn=urn%3Ali%3Afs_miniProfile%3AACoAAA32zb4BYvs3M-ymOTmgdcd6DcR-apRtTB8
INFO:root:29-07-2021:11:56:54||531020195|got linkedin response200
INFO:root:29-07-2021:11:56:54||531020195|Pierre-Gareau-Head of Internal Contract and Manufacturing Organization (CMO) activities. 
INFO:root:29-07-2021:11:57:10||531020197|zooinfo response200
INFO:root:29-07-2021:11:57:11||531020197|https://www.linkedin.com/in/nadjat-mounedji-md-5b1735b?miniProfileUrn=urn%3Ali%3Afs_miniProfile%3AACoAAAIQ3BUBGzpDRosInGUJ-onQm-v3agyW1y4
INFO:root:29-07-2021:11:57:12||531020197|got linkedin response200
INFO:root:29-07-2021:11:57:12||531020197|Nadjat-MOUNEDJI, MD-PharmacoEpidemiology & RWE Director. Clin Dev & R&D CMO at Servier
INFO:root:29-07-2021:11:57:30||531020199|zooinfo response200
INFO:root:29-07-2021:11:57:37||531020199|got linkedin response200
INFO:root:29-07-2021:11:57:37||531020199|Mathias-Marrot-Deputy to the CMO - Program Manager
INFO:root:29-07-2021:11:57:56||531020200|zooinfo response200
INFO:root:29-07-2021:11:57:57||531020200|https://www.linkedin.com/in/stefan-trentmann?miniProfileUrn=urn%3Ali%3Afs_miniProfile%3AACoAABDsD3YBGA7rpXmqWIkeW0sn36do68u-jt0
INFO:root:29-07-2021:11:57:58||531020200|got linkedin response200
INFO:root:29-07-2021:11:57:58||531020200|Stefan-Trentmann-Senior Quality Manager CMO
INFO:root:29-07-2021:11:58:13||531020202|zooinfo response200
INFO:root:29-07-2021:11:58:14||531020202|https://www.linkedin.com/in/niklas-weitzenb%C3%BCrger-a5578289?miniProfileUrn=urn%3Ali%3Afs_miniProfile%3AACoAABLNP2EBVEJ8THIECQfvcoPbB11KKyIKaHo
INFO:root:29-07-2021:11:58:14||531020202|got linkedin response200
INFO:root:29-07-2021:11:58:14||531020202|Niklas-Weitzenbürger-CMO Manager
INFO:root:29-07-2021:11:58:29||531020204|zooinfo response200
INFO:root:29-07-2021:11:58:30||531020204|https://www.linkedin.com/in/markus-krieg-a83563157?miniProfileUrn=urn%3Ali%3Afs_miniProfile%3AACoAACWirEMBR93DeXNG7Yl5lYU0EqLyaJD6Id0
INFO:root:29-07-2021:11:58:30||531020204|got linkedin response200
INFO:root:29-07-2021:11:58:30||531020204|Markus-Krieg-CMO
INFO:root:29-07-2021:11:58:46||531020205|zooinfo response200
INFO:root:29-07-2021:11:58:47||531020205|https://www.linkedin.com/in/michael-fritsch-0107241ba?miniProfileUrn=urn%3Ali%3Afs_miniProfile%3AACoAADMCMQwBM9SMO1n8U6xpokZu9Pstd0EHWY4
INFO:root:29-07-2021:11:58:47||531020205|got linkedin response200
INFO:root:29-07-2021:11:58:47||531020205|error in extracting contact'companyUrn'
INFO:root:29-07-2021:11:59:03||531020208|zooinfo response200
INFO:root:29-07-2021:11:59:04||531020208|https://www.linkedin.com/in/jennifer-hughes-clanwilliam?miniProfileUrn=urn%3Ali%3Afs_miniProfile%3AACoAAAWkQo8BRp9xB4hgYx6UOf66PX_rYCRSFkA
INFO:root:29-07-2021:11:59:04||531020208|got linkedin response200
INFO:root:29-07-2021:11:59:05||531020208|Jennifer-Hughes-Chief Marketing Officer (CMO)
INFO:root:29-07-2021:11:59:24||531020210|zooinfo response200
INFO:root:29-07-2021:11:59:25||531020210|https://www.linkedin.com/in/mauriziogiglioli?miniProfileUrn=urn%3Ali%3Afs_miniProfile%3AACoAAADLgn0B3-UR0tHOnlBcD_TgFewM4DsI8dE
INFO:root:29-07-2021:11:59:25||531020210|got linkedin response200
INFO:root:29-07-2021:11:59:25||531020210|Maurizio-Giglioli-Chief Marketing & Planning Officer
INFO:root:29-07-2021:11:59:45||531020212|zooinfo response200
INFO:root:29-07-2021:11:59:46||531020212|https://www.linkedin.com/in/francesco-montanari-0734092?miniProfileUrn=urn%3Ali%3Afs_miniProfile%3AACoAAABqjRcBILKdRrBb7Dfe2vnOHeaKi1XQ0KI
INFO:root:29-07-2021:11:59:46||531020212|got linkedin response200
INFO:root:29-07-2021:11:59:46||531020212|Francesco-Montanari-Chief Marketing Officer
INFO:root:29-07-2021:12:00:04||531020213|zooinfo response200
INFO:root:29-07-2021:12:00:11||531020213|got linkedin response200
INFO:root:29-07-2021:12:00:11||531020213|Alberto-Spinelli-Chief Marketing and Communications Officer - EMEA
INFO:root:29-07-2021:12:00:28||531020216|zooinfo response200
INFO:root:29-07-2021:12:00:28||531020216|https://www.linkedin.com/in/camilla-costaguta-6b239b17?miniProfileUrn=urn%3Ali%3Afs_miniProfile%3AACoAAANwOyYBjpqAxNbqd6dCkDPZwJwesjCUwoU
INFO:root:29-07-2021:12:00:29||531020216|got linkedin response200
INFO:root:29-07-2021:12:00:29||531020216|camilla-costaguta-Senior Consultant
INFO:root:29-07-2021:12:00:47||531020218|zooinfo response200
INFO:root:29-07-2021:12:00:48||531020218|https://www.linkedin.com/in/tommaso-vitali-5762463?miniProfileUrn=urn%3Ali%3Afs_miniProfile%3AACoAAACRt6oB4ZlZsqbm2X58NC_u8e6l6m5okZw
INFO:root:29-07-2021:12:00:49||531020218|got linkedin response200
INFO:root:29-07-2021:12:00:49||531020218|Tommaso-Vitali-Chief Marketing Officer
INFO:root:29-07-2021:12:01:08||531020219|zooinfo response200
INFO:root:29-07-2021:12:01:18||531020219|got linkedin response200
INFO:root:29-07-2021:12:01:18||531020219|Corinne-Vigreux-Raad van Advies - Economics & Business
INFO:root:29-07-2021:12:01:34||531020221|zooinfo response200
INFO:root:29-07-2021:12:01:46||531020221|got linkedin response200
INFO:root:29-07-2021:12:01:46||531020221|Pieter-de Geus-Managing Director
INFO:root:29-07-2021:12:02:00||531020223|zooinfo response200
INFO:root:29-07-2021:12:02:01||531020223|https://www.linkedin.com/in/stefpetit?miniProfileUrn=urn%3Ali%3Afs_miniProfile%3AACoAAACB5b0B8_rjuVdlU-jcxhHjt8cNcLdkj0I
INFO:root:29-07-2021:12:02:02||531020223|got linkedin response200
INFO:root:29-07-2021:12:02:02||531020223|Stef-Petit-Senior Consultant
INFO:root:29-07-2021:12:02:14||531020225|https://www.linkedin.com/in/tora-elisabeth-mellbye-5b14522?miniProfileUrn=urn%3Ali%3Afs_miniProfile%3AACoAAABr9dUBPIFKvrcd4d4uN028_vd43PWZhAs
INFO:root:29-07-2021:12:02:14||531020225|got linkedin response200
INFO:root:29-07-2021:12:02:14||531020225|Tora Elisabeth-Mellbye-CMO 
INFO:root:29-07-2021:12:02:37||531020226|zooinfo response200
INFO:root:29-07-2021:12:02:37||531020226|https://www.linkedin.com/in/camilla-haveland-81b6384?miniProfileUrn=urn%3Ali%3Afs_miniProfile%3AACoAAADONZcBOu4G8pE-sAUVZOO2QWQQ0uwJA30
INFO:root:29-07-2021:12:02:38||531020226|got linkedin response200
INFO:root:29-07-2021:12:02:38||531020226|Camilla-Haveland-Chief Marketing Officer (SVP)
INFO:root:29-07-2021:12:02:52||531020228|zooinfo response200
INFO:root:29-07-2021:12:02:53||531020228|https://www.linkedin.com/in/kjetil-stien-b279381?miniProfileUrn=urn%3Ali%3Afs_miniProfile%3AACoAAABQ608BHioWKE3bmodfre-xvfRl4abXAVo
INFO:root:29-07-2021:12:02:53||531020228|got linkedin response200
INFO:root:29-07-2021:12:02:53||531020228|Kjetil-Stien-Physician
INFO:root:29-07-2021:12:03:13||531020230|zooinfo response200
INFO:root:29-07-2021:12:03:14||531020230|https://www.linkedin.com/in/angelbonet?miniProfileUrn=urn%3Ali%3Afs_miniProfile%3AACoAAAARoskB2aEXDasEkL34JHh2UwDyDuVRvRY
INFO:root:29-07-2021:12:03:15||531020230|got linkedin response200
INFO:root:29-07-2021:12:03:15||531020230|Angel-Bonet-Miembro del comité de Sostenibilidad
INFO:root:29-07-2021:12:03:28||531020232|zooinfo response200
INFO:root:29-07-2021:12:03:29||531020232|https://www.linkedin.com/in/davidsandstrom?miniProfileUrn=urn%3Ali%3Afs_miniProfile%3AACoAAACOxkUBXEw6u2daf1w6xnWDD1OHU2rL6yQ
INFO:root:29-07-2021:12:03:30||531020232|got linkedin response200
INFO:root:29-07-2021:12:03:30||531020232|David-Sandstrom-Investor
INFO:root:29-07-2021:12:03:46||531020234|zooinfo response200
INFO:root:29-07-2021:12:03:46||531020234|https://www.linkedin.com/in/jordineves?miniProfileUrn=urn%3Ali%3Afs_miniProfile%3AACoAAABMsu8BKgt38Yfx2NnflKTc7Be6RrBvksI
INFO:root:29-07-2021:12:03:47||531020234|got linkedin response200
INFO:root:29-07-2021:12:03:47||531020234|Jordi-Neves-Chief Marketing Officer
INFO:root:29-07-2021:12:04:01||531020236|zooinfo response200
INFO:root:29-07-2021:12:04:03||531020236|https://www.linkedin.com/in/najohtitareid?miniProfileUrn=urn%3Ali%3Afs_miniProfile%3AACoAAABXIzYBq69D2QCAhL6nKxjbgzsI8OqRKok
INFO:root:29-07-2021:12:04:04||531020236|got linkedin response200
INFO:root:29-07-2021:12:04:04||531020236|Najoh-Tita-Reid-Global Chief Marketing Officer
INFO:root:29-07-2021:12:04:36||531020240|zooinfo response200
INFO:root:29-07-2021:12:04:46||531020240|got linkedin response200
INFO:root:29-07-2021:12:04:46||531020240|Carlo-Durrer-a.i. Head of External Quality
INFO:root:29-07-2021:12:05:05||531020242|zooinfo response200
INFO:root:29-07-2021:12:05:06||531020242|https://www.linkedin.com/in/christophefollonier?miniProfileUrn=urn%3Ali%3Afs_miniProfile%3AACoAAAosbi0BO515ZepNdq7VPPfBxl2dAUVHJ8Y
INFO:root:29-07-2021:12:05:07||531020242|got linkedin response200
INFO:root:29-07-2021:12:05:07||531020242|Christophe-Follonier-Chief Experience and Marketing Officer
INFO:root:29-07-2021:12:05:21||531020244|zooinfo response200
INFO:root:29-07-2021:12:05:22||531020244|https://www.linkedin.com/in/gregoirefracheboud?miniProfileUrn=urn%3Ali%3Afs_miniProfile%3AACoAAADkWdYBwDjxKeyn3So-0swBdyN1ZkeF2C0
INFO:root:29-07-2021:12:05:23||531020244|got linkedin response200
INFO:root:29-07-2021:12:05:23||531020244|Grégoire-Fracheboud-Directeur général Vente & Marketing (Chief Sales & Marketing Officer CSMO)
INFO:root:29-07-2021:12:05:43||531020248|got linkedin response200
INFO:root:29-07-2021:12:05:43||531020248|Olivier-Schaer-Director of Product Management
INFO:root:29-07-2021:12:05:57||531020253|zooinfo response200
INFO:root:29-07-2021:12:05:58||531020253|https://www.linkedin.com/in/verenaweber?miniProfileUrn=urn%3Ali%3Afs_miniProfile%3AACoAABfbVrwBREfnueSGVkugKgoqjFMozgtENNU
INFO:root:29-07-2021:12:05:59||531020253|got linkedin response200
INFO:root:29-07-2021:12:05:59||531020253|Verena-Weber-Chemical & CMO Bulk Planner currently assigned to Organon & CO
INFO:root:29-07-2021:12:06:13||531020256|zooinfo response200
INFO:root:29-07-2021:12:06:13||531020256|https://www.linkedin.com/in/erik-dosen?miniProfileUrn=urn%3Ali%3Afs_miniProfile%3AACoAAB-YqB0BFka49pgoZqf6cLGcSivT-3r38Q0
INFO:root:29-07-2021:12:06:14||531020256|got linkedin response200
INFO:root:29-07-2021:12:06:14||531020256|Erik-Došen-CMO Planner – Supply Chain Operations EMEA
INFO:root:29-07-2021:12:06:30||531020259|zooinfo response200
INFO:root:29-07-2021:12:06:31||531020259|https://www.linkedin.com/in/sophiebowkett?miniProfileUrn=urn%3Ali%3Afs_miniProfile%3AACoAAAiBlO4Bfz6BK62uOAndiImJS4A9HzGrNgQ
INFO:root:29-07-2021:12:06:32||531020259|got linkedin response200
INFO:root:29-07-2021:12:06:32||531020259|Sophie-Bowkett-Chief Marketing Officer
INFO:root:29-07-2021:12:06:46||531020263|zooinfo response200
INFO:root:29-07-2021:12:06:47||531020263|https://www.linkedin.com/in/chris-eappariello?miniProfileUrn=urn%3Ali%3Afs_miniProfile%3AACoAACZrcRoBu1CDE-_x86eSZDZUaGvyiEdVL_4
INFO:root:29-07-2021:12:06:47||531020263|got linkedin response200
INFO:root:29-07-2021:12:06:47||531020263|Chris-Eappariello-EVP Specialty Personal Lines International & CMO Personal Lines International
INFO:root:29-07-2021:12:07:04||531020267|zooinfo response200
INFO:root:29-07-2021:12:07:25||531020271|zooinfo response200
INFO:root:29-07-2021:12:07:33||531020271|got linkedin response200
INFO:root:29-07-2021:12:07:33||531020271|Heather-Valteris-CMO, International Markets
INFO:root:29-07-2021:12:07:51||531020274|zooinfo response200
INFO:root:29-07-2021:12:07:52||531020274|https://www.linkedin.com/in/meghancorbettfarren?miniProfileUrn=urn%3Ali%3Afs_miniProfile%3AACoAAAAThV0BPhl-xeDmLdtgkDHSAt-_mW7aPP4
INFO:root:29-07-2021:12:07:52||531020274|got linkedin response200
INFO:root:29-07-2021:12:07:52||531020274|Meghan-Farren-Fellow
INFO:root:29-07-2021:12:08:11||531020278|zooinfo response200
INFO:root:29-07-2021:12:08:13||531020278|https://www.linkedin.com/in/nikki-marsh-a0749222?miniProfileUrn=urn%3Ali%3Afs_miniProfile%3AACoAAASyvCcB5TWg6q4FMEXUkxxbrnuSMGcTiV4
INFO:root:29-07-2021:12:08:13||531020278|got linkedin response200
INFO:root:29-07-2021:12:08:13||531020278|nikki-marsh-Chief Brand & Marketing Officer
INFO:root:29-07-2021:12:08:28||531020281|zooinfo response200
INFO:root:29-07-2021:12:08:29||531020281|https://www.linkedin.com/in/wasana-wenbap-887b386b?miniProfileUrn=urn%3Ali%3Afs_miniProfile%3AACoAAA7woecBdaC-6J-bEj6o3cRhxwQ5Tc-j6c8
INFO:root:29-07-2021:12:08:30||531020281|got linkedin response200
INFO:root:29-07-2021:12:08:30||531020281|Wasana-Wenbap-EA to Chief Marketing and Communications Officer
INFO:root:29-07-2021:12:08:45||531020284|zooinfo response200
INFO:root:29-07-2021:12:08:55||531020284|got linkedin response200
INFO:root:29-07-2021:12:08:55||531020284|Mary-O'Connor-Chief Product & Marketing Officer
INFO:root:29-07-2021:12:09:09||531020289|zooinfo response200
INFO:root:29-07-2021:12:09:10||531020289|https://www.linkedin.com/in/anthony-knox-41b08316?miniProfileUrn=urn%3Ali%3Afs_miniProfile%3AACoAAAM2vpcBjy6BmNTOyEpFNgTkdr8xQyIC4BY
INFO:root:29-07-2021:12:09:11||531020289|got linkedin response200
INFO:root:29-07-2021:12:09:11||531020289|Anthony-Knox-Chief Marketing Officer
INFO:root:29-07-2021:12:09:25||531020292|zooinfo response200
INFO:root:29-07-2021:12:09:26||531020292|https://www.linkedin.com/in/selen-enver-a81b22a8?miniProfileUrn=urn%3Ali%3Afs_miniProfile%3AACoAABbyeYEBuAVvPTksGFYgjES4CwTJkudcL0I
INFO:root:29-07-2021:12:09:26||531020292|got linkedin response200
INFO:root:29-07-2021:12:09:26||531020292|Selen-Enver-EA to Chief Operations Officer and Brand & Marketing Director
INFO:root:29-07-2021:12:09:42||531020295|zooinfo response200
INFO:root:29-07-2021:12:09:52||531020295|got linkedin response200
INFO:root:29-07-2021:12:09:52||531020295|Claire-Hockin (she/her)-SVP & Chief Marketing Officer
INFO:root:29-07-2021:12:10:06||531020299|zooinfo response200
INFO:root:29-07-2021:12:10:07||531020299|https://www.linkedin.com/in/niki-patel-ea?miniProfileUrn=urn%3Ali%3Afs_miniProfile%3AACoAACVdcUgB-u1Zr_-ezWluQkEk-UMy9FfgqDw
INFO:root:29-07-2021:12:10:07||531020299|got linkedin response200
INFO:root:29-07-2021:12:10:07||531020299|Niki-Patel-Executive Assistant to Chief Marketing & Communications Officer
INFO:root:29-07-2021:12:10:25||531020302|zooinfo response200
INFO:root:29-07-2021:12:10:34||531020302|got linkedin response200
INFO:root:29-07-2021:12:10:34||531020302|Nick-Robinson-Chief Executive Officer
INFO:root:29-07-2021:12:10:52||531020305|zooinfo response200
INFO:root:29-07-2021:12:10:52||531020305|https://www.linkedin.com/in/samantha-jordan-1148934b?miniProfileUrn=urn%3Ali%3Afs_miniProfile%3AACoAAAqhfeABn7heI2lb-4AxPEoJlHe7R5O46oM
INFO:root:29-07-2021:12:10:53||531020305|got linkedin response200
INFO:root:29-07-2021:12:10:53||531020305|Samantha-Jordan-Executive Assistant to Chief Marketing Officer
INFO:root:29-07-2021:12:11:09||531060925|zooinfo response200
INFO:root:29-07-2021:12:11:10||531060925|https://www.linkedin.com/in/heikopackwitz?miniProfileUrn=urn%3Ali%3Afs_miniProfile%3AACoAAAFSEs0B8wLe8tVlSMhOkG1mjKMyYDPrPVc
INFO:root:29-07-2021:12:11:11||531060925|got linkedin response200
INFO:root:29-07-2021:12:11:11||531060925|Heiko-Packwitz-Chief Marketing & Communications Officer
INFO:root:29-07-2021:12:11:27||531060926|zooinfo response200
INFO:root:29-07-2021:12:11:28||531060926|https://www.linkedin.com/in/nurinagarcia?miniProfileUrn=urn%3Ali%3Afs_miniProfile%3AACoAAAKLQCoBjY4eURkDe4DdMeH-0mzjWzoClq4
INFO:root:29-07-2021:12:11:28||531060926|got linkedin response200
INFO:root:29-07-2021:12:11:28||531060926|Nuria-García-Chief Marketing Officer
INFO:root:29-07-2021:12:11:42||531060927|zooinfo response200
INFO:root:29-07-2021:12:11:43||531060927|https://www.linkedin.com/in/rrwwallace?miniProfileUrn=urn%3Ali%3Afs_miniProfile%3AACoAAADrljABfr0s8JH6tTwb8L1rdRrZxTj1Sa0
INFO:root:29-07-2021:12:11:44||531060927|got linkedin response200
INFO:root:29-07-2021:12:11:44||531060927|Richard-Wallace-Chief Digital and Information Officer
INFO:root:29-07-2021:12:12:00||531060928|zooinfo response200
INFO:root:29-07-2021:12:12:24||531060929|zooinfo response200
INFO:root:29-07-2021:12:12:25||531060929|https://www.linkedin.com/in/james-loder-a92b358?miniProfileUrn=urn%3Ali%3Afs_miniProfile%3AACoAAAGXXs4BnZt5k7JbePj2tnR66i1zo1ZpT3w
INFO:root:29-07-2021:12:12:25||531060929|got linkedin response200
INFO:root:29-07-2021:12:12:25||531060929|James-Loder-Chief Marketing Officer - UK Personal Lines
INFO:root:29-07-2021:12:12:45||531060930|zooinfo response200
INFO:root:29-07-2021:12:12:46||531060930|https://www.linkedin.com/in/jukkaheiska?miniProfileUrn=urn%3Ali%3Afs_miniProfile%3AACoAAADd4JcBTBQpEqdW4fFwEG_BgNieSa_YE_Y
INFO:root:29-07-2021:12:12:46||531060930|got linkedin response200
INFO:root:29-07-2021:12:12:46||531060930|Jukka-Heiska-CMO at Qvantel
INFO:root:29-07-2021:12:13:06||531060932|zooinfo response200
INFO:root:29-07-2021:12:13:07||531060932|https://www.linkedin.com/in/angela-lonely-a40492149?miniProfileUrn=urn%3Ali%3Afs_miniProfile%3AACoAACPYLFABEy7s_074ZQMbhAzY_nrTMYqiLT4
INFO:root:29-07-2021:12:13:07||531060932|got linkedin response200
INFO:root:29-07-2021:12:13:07||531060932|Angela-Lonely-CMO
INFO:root:29-07-2021:12:13:24||531060933|zooinfo response200
INFO:root:29-07-2021:12:13:36||531060933|got linkedin response200
INFO:root:29-07-2021:12:13:36||531060933|Katja-Hall-Chief Corporate Affars and Marketing Officer
INFO:root:29-07-2021:12:13:54||531060934|zooinfo response200
INFO:root:29-07-2021:12:13:55||531060934|https://www.linkedin.com/in/alastair-pegg-fcim-9944b82?miniProfileUrn=urn%3Ali%3Afs_miniProfile%3AACoAAABuBoABntiS1_Hz8lLiPrVKe1E8feMr7g4
INFO:root:29-07-2021:12:13:56||531060934|got linkedin response200
INFO:root:29-07-2021:12:13:56||531060934|Alastair-Pegg (FCIM)-Group CMO 
INFO:root:29-07-2021:12:14:12||531060935|zooinfo response200
INFO:root:29-07-2021:12:14:14||531060935|https://www.linkedin.com/in/james-frost-a457aa19?miniProfileUrn=urn%3Ali%3Afs_miniProfile%3AACoAAAPa11UBw_c7zGVZCttOGjPRzCAYgRImtUE
INFO:root:29-07-2021:12:14:14||531060935|got linkedin response200
INFO:root:29-07-2021:12:14:14||531060935|James-Frost-Chief Marketing Officer
INFO:root:29-07-2021:12:14:30||531060936|zooinfo response200
INFO:root:29-07-2021:12:14:31||531060936|https://www.linkedin.com/in/lucymurphyglobal?miniProfileUrn=urn%3Ali%3Afs_miniProfile%3AACoAAAM44KEBMmCHo9rGk94pmi5_dfXnqZ5Xh0U
INFO:root:29-07-2021:12:14:32||531060936|got linkedin response200
INFO:root:29-07-2021:12:14:32||531060936|Lucy-Murphy-Global Chief Marketing and Communications Officer
INFO:root:29-07-2021:12:14:51||531060937|zooinfo response200
INFO:root:29-07-2021:12:14:52||531060937|https://www.linkedin.com/in/damian-burleigh-47151a1?miniProfileUrn=urn%3Ali%3Afs_miniProfile%3AACoAAABBIxUB8LemWVK9KwkeE7zgRheyi2XXjJk
INFO:root:29-07-2021:12:14:53||531060937|got linkedin response200
INFO:root:29-07-2021:12:14:53||531060937|Damian-Burleigh-Chief Revenue & Marketing Officer
