INFO:root:12-07-2021:14:29:48||528119515|zooinfo response200
INFO:root:12-07-2021:14:29:59||528119515|got linkedin response200
INFO:root:12-07-2021:14:29:59||528119515|VISHAL-SARDANA-Executive Director
INFO:root:12-07-2021:14:30:10||528119517|zooinfo response200
INFO:root:12-07-2021:14:30:11||528119517|https://www.linkedin.com/in/mcbush?miniProfileUrn=urn%3Ali%3Afs_miniProfile%3AACoAAAnTUO0BzIGzAJi4B1gUgCZh6cBBwo2o694
INFO:root:12-07-2021:14:30:11||528119517|got linkedin response200
INFO:root:12-07-2021:14:30:11||528119517|Michael-Bush-Marketing Communications Manager
INFO:root:12-07-2021:14:30:25||528119520|zooinfo response200
INFO:root:12-07-2021:14:30:37||528119520|got linkedin response200
INFO:root:12-07-2021:14:30:37||528119520|Toby-Boatwright-Head Of Product Development (EMEA)
INFO:root:12-07-2021:14:30:49||528119523|zooinfo response200
INFO:root:12-07-2021:14:30:54||528119523|got linkedin response200
INFO:root:12-07-2021:14:30:54||528119523|Jack-Gage-Relationship Manager
INFO:root:12-07-2021:14:31:03||528119525|zooinfo response200
INFO:root:12-07-2021:14:31:04||528119525|https://www.linkedin.com/in/sabastiandyer?miniProfileUrn=urn%3Ali%3Afs_miniProfile%3AACoAAAlcugUBLGWTWPyD1Zr3FDPulByvPLvjvWc
INFO:root:12-07-2021:14:31:05||528119525|got linkedin response200
INFO:root:12-07-2021:14:31:05||528119525|Sabastian-Dyer-Interim Marketing Director
INFO:root:12-07-2021:14:31:17||528119528|zooinfo response200
INFO:root:12-07-2021:14:31:18||528119528|https://www.linkedin.com/in/owen-dommel-1325556?miniProfileUrn=urn%3Ali%3Afs_miniProfile%3AACoAAAEmE3YBLW33nR__AZnWT6xB5BBXsoLKcL0
INFO:root:12-07-2021:14:31:19||528119528|got linkedin response200
INFO:root:12-07-2021:14:31:19||528119528|Owen-Dommel-Director, Marketing Partnerships UK & EMEA, The Walt Disney Studios
INFO:root:12-07-2021:14:31:35||528119530|zooinfo response200
INFO:root:12-07-2021:14:31:44||528119530|got linkedin response200
INFO:root:12-07-2021:14:31:44||528119530|Steve-Bidwell-VP Account Management
INFO:root:12-07-2021:14:31:56||528119533|zooinfo response200
INFO:root:12-07-2021:14:31:57||528119533|https://www.linkedin.com/in/maria-rigou-177499?miniProfileUrn=urn%3Ali%3Afs_miniProfile%3AACoAAAASRqsB8RZiKokNBE4PqsbgNKOS_mEepBw
INFO:root:12-07-2021:14:31:57||528119533|got linkedin response200
INFO:root:12-07-2021:14:31:57||528119533|Maria-Rigou-Operations Director, Sales
INFO:root:12-07-2021:14:32:08||528119535|zooinfo response200
INFO:root:12-07-2021:14:32:09||528119535|https://www.linkedin.com/in/spawtonriceadam?miniProfileUrn=urn%3Ali%3Afs_miniProfile%3AACoAAATRCCIBoyo_s_E-d2diUdBT0Cx2jWDsAyo
INFO:root:12-07-2021:14:32:09||528119535|got linkedin response200
INFO:root:12-07-2021:14:32:10||528119535|Adam (he/him)-Spawton-Rice \U0001f961-Global Content marketing manager
INFO:root:12-07-2021:14:32:24||528119538|zooinfo response200
INFO:root:12-07-2021:14:32:29||528119538|got linkedin response200
INFO:root:12-07-2021:14:32:29||528119538|Nikki-Genders-Head Of Internal Communications
INFO:root:12-07-2021:14:32:41||528119541|zooinfo response200
INFO:root:12-07-2021:14:32:48||528119541|got linkedin response200
INFO:root:12-07-2021:14:32:48||528119541|TAILANG-BU-Category Marketing Manager - Laundry
INFO:root:12-07-2021:14:33:00||528119544|zooinfo response200
INFO:root:12-07-2021:14:33:01||528119544|https://www.linkedin.com/in/lee-jenson-5535231b0?miniProfileUrn=urn%3Ali%3Afs_miniProfile%3AACoAADEy9U8BPED3iBUM0McLbZfbu9SM2HoWO1g
INFO:root:12-07-2021:14:33:01||528119544|got linkedin response200
INFO:root:12-07-2021:14:33:01||528119544|Lee-Jenson-Marketing Director
INFO:root:12-07-2021:14:33:17||528119546|zooinfo response200
INFO:root:12-07-2021:14:33:18||528119546|https://www.linkedin.com/in/andy-tapley-67624269?miniProfileUrn=urn%3Ali%3Afs_miniProfile%3AACoAAA5zfToBLZOqu23-aYF6X3sP_bnrLjvXBlc
INFO:root:12-07-2021:14:33:18||528119546|got linkedin response200
INFO:root:12-07-2021:14:33:18||528119546|Andy-Tapley-Business Process and Systems Manager
INFO:root:12-07-2021:14:33:26||528119548|zooinfo response200
INFO:root:12-07-2021:14:33:27||528119548|https://www.linkedin.com/in/isobel-galvin-230408a2?miniProfileUrn=urn%3Ali%3Afs_miniProfile%3AACoAABXGB0QBkLyxJh0N2QegRLjxNtRONrK4a0I
INFO:root:12-07-2021:14:33:27||528119548|got linkedin response200
INFO:root:12-07-2021:14:33:27||528119548|Isobel-Galvin-Shopper Marketing Manager
INFO:root:12-07-2021:14:33:36||528119550|zooinfo response200
INFO:root:12-07-2021:14:33:37||528119550|https://www.linkedin.com/in/xs2soni?miniProfileUrn=urn%3Ali%3Afs_miniProfile%3AACoAAAD5licBKe9fNBW8L93pbFjKuR-s2xctPWA
INFO:root:12-07-2021:14:33:38||528119550|got linkedin response200
INFO:root:12-07-2021:14:33:38||528119550|Dharmendra-Soni-ASIC Design Manager
INFO:root:12-07-2021:14:33:48||528119553|zooinfo response200
INFO:root:12-07-2021:14:33:57||528119553|got linkedin response200
INFO:root:12-07-2021:14:33:57||528119553|Richard-Baker (MCIOB)-Senior Design Manager
INFO:root:12-07-2021:14:34:04||528119555|zooinfo response200
INFO:root:12-07-2021:14:34:05||528119555|https://www.linkedin.com/in/nina-sargeant-703a8b26?miniProfileUrn=urn%3Ali%3Afs_miniProfile%3AACoAAAV_rjMBHycvk_9uWVaIKgJ5GTygLl0LDWA
INFO:root:12-07-2021:14:34:06||528119555|got linkedin response200
INFO:root:12-07-2021:14:34:06||528119555|nina-sargeant-Brand Operations Manager
INFO:root:12-07-2021:14:34:17||528119557|zooinfo response200
INFO:root:12-07-2021:14:34:18||528119557|https://www.linkedin.com/in/leah-mccormack-05bb7835?miniProfileUrn=urn%3Ali%3Afs_miniProfile%3AACoAAAd4QUcBvfTYiGa80L4Cj_rdHohdbd_8TkE
INFO:root:12-07-2021:14:34:19||528119557|got linkedin response200
INFO:root:12-07-2021:14:34:19||528119557|Leah-McCormack-EA & Operations 
INFO:root:12-07-2021:14:34:30||528119560|zooinfo response200
INFO:root:12-07-2021:14:34:31||528119560|https://www.linkedin.com/in/mark-elsley-03919613?miniProfileUrn=urn%3Ali%3Afs_miniProfile%3AACoAAAKyPa0BJdfJ-ZyCECL-Hd3FKZTxfMXsXXs
INFO:root:12-07-2021:14:34:31||528119560|got linkedin response200
INFO:root:12-07-2021:14:34:31||528119560|Mark-Elsley-Director, Clinical Data Management
INFO:root:12-07-2021:14:34:42||528119562|zooinfo response200
INFO:root:12-07-2021:14:34:52||528119562|got linkedin response200
INFO:root:12-07-2021:14:34:52||528119562|Alia Sirina-Hawa-Managing Director UK & Ireland
INFO:root:12-07-2021:14:35:06||528119564|zooinfo response200
INFO:root:12-07-2021:14:35:06||528119564|https://www.linkedin.com/in/dr-markus-schmitz?miniProfileUrn=urn%3Ali%3Afs_miniProfile%3AACoAACkIeg8BplZNu8ULozyBl3QXcB5dre0hE14
INFO:root:12-07-2021:14:35:07||528119564|got linkedin response200
INFO:root:12-07-2021:14:35:07||528119564|Markus-Schmitz-CIO
INFO:root:12-07-2021:14:35:19||528119566|zooinfo response200
INFO:root:12-07-2021:14:35:20||528119566|https://www.linkedin.com/in/marcohasselmann?miniProfileUrn=urn%3Ali%3Afs_miniProfile%3AACoAABSZe5cB-HLPzGUbivGJDAy8rxRaZHTgOL0
INFO:root:12-07-2021:14:35:21||528119566|got linkedin response200
INFO:root:12-07-2021:14:35:21||528119566|Marco-Hasselmann-SVP Marketing
INFO:root:12-07-2021:14:35:31||528119568|zooinfo response200
INFO:root:12-07-2021:14:35:36||528119568|got linkedin response200
INFO:root:12-07-2021:14:35:36||528119568|Peter-Juschitz-COO & CTO | Vorstand Operations & Research and Development
INFO:root:12-07-2021:14:35:51||528119570|zooinfo response200
INFO:root:12-07-2021:14:36:08||528119573|zooinfo response200
INFO:root:12-07-2021:14:36:08||528119573|https://www.linkedin.com/in/felix-janzen-57a34924?miniProfileUrn=urn%3Ali%3Afs_miniProfile%3AACoAAAUIp-4BZgrfYbwZpNMs56K_IPxIPF2iGAU
INFO:root:12-07-2021:14:36:09||528119573|got linkedin response200
INFO:root:12-07-2021:14:36:09||528119573|Felix-Janzen-Marketing Director
INFO:root:12-07-2021:14:36:19||528119575|zooinfo response200
INFO:root:12-07-2021:14:36:21||528119575|https://www.linkedin.com/in/piadetjen?miniProfileUrn=urn%3Ali%3Afs_miniProfile%3AACoAAAW0BBQBQmWl4CrrxrD078tT0lmGJIuaCm4
INFO:root:12-07-2021:14:36:21||528119575|got linkedin response200
INFO:root:12-07-2021:14:36:21||528119575|Pia-Detjen-Senior Marketing Manager
INFO:root:12-07-2021:14:36:32||528119578|zooinfo response200
INFO:root:12-07-2021:14:36:33||528119578|https://www.linkedin.com/in/chloe-hsiao-3735388b?miniProfileUrn=urn%3Ali%3Afs_miniProfile%3AACoAABMfVwcBPhJWqhpuZbNjo-JIv3XwnAc0B5E
INFO:root:12-07-2021:14:36:33||528119578|got linkedin response200
INFO:root:12-07-2021:14:36:33||528119578|Chloe-Hsiao-European Marketing Manager
INFO:root:12-07-2021:14:36:44||528119581|zooinfo response200
INFO:root:12-07-2021:14:36:48||528119581|got linkedin response200
INFO:root:12-07-2021:14:36:48||528119581|Torsten-Frohner-CFO PRETTL Electronics Division
INFO:root:12-07-2021:14:37:04||528119583|zooinfo response200
INFO:root:12-07-2021:14:37:14||528119583|got linkedin response200
INFO:root:12-07-2021:14:37:14||528119583|Deniz-Kekeç-Performance Marketing Manager 
INFO:root:12-07-2021:14:37:22||528119585|zooinfo response200
INFO:root:12-07-2021:14:37:23||528119585|https://www.linkedin.com/in/fundayakin?miniProfileUrn=urn%3Ali%3Afs_miniProfile%3AACoAAALGcXYB7w19FbjD4muC-7q3o5oHOht3co8
INFO:root:12-07-2021:14:37:24||528119585|got linkedin response200
INFO:root:12-07-2021:14:37:24||528119585|Funda-Yakin-Director Media & Market Development
INFO:root:12-07-2021:14:37:37||528119587|zooinfo response200
INFO:root:12-07-2021:14:37:43||528119587|got linkedin response200
INFO:root:12-07-2021:14:37:43||528119587|Meijia-Jiang-Senior Marketing Manager - Digital Video & TV
INFO:root:12-07-2021:14:37:58||528119589|zooinfo response200
INFO:root:12-07-2021:14:38:08||528119589|got linkedin response200
INFO:root:12-07-2021:14:38:08||528119589|André-Ziller-Senior Online Marketing Manager
INFO:root:12-07-2021:14:38:21||528119592|zooinfo response200
INFO:root:12-07-2021:14:38:26||528119592|got linkedin response200
INFO:root:12-07-2021:14:38:26||528119592|Anastasiya-Bahdanava-Key Account Marketing Manager
INFO:root:12-07-2021:14:38:37||528119594|zooinfo response200
INFO:root:12-07-2021:14:38:45||528119594|got linkedin response200
INFO:root:12-07-2021:14:38:45||528119594|Wiebke-Scharnhop-Mobile Marketing Manager
INFO:root:12-07-2021:14:38:45||528119594|error in extracting contactsingle positional indexer is out-of-bounds
INFO:root:12-07-2021:14:39:01||528119596|zooinfo response200
INFO:root:12-07-2021:14:39:11||528119596|got linkedin response200
INFO:root:12-07-2021:14:39:11||528119596|Sven-Miketta-Head of Social Networks Advertising
INFO:root:12-07-2021:14:39:26||528119599|zooinfo response200
INFO:root:12-07-2021:14:39:36||528119599|got linkedin response200
INFO:root:12-07-2021:14:39:36||528119599|Sandra-Diezel-Senior Mobile Marketing Manager
INFO:root:12-07-2021:14:39:44||528119601|zooinfo response200
INFO:root:12-07-2021:14:40:06||528119602|zooinfo response200
INFO:root:12-07-2021:14:40:15||528119602|got linkedin response200
INFO:root:12-07-2021:14:40:15||528119602|André-Luitjens-Senior Performance Marketing Manager 
INFO:root:12-07-2021:14:40:31||528119603|zooinfo response200
INFO:root:12-07-2021:14:40:39||528119603|got linkedin response200
INFO:root:12-07-2021:14:40:39||528119603|Christian-Pern-Chief Marketing Officer
INFO:root:12-07-2021:14:40:52||528119604|zooinfo response200
INFO:root:12-07-2021:14:40:59||528119604|got linkedin response200
INFO:root:12-07-2021:14:40:59||528119604|error in extracting contact'companyUrn'
INFO:root:12-07-2021:14:41:08||528120975|zooinfo response200
INFO:root:12-07-2021:14:41:18||528120975|got linkedin response403
INFO:root:12-07-2021:14:41:18||528120975|error in extracting contact'$type'
INFO:root:12-07-2021:14:41:32||528120976|zooinfo response200
INFO:root:12-07-2021:14:41:33||528120976|https://www.linkedin.com/in/laurent-bernard-192696a?miniProfileUrn=urn%3Ali%3Afs_miniProfile%3AACoAAAHhan4BHpAoLnvRPEvRk9zAOPf7DYyjsKk
INFO:root:12-07-2021:14:41:34||528120976|got linkedin response200
INFO:root:12-07-2021:14:41:34||528120976|Laurent-Bernard-Trade marketing manager
INFO:root:12-07-2021:14:41:42||528120977|zooinfo response200
INFO:root:12-07-2021:14:41:43||528120977|https://www.linkedin.com/in/emmanuel-dard-97308621?miniProfileUrn=urn%3Ali%3Afs_miniProfile%3AACoAAAR1xecBtr1_0_xpAeSw7kEsyuoXpOK6SzI
INFO:root:12-07-2021:14:41:44||528120977|got linkedin response200
INFO:root:12-07-2021:14:41:44||528120977|error in extracting contact'dateRange'
INFO:root:12-07-2021:14:41:57||528120978|zooinfo response200
INFO:root:12-07-2021:14:42:09||528120978|got linkedin response200
INFO:root:12-07-2021:14:42:09||528120978|Adrien-PASCAL-Director of Innovation & Technology
INFO:root:12-07-2021:14:42:25||528120979|zooinfo response200
INFO:root:12-07-2021:14:42:25||528120979|https://www.linkedin.com/in/agnes-dumesges-b30a6b78?miniProfileUrn=urn%3Ali%3Afs_miniProfile%3AACoAABCH7pQBA-j4kuBJAwEQh1YyE4-UdsHzL_s
INFO:root:12-07-2021:14:42:26||528120979|got linkedin response200
INFO:root:12-07-2021:14:42:26||528120979|Agnes-Dumesges-VP Product Marketing
INFO:root:12-07-2021:14:42:49||528120980|zooinfo response429
INFO:root:12-07-2021:14:42:54||528120980|got linkedin response200
INFO:root:12-07-2021:14:42:54||528120980|Flabia-Mestre-Directrice de la Communication Afrique & Proche Orient
INFO:root:12-07-2021:14:43:12||528120981|zooinfo response200
INFO:root:12-07-2021:14:43:13||528120981|https://www.linkedin.com/in/pierregelin?miniProfileUrn=urn%3Ali%3Afs_miniProfile%3AACoAAApZohkBJ_Vu_224k8AlIWy0oRaIS6xL5H8
INFO:root:12-07-2021:14:43:13||528120981|got linkedin response200
INFO:root:12-07-2021:14:43:13||528120981|Pierre-Astier Gelin-International Retail Marketing Project Manager
INFO:root:12-07-2021:14:43:33||528120982|zooinfo response200
INFO:root:12-07-2021:14:43:34||528120982|https://www.linkedin.com/in/suedewavrin?miniProfileUrn=urn%3Ali%3Afs_miniProfile%3AACoAAAPpXsMBMFTMVzLC3ppGDu8dnFAwbDy8hVg
INFO:root:12-07-2021:14:43:35||528120982|got linkedin response200
INFO:root:12-07-2021:14:43:35||528120982|Susan-Dewavrin-Brand Campaigns Manager
INFO:root:12-07-2021:14:43:42||528120983|zooinfo response200
INFO:root:12-07-2021:14:43:43||528120983|https://www.linkedin.com/in/david-depret-0a53835?miniProfileUrn=urn%3Ali%3Afs_miniProfile%3AACoAAADx0L0BdozKK3nQMwHxh5smj6YQMA9YgLA
INFO:root:12-07-2021:14:43:44||528120983|got linkedin response200
INFO:root:12-07-2021:14:43:44||528120983|David-Depret-Experiential Events Senior Manager 
INFO:root:12-07-2021:14:44:05||528120984|zooinfo response403
INFO:root:12-07-2021:14:44:06||528120984|https://www.linkedin.com/in/sharon-villaret-359737a?miniProfileUrn=urn%3Ali%3Afs_miniProfile%3AACoAAAHjWDUBthwENoL6eMRYNKvZGaxK3_onbm4
INFO:root:12-07-2021:14:44:06||528120984|got linkedin response200
INFO:root:12-07-2021:14:44:06||528120984|Sharon-Villaret-Communication & Marketing Manger  
INFO:root:12-07-2021:14:44:28||528120985|zooinfo response403
INFO:root:12-07-2021:14:44:29||528120985|https://www.linkedin.com/in/nelly-dimey-b3aa572?miniProfileUrn=urn%3Ali%3Afs_miniProfile%3AACoAAACC4p4BNxgONzgcTkVw3K5MOlErbPfzaOc
INFO:root:12-07-2021:14:44:30||528120985|got linkedin response200
INFO:root:12-07-2021:14:44:30||528120985|Nelly-DIMEY-Media Communications Director
INFO:root:12-07-2021:14:44:50||528120986|zooinfo response403
INFO:root:12-07-2021:14:45:02||528120986|got linkedin response200
INFO:root:12-07-2021:14:45:02||528120986|error in extracting contact'companyUrn'
INFO:root:12-07-2021:14:45:28||528120987|zooinfo response403
INFO:root:12-07-2021:14:45:28||528120987|https://www.linkedin.com/in/marie-christine-perera-00163b40?miniProfileUrn=urn%3Ali%3Afs_miniProfile%3AACoAAAijBUEBUCdSrBHK2q9s7z6wnU0_stn1h8w
INFO:root:12-07-2021:14:45:29||528120987|got linkedin response200
INFO:root:12-07-2021:14:45:29||528120987|error in extracting contact'companyUrn'
INFO:root:12-07-2021:14:45:49||528120988|zooinfo response429
INFO:root:12-07-2021:14:45:56||528120988|got linkedin response200
INFO:root:12-07-2021:14:45:56||528120988|error in extracting contact'dateRange'
INFO:root:12-07-2021:14:46:17||528120990|zooinfo response403
INFO:root:12-07-2021:14:46:17||528120990|https://www.linkedin.com/in/corentinsharpe?miniProfileUrn=urn%3Ali%3Afs_miniProfile%3AACoAACA6LpgBLSVHJMuEkuQdKfyaT9hQP6rhjU0
INFO:root:12-07-2021:14:46:18||528120990|got linkedin response200
INFO:root:12-07-2021:14:46:18||528120990|Corentin-SHARPE-IT Product Manager
INFO:root:12-07-2021:14:46:36||528120991|zooinfo response429
INFO:root:12-07-2021:14:46:37||528120991|https://www.linkedin.com/in/michel-bakowski-a7284113b?miniProfileUrn=urn%3Ali%3Afs_miniProfile%3AACoAACIeILYB_lTsWF70T0sc197DsfM2FzDvZ0M
INFO:root:12-07-2021:14:46:38||528120991|got linkedin response200
INFO:root:12-07-2021:14:46:38||528120991|Michel-BAKOWSKI-Head of IT For IT
INFO:root:12-07-2021:14:47:00||528120992|zooinfo response403
INFO:root:12-07-2021:14:47:01||528120992|https://www.linkedin.com/in/emmanuel-roux-a4bb6a6?miniProfileUrn=urn%3Ali%3Afs_miniProfile%3AACoAAAE9U1sB62z8PkCwRuCj1qLsf_iuUcW_Vo0
INFO:root:12-07-2021:14:47:02||528120992|got linkedin response200
INFO:root:12-07-2021:14:47:02||528120992|Emmanuel-Roux-Information Technology Infrastructure and Security Manager
INFO:root:12-07-2021:14:47:23||528120993|zooinfo response403
INFO:root:12-07-2021:14:47:24||528120993|https://www.linkedin.com/in/cguibert1?miniProfileUrn=urn%3Ali%3Afs_miniProfile%3AACoAAAmEKOgBkVYlnhOd60_V4sMCHahT397NDeA
INFO:root:12-07-2021:14:47:24||528120993|got linkedin response200
INFO:root:12-07-2021:14:47:25||528120993|Cyril-Guibert-IT Process Manager
INFO:root:12-07-2021:14:47:48||528120994|zooinfo response403
INFO:root:12-07-2021:14:47:48||528120994|https://www.linkedin.com/in/selim-yurdusev-77545ab1?miniProfileUrn=urn%3Ali%3Afs_miniProfile%3AACoAABe83MkB9vYHbZUVJUj8WmHLl2RfCB8mOds
INFO:root:12-07-2021:14:47:49||528120994|got linkedin response200
INFO:root:12-07-2021:14:47:49||528120994|Selim-YURDUSEV-IT SYSTEMS MANAGER
INFO:root:12-07-2021:14:48:13||528120995|zooinfo response403
INFO:root:12-07-2021:14:48:14||528120995|https://www.linkedin.com/in/danielhomobono?miniProfileUrn=urn%3Ali%3Afs_miniProfile%3AACoAAAscRIYB8ecxIrCSl87d1oHl1aqAZEe3x54
INFO:root:12-07-2021:14:48:14||528120995|got linkedin response200
INFO:root:12-07-2021:14:48:14||528120995|Daniel-Homobono Peralta-Marketing Manager
INFO:root:12-07-2021:14:48:34||528120996|zooinfo response403
INFO:root:12-07-2021:14:48:34||528120996|https://www.linkedin.com/in/maria-miralles-692a06b?miniProfileUrn=urn%3Ali%3Afs_miniProfile%3AACoAAAIbVE4BGGMq2FnYqOiQyNWuwWlwzSelnC0
INFO:root:12-07-2021:14:48:35||528120996|got linkedin response200
INFO:root:12-07-2021:14:48:35||528120996|Maria-Miralles-Head of Digital Marketing for B2B
INFO:root:12-07-2021:14:48:57||528120997|zooinfo response429
INFO:root:12-07-2021:14:48:58||528120997|https://www.linkedin.com/in/anna-murga-6435865?miniProfileUrn=urn%3Ali%3Afs_miniProfile%3AACoAAAD5gBMBAnu4kvwDZYZ4ZTDivKFr3F7tA9I
INFO:root:12-07-2021:14:48:59||528120997|got linkedin response200
INFO:root:12-07-2021:14:48:59||528120997|Anna-Murga-Marketing & Brand activation Manager Fotocasa Pro
INFO:root:12-07-2021:14:49:22||528120998|zooinfo response403
INFO:root:12-07-2021:14:49:22||528120998|https://www.linkedin.com/in/bechirsegni?miniProfileUrn=urn%3Ali%3Afs_miniProfile%3AACoAAAr2I0QBJplrMCJgNQpzfxDmC3dPgKp6wxE
INFO:root:12-07-2021:14:49:23||528120998|got linkedin response200
INFO:root:12-07-2021:14:49:23||528120998|Bechir-Segni-Product Marketing Manager
INFO:root:12-07-2021:14:49:52||528121602|zooinfo response403
INFO:root:12-07-2021:14:49:53||528121602|https://www.linkedin.com/in/carolrhead?miniProfileUrn=urn%3Ali%3Afs_miniProfile%3AACoAAAXiXuEB1BoVRuo289whrJ2AyjXtb8Dc7GY
INFO:root:12-07-2021:14:49:53||528121602|got linkedin response200
INFO:root:12-07-2021:14:49:53||528121602|CAROL-RHEAD-Head of Marketing
INFO:root:12-07-2021:14:50:16||528121608|zooinfo response403
INFO:root:12-07-2021:14:50:18||528121608|https://www.linkedin.com/in/laura-graham-clare?miniProfileUrn=urn%3Ali%3Afs_miniProfile%3AACoAAAxlW-8BmWgTDNGK5sbuC1tEsqi5CFVXQJ4
INFO:root:12-07-2021:14:50:18||528121608|got linkedin response200
INFO:root:12-07-2021:14:50:18||528121608|Laura-Graham-Clare-Head of Community Content
INFO:root:12-07-2021:14:50:42||528121612|zooinfo response403
INFO:root:12-07-2021:14:50:47||528121612|got linkedin response200
INFO:root:12-07-2021:14:50:47||528121612|Sarah-Cooper-Sr. Customer Marketing Manager 
INFO:root:12-07-2021:14:51:11||528121614|zooinfo response403
INFO:root:12-07-2021:14:51:12||528121614|https://www.linkedin.com/in/rossaperry?miniProfileUrn=urn%3Ali%3Afs_miniProfile%3AACoAACGgiZ4BAaoNr1HPtTEXrXRR7Zjq6JX2jgg
INFO:root:12-07-2021:14:51:13||528121614|got linkedin response200
INFO:root:12-07-2021:14:51:13||528121614|Ross-Perry-Senior Account Executive
INFO:root:12-07-2021:14:51:37||528121619|zooinfo response403
INFO:root:12-07-2021:14:51:38||528121619|https://www.linkedin.com/in/sarahmarshall3?miniProfileUrn=urn%3Ali%3Afs_miniProfile%3AACoAAALWcW8BoHJ1f2W5EzKutUmEo19pJ84lZyQ
INFO:root:12-07-2021:14:51:38||528121619|got linkedin response200
INFO:root:12-07-2021:14:51:39||528121619|Sarah-Marshall-Global Senior Director of Audience Development, Social Media and Analytics | VOGUE 
INFO:root:12-07-2021:14:51:58||528121621|zooinfo response429
INFO:root:12-07-2021:14:52:28||528121624|zooinfo response403
INFO:root:12-07-2021:14:52:33||528121624|got linkedin response200
INFO:root:12-07-2021:14:52:33||528121624|Dave-Marsh-Head of Social Media Insights & Governance
INFO:root:12-07-2021:14:52:55||528121626|zooinfo response403
INFO:root:12-07-2021:14:52:56||528121626|https://www.linkedin.com/in/jonathanpearsonhyperpath?miniProfileUrn=urn%3Ali%3Afs_miniProfile%3AACoAABZcFHYBwDk1PZdHIhIXV-awGC3z7bIqAi4
INFO:root:12-07-2021:14:52:57||528121626|got linkedin response200
INFO:root:12-07-2021:14:52:57||528121626|Jonathan-Pearson-Ecommerce Project Manager
INFO:root:12-07-2021:14:53:13||528121628|zooinfo response403
INFO:root:12-07-2021:14:53:14||528121628|https://www.linkedin.com/in/hannah-lee-b4176789?miniProfileUrn=urn%3Ali%3Afs_miniProfile%3AACoAABLMv6EBa9Jm1oBC025dkdNrnmtlx39pVyU
INFO:root:12-07-2021:14:53:15||528121628|got linkedin response200
INFO:root:12-07-2021:14:53:15||528121628|Hannah-Lee-Senior Brand Manager - Specialty Care
INFO:root:12-07-2021:14:53:37||528121630|zooinfo response403
INFO:root:12-07-2021:14:54:03||528121631|zooinfo response403
INFO:root:12-07-2021:14:54:13||528121631|got linkedin response200
INFO:root:12-07-2021:14:54:13||528121631|Andrea-Stopher-Shopper Marketing Manager
INFO:root:12-07-2021:14:54:33||528121636|zooinfo response403
INFO:root:12-07-2021:14:54:33||528121636|https://www.linkedin.com/in/karys-kennedy-a533501b?miniProfileUrn=urn%3Ali%3Afs_miniProfile%3AACoAAAQk7t8BYSdyRvaqed1As_c9E4umxJFVfeg
INFO:root:12-07-2021:14:54:34||528121636|got linkedin response200
INFO:root:12-07-2021:14:54:34||528121636|Karys-Kennedy-Senior Brand Strategy Manager
INFO:root:12-07-2021:14:54:56||528121640|zooinfo response403
INFO:root:12-07-2021:14:54:57||528121640|https://www.linkedin.com/in/james-hartley-5b010a31?miniProfileUrn=urn%3Ali%3Afs_miniProfile%3AACoAAAaZ4tQBivxaM1MmaBPwIT5HwjTq0c2dIQk
INFO:root:12-07-2021:14:54:57||528121640|got linkedin response200
INFO:root:12-07-2021:14:54:57||528121640|James-Hartley-Applications and Marketing Manager (Software and Marketing)
INFO:root:12-07-2021:14:55:21||528121641|zooinfo response403
INFO:root:12-07-2021:14:55:22||528121641|https://www.linkedin.com/in/david-rawlinson-080250a1?miniProfileUrn=urn%3Ali%3Afs_miniProfile%3AACoAABWSPWABFdSeuHnDD0J9jziL3boMrL0w6_w
INFO:root:12-07-2021:14:55:22||528121641|got linkedin response200
INFO:root:12-07-2021:14:55:22||528121641|error in extracting contact'dateRange'
INFO:root:12-07-2021:14:55:42||528121642|zooinfo response403
INFO:root:12-07-2021:14:55:43||528121642|https://www.linkedin.com/in/thomas-ley-wilson-265b94115?miniProfileUrn=urn%3Ali%3Afs_miniProfile%3AACoAABzUSW0BY6THCA-Y-nLjDBl3s8_SHB4s9uQ
INFO:root:12-07-2021:14:55:43||528121642|got linkedin response200
INFO:root:12-07-2021:14:55:43||528121642|Thomas-Ley-Wilson-IT Service Manager
