INFO:root:03-08-2021:08:00:22||531450392|zooinfo response403
INFO:root:03-08-2021:08:00:29||531450392|got linkedin response200
INFO:root:03-08-2021:08:00:29||531450392|Frédéric-COEVOET-Responsable de Service Run & Opérations IT
INFO:root:03-08-2021:08:00:39||531450393|zooinfo response403
INFO:root:03-08-2021:08:00:47||531450393|got linkedin response200
INFO:root:03-08-2021:08:00:47||531450393|Olivier-DUTRAY-Sales and Marketing Director
INFO:root:03-08-2021:08:01:05||531450394|zooinfo response200
INFO:root:03-08-2021:08:01:06||531450394|https://www.linkedin.com/in/jean-baptiste-humann-995b3a?miniProfileUrn=urn%3Ali%3Afs_miniProfile%3AACoAAAArAAEB1gT9SWzsngY53qS0Apw3uO7ZdlU
INFO:root:03-08-2021:08:01:06||531450394|got linkedin response200
INFO:root:03-08-2021:08:01:06||531450394|Jean-Baptiste-Humann-Regional President EMEA
INFO:root:03-08-2021:08:01:25||531450395|zooinfo response200
INFO:root:03-08-2021:08:01:26||531450395|https://www.linkedin.com/in/bruno-delavelle?miniProfileUrn=urn%3Ali%3Afs_miniProfile%3AACoAAABJoZABjy9gx9Z45uRu-SMQbZQlhbmP2W0
INFO:root:03-08-2021:08:01:27||531450395|got linkedin response200
INFO:root:03-08-2021:08:01:27||531450395|Bruno-Delavelle-Chief Information Officer
INFO:root:03-08-2021:08:02:55||531450396|zooinfo errorHTTPSConnectionPool(host='www.dnb.com', port=443): Max retries exceeded with url: /business-directory/company-profiles.cromology_research__industry_nord.a2b2c79e7f9b0484c3b57c7f73872629.html (Caused by ProxyError('Cannot connect to proxy.', RemoteDisconnected('Remote end closed connection without response')))
INFO:root:03-08-2021:08:02:56||531450396|https://www.linkedin.com/in/gwenaelleretourne?miniProfileUrn=urn%3Ali%3Afs_miniProfile%3AACoAAAA87NYBeDpn3CyCgMj-EW2ewsMoeIVaOso
INFO:root:03-08-2021:08:02:56||531450396|got linkedin response200
INFO:root:03-08-2021:08:02:56||531450396|Gwénaëlle-Retourné-Marketing and Sales Development Director Zolpan &  Technical Support Director Cromology
INFO:root:03-08-2021:08:03:13||531450397|zooinfo response200
INFO:root:03-08-2021:08:03:14||531450397|https://www.linkedin.com/in/johan-bouilly-8a86a2156?miniProfileUrn=urn%3Ali%3Afs_miniProfile%3AACoAACV6JIAB_NRsADsCCtnjotQktAgcdyN6RcU
INFO:root:03-08-2021:08:03:15||531450397|got linkedin response200
INFO:root:03-08-2021:08:03:15||531450397|Johan-BOUILLY-Responsable des systèmes d'information
INFO:root:03-08-2021:08:05:16||531450398|zooinfo errorHTTPSConnectionPool(host='www.dnb.com', port=443): Max retries exceeded with url: /business-directory/company-profiles.cromology_research__industry_nord.a2b2c79e7f9b0484c3b57c7f73872629.html (Caused by ProxyError('Cannot connect to proxy.', RemoteDisconnected('Remote end closed connection without response')))
INFO:root:03-08-2021:08:05:16||531450398|https://www.linkedin.com/in/philippe-lederman-272706156?miniProfileUrn=urn%3Ali%3Afs_miniProfile%3AACoAACV63fYBWmuX4gRXBgGd-regeGd-ldPyFx0
INFO:root:03-08-2021:08:05:17||531450398|got linkedin response200
INFO:root:03-08-2021:08:05:17||531450398|Philippe-Lederman-Group Chief Financial Officer
INFO:root:03-08-2021:08:06:37||531450399|zooinfo errorHTTPSConnectionPool(host='www.dnb.com', port=443): Max retries exceeded with url: /business-directory/company-profiles.cromology_research__industry_nord.a2b2c79e7f9b0484c3b57c7f73872629.html (Caused by ProxyError('Cannot connect to proxy.', RemoteDisconnected('Remote end closed connection without response')))
INFO:root:03-08-2021:08:06:37||531450399|https://www.linkedin.com/in/yves-amsellem-3b812116?miniProfileUrn=urn%3Ali%3Afs_miniProfile%3AACoAAAM4lvwBwDe8gNqnWCBBx9868HiF7VEFTGE
INFO:root:03-08-2021:08:06:38||531450399|got linkedin response200
INFO:root:03-08-2021:08:06:38||531450399|Yves-AMSELLEM-Chief Operating Officer
INFO:root:03-08-2021:08:06:54||531450400|zooinfo response200
INFO:root:03-08-2021:08:07:01||531450400|got linkedin response200
INFO:root:03-08-2021:08:07:01||531450400|Martin-Imbert-Deputy Managing Director
INFO:root:03-08-2021:08:08:58||531450401|zooinfo errorHTTPSConnectionPool(host='www.netsync.com', port=443): Max retries exceeded with url: / (Caused by SSLError(SSLEOFError(8, 'EOF occurred in violation of protocol (_ssl.c:1129)')))
INFO:root:03-08-2021:08:09:08||531450401|got linkedin response400
INFO:root:03-08-2021:08:09:08||531450401|error in extracting contact'included'
INFO:root:03-08-2021:08:09:27||531450402|zooinfo response200
INFO:root:03-08-2021:08:09:28||531450402|https://www.linkedin.com/in/guillaume-regairaz-721ba07b?miniProfileUrn=urn%3Ali%3Afs_miniProfile%3AACoAABEVYgkB_ZQunYAhRUMJ7HquiCCGsvKbjBU
INFO:root:03-08-2021:08:09:28||531450402|got linkedin response200
INFO:root:03-08-2021:08:09:28||531450402|Guillaume-REGAIRAZ-CTO
INFO:root:03-08-2021:08:09:47||531450403|zooinfo response200
INFO:root:03-08-2021:08:09:47||531450403|https://www.linkedin.com/in/mathieu-pajot-32b400124?miniProfileUrn=urn%3Ali%3Afs_miniProfile%3AACoAAB6r8dMBPE_OFqs9PJZ_Xo4nn74JpqZc0qI
INFO:root:03-08-2021:08:09:48||531450403|got linkedin response200
INFO:root:03-08-2021:08:09:48||531450403|Mathieu-PAJOT-CMO
INFO:root:03-08-2021:08:10:02||531450404|zooinfo response200
INFO:root:03-08-2021:08:10:03||531450404|https://www.linkedin.com/in/lo%C3%AFc-brasset-b556b562?miniProfileUrn=urn%3Ali%3Afs_miniProfile%3AACoAAA1GCzEBdKDtnGitcaSsUkpxvVGZEF5Y7fM
INFO:root:03-08-2021:08:10:03||531450404|got linkedin response200
INFO:root:03-08-2021:08:10:03||531450404|Loïc-BRASSET-Managing Director
INFO:root:03-08-2021:08:10:17||531450405|zooinfo response200
INFO:root:03-08-2021:08:10:18||531450405|https://www.linkedin.com/in/didier-mouchet-05724b32?miniProfileUrn=urn%3Ali%3Afs_miniProfile%3AACoAAAbMhoMB1xH_YbO3ixVZdGUo8lhNDRpkXE8
INFO:root:03-08-2021:08:10:18||531450405|got linkedin response200
INFO:root:03-08-2021:08:10:18||531450405|Didier-Mouchet-Chargé d'affaires spécialisé (CFO & cfa)
INFO:root:03-08-2021:08:10:36||531450406|zooinfo response200
INFO:root:03-08-2021:08:10:37||531450406|https://www.linkedin.com/in/martin-imbert-995a0119?miniProfileUrn=urn%3Ali%3Afs_miniProfile%3AACoAAAPi1EEBhtiOc2nHAR_UFAvD0PNMdEvwOxg
INFO:root:03-08-2021:08:10:37||531450406|got linkedin response200
INFO:root:03-08-2021:08:10:37||531450406|Martin-Imbert-Deputy Managing Director
INFO:root:03-08-2021:08:10:52||531450407|zooinfo response200
INFO:root:03-08-2021:08:10:52||531450407|https://www.linkedin.com/in/benoitchenon?miniProfileUrn=urn%3Ali%3Afs_miniProfile%3AACoAAAA7eggBixnuryRj34_XKXi4vCpmc-i2ZX8
INFO:root:03-08-2021:08:10:53||531450407|got linkedin response200
INFO:root:03-08-2021:08:10:53||531450407|Benoit-Chenon-Board Member
INFO:root:03-08-2021:08:12:12||531450408|zooinfo errorHTTPSConnectionPool(host='www.dnb.com', port=443): Max retries exceeded with url: /business-directory/company-profiles.cromology_research__industry_nord.a2b2c79e7f9b0484c3b57c7f73872629.html (Caused by ProxyError('Cannot connect to proxy.', RemoteDisconnected('Remote end closed connection without response')))
INFO:root:03-08-2021:08:12:12||531450408|https://www.linkedin.com/in/emmanuelbaltyde?miniProfileUrn=urn%3Ali%3Afs_miniProfile%3AACoAAACCTSoBPS-gLG0V33I-Zut5E5ucpE7B7N8
INFO:root:03-08-2021:08:12:13||531450408|got linkedin response200
INFO:root:03-08-2021:08:12:13||531450408|Emmanuel-Baltyde-Chief Marketing Officer
INFO:root:03-08-2021:08:12:28||531450800|zooinfo response200
INFO:root:03-08-2021:08:12:35||531450800|got linkedin response403
INFO:root:03-08-2021:08:12:35||531450800|error in extracting contact'$type'
INFO:root:03-08-2021:08:12:52||531450801|zooinfo response200
INFO:root:03-08-2021:08:12:59||531450801|got linkedin response200
INFO:root:03-08-2021:08:12:59||531450801|Frédéric-DUFLOS-Directeur administratif et financier
INFO:root:03-08-2021:08:13:18||531450802|zooinfo response200
INFO:root:03-08-2021:08:13:26||531450802|got linkedin response200
INFO:root:03-08-2021:08:13:26||531450802|Dominique-Bouquet-Directeur des Systèmes d'information
INFO:root:03-08-2021:08:13:44||531450803|zooinfo response200
INFO:root:03-08-2021:08:13:52||531450803|got linkedin response200
INFO:root:03-08-2021:08:13:52||531450803|Julie-Humbert-Avocat - Head of Legal
INFO:root:03-08-2021:08:14:05||531489644|zooinfo response403
INFO:root:03-08-2021:08:14:06||531489644|https://www.linkedin.com/in/ludovic-masson-1129162?miniProfileUrn=urn%3Ali%3Afs_miniProfile%3AACoAAAB9xh4Bv1re99UK5HVS-YtW0C6aVsHy-wo
INFO:root:03-08-2021:08:14:07||531489644|got linkedin response200
INFO:root:03-08-2021:08:14:07||531489644|Ludovic-Masson-HR Director for French Wholesale Division
INFO:root:03-08-2021:08:14:24||531489645|zooinfo response200
INFO:root:03-08-2021:08:14:25||531489645|https://www.linkedin.com/in/emilie-duval-rh?miniProfileUrn=urn%3Ali%3Afs_miniProfile%3AACoAAAhZJZIBTpexLVM7Ppgu3FdphxqlIep_ECI
INFO:root:03-08-2021:08:14:26||531489645|got linkedin response200
INFO:root:03-08-2021:08:14:26||531489645|Emilie-DUVAL-Responsable Ressources Humaines NUTRIBIO - EUROSERUM
INFO:root:03-08-2021:08:14:39||531489646|zooinfo response200
INFO:root:03-08-2021:08:14:40||531489646|https://www.linkedin.com/in/fran%C3%A7ois-salle?miniProfileUrn=urn%3Ali%3Afs_miniProfile%3AACoAAAlHDGEBr1BLdc1ekSJcfqb3rwtlx5oHUp8
INFO:root:03-08-2021:08:14:40||531489646|got linkedin response403
INFO:root:03-08-2021:08:14:40||531489646|error in extracting contact'$type'
INFO:root:03-08-2021:08:14:59||531489647|zooinfo response200
INFO:root:03-08-2021:08:15:00||531489647|https://www.linkedin.com/in/anthony-lefeuvre-4a1b9057?miniProfileUrn=urn%3Ali%3Afs_miniProfile%3AACoAAAwZT7kBrNgrEQFVdsWxiDKkSN7D7DyTNJs
INFO:root:03-08-2021:08:15:00||531489647|got linkedin response200
INFO:root:03-08-2021:08:15:00||531489647|Anthony-LEFEUVRE-International Sales Director
INFO:root:03-08-2021:08:15:16||531489648|zooinfo response200
INFO:root:03-08-2021:08:15:17||531489648|https://www.linkedin.com/in/thomas-delaine-1b0177178?miniProfileUrn=urn%3Ali%3Afs_miniProfile%3AACoAACoG81QBLAiIVygc7k8M9M5ERjByZfO-0X8
INFO:root:03-08-2021:08:15:18||531489648|got linkedin response200
INFO:root:03-08-2021:08:15:18||531489648|Thomas-DELAINE-Responsable Approvisionnements et Planification
INFO:root:03-08-2021:08:15:26||531489649|zooinfo response429
INFO:root:03-08-2021:08:15:38||531489649|got linkedin response200
INFO:root:03-08-2021:08:15:38||531489649|Blaise-Wolski-Directeur commercial grand public
INFO:root:03-08-2021:08:15:47||531489650|zooinfo response403
INFO:root:03-08-2021:08:15:48||531489650|https://www.linkedin.com/in/tristan-tammi?miniProfileUrn=urn%3Ali%3Afs_miniProfile%3AACoAABEa8g4BL7-D3kr8U3wmkiam0I7wGOdl6t4
INFO:root:03-08-2021:08:15:49||531489650|got linkedin response200
INFO:root:03-08-2021:08:15:49||531489650|Tristan-T.-CFO
INFO:root:03-08-2021:08:16:03||531489651|zooinfo response200
INFO:root:03-08-2021:08:16:12||531489651|got linkedin response200
INFO:root:03-08-2021:08:16:12||531489651|Laurie-Bonavitacola-Responsable des ressources humaines
INFO:root:03-08-2021:08:16:23||531504442|zooinfo response403
INFO:root:03-08-2021:08:16:31||531504442|got linkedin response200
INFO:root:03-08-2021:08:16:31||531504442|error in extracting contact'dateRange'
INFO:root:03-08-2021:08:16:45||531504443|zooinfo response200
INFO:root:03-08-2021:08:17:14||531504444|zooinfo response200
INFO:root:03-08-2021:08:17:15||531504444|https://www.linkedin.com/in/barthelemy-de-marin-140212177?miniProfileUrn=urn%3Ali%3Afs_miniProfile%3AACoAACnbJ0ABmCb3UZFv5m-sjZ42w344HcxTTIU
INFO:root:03-08-2021:08:17:16||531504444|got linkedin response200
INFO:root:03-08-2021:08:17:16||531504444|Barthelemy-de Marin-Acheteur
INFO:root:03-08-2021:08:17:34||531504445|zooinfo response200
INFO:root:03-08-2021:08:17:43||531504445|got linkedin response200
INFO:root:03-08-2021:08:17:43||531504445|error in extracting contact'dateRange'
INFO:root:03-08-2021:08:17:53||531504446|zooinfo response403
INFO:root:03-08-2021:08:18:14||531504448|zooinfo response200
INFO:root:03-08-2021:08:18:15||531504448|https://www.linkedin.com/in/tamara-behr-caron-3849bb126?miniProfileUrn=urn%3Ali%3Afs_miniProfile%3AACoAAB8d01QBZKv_XUD9-J1npW91qjJsR32-NNE
INFO:root:03-08-2021:08:18:16||531504448|got linkedin response200
INFO:root:03-08-2021:08:18:16||531504448|Tamara-Behr-Caron-Acheteur technique
INFO:root:03-08-2021:08:18:31||531504449|zooinfo response200
INFO:root:03-08-2021:08:18:50||531504450|zooinfo response403
INFO:root:03-08-2021:08:19:00||531504450|got linkedin response200
INFO:root:03-08-2021:08:19:00||531504450|muriel-collin-Acheteur
INFO:root:03-08-2021:08:19:15||531504451|zooinfo response200
INFO:root:03-08-2021:08:19:22||531504451|got linkedin response200
INFO:root:03-08-2021:08:19:22||531504451|Nassim-Harket-Lawyer
INFO:root:03-08-2021:08:19:34||531504452|zooinfo response403
INFO:root:03-08-2021:08:19:45||531504452|got linkedin response200
INFO:root:03-08-2021:08:19:45||531504452|Marielle-REMOND-Acheteur
INFO:root:03-08-2021:08:19:57||531504453|zooinfo response403
INFO:root:03-08-2021:08:20:07||531504453|got linkedin response200
INFO:root:03-08-2021:08:20:07||531504453|error in extracting contact'dateRange'
INFO:root:03-08-2021:08:20:16||531504454|zooinfo response403
INFO:root:03-08-2021:08:20:17||531504454|https://www.linkedin.com/in/bizeul-jacky-ab9683b4?miniProfileUrn=urn%3Ali%3Afs_miniProfile%3AACoAABhN6m0BEt0mw8--APbjWPjJnS34vqwG6ho
INFO:root:03-08-2021:08:20:18||531504454|got linkedin response200
INFO:root:03-08-2021:08:20:18||531504454|BIZEUL-Jacky-Compte  Clé
INFO:root:03-08-2021:08:20:29||531504455|zooinfo errorHTTPSConnectionPool(host='www.auvergne-rhone-alpes.cci.fr', port=443): Max retries exceeded with url: / (Caused by SSLError(SSLCertVerificationError(1, '[SSL: CERTIFICATE_VERIFY_FAILED] certificate verify failed: unable to get local issuer certificate (_ssl.c:1129)')))
INFO:root:03-08-2021:08:20:49||531504456|zooinfo response403
INFO:root:03-08-2021:08:21:12||531504457|zooinfo response200
INFO:root:03-08-2021:08:21:12||531504457|https://www.linkedin.com/in/j%C3%A9r%C3%B4me-riff-46864111a?miniProfileUrn=urn%3Ali%3Afs_miniProfile%3AACoAAB2jdVABIF2jwIsX55zmzzVjVWhorbXzWcc
INFO:root:03-08-2021:08:21:13||531504457|got linkedin response200
INFO:root:03-08-2021:08:21:13||531504457|Jérôme-RIFF-Acheteur
INFO:root:03-08-2021:08:21:23||531504458|zooinfo response403
INFO:root:03-08-2021:08:21:34||531504458|got linkedin response200
INFO:root:03-08-2021:08:21:34||531504458|Alexandre-Cormeraie-Global App manager
INFO:root:03-08-2021:08:21:48||531504459|zooinfo response403
INFO:root:03-08-2021:08:21:49||531504459|https://www.linkedin.com/in/therese-giron-30b046150?miniProfileUrn=urn%3Ali%3Afs_miniProfile%3AACoAACRQLjsBttGmzP_gE9WrtIUYzhpsWQ-nq8E
INFO:root:03-08-2021:08:21:49||531504459|got linkedin response200
INFO:root:03-08-2021:08:21:49||531504459|error in extracting contact'companyUrn'
INFO:root:03-08-2021:08:22:00||531504460|zooinfo response403
INFO:root:03-08-2021:08:22:01||531504460|https://www.linkedin.com/in/elodie-mielcarek-403975106?miniProfileUrn=urn%3Ali%3Afs_miniProfile%3AACoAABrW5wMB4RHZeIILyxZ6UXUeyFDfVIr0buM
INFO:root:03-08-2021:08:22:01||531504460|got linkedin response200
INFO:root:03-08-2021:08:22:01||531504460|Elodie-Mielcarek-Acheteur
INFO:root:03-08-2021:08:22:14||531504461|zooinfo response403
INFO:root:03-08-2021:08:22:25||531504461|got linkedin response200
INFO:root:03-08-2021:08:22:25||531504461|Frederic-Camus-Acheteur
INFO:root:03-08-2021:08:22:35||531504462|zooinfo response403
INFO:root:03-08-2021:08:22:45||531504462|got linkedin response200
INFO:root:03-08-2021:08:22:45||531504462|Dominique-Riot-Free Executive Officer
INFO:root:03-08-2021:08:22:58||531504463|zooinfo response403
INFO:root:03-08-2021:08:23:16||531504464|zooinfo response429
INFO:root:03-08-2021:08:23:16||531504464|https://www.linkedin.com/in/anna-siciliano?miniProfileUrn=urn%3Ali%3Afs_miniProfile%3AACoAABT_O00BDvnWhuNzPWneePqB87BNlytHHSs
INFO:root:03-08-2021:08:23:17||531504464|got linkedin response200
INFO:root:03-08-2021:08:23:17||531504464|Anna-SICILIANO-Tactical buyer
INFO:root:03-08-2021:08:23:31||531507639|zooinfo response200
INFO:root:03-08-2021:08:23:43||531507639|got linkedin response200
INFO:root:03-08-2021:08:23:43||531507639|Christophe-Gautier-Directeur Général
INFO:root:03-08-2021:08:23:57||531507642|zooinfo response403
INFO:root:03-08-2021:08:24:04||531507642|got linkedin response200
INFO:root:03-08-2021:08:24:04||531507642|Alban-Lermine-Head of MOABI-APHP - Bioinformatics Platform / Head of SeqOIA-IT - IS & Bioinformatics Platform
INFO:root:03-08-2021:08:24:15||531507645|zooinfo response403
INFO:root:03-08-2021:08:24:35||531507648|zooinfo response403
INFO:root:03-08-2021:08:24:44||531507648|got linkedin response200
INFO:root:03-08-2021:08:24:44||531507648|robert-malafosse-MD
INFO:root:03-08-2021:08:24:56||531507651|zooinfo response429
INFO:root:03-08-2021:08:25:03||531507651|got linkedin response200
INFO:root:03-08-2021:08:25:03||531507651|dominique-pataut-MD at STI clinics  (CEGIDD)
INFO:root:03-08-2021:08:25:14||531507654|zooinfo response429
INFO:root:03-08-2021:08:25:23||531507654|got linkedin response200
INFO:root:03-08-2021:08:25:23||531507654|thierry-lacroix-Aide-soignant certifié
INFO:root:03-08-2021:08:25:38||531507657|zooinfo response403
INFO:root:03-08-2021:08:25:39||531507657|https://www.linkedin.com/in/fred-fio-18120818b?miniProfileUrn=urn%3Ali%3Afs_miniProfile%3AACoAACyz_vEBoNGYaA3TrqLMBVjIR3q5xQ8Bkho
INFO:root:03-08-2021:08:25:39||531507657|got linkedin response200
INFO:root:03-08-2021:08:25:39||531507657|error in extracting contact'dateRange'
INFO:root:03-08-2021:08:25:59||531507660|zooinfo response200
INFO:root:03-08-2021:08:26:23||531507663|zooinfo response429
INFO:root:03-08-2021:08:26:32||531507663|got linkedin response200
INFO:root:03-08-2021:08:26:32||531507663|Didier-Souflet-Industrial Director
INFO:root:03-08-2021:08:26:45||531507666|zooinfo response403
INFO:root:03-08-2021:08:26:56||531507666|got linkedin response200
INFO:root:03-08-2021:08:26:56||531507666|Carole-HETZEL-D. Pole Pilotage et coordination Conformité
INFO:root:03-08-2021:08:27:06||531507672|zooinfo response429
INFO:root:03-08-2021:08:27:15||531507672|got linkedin response200
INFO:root:03-08-2021:08:27:15||531507672|Stephane-Lapierre-it development director
INFO:root:03-08-2021:08:27:26||531507677|zooinfo response403
INFO:root:03-08-2021:08:27:34||531507677|got linkedin response200
INFO:root:03-08-2021:08:27:34||531507677|Magali-Giraud-Péguy-consolidated & regulatory reporting
INFO:root:03-08-2021:08:27:44||531507683|zooinfo response403
INFO:root:03-08-2021:08:28:07||531507687|zooinfo response403
INFO:root:03-08-2021:08:28:08||531507687|https://www.linkedin.com/in/pierre-ribeiro-b1a16a12a?miniProfileUrn=urn%3Ali%3Afs_miniProfile%3AACoAAB-0G8YBZ0uYxt1aeZ_-igqOnd8Iib0rF9M
INFO:root:03-08-2021:08:28:09||531507687|got linkedin response200
INFO:root:03-08-2021:08:28:09||531507687|Pierre-Ribeiro-Directeur Général - CEO
INFO:root:03-08-2021:08:28:22||531507691|zooinfo response200
INFO:root:03-08-2021:08:28:33||531507691|got linkedin response200
INFO:root:03-08-2021:08:28:33||531507691|Laurent-Singer-France & Group Chief Information Officer (CIO/DSI)
INFO:root:03-08-2021:08:28:43||531507696|zooinfo errorHTTPSConnectionPool(host='www.anses.fr', port=443): Max retries exceeded with url: /en (Caused by SSLError(SSLCertVerificationError(1, '[SSL: CERTIFICATE_VERIFY_FAILED] certificate verify failed: unable to get local issuer certificate (_ssl.c:1129)')))
INFO:root:03-08-2021:08:28:52||531507696|got linkedin response400
INFO:root:03-08-2021:08:28:52||531507696|error in extracting contact'included'
INFO:root:03-08-2021:08:29:04||531507705|zooinfo response429
INFO:root:03-08-2021:08:29:05||531507705|https://www.linkedin.com/in/marine-jacolin-a4849728?miniProfileUrn=urn%3Ali%3Afs_miniProfile%3AACoAAAXEPhgBK7IO3JGQs4JNWtKZaEXSu1AwAPs
INFO:root:03-08-2021:08:29:05||531507705|got linkedin response200
INFO:root:03-08-2021:08:29:05||531507705|Marine-JACOLIN-Legal Manager
INFO:root:03-08-2021:08:29:16||531507712|zooinfo response403
INFO:root:03-08-2021:08:29:24||531507712|got linkedin response200
INFO:root:03-08-2021:08:29:24||531507712|Louise-Warburton-Communications and Corporate Affairs Manager
INFO:root:03-08-2021:08:29:33||531543245|zooinfo response403
INFO:root:03-08-2021:08:29:34||531543245|https://www.linkedin.com/in/francoisledard?miniProfileUrn=urn%3Ali%3Afs_miniProfile%3AACoAAALQATgByoovs4UxgyqyLg4mRk8wJoVbXEE
INFO:root:03-08-2021:08:29:35||531543245|got linkedin response200
INFO:root:03-08-2021:08:29:35||531543245|Francois-LEDARD-Responsable du pôle Information - Communication
INFO:root:03-08-2021:08:29:45||531543247|zooinfo response403
INFO:root:03-08-2021:08:29:54||531543247|got linkedin response200
INFO:root:03-08-2021:08:29:54||531543247|Alexandre-Shettle-Consultant I Accompagnement stratégique PMT Direct to Customer
INFO:root:03-08-2021:08:30:05||531543249|zooinfo response403
INFO:root:03-08-2021:08:30:13||531543249|got linkedin response200
INFO:root:03-08-2021:08:30:13||531543249|Fahima-LEKHCHINE-Chef du département Information et Communication
INFO:root:03-08-2021:08:30:26||531543252|zooinfo response403
INFO:root:03-08-2021:08:30:46||531543254|zooinfo response403
INFO:root:03-08-2021:08:30:55||531543254|got linkedin response200
INFO:root:03-08-2021:08:30:55||531543254|Céline-DUBOIS-Directrice marketing et publicité logement 
INFO:root:03-08-2021:08:31:05||531543256|zooinfo response403
INFO:root:03-08-2021:08:31:06||531543256|https://www.linkedin.com/in/anne-avez-54b586113?miniProfileUrn=urn%3Ali%3Afs_miniProfile%3AACoAABxiH4sBOKlqkfKllsi1qlMHhV9pa7zPKtg
INFO:root:03-08-2021:08:31:06||531543256|got linkedin response200
INFO:root:03-08-2021:08:31:06||531543256|ANNE-AVEZ-Procurement Manager
INFO:root:03-08-2021:08:31:17||531543258|zooinfo response429
INFO:root:03-08-2021:08:31:18||531543258|https://www.linkedin.com/in/amandine-schepens-3b44b3a9?miniProfileUrn=urn%3Ali%3Afs_miniProfile%3AACoAABcIUXgB8jdYI27zpt2gdG_pNDz5iF7YkqM
INFO:root:03-08-2021:08:31:18||531543258|got linkedin response200
INFO:root:03-08-2021:08:31:18||531543258|Amandine -Schepens-Purchasing & Procurement Manager 
INFO:root:03-08-2021:08:31:30||531543262|zooinfo response403
INFO:root:03-08-2021:08:31:39||531543262|got linkedin response200
INFO:root:03-08-2021:08:31:39||531543262|Magali-Felix-Responsable pôle  Achats IT et Marketing
INFO:root:03-08-2021:08:31:54||531543264|zooinfo response403
INFO:root:03-08-2021:08:31:54||531543264|https://www.linkedin.com/in/valentine-mohr-8bb44aa0?miniProfileUrn=urn%3Ali%3Afs_miniProfile%3AACoAABVsPI8BrV623YG8iYr2rOAdjxeJ6wtb6Og
INFO:root:03-08-2021:08:31:55||531543264|got linkedin response200
INFO:root:03-08-2021:08:31:55||531543264|Valentine-MOHR-In-House legal counsel
INFO:root:03-08-2021:08:32:06||531543268|zooinfo response403
INFO:root:03-08-2021:08:32:07||531543268|https://www.linkedin.com/in/zhenyu-deroubaix-73966b1?miniProfileUrn=urn%3Ali%3Afs_miniProfile%3AACoAAABGjF0BMkeDQjongUDF2nTSOVYLtqvzp_c
INFO:root:03-08-2021:08:32:07||531543268|got linkedin response200
INFO:root:03-08-2021:08:32:07||531543268|Zhenyu-Deroubaix-Purchasing and Procurement Manager
INFO:root:03-08-2021:08:32:20||531543270|https://www.linkedin.com/in/b%C3%A9atrice-texier-63604333?miniProfileUrn=urn%3Ali%3Afs_miniProfile%3AACoAAAbyS8oB6-SqrPFQpVTwXx2ySIceQ3EGD7Q
INFO:root:03-08-2021:08:32:21||531543270|got linkedin response200
INFO:root:03-08-2021:08:32:21||531543270|Béatrice -Texier-Head of Legal and Compliance
INFO:root:03-08-2021:08:32:36||531543273|zooinfo response200
INFO:root:03-08-2021:08:32:37||531543273|https://www.linkedin.com/in/dominique-jean-482b4093?miniProfileUrn=urn%3Ali%3Afs_miniProfile%3AACoAABPseqIB0WTlG-SFUIsqPc6I6QF5WcSF0vU
INFO:root:03-08-2021:08:32:37||531543273|got linkedin response200
INFO:root:03-08-2021:08:32:37||531543273|Dominique-Jean-Directeur informatique
INFO:root:03-08-2021:08:32:54||531543276|zooinfo response200
INFO:root:03-08-2021:08:33:02||531543276|got linkedin response400
INFO:root:03-08-2021:08:33:02||531543276|error in extracting contact'included'
INFO:root:03-08-2021:08:33:12||531543278|zooinfo response403
INFO:root:03-08-2021:08:33:21||531543278|got linkedin response200
INFO:root:03-08-2021:08:33:21||531543278|Michel-MARTIN-Directeur Technique HW & FW embarqué
INFO:root:03-08-2021:08:33:32||531543280|zooinfo response429
INFO:root:03-08-2021:08:33:39||531543280|got linkedin response200
INFO:root:03-08-2021:08:33:39||531543280|Emma Jane-Chadwick, Assoc CIPD-Resourcing & Training Associate
