INFO:root:03-08-2021:08:41:46||531469200|zooinfo response403
INFO:root:03-08-2021:08:41:47||531469200|https://www.linkedin.com/in/faye-duckett-60529812?miniProfileUrn=urn%3Ali%3Afs_miniProfile%3AACoAAAKIimUBJ7am0bMvMT4GjJwDPhfJ4Pd7IMo
INFO:root:03-08-2021:08:41:47||531469200|got linkedin response200
INFO:root:03-08-2021:08:41:47||531469200|Faye-Duckett-Marketing and Communications Manager
INFO:root:03-08-2021:08:41:59||531469201|zooinfo response403
INFO:root:03-08-2021:08:42:00||531469201|https://www.linkedin.com/in/antonyriand?miniProfileUrn=urn%3Ali%3Afs_miniProfile%3AACoAAABC7pAB1k_6a9vujKGTvGcMrAf46ABY_z8
INFO:root:03-08-2021:08:42:00||531469201|got linkedin response200
INFO:root:03-08-2021:08:42:00||531469201|Antony-Riand-Senior Global Marketing Manager
INFO:root:03-08-2021:08:42:12||531469202|zooinfo response403
INFO:root:03-08-2021:08:42:13||531469202|https://www.linkedin.com/in/stephenjasmith?miniProfileUrn=urn%3Ali%3Afs_miniProfile%3AACoAABNpA8MBNbwzV7eEaysKPupuguj4xtQXxmg
INFO:root:03-08-2021:08:42:14||531469202|got linkedin response200
INFO:root:03-08-2021:08:42:14||531469202|Stephen-Smith ACIM-Marketing Manager
INFO:root:03-08-2021:08:42:28||531469203|zooinfo response200
INFO:root:03-08-2021:08:42:29||531469203|https://www.linkedin.com/in/jon-bugden?miniProfileUrn=urn%3Ali%3Afs_miniProfile%3AACoAAAlEdzQBsuOxgwKRgIXxsNOdkXs4zn_qgjg
INFO:root:03-08-2021:08:42:29||531469203|got linkedin response200
INFO:root:03-08-2021:08:42:29||531469203|Jon-Bugden-Head Of Marketing
INFO:root:03-08-2021:08:42:38||531469204|zooinfo response429
INFO:root:03-08-2021:08:42:38||531469204|https://www.linkedin.com/in/fadi-ford-08ba97a1?miniProfileUrn=urn%3Ali%3Afs_miniProfile%3AACoAABWyEKsBZ-Cffh4vR9LQVfX5q0Rbx2e84dA
INFO:root:03-08-2021:08:42:39||531469204|got linkedin response200
INFO:root:03-08-2021:08:42:39||531469204|Fadi-Ford-Field Marketing Manager, EMEA
INFO:root:03-08-2021:08:42:53||531469205|zooinfo response403
INFO:root:03-08-2021:08:42:53||531469205|https://www.linkedin.com/in/sihawtin?miniProfileUrn=urn%3Ali%3Afs_miniProfile%3AACoAAAm5fCIBqUwB7ukGwz_dq3g6feJjEYZ-OdQ
INFO:root:03-08-2021:08:42:54||531469205|got linkedin response200
INFO:root:03-08-2021:08:42:54||531469205|Simon-Hawtin-Head Of Marketing
INFO:root:03-08-2021:08:43:06||531469206|zooinfo response403
INFO:root:03-08-2021:08:43:08||531469206|https://www.linkedin.com/in/adam-watt?miniProfileUrn=urn%3Ali%3Afs_miniProfile%3AACoAAAj8eQ0Bi_MnWs6BCrvL84amghtmboBmYlY
INFO:root:03-08-2021:08:43:08||531469206|got linkedin response200
INFO:root:03-08-2021:08:43:08||531469206|Adam-Watt-Marketing Program Manager
INFO:root:03-08-2021:08:43:21||531469207|zooinfo response403
INFO:root:03-08-2021:08:43:22||531469207|https://www.linkedin.com/in/joakim-blix-jaksland-ab9a8146?miniProfileUrn=urn%3Ali%3Afs_miniProfile%3AACoAAAnE7O0BURBlLV-0yDXfmbZlmHUntqIl-Jo
INFO:root:03-08-2021:08:43:23||531469207|got linkedin response200
INFO:root:03-08-2021:08:43:23||531469207|Joakim-Blix Jaksland-Marketing Manager
INFO:root:03-08-2021:08:43:33||531469208|zooinfo response403
INFO:root:03-08-2021:08:43:34||531469208|https://www.linkedin.com/in/jordan-gadsby-25603094?miniProfileUrn=urn%3Ali%3Afs_miniProfile%3AACoAABPv9GIBRdzrwst3_hxflRSg_eItMH5mz1w
INFO:root:03-08-2021:08:43:34||531469208|got linkedin response200
INFO:root:03-08-2021:08:43:34||531469208|Jordan-Gadsby-Marketing Manager
INFO:root:03-08-2021:08:43:51||531469209|zooinfo response200
INFO:root:03-08-2021:08:43:51||531469209|https://www.linkedin.com/in/maaikelausberg?miniProfileUrn=urn%3Ali%3Afs_miniProfile%3AACoAAAB1a-gB6oPfNfYXnb6X-T8IUm-g5ETwDEY
INFO:root:03-08-2021:08:43:52||531469209|got linkedin response200
INFO:root:03-08-2021:08:43:52||531469209|Maaike-Lausberg-Manager Marketing Communicatie
INFO:root:03-08-2021:08:44:01||531469210|zooinfo response429
INFO:root:03-08-2021:08:44:01||531469210|https://www.linkedin.com/in/andrewbose?miniProfileUrn=urn%3Ali%3Afs_miniProfile%3AACoAAAQEy-MB4uLRGgFuQBMg4nrmnqPo_TZzlMQ
INFO:root:03-08-2021:08:44:02||531469210|got linkedin response200
INFO:root:03-08-2021:08:44:02||531469210|Andrew-Bose (MCIM)-Marketing and Digital Manager
INFO:root:03-08-2021:08:44:10||531469211|zooinfo response429
INFO:root:03-08-2021:08:44:11||531469211|https://www.linkedin.com/in/miranda-spaans-bb511421?miniProfileUrn=urn%3Ali%3Afs_miniProfile%3AACoAAAR3TrkBTOd3dGtOoCUIcgg29Z8DubtAJVQ
INFO:root:03-08-2021:08:44:12||531469211|got linkedin response200
INFO:root:03-08-2021:08:44:12||531469211|Miranda-Spaans-manager marketing & communicatie
INFO:root:03-08-2021:08:44:24||531469212|zooinfo response403
INFO:root:03-08-2021:08:44:25||531469212|https://www.linkedin.com/in/idanaper?miniProfileUrn=urn%3Ali%3Afs_miniProfile%3AACoAAADBlGYBR3T7UlJeVMZTSgZvuOj9wuP5chs
INFO:root:03-08-2021:08:44:25||531469212|got linkedin response200
INFO:root:03-08-2021:08:44:25||531469212|Ida-Naper-Nordic Director of Communications and Marketing | Internal Communications | Employer Branding
INFO:root:03-08-2021:08:44:35||531469213|zooinfo response429
INFO:root:03-08-2021:08:44:35||531469213|https://www.linkedin.com/in/neal-winter-a3729589?miniProfileUrn=urn%3Ali%3Afs_miniProfile%3AACoAABK6qIsBPjsxZFyKz1Hn_XE9Cuqdydw4-JY
INFO:root:03-08-2021:08:44:36||531469213|got linkedin response200
INFO:root:03-08-2021:08:44:36||531469213|Neal-Winter-Marketing Manager EMEA
INFO:root:03-08-2021:08:44:48||531469215|zooinfo response403
INFO:root:03-08-2021:08:44:49||531469215|https://www.linkedin.com/in/mattijsplanken?miniProfileUrn=urn%3Ali%3Afs_miniProfile%3AACoAAAB70Y8Bxg4HDd0OQ9Ymh4qquavweBo1cr4
INFO:root:03-08-2021:08:44:49||531469215|got linkedin response200
INFO:root:03-08-2021:08:44:49||531469215|Mattijs-Planken-Director Marketing & Communications
INFO:root:03-08-2021:08:45:03||531469216|zooinfo response200
INFO:root:03-08-2021:08:45:04||531469216|https://www.linkedin.com/in/rtajansen?miniProfileUrn=urn%3Ali%3Afs_miniProfile%3AACoAAAEb6QoBrnzltVT22Pi9qcd6C4aDe6fFUsg
INFO:root:03-08-2021:08:45:05||531469216|got linkedin response200
INFO:root:03-08-2021:08:45:05||531469216|Roel-Jansen-Head of Marketing & Business Development
INFO:root:03-08-2021:08:45:18||531469217|zooinfo response403
INFO:root:03-08-2021:08:45:18||531469217|https://www.linkedin.com/in/johandelaire?miniProfileUrn=urn%3Ali%3Afs_miniProfile%3AACoAABrG4B4BGmPcDtrSnUK-KYDgrpnqW7YIyc8
INFO:root:03-08-2021:08:45:19||531469217|got linkedin response200
INFO:root:03-08-2021:08:45:19||531469217|Johan-Delaire-Digital Marketing Manager
INFO:root:03-08-2021:08:45:31||531469218|zooinfo response403
INFO:root:03-08-2021:08:45:32||531469218|https://www.linkedin.com/in/profielbas?miniProfileUrn=urn%3Ali%3Afs_miniProfile%3AACoAAAD68xkBdHoWzm4pqrELhZWcqd6eDc34YNk
INFO:root:03-08-2021:08:45:32||531469218|got linkedin response200
INFO:root:03-08-2021:08:45:32||531469218|Bas-van Leeuwen-Marketing Director
INFO:root:03-08-2021:08:45:43||531469245|zooinfo response403
INFO:root:03-08-2021:08:45:44||531469245|https://www.linkedin.com/in/ryan-j-halloran?miniProfileUrn=urn%3Ali%3Afs_miniProfile%3AACoAAAo1UkQBKFyx4LgL_vu4u2kb6arax17HSJo
INFO:root:03-08-2021:08:45:45||531469245|got linkedin response200
INFO:root:03-08-2021:08:45:45||531469245|Ryan-Halloran-Strategy & Marketing Director
INFO:root:03-08-2021:08:45:54||531469249|https://www.linkedin.com/in/artmolendijk?miniProfileUrn=urn%3Ali%3Afs_miniProfile%3AACoAAAC2P8sBx8zvhMf4dU3J5LozTmCl5OkefW4
INFO:root:03-08-2021:08:45:55||531469249|got linkedin response200
INFO:root:03-08-2021:08:45:55||531469249|Art-Molendijk-Marketing Manager
INFO:root:03-08-2021:08:46:06||531469252|zooinfo response403
INFO:root:03-08-2021:08:46:07||531469252|https://www.linkedin.com/in/marjolein-nadorp?miniProfileUrn=urn%3Ali%3Afs_miniProfile%3AACoAAANpXccBKr722NaHuZR2SQfXxxnfVraWXdI
INFO:root:03-08-2021:08:46:08||531469252|got linkedin response200
INFO:root:03-08-2021:08:46:08||531469252|Marjolein-Nadorp-Manager Marketing, Sales & KCC
INFO:root:03-08-2021:08:46:16||531469256|zooinfo response429
INFO:root:03-08-2021:08:46:28||531469256|got linkedin response200
INFO:root:03-08-2021:08:46:28||531469256|Haider-Akram-Marketing Manager MCA & DME
INFO:root:03-08-2021:08:46:42||531469259|zooinfo response403
INFO:root:03-08-2021:08:46:43||531469259|https://www.linkedin.com/in/martinsnijders?miniProfileUrn=urn%3Ali%3Afs_miniProfile%3AACoAAACWZd0BrtV5r00teVYLPIgZec79Chfwb7E
INFO:root:03-08-2021:08:46:44||531469259|got linkedin response200
INFO:root:03-08-2021:08:46:44||531469259|Martin-Snijders-Marketing Communication Manager
INFO:root:03-08-2021:08:46:55||531469263|zooinfo response403
INFO:root:03-08-2021:08:46:55||531469263|https://www.linkedin.com/in/katiegray4?miniProfileUrn=urn%3Ali%3Afs_miniProfile%3AACoAAA9Z5HoB5xRBokzlHdCau8RrOyyPavPCLRo
INFO:root:03-08-2021:08:46:56||531469263|got linkedin response200
INFO:root:03-08-2021:08:46:56||531469263|Katie-Gray-Field Marketing Manager
INFO:root:03-08-2021:08:47:10||531469265|zooinfo response429
INFO:root:03-08-2021:08:47:22||531469265|got linkedin response200
INFO:root:03-08-2021:08:47:22||531469265|Margreet-Hanemaaijer-Global Marketing Manager
INFO:root:03-08-2021:08:47:34||531469266|zooinfo response403
INFO:root:03-08-2021:08:47:34||531469266|https://www.linkedin.com/in/21fabiosantos?miniProfileUrn=urn%3Ali%3Afs_miniProfile%3AACoAABVcktYBzPCF4nmCThXLGzwAlTaHt8qPu6o
INFO:root:03-08-2021:08:47:35||531469266|got linkedin response200
INFO:root:03-08-2021:08:47:35||531469266|Fábio-Santos-Digital Marketing Manager
INFO:root:03-08-2021:08:47:46||531517783|zooinfo response429
INFO:root:03-08-2021:08:47:47||531517783|https://www.linkedin.com/in/tanja-winter-b39bb282?miniProfileUrn=urn%3Ali%3Afs_miniProfile%3AACoAABGect0BmozCqLLGcuO9G_GI8ifD_1mJsVI
INFO:root:03-08-2021:08:47:48||531517783|got linkedin response200
INFO:root:03-08-2021:08:47:48||531517783|Tanja-Winter-Head of Marketing & Sales Rod
INFO:root:03-08-2021:08:47:59||531517786|zooinfo response403
INFO:root:03-08-2021:08:47:59||531517786|https://www.linkedin.com/in/ntacchi?miniProfileUrn=urn%3Ali%3Afs_miniProfile%3AACoAAABMmBEBFpDodkVq6J0HRk1gklX-wKLvjrA
INFO:root:03-08-2021:08:48:00||531517786|got linkedin response200
INFO:root:03-08-2021:08:48:00||531517786|Nick-Tacchi-Global Head of Brand and Marketing | sloggi
INFO:root:03-08-2021:08:48:13||531517788|zooinfo response403
INFO:root:03-08-2021:08:48:14||531517788|https://www.linkedin.com/in/tanja-eisen-ba613829?miniProfileUrn=urn%3Ali%3Afs_miniProfile%3AACoAAAXki64Bgro0bhMDifwvCbTl0a13Hn5uEEA
INFO:root:03-08-2021:08:48:14||531517788|got linkedin response200
INFO:root:03-08-2021:08:48:14||531517788|Tanja-Eisen-Global Director Sales & Marketing / Mitglied der Geschäftsleitung
INFO:root:03-08-2021:08:48:24||531517792|zooinfo response429
INFO:root:03-08-2021:08:48:25||531517792|https://www.linkedin.com/in/markus-mechtel-b2115946?miniProfileUrn=urn%3Ali%3Afs_miniProfile%3AACoAAAmiBAkBrDHDWmGEq2-wkruASEi65egG9zI
INFO:root:03-08-2021:08:48:26||531517792|got linkedin response200
INFO:root:03-08-2021:08:48:26||531517792|Markus-Mechtel-Head of Marketing Automotive OEM Coatings & Adhesives EMEA/LATAM
INFO:root:03-08-2021:08:48:38||531517795|zooinfo response403
INFO:root:03-08-2021:08:48:48||531517795|got linkedin response200
INFO:root:03-08-2021:08:48:48||531517795|Daniela-Guday-Corporate Director of Marketing and Digital Promotion
INFO:root:03-08-2021:08:49:01||531517798|zooinfo response429
INFO:root:03-08-2021:08:49:02||531517798|https://www.linkedin.com/in/hanspeter-hunger-a6a1798a?miniProfileUrn=urn%3Ali%3Afs_miniProfile%3AACoAABLj5bIBca693Wh-WzAdK1VHYAZ3RJmBX4U
INFO:root:03-08-2021:08:49:03||531517798|got linkedin response200
INFO:root:03-08-2021:08:49:03||531517798|Hanspeter-Hunger-Head Commercial Marketing
INFO:root:03-08-2021:08:49:15||531517801|zooinfo response429
INFO:root:03-08-2021:08:49:15||531517801|https://www.linkedin.com/in/jochensadlers?miniProfileUrn=urn%3Ali%3Afs_miniProfile%3AACoAAAUccBMBFY12z3ig9SOO-jMGr5Tv-e590PU
INFO:root:03-08-2021:08:49:16||531517801|got linkedin response200
INFO:root:03-08-2021:08:49:16||531517801|Jochen-Sadlers-Director Marketing, Business Development & Partner Management (DACH)
INFO:root:03-08-2021:08:49:28||531517805|zooinfo response429
INFO:root:03-08-2021:08:49:39||531517805|got linkedin response200
INFO:root:03-08-2021:08:49:39||531517805|Michael-Tremp-Head Of Marketing Milling Solutions
INFO:root:03-08-2021:08:49:51||531517809|zooinfo response403
INFO:root:03-08-2021:08:49:52||531517809|https://www.linkedin.com/in/kai-heinrich-kohl-685611bb?miniProfileUrn=urn%3Ali%3Afs_miniProfile%3AACoAABmKk4UBcthCdtbVfzTCUQtR4Y0CLAJjBCc
INFO:root:03-08-2021:08:49:52||531517809|got linkedin response200
INFO:root:03-08-2021:08:49:52||531517809|Kai-Heinrich-Kohl-Chief Sales and Marketing Officer
INFO:root:03-08-2021:08:50:10||531519184|zooinfo response200
INFO:root:03-08-2021:08:50:11||531519184|https://www.linkedin.com/in/atanasovdeyan?miniProfileUrn=urn%3Ali%3Afs_miniProfile%3AACoAAAKd5XYBzts9k0nG3jwCIIB-ed2CqqRqQkU
INFO:root:03-08-2021:08:50:12||531519184|got linkedin response200
INFO:root:03-08-2021:08:50:12||531519184|Deyan-Atanasov-Demand Generation Marketing Manager
INFO:root:03-08-2021:08:50:23||531519186|zooinfo response403
INFO:root:03-08-2021:08:50:32||531519186|got linkedin response200
INFO:root:03-08-2021:08:50:32||531519186|Lilian-Kuger-Field Marketing Manager EMEA
INFO:root:03-08-2021:08:50:48||531519193|zooinfo response200
INFO:root:03-08-2021:08:50:49||531519193|https://www.linkedin.com/in/sara-king-mcim-6775647b?miniProfileUrn=urn%3Ali%3Afs_miniProfile%3AACoAABD9cLsByihm-t2BVTXvSnGEMCcFDy4qu4g
INFO:root:03-08-2021:08:50:49||531519193|got linkedin response200
INFO:root:03-08-2021:08:50:49||531519193|Sara-King MCIM-Head of Marketing & Bids
INFO:root:03-08-2021:08:51:03||531519196|zooinfo response403
INFO:root:03-08-2021:08:51:04||531519196|https://www.linkedin.com/in/anna-mcinally-rosato-aa8062a0?miniProfileUrn=urn%3Ali%3Afs_miniProfile%3AACoAABVdeaABiXdECOvvTKA5E2_zHcgzNqi9Q9c
INFO:root:03-08-2021:08:51:04||531519196|got linkedin response200
INFO:root:03-08-2021:08:51:04||531519196|Anna-McInally (Rosato)-Head Of Marketing Communications
INFO:root:03-08-2021:08:51:15||531519199|zooinfo response429
INFO:root:03-08-2021:08:51:16||531519199|https://www.linkedin.com/in/christinatalo?miniProfileUrn=urn%3Ali%3Afs_miniProfile%3AACoAAAChVHgBDmd4A2j_IMFjPNMQCRwmM9DcOmM
INFO:root:03-08-2021:08:51:16||531519199|got linkedin response200
INFO:root:03-08-2021:08:51:16||531519199|Christina-Talo-Head of Marketing / Divisional Director
INFO:root:03-08-2021:08:51:27||531519203|zooinfo response403
INFO:root:03-08-2021:08:51:28||531519203|https://www.linkedin.com/in/donal-mccarthy-4013407?miniProfileUrn=urn%3Ali%3Afs_miniProfile%3AACoAAAFLmkEB5L3DlnGHXGUAIbsuzmSsdqDgxLA
INFO:root:03-08-2021:08:51:28||531519203|got linkedin response200
INFO:root:03-08-2021:08:51:28||531519203|Donal-McCarthy-Executive Director, Corporate Marketing & Communications, EMEA & Asia
INFO:root:03-08-2021:08:51:42||531519205|zooinfo response403
INFO:root:03-08-2021:08:51:43||531519205|https://www.linkedin.com/in/jessellis?miniProfileUrn=urn%3Ali%3Afs_miniProfile%3AACoAAAJmC5YBrl6DFgpeas2muRR-5iUFF3cE8vk
INFO:root:03-08-2021:08:51:44||531519205|got linkedin response200
INFO:root:03-08-2021:08:51:44||531519205|Jessica-Ellis MCIM-Group Head of Marketing, Savings
INFO:root:03-08-2021:08:51:53||531519208|zooinfo response429
INFO:root:03-08-2021:08:51:54||531519208|https://www.linkedin.com/in/dominique-schaeken-3510822b?miniProfileUrn=urn%3Ali%3Afs_miniProfile%3AACoAAAY9R20B0Hfvcz2YIKROyG8KcQ3eCUr-14s
INFO:root:03-08-2021:08:51:54||531519208|got linkedin response200
INFO:root:03-08-2021:08:51:54||531519208|Dominique-Schaeken-Chief Marketing Officer
INFO:root:03-08-2021:08:52:03||531519211|zooinfo response403
INFO:root:03-08-2021:08:52:04||531519211|https://www.linkedin.com/in/naomiwest2010?miniProfileUrn=urn%3Ali%3Afs_miniProfile%3AACoAAAOx8aIBrPYynKuVWhaJfkszWs5zZmgkqVg
INFO:root:03-08-2021:08:52:05||531519211|got linkedin response200
INFO:root:03-08-2021:08:52:05||531519211|Naomi-West  F IDM-Head Of Digital 
INFO:root:03-08-2021:08:52:13||531519215|zooinfo response429
INFO:root:03-08-2021:08:52:14||531519215|https://www.linkedin.com/in/hiremebecause?miniProfileUrn=urn%3Ali%3Afs_miniProfile%3AACoAAAI248IBSGnYXVIY3lY4cM2s0zZJyfAagzQ
INFO:root:03-08-2021:08:52:15||531519215|got linkedin response200
INFO:root:03-08-2021:08:52:15||531519215|D'Arcy-Heath-Head of Digital Marketing and Automation
INFO:root:03-08-2021:08:52:26||531519218|zooinfo response403
INFO:root:03-08-2021:08:52:26||531519218|https://www.linkedin.com/in/simon-pride-82870a95?miniProfileUrn=urn%3Ali%3Afs_miniProfile%3AACoAABQ3bCAB2dy_Uh79pEMluvs-clKbZ2Xs3ow
INFO:root:03-08-2021:08:52:27||531519218|got linkedin response200
INFO:root:03-08-2021:08:52:27||531519218|Simon-Pride-Head of Recruitment and Marketing
INFO:root:03-08-2021:08:52:37||531519221|zooinfo response429
INFO:root:03-08-2021:08:52:37||531519221|https://www.linkedin.com/in/lucy-mcguiness-34ab3b17?miniProfileUrn=urn%3Ali%3Afs_miniProfile%3AACoAAAOMsyoBh3SWKfVsaeN_E525qJ1ls4Bj-4Y
INFO:root:03-08-2021:08:52:38||531519221|got linkedin response200
INFO:root:03-08-2021:08:52:38||531519221|Lucy-McGuiness-Marketing and Communications Manager
INFO:root:03-08-2021:08:52:50||531519224|zooinfo response429
INFO:root:03-08-2021:08:52:51||531519224|https://www.linkedin.com/in/kiran-sandhu-marketing?miniProfileUrn=urn%3Ali%3Afs_miniProfile%3AACoAABbuiyoBPN_9-cDf4Cn4bbl6RmoHcoNGVjM
INFO:root:03-08-2021:08:52:51||531519224|got linkedin response200
INFO:root:03-08-2021:08:52:51||531519224|Kiran-Sandhu-Marketing Campaign and Events Manager
INFO:root:03-08-2021:08:53:03||531519226|zooinfo errorHTTPSConnectionPool(host='www.zoominfo.com', port=443): Max retries exceeded with url: /c/bupa-global-holdings-limited/353982687 (Caused by SSLError(SSLEOFError(8, 'EOF occurred in violation of protocol (_ssl.c:1129)')))
INFO:root:03-08-2021:08:53:03||531519226|https://www.linkedin.com/in/richard-glassborow-6629a310?miniProfileUrn=urn%3Ali%3Afs_miniProfile%3AACoAAAJILeoBqjLqlltjzb32Nl8TiQW11IA47fw
INFO:root:03-08-2021:08:53:04||531519226|got linkedin response200
INFO:root:03-08-2021:08:53:04||531519226|Richard-Glassborow-Direct Distribution & Marketing Director
INFO:root:03-08-2021:08:53:15||531519229|zooinfo response429
INFO:root:03-08-2021:08:53:16||531519229|https://www.linkedin.com/in/jofrost?miniProfileUrn=urn%3Ali%3Afs_miniProfile%3AACoAAAAGDccBJs5IIKWE7GFZMVGK48so9kJb7-c
INFO:root:03-08-2021:08:53:17||531519229|got linkedin response200
INFO:root:03-08-2021:08:53:17||531519229|Joe-Frost-Sales and Marketing Director
INFO:root:03-08-2021:08:53:28||531519232|zooinfo response429
INFO:root:03-08-2021:08:53:29||531519232|https://www.linkedin.com/in/daniel-creed-0750752a?miniProfileUrn=urn%3Ali%3Afs_miniProfile%3AACoAAAYPeRkBweP_AqZf0E18bOH0W-LLk0Xu7cE
INFO:root:03-08-2021:08:53:30||531519232|got linkedin response200
INFO:root:03-08-2021:08:53:30||531519232|Daniel-Creed-Head of Marketing Planning & Effectiveness
INFO:root:03-08-2021:08:53:41||531519235|zooinfo response429
INFO:root:03-08-2021:08:53:42||531519235|https://www.linkedin.com/in/serenawalker1?miniProfileUrn=urn%3Ali%3Afs_miniProfile%3AACoAAANxdewBufttjZ3saqaxNbue94-9wVOgP-g
INFO:root:03-08-2021:08:53:43||531519235|got linkedin response200
INFO:root:03-08-2021:08:53:43||531519235|Serena-W.-Head of Marketing, Europe
INFO:root:03-08-2021:08:53:58||531519238|zooinfo response403
INFO:root:03-08-2021:08:53:58||531519238|https://www.linkedin.com/in/josefina-rickardt-8a6292a?miniProfileUrn=urn%3Ali%3Afs_miniProfile%3AACoAAAHSI34BjQmtD10Xq2sr1nnC2_qE4lIi5iE
INFO:root:03-08-2021:08:53:59||531519238|got linkedin response200
INFO:root:03-08-2021:08:53:59||531519238|Josefina-Rickardt-Chief Marketing Officer & Head of Consumer Revenues / Marknads- och analyschef & Chef läsarintäkter
INFO:root:03-08-2021:08:54:07||531519241|zooinfo response429
INFO:root:03-08-2021:08:54:08||531519241|https://www.linkedin.com/in/hayley-borriello-504a8919?miniProfileUrn=urn%3Ali%3Afs_miniProfile%3AACoAAAPlj5QBDKGj4q8dH8X7plYwVlqg_EZ59DI
INFO:root:03-08-2021:08:54:09||531519241|got linkedin response200
INFO:root:03-08-2021:08:54:09||531519241|Hayley-Borriello-AVP, MSF Business Support Manager
INFO:root:03-08-2021:08:54:18||531519243|zooinfo response429
INFO:root:03-08-2021:08:54:19||531519243|https://www.linkedin.com/in/katy-gaulton-mcim-45277440?miniProfileUrn=urn%3Ali%3Afs_miniProfile%3AACoAAAin6H4BOWo9M4MHmnVJz-1YenoVOLApjBg
INFO:root:03-08-2021:08:54:20||531519243|got linkedin response200
INFO:root:03-08-2021:08:54:20||531519243|Katy-Gaulton MCIM-Head of Marketing & Communications
INFO:root:03-08-2021:08:54:32||531519246|zooinfo response403
INFO:root:03-08-2021:08:54:33||531519246|https://www.linkedin.com/in/candicetarnold?miniProfileUrn=urn%3Ali%3Afs_miniProfile%3AACoAAAFyoFkBVmOmjkHvvlQ40VE4f1vmsSITNzs
INFO:root:03-08-2021:08:54:33||531519246|got linkedin response200
INFO:root:03-08-2021:08:54:33||531519246|Candice T-Arnold-Chief Marketing Officer
INFO:root:03-08-2021:08:54:45||531519248|zooinfo response429
INFO:root:03-08-2021:08:54:46||531519248|https://www.linkedin.com/in/ann-marie-oppenheimer?miniProfileUrn=urn%3Ali%3Afs_miniProfile%3AACoAAAHExwYBNM0HK6Dq0_EJ1SfRcd2U0rmvNkU
INFO:root:03-08-2021:08:54:46||531519248|got linkedin response200
INFO:root:03-08-2021:08:54:47||531519248|Ann-Marie-Hertlein Oppenheimer-Global Marketing Director
INFO:root:03-08-2021:08:54:58||531519251|zooinfo response403
INFO:root:03-08-2021:08:54:59||531519251|https://www.linkedin.com/in/rose-chapman-58669089?miniProfileUrn=urn%3Ali%3Afs_miniProfile%3AACoAABLJtDYB4Sa6nmqwwZXXLKL287Gpz3KkW6c
INFO:root:03-08-2021:08:54:59||531519251|got linkedin response200
INFO:root:03-08-2021:08:54:59||531519251|Rose-Chapman-Head Of Marketing
INFO:root:03-08-2021:08:55:08||531519253|zooinfo response429
INFO:root:03-08-2021:08:55:08||531519253|https://www.linkedin.com/in/dorte-kamper-6596075?miniProfileUrn=urn%3Ali%3Afs_miniProfile%3AACoAAAD6yuUBOuxIBHsx7YPWmV1k9gtktJlAbbE
INFO:root:03-08-2021:08:55:09||531519253|got linkedin response200
INFO:root:03-08-2021:08:55:09||531519253|Dorte-Kamper-Vice President, Sales & Marketing
INFO:root:03-08-2021:08:55:23||531519256|zooinfo response403
INFO:root:03-08-2021:08:55:24||531519256|https://www.linkedin.com/in/jameseddleston?miniProfileUrn=urn%3Ali%3Afs_miniProfile%3AACoAAAT7cVwB0HgxlegtjSaLscw0bQTBRMkv0Iw
INFO:root:03-08-2021:08:55:25||531519256|got linkedin response200
INFO:root:03-08-2021:08:55:25||531519256|James-Eddleston-Chief Marketing Officer
INFO:root:03-08-2021:08:55:35||531519259|zooinfo response403
INFO:root:03-08-2021:08:55:37||531519259|https://www.linkedin.com/in/laurahickscornwall?miniProfileUrn=urn%3Ali%3Afs_miniProfile%3AACoAAAHnrhIBIog6b_Qk6DNf4Uewx-f1SjPg4BA
INFO:root:03-08-2021:08:55:38||531519259|got linkedin response200
INFO:root:03-08-2021:08:55:38||531519259|Laura-McKay-Board Trustee
INFO:root:03-08-2021:08:55:49||531519262|zooinfo response429
INFO:root:03-08-2021:08:55:50||531519262|https://www.linkedin.com/in/claire-smith-91a5978b?miniProfileUrn=urn%3Ali%3Afs_miniProfile%3AACoAABMhOWYBAyjtyRCwiBpcozYHlBytXwCSYDU
INFO:root:03-08-2021:08:55:51||531519262|got linkedin response200
INFO:root:03-08-2021:08:55:51||531519262|Claire-Smith-Head Of Marketing
INFO:root:03-08-2021:08:56:03||531519265|zooinfo response403
INFO:root:03-08-2021:08:56:04||531519265|https://www.linkedin.com/in/annamariewilliamson?miniProfileUrn=urn%3Ali%3Afs_miniProfile%3AACoAAAHVM_EBR6DlJQyFqHSkbf1vLa68q_O2rJ0
INFO:root:03-08-2021:08:56:04||531519265|got linkedin response200
INFO:root:03-08-2021:08:56:04||531519265|Anna-Williamson-Associate Marketing & Communications Director
INFO:root:03-08-2021:08:56:16||531519268|zooinfo response429
INFO:root:03-08-2021:08:56:17||531519268|https://www.linkedin.com/in/jess-wolinski?miniProfileUrn=urn%3Ali%3Afs_miniProfile%3AACoAAB6TnTcBR-KQGs-qqR1fHxvHQxXCmPPdxbs
INFO:root:03-08-2021:08:56:17||531519268|got linkedin response200
INFO:root:03-08-2021:08:56:17||531519268|Jess-Wolinski-Head Of Marketing, CU
INFO:root:03-08-2021:08:56:27||531519271|zooinfo response429
INFO:root:03-08-2021:08:56:28||531519271|https://www.linkedin.com/in/laura-poulton-aa875216?miniProfileUrn=urn%3Ali%3Afs_miniProfile%3AACoAAANQXKABKbHfmOQOTOYnRB-DuzcrHjQuXQQ
INFO:root:03-08-2021:08:56:29||531519271|got linkedin response200
INFO:root:03-08-2021:08:56:29||531519271|Laura-Poulton-Head of Marketing, Aon
INFO:root:03-08-2021:08:56:43||531519273|zooinfo response403
INFO:root:03-08-2021:08:56:44||531519273|https://www.linkedin.com/in/stuart-dench-28476a26?miniProfileUrn=urn%3Ali%3Afs_miniProfile%3AACoAAAVznwQBieURIfSHP2_jpvvV6sXv9fDOxCY
INFO:root:03-08-2021:08:56:45||531519273|got linkedin response200
INFO:root:03-08-2021:08:56:45||531519273|Stuart-Dench-Partner and Head of Business Development
INFO:root:03-08-2021:08:56:56||531519276|zooinfo response403
INFO:root:03-08-2021:08:56:56||531519276|https://www.linkedin.com/in/andrew-saunders-7b194517?miniProfileUrn=urn%3Ali%3Afs_miniProfile%3AACoAAAOFRjUBmTkNuXAs46tM3uLiFve9D7PxdJo
INFO:root:03-08-2021:08:56:57||531519276|got linkedin response200
INFO:root:03-08-2021:08:56:57||531519276|Andrew-Saunders-Head of Product & Marketing
INFO:root:03-08-2021:08:57:06||531520310|zooinfo response429
INFO:root:03-08-2021:08:57:06||531520310|https://www.linkedin.com/in/rogerjoos?miniProfileUrn=urn%3Ali%3Afs_miniProfile%3AACoAAACow3IBgxhoHHQo6zCOVfNNDV0MaHnvcd4
INFO:root:03-08-2021:08:57:07||531520310|got linkedin response200
INFO:root:03-08-2021:08:57:07||531520310|Roger-Joos-Director Marketing DACH
INFO:root:03-08-2021:08:57:16||531520311|zooinfo response403
INFO:root:03-08-2021:08:57:17||531520311|https://www.linkedin.com/in/tammycharnley?miniProfileUrn=urn%3Ali%3Afs_miniProfile%3AACoAAAt0jMQBMFUSS8Xvc3NAJoc4DiMNAX7pV64
INFO:root:03-08-2021:08:57:17||531520311|got linkedin response200
INFO:root:03-08-2021:08:57:17||531520311|Tammy-Charnley FCIM-General Manager, Marketing
INFO:root:03-08-2021:08:57:29||531520312|zooinfo response429
INFO:root:03-08-2021:08:57:29||531520312|https://www.linkedin.com/in/julie-tuffery-015247?miniProfileUrn=urn%3Ali%3Afs_miniProfile%3AACoAAAAJC1EBxFf9Szko19qa5y6lFCNhVhqSR6M
INFO:root:03-08-2021:08:57:30||531520312|got linkedin response200
INFO:root:03-08-2021:08:57:30||531520312|Julie-TUFFERY-Directrice Marketing
INFO:root:03-08-2021:08:57:40||531520313|zooinfo response403
INFO:root:03-08-2021:08:57:41||531520313|https://www.linkedin.com/in/ivagotovac?miniProfileUrn=urn%3Ali%3Afs_miniProfile%3AACoAAAG9D3QB-AqD4bVH3RzUBtA9zqntUss4TRw
INFO:root:03-08-2021:08:57:41||531520313|got linkedin response200
INFO:root:03-08-2021:08:57:41||531520313|Iva-Gotovac-Senior Director, EMEA & APAC Marketing
INFO:root:03-08-2021:08:57:52||531520314|zooinfo response429
INFO:root:03-08-2021:08:57:53||531520314|https://www.linkedin.com/in/denese-edgar-b9990a11?miniProfileUrn=urn%3Ali%3Afs_miniProfile%3AACoAAAJyxiUB4z0lS3sxzuXL-wMIVwCnSbgqQuY
INFO:root:03-08-2021:08:57:53||531520314|got linkedin response200
INFO:root:03-08-2021:08:57:53||531520314|Denese-Edgar-Director: Head of Marketing
INFO:root:03-08-2021:08:58:04||531520315|zooinfo response429
INFO:root:03-08-2021:08:58:05||531520315|https://www.linkedin.com/in/slavena-hristova-044aa05a?miniProfileUrn=urn%3Ali%3Afs_miniProfile%3AACoAAAyegjQBP0R2hlSF-kLH9TJ1gayEgOe3smo
INFO:root:03-08-2021:08:58:05||531520315|got linkedin response200
INFO:root:03-08-2021:08:58:05||531520315|Slavena-Hristova-Director of Product Marketing
INFO:root:03-08-2021:08:58:19||531520316|zooinfo response429
INFO:root:03-08-2021:08:58:20||531520316|https://www.linkedin.com/in/christoph-tillmanns-b9a94a5?miniProfileUrn=urn%3Ali%3Afs_miniProfile%3AACoAAAEHiiYBc87J7tmeWVZtmy70uck1cOQTuJk
INFO:root:03-08-2021:08:58:20||531520316|got linkedin response200
INFO:root:03-08-2021:08:58:20||531520316|Christoph-Tillmanns-Director Marketing Germany
INFO:root:03-08-2021:08:58:33||531520317|zooinfo response429
INFO:root:03-08-2021:08:58:34||531520317|https://www.linkedin.com/in/alessandroincecchi?miniProfileUrn=urn%3Ali%3Afs_miniProfile%3AACoAAALmWBcBimw0k6niBeAQccgKUIoj6tKN-c8
INFO:root:03-08-2021:08:58:35||531520317|got linkedin response200
INFO:root:03-08-2021:08:58:35||531520317|Alessandro-Incecchi-Marketing Director
INFO:root:03-08-2021:08:58:49||531520318|zooinfo response403
INFO:root:03-08-2021:08:58:50||531520318|https://www.linkedin.com/in/mar%C3%ADa-dobarco-13004415?miniProfileUrn=urn%3Ali%3Afs_miniProfile%3AACoAAAMH77QBF88P1qodyUIdkoWs3pZ-2iKaCMk
INFO:root:03-08-2021:08:58:51||531520318|got linkedin response200
INFO:root:03-08-2021:08:58:51||531520318|María-Dobarco-Emea Marketing Manager - Mitek Sports Medicine
INFO:root:03-08-2021:08:59:05||531520319|zooinfo response403
INFO:root:03-08-2021:08:59:06||531520319|https://www.linkedin.com/in/javier-zuazola-4b557334?miniProfileUrn=urn%3Ali%3Afs_miniProfile%3AACoAAAczygkB7AZw-E3QMwdr_1DnmicRWXnYWUM
INFO:root:03-08-2021:08:59:06||531520319|got linkedin response200
INFO:root:03-08-2021:08:59:06||531520319|Javier-Zuazola-Marketing & Sales Manager
INFO:root:03-08-2021:08:59:20||531520320|zooinfo response403
INFO:root:03-08-2021:08:59:21||531520320|https://www.linkedin.com/in/simonavellani?miniProfileUrn=urn%3Ali%3Afs_miniProfile%3AACoAAAEhJ04BKtZEvMq0yhN3x8ZcbyhjuUSs9pA
INFO:root:03-08-2021:08:59:22||531520320|got linkedin response200
INFO:root:03-08-2021:08:59:22||531520320|Simona-Vellani-Head of North, South Europe and Emerging Countries Marketing
