INFO:root:27-07-2021:10:21:44||1000|got linkedin response200
INFO:root:27-07-2021:10:21:44||1000|error in extracting contact'companyUrn'
INFO:root:27-07-2021:10:24:03||1000|got linkedin response200
INFO:root:27-07-2021:10:24:03||1000|error in extracting contact'companyUrn'
INFO:root:27-07-2021:10:24:04||1000|got linkedin response200
INFO:root:27-07-2021:10:24:04||1000|Paul-Lips-EVP Central Region
INFO:root:27-07-2021:10:24:05||1000|got linkedin response200
INFO:root:27-07-2021:10:24:05||1000|error in extracting contact'dateRange'
INFO:root:27-07-2021:10:24:05||1000|got linkedin response200
INFO:root:27-07-2021:10:24:05||1000|error in extracting contact'dateRange'
INFO:root:27-07-2021:10:24:06||1000|got linkedin response200
INFO:root:27-07-2021:10:24:06||1000|David-Zerda-Sales Manager
INFO:root:27-07-2021:10:24:06||1000|error in extracting contactsingle positional indexer is out-of-bounds
INFO:root:27-07-2021:10:24:06||1000|got linkedin response200
INFO:root:27-07-2021:10:24:06||1000|error in extracting contact'companyUrn'
INFO:root:27-07-2021:10:24:07||1000|got linkedin response200
INFO:root:27-07-2021:10:24:07||1000|Pat-Meyer-Plant Manager
INFO:root:27-07-2021:10:24:08||1000|got linkedin response200
INFO:root:27-07-2021:10:24:08||1000|error in extracting contact'companyUrn'
INFO:root:27-07-2021:10:24:09||1000|got linkedin response200
INFO:root:27-07-2021:10:24:09||1000|error in extracting contact'companyUrn'
INFO:root:27-07-2021:10:24:09||1000|got linkedin response200
INFO:root:27-07-2021:10:24:09||1000|Victor-Calcano-Vice President
