INFO:root:31-07-2021:10:05:56||531190248|zooinfo response200
INFO:root:31-07-2021:10:05:57||531190248|https://www.linkedin.com/in/jaimecelebron?miniProfileUrn=urn%3Ali%3Afs_miniProfile%3AACoAAAF2Ea4B83Bvs-tj66qCk61YrJH8sSF7oTs
INFO:root:31-07-2021:10:05:58||531190248|got linkedin response200
INFO:root:31-07-2021:10:05:58||531190248|Jaime-Celebron-Senior Director of Human Resources
INFO:root:31-07-2021:10:06:16||531190249|zooinfo response200
INFO:root:31-07-2021:10:06:17||531190249|https://www.linkedin.com/in/domenick-italiano-a2934b12?miniProfileUrn=urn%3Ali%3Afs_miniProfile%3AACoAAAKK2AEBrShBI9hDwXJ3KpGA6RIj1JRib2o
INFO:root:31-07-2021:10:06:17||531190249|got linkedin response200
INFO:root:31-07-2021:10:06:17||531190249|Domenick-Italiano-Division Vice President - Sales
INFO:root:31-07-2021:10:06:32||531190250|zooinfo response200
INFO:root:31-07-2021:10:06:33||531190250|https://www.linkedin.com/in/bradley-rogers-0101998?miniProfileUrn=urn%3Ali%3Afs_miniProfile%3AACoAAAFzYcwBNjSy44jUKKTBidoFnn5KDKLJmq4
INFO:root:31-07-2021:10:06:34||531190250|got linkedin response200
INFO:root:31-07-2021:10:06:34||531190250|Bradley-Rogers-Global Chief Operating Officer
INFO:root:31-07-2021:10:06:53||531190251|zooinfo response200
INFO:root:31-07-2021:10:06:54||531190251|https://www.linkedin.com/in/karinaalmendral?miniProfileUrn=urn%3Ali%3Afs_miniProfile%3AACoAAAFkTmABH2Gw7JjwPq-bQIUF7ExsgNL6In0
INFO:root:31-07-2021:10:06:55||531190251|got linkedin response200
INFO:root:31-07-2021:10:06:55||531190251|Karina-Mesa, MSHRM-Human Resources Director
INFO:root:31-07-2021:10:07:10||531190252|zooinfo response200
INFO:root:31-07-2021:10:07:11||531190252|https://www.linkedin.com/in/arthurconstantine?miniProfileUrn=urn%3Ali%3Afs_miniProfile%3AACoAAAO4icoBn6TshuUF7aSI_88KI3wHr1WVxn8
INFO:root:31-07-2021:10:07:12||531190252|got linkedin response200
INFO:root:31-07-2021:10:07:12||531190252|Arthur-Constantine-Finance Manager
INFO:root:31-07-2021:10:07:30||531190253|zooinfo response200
INFO:root:31-07-2021:10:07:31||531190253|https://www.linkedin.com/in/jacqueline-dunn-8b4906158?miniProfileUrn=urn%3Ali%3Afs_miniProfile%3AACoAACXdmYgBdxrp3GdP01mVcoJqX3-DGFNz5-w
INFO:root:31-07-2021:10:07:32||531190253|got linkedin response200
INFO:root:31-07-2021:10:07:32||531190253|Jacqueline-Dunn-Manager, Human Resources 
INFO:root:31-07-2021:10:07:47||531190254|zooinfo response200
INFO:root:31-07-2021:10:07:48||531190254|https://www.linkedin.com/in/liberatoabigail?miniProfileUrn=urn%3Ali%3Afs_miniProfile%3AACoAAAEH720BQth34LQTM6GsObN2f_tegSERxgo
INFO:root:31-07-2021:10:07:49||531190254|got linkedin response200
INFO:root:31-07-2021:10:07:49||531190254|Abigail-Liberato-Vice President Human Resources
INFO:root:31-07-2021:10:08:05||531190255|zooinfo response200
INFO:root:31-07-2021:10:08:15||531190255|got linkedin response200
INFO:root:31-07-2021:10:08:15||531190255|Kyle-Thompson-Senior Buyer
INFO:root:31-07-2021:10:08:29||531190256|zooinfo response200
INFO:root:31-07-2021:10:08:30||531190256|https://www.linkedin.com/in/paulette-kuehnert-42102853?miniProfileUrn=urn%3Ali%3Afs_miniProfile%3AACoAAAs3SlkBnL7YWQODjXv4IeePO8wbxr4PQ_4
INFO:root:31-07-2021:10:08:30||531190256|got linkedin response200
INFO:root:31-07-2021:10:08:30||531190256|Paulette-Kuehnert-Vice President of Information Technology
INFO:root:31-07-2021:10:08:52||531190257|zooinfo response200
INFO:root:31-07-2021:10:09:04||531190257|got linkedin response200
INFO:root:31-07-2021:10:09:04||531190257|Rick-Levek-Associate Director Human Resources
INFO:root:31-07-2021:10:09:20||531190258|zooinfo response200
INFO:root:31-07-2021:10:09:21||531190258|https://www.linkedin.com/in/craig-billings-20973b1?miniProfileUrn=urn%3Ali%3Afs_miniProfile%3AACoAAABJYmkBpmXOIe7lvWufW1tUnrFnw6tNfTc
INFO:root:31-07-2021:10:09:22||531190258|got linkedin response200
INFO:root:31-07-2021:10:09:22||531190258|Craig-Billings-Chief Financial Officer, Wynn Resorts, and Chief Executive Officer, Wynn Interactive
INFO:root:31-07-2021:10:09:37||531190259|zooinfo response200
INFO:root:31-07-2021:10:09:44||531190259|got linkedin response200
INFO:root:31-07-2021:10:09:44||531190259|Eric-Aldrian-Vice President, Legal - Litigation and Compliance
INFO:root:31-07-2021:10:10:03||531190260|zooinfo response200
INFO:root:31-07-2021:10:10:04||531190260|https://www.linkedin.com/in/michael-corno-47887ba6?miniProfileUrn=urn%3Ali%3Afs_miniProfile%3AACoAABaNw9wBMZHpJva0DdeMY0xNWxjVnLQNuqo
INFO:root:31-07-2021:10:10:05||531190260|got linkedin response200
INFO:root:31-07-2021:10:10:05||531190260|Michael-Corno-Operations Manager
INFO:root:31-07-2021:10:10:19||531190261|zooinfo response200
INFO:root:31-07-2021:10:10:20||531190261|https://www.linkedin.com/in/granostaj?miniProfileUrn=urn%3Ali%3Afs_miniProfile%3AACoAAAAGTSEBVtnB8ZPuTuUO7ZTrbP3j7JWExFw
INFO:root:31-07-2021:10:10:21||531190261|got linkedin response200
INFO:root:31-07-2021:10:10:21||531190261|Greg-Ranostaj-SVP Business Operations
INFO:root:31-07-2021:10:10:37||531190262|zooinfo response200
INFO:root:31-07-2021:10:10:38||531190262|https://www.linkedin.com/in/nick-connor-a573515?miniProfileUrn=urn%3Ali%3Afs_miniProfile%3AACoAAADw1aMB6osbLzKlnbW8K0R01Ypa9YPAFfk
INFO:root:31-07-2021:10:10:38||531190262|got linkedin response200
INFO:root:31-07-2021:10:10:38||531190262|Nick-Connor-VP Finance
INFO:root:31-07-2021:10:10:54||531190263|zooinfo response200
INFO:root:31-07-2021:10:10:55||531190263|https://www.linkedin.com/in/tracey-kyler-351674a4?miniProfileUrn=urn%3Ali%3Afs_miniProfile%3AACoAABYq2-0BJKDT7F-OUg0cF0pRLQqTlT4naqA
INFO:root:31-07-2021:10:10:56||531190263|got linkedin response200
INFO:root:31-07-2021:10:10:56||531190263|Tracey-Kyler-Human Resources Manager
INFO:root:31-07-2021:10:11:13||531190264|zooinfo response200
INFO:root:31-07-2021:10:11:13||531190264|https://www.linkedin.com/in/deepakddavid-132a0045?miniProfileUrn=urn%3Ali%3Afs_miniProfile%3AACoAAAmUyLYBAYxdGcbqjmmhaNlIGnfGV0QcYc0
INFO:root:31-07-2021:10:11:14||531190264|got linkedin response200
INFO:root:31-07-2021:10:11:14||531190264|Deepak-David MBA, PMP , ITIL Expert.-Vice President, IT Applications Management at Itaú Private Bank
INFO:root:31-07-2021:10:11:30||531190265|zooinfo response200
INFO:root:31-07-2021:10:11:30||531190265|https://www.linkedin.com/in/michael-fielding-3922572?miniProfileUrn=urn%3Ali%3Afs_miniProfile%3AACoAAABkfl4B_Y30mTAfYNGxX2-Gi6laS1youUI
INFO:root:31-07-2021:10:11:31||531190265|got linkedin response200
INFO:root:31-07-2021:10:11:31||531190265|Michael-Fielding-Executive Director of Finance
INFO:root:31-07-2021:10:11:48||531190266|zooinfo response200
INFO:root:31-07-2021:10:11:49||531190266|https://www.linkedin.com/in/rebecca-bowers?miniProfileUrn=urn%3Ali%3Afs_miniProfile%3AACoAABefXckBRlwabkHjV5Xexf-gaUJsubu_TCw
INFO:root:31-07-2021:10:11:49||531190266|got linkedin response200
INFO:root:31-07-2021:10:11:49||531190266|Rebecca-Bowers-Sales Manager
INFO:root:31-07-2021:10:12:06||531190267|zooinfo response200
INFO:root:31-07-2021:10:12:07||531190267|https://www.linkedin.com/in/matthew-kulick-8b800836?miniProfileUrn=urn%3Ali%3Afs_miniProfile%3AACoAAAd52wwBjFdAFA5h_FT6NYJ1CVOj3aLQKnA
INFO:root:31-07-2021:10:12:08||531190267|got linkedin response200
INFO:root:31-07-2021:10:12:09||531190267|Matthew-Kulick-General Counsel
INFO:root:31-07-2021:10:12:23||531190268|zooinfo response200
INFO:root:31-07-2021:10:12:24||531190268|https://www.linkedin.com/in/tammy-monday-a514aa2?miniProfileUrn=urn%3Ali%3Afs_miniProfile%3AACoAAABtw10B9WfPzyOj99rIwJn1f8qmZNlnqYc
INFO:root:31-07-2021:10:12:25||531190268|got linkedin response200
INFO:root:31-07-2021:10:12:25||531190268|Tammy-Monday-HR Manager
INFO:root:31-07-2021:10:12:43||531190269|zooinfo response200
INFO:root:31-07-2021:10:12:45||531190269|https://www.linkedin.com/in/joel-evans-9126354?miniProfileUrn=urn%3Ali%3Afs_miniProfile%3AACoAAADOId4BD3_4lonviLz2fmqHtgtsyyGP2DU
INFO:root:31-07-2021:10:12:45||531190269|got linkedin response200
INFO:root:31-07-2021:10:12:45||531190269|Joel-Evans-Vice President of Finance
INFO:root:31-07-2021:10:13:01||531190270|zooinfo response200
INFO:root:31-07-2021:10:13:02||531190270|https://www.linkedin.com/in/mpulley?miniProfileUrn=urn%3Ali%3Afs_miniProfile%3AACoAAAA65OEBigHMXk-c9wkhD9KJ5hXLm564NCk
INFO:root:31-07-2021:10:13:02||531190270|got linkedin response200
INFO:root:31-07-2021:10:13:02||531190270|Michael-Pulley-Associate IT Director
INFO:root:31-07-2021:10:13:18||531190271|zooinfo response200
INFO:root:31-07-2021:10:13:19||531190271|https://www.linkedin.com/in/katherine-day-wiele-43815ab?miniProfileUrn=urn%3Ali%3Afs_miniProfile%3AACoAAAH61uwBQEE0rn7ldZnFpT4QQLBVq9SXRQk
INFO:root:31-07-2021:10:13:19||531190271|got linkedin response200
INFO:root:31-07-2021:10:13:19||531190271|Katherine-Day Wiele-VP IT, Enterprise Systems
INFO:root:31-07-2021:10:13:38||531224177|zooinfo response200
INFO:root:31-07-2021:10:13:39||531224177|https://www.linkedin.com/in/mark-gierla-90b97248?miniProfileUrn=urn%3Ali%3Afs_miniProfile%3AACoAAAob9ZsBOF4yxAmRYMklqUw4PgqyGXBadtk
INFO:root:31-07-2021:10:13:40||531224177|got linkedin response200
INFO:root:31-07-2021:10:13:40||531224177|Mark-Gierla-Vice President Sales
INFO:root:31-07-2021:10:13:55||531224178|zooinfo response200
INFO:root:31-07-2021:10:14:07||531224178|got linkedin response200
INFO:root:31-07-2021:10:14:07||531224178|Bill-Moeller-Director Human Resources - US
INFO:root:31-07-2021:10:14:22||531224179|zooinfo response200
INFO:root:31-07-2021:10:14:23||531224179|https://www.linkedin.com/in/ken-hein-95a38716?miniProfileUrn=urn%3Ali%3Afs_miniProfile%3AACoAAANCQJYBQJ3EEflD8596iJ8MXFmQKdaCO_s
INFO:root:31-07-2021:10:14:23||531224179|got linkedin response200
INFO:root:31-07-2021:10:14:23||531224179|error in extracting contact'companyUrn'
INFO:root:31-07-2021:10:14:39||531224180|zooinfo response200
INFO:root:31-07-2021:10:14:39||531224180|https://www.linkedin.com/in/troy-jonas-86b9a57?miniProfileUrn=urn%3Ali%3Afs_miniProfile%3AACoAAAFkbJMBNIy7NGOt77Fru6ZpFTpg2D4Endw
INFO:root:31-07-2021:10:14:40||531224180|got linkedin response200
INFO:root:31-07-2021:10:14:40||531224180|Troy-Jonas-Vice President Global Sales and Marketing, Aircraft and Engineering Services
INFO:root:31-07-2021:10:14:54||531224181|zooinfo response200
INFO:root:31-07-2021:10:14:55||531224181|https://www.linkedin.com/in/dan-durning-5046ab1b?miniProfileUrn=urn%3Ali%3Afs_miniProfile%3AACoAAAQyLxQBUMNYmeWnUJxCaYszUroUJSIONs4
INFO:root:31-07-2021:10:14:56||531224181|got linkedin response200
INFO:root:31-07-2021:10:14:56||531224181|Dan-Durning-VP Business Development
INFO:root:31-07-2021:10:15:11||531224182|zooinfo response200
INFO:root:31-07-2021:10:15:12||531224182|https://www.linkedin.com/in/susan-jezak-024a7133?miniProfileUrn=urn%3Ali%3Afs_miniProfile%3AACoAAAcZJdwBmqebJz8ZkDTBvDo9Ydr3Mhg3_k4
INFO:root:31-07-2021:10:15:12||531224182|got linkedin response200
INFO:root:31-07-2021:10:15:12||531224182|Susan-Jezak-Sr Director Global Procurement
INFO:root:31-07-2021:10:15:29||531224183|zooinfo response200
INFO:root:31-07-2021:10:15:36||531224183|got linkedin response200
INFO:root:31-07-2021:10:15:36||531224183|Todd-Moyer-Sr. Director, IT - Network & Communications
INFO:root:31-07-2021:10:15:56||531224184|zooinfo response200
INFO:root:31-07-2021:10:15:56||531224184|https://www.linkedin.com/in/charles-david-ramos-24a64022?miniProfileUrn=urn%3Ali%3Afs_miniProfile%3AACoAAAS4rVoBkzpzt_wMVxOpeawgtcqoZsG1c9s
INFO:root:31-07-2021:10:15:57||531224184|got linkedin response200
INFO:root:31-07-2021:10:15:57||531224184|Charles David-Ramos-Head Of Information Technology
INFO:root:31-07-2021:10:16:12||531224187|zooinfo response200
INFO:root:31-07-2021:10:16:22||531224187|got linkedin response200
INFO:root:31-07-2021:10:16:22||531224187|Jeff-Edwards-Procurement Manager - Logistics
INFO:root:31-07-2021:10:16:40||531224188|zooinfo response200
INFO:root:31-07-2021:10:16:40||531224188|https://www.linkedin.com/in/niklas-josefsson-83734425?miniProfileUrn=urn%3Ali%3Afs_miniProfile%3AACoAAAU2F6sBJCdkeRY92QzAy02LmZTwdWM6SX4
INFO:root:31-07-2021:10:16:41||531224188|got linkedin response200
INFO:root:31-07-2021:10:16:41||531224188|Niklas-Josefsson-Finance Operations Director
INFO:root:31-07-2021:10:17:01||531224189|zooinfo response200
INFO:root:31-07-2021:10:17:01||531224189|https://www.linkedin.com/in/damon-cj-foreman-b5231219?miniProfileUrn=urn%3Ali%3Afs_miniProfile%3AACoAAAPImO4BZ0XJgIzsRDDCTlmsMxOby7ErFeo
INFO:root:31-07-2021:10:17:02||531224189|got linkedin response200
INFO:root:31-07-2021:10:17:02||531224189|Damon CJ-Foreman-Territory Sales Manager
INFO:root:31-07-2021:10:17:17||531224190|zooinfo response200
INFO:root:31-07-2021:10:17:18||531224190|https://www.linkedin.com/in/jaykrishforit?miniProfileUrn=urn%3Ali%3Afs_miniProfile%3AACoAAAJVnCUB_7qJGcktPGXMNnE1aYL7oxgiR_k
INFO:root:31-07-2021:10:17:19||531224190|got linkedin response200
INFO:root:31-07-2021:10:17:19||531224190|Jay-Krish-Vice President, IT
