INFO:root:01-08-2021:10:00:53||531169154|zooinfo response200
INFO:root:01-08-2021:10:00:55||531169154|https://www.linkedin.com/in/robert-gard-49019642?miniProfileUrn=urn%3Ali%3Afs_miniProfile%3AACoAAAjs8CwBAGMD2_M949Xdd5PsVOzqLdvGDIA
INFO:root:01-08-2021:10:00:55||531169154|got linkedin response200
INFO:root:01-08-2021:10:00:55||531169154|Robert-Gard-Client Finance Manager
INFO:root:01-08-2021:10:01:09||531169156|zooinfo response200
INFO:root:01-08-2021:10:01:10||531169156|https://www.linkedin.com/in/markweisgerber?miniProfileUrn=urn%3Ali%3Afs_miniProfile%3AACoAAAHhxVABmRjKTXfgEGjtCr4bDFHrzS361P4
INFO:root:01-08-2021:10:01:10||531169156|got linkedin response200
INFO:root:01-08-2021:10:01:10||531169156|Mark-Weisgerber-SVP Chief Operating Officer
INFO:root:01-08-2021:10:01:25||531169158|zooinfo response200
INFO:root:01-08-2021:10:01:37||531169158|got linkedin response200
INFO:root:01-08-2021:10:01:37||531169158|Michael-Young-IT Manager
INFO:root:01-08-2021:10:01:52||531169160|zooinfo response200
INFO:root:01-08-2021:10:01:53||531169160|https://www.linkedin.com/in/roberto-a-espinoza?miniProfileUrn=urn%3Ali%3Afs_miniProfile%3AACoAAB8CLmwBkQVUhGAaATOK3Tg4Q8oCh1fmR7M
INFO:root:01-08-2021:10:01:54||531169160|got linkedin response200
INFO:root:01-08-2021:10:01:54||531169160|Robert-Espinoza, CISSP-Senior Information Technology Manager
INFO:root:01-08-2021:10:02:11||531169163|zooinfo response200
INFO:root:01-08-2021:10:02:12||531169163|https://www.linkedin.com/in/roger-baune-8b4b8?miniProfileUrn=urn%3Ali%3Afs_miniProfile%3AACoAAAADtggBhjH8nYo0nrzqnQGc9XukxmIw3jk
INFO:root:01-08-2021:10:02:13||531169163|got linkedin response200
INFO:root:01-08-2021:10:02:13||531169163|Roger-Baune-Technical Services Manager, ISO
INFO:root:01-08-2021:10:02:27||531169165|zooinfo response200
INFO:root:01-08-2021:10:02:28||531169165|https://www.linkedin.com/in/michele-j-18597626?miniProfileUrn=urn%3Ali%3Afs_miniProfile%3AACoAAAV7bHUBWtCNM5vR4AZmKMvlsnmuHMFB_PY
INFO:root:01-08-2021:10:02:28||531169165|got linkedin response200
INFO:root:01-08-2021:10:02:28||531169165|Michele-J.-IT Project Manager
INFO:root:01-08-2021:10:02:44||531169169|zooinfo response200
INFO:root:01-08-2021:10:02:44||531169169|https://www.linkedin.com/in/thomas-deluca-7062487?miniProfileUrn=urn%3Ali%3Afs_miniProfile%3AACoAAAFIBfYB8fRwh_N6CtZUg5Do3frfw5mS1KM
INFO:root:01-08-2021:10:02:45||531169169|got linkedin response200
INFO:root:01-08-2021:10:02:45||531169169|Thomas-DeLuca-Chief Technology Officer
INFO:root:01-08-2021:10:03:03||531169171|zooinfo response200
INFO:root:01-08-2021:10:03:13||531169171|got linkedin response200
INFO:root:01-08-2021:10:03:13||531169171|Dennis-Strobel-Director, Information Technology
INFO:root:01-08-2021:10:03:30||531169173|zooinfo response200
INFO:root:01-08-2021:10:03:31||531169173|https://www.linkedin.com/in/bob-schommer-174a964?miniProfileUrn=urn%3Ali%3Afs_miniProfile%3AACoAAADfOmgB6i0vBk08Z3Zu3Mvlmp5DHG7Dv5Y
INFO:root:01-08-2021:10:03:31||531169173|got linkedin response200
INFO:root:01-08-2021:10:03:31||531169173|Bob-Schommer-Director of Security - IT & Loss Prevention
INFO:root:01-08-2021:10:03:44||531169176|zooinfo response200
INFO:root:01-08-2021:10:03:45||531169176|https://www.linkedin.com/in/chris-borchers-b1085928?miniProfileUrn=urn%3Ali%3Afs_miniProfile%3AACoAAAXSN_wBDWjhzCU03RghVxHrvCKLgXpV6yo
INFO:root:01-08-2021:10:03:46||531169176|got linkedin response200
INFO:root:01-08-2021:10:03:46||531169176|Chris-Borchers-IT Director - Digital Solutions at Blue Cross Blue Shield of Kansas City
INFO:root:01-08-2021:10:04:00||531169179|zooinfo response200
INFO:root:01-08-2021:10:04:01||531169179|https://www.linkedin.com/in/shefali-mookencherry-aa1a4878?miniProfileUrn=urn%3Ali%3Afs_miniProfile%3AACoAABCHOBkBvCMR2SU3wlODMZaz8NVFfbp2Tf4
INFO:root:01-08-2021:10:04:01||531169179|got linkedin response200
INFO:root:01-08-2021:10:04:01||531169179|Shefali-Mookencherry-Chief Information Security Officer, System Director of Information Security
INFO:root:01-08-2021:10:04:18||531169182|zooinfo response200
INFO:root:01-08-2021:10:04:19||531169182|https://www.linkedin.com/in/christopherpstathis?miniProfileUrn=urn%3Ali%3Afs_miniProfile%3AACoAAAEELZUBjhkkZdGCL2xVWJS4nYSQ6l4kZzc
INFO:root:01-08-2021:10:04:19||531169182|got linkedin response200
INFO:root:01-08-2021:10:04:19||531169182|Christopher-Stathis-Chief Information Officer
INFO:root:01-08-2021:10:04:34||531169184|zooinfo response200
INFO:root:01-08-2021:10:04:35||531169184|https://www.linkedin.com/in/alston-german-04324510?miniProfileUrn=urn%3Ali%3Afs_miniProfile%3AACoAAAIrvfMBQ2J1w_u6LX42F8XCygJG21kcD_A
INFO:root:01-08-2021:10:04:36||531169184|got linkedin response200
INFO:root:01-08-2021:10:04:36||531169184|Alston-German-Vice President & Chief Information Officer
INFO:root:01-08-2021:10:04:53||531169186|zooinfo response200
INFO:root:01-08-2021:10:04:54||531169186|https://www.linkedin.com/in/rich-guetzloff-5808516?miniProfileUrn=urn%3Ali%3Afs_miniProfile%3AACoAAAExXvABdOODALv61DOqrpqUU0Z6Y9vt0vI
INFO:root:01-08-2021:10:04:55||531169186|got linkedin response200
INFO:root:01-08-2021:10:04:55||531169186|Rich-Guetzloff-CIO, CISSP
INFO:root:01-08-2021:10:05:11||531169188|zooinfo response200
INFO:root:01-08-2021:10:05:13||531169188|https://www.linkedin.com/in/alston-german-04324510?miniProfileUrn=urn%3Ali%3Afs_miniProfile%3AACoAAAIrvfMBQ2J1w_u6LX42F8XCygJG21kcD_A
INFO:root:01-08-2021:10:05:13||531169188|got linkedin response200
INFO:root:01-08-2021:10:05:13||531169188|Alston-German-Vice President & Chief Information Officer
INFO:root:01-08-2021:10:05:29||531169190|zooinfo response200
INFO:root:01-08-2021:10:05:31||531169190|https://www.linkedin.com/in/gavingreen?miniProfileUrn=urn%3Ali%3Afs_miniProfile%3AACoAAAIjXCsBCI-3N8El3k2-wEaeapWzml-hDXk
INFO:root:01-08-2021:10:05:31||531169190|got linkedin response200
INFO:root:01-08-2021:10:05:31||531169190|Gavin-Green - CISSP-Chief Information Security Officer
INFO:root:01-08-2021:10:05:44||531169193|zooinfo response200
INFO:root:01-08-2021:10:05:45||531169193|https://www.linkedin.com/in/eric-travis-b093b013?miniProfileUrn=urn%3Ali%3Afs_miniProfile%3AACoAAAK6VTkBLKcinZFyY4p_GaaIqDsOBlktFyc
INFO:root:01-08-2021:10:05:45||531169193|got linkedin response200
INFO:root:01-08-2021:10:05:45||531169193|Eric-Travis-Deputy Assistant Director/Deputy Chief Information Officer
INFO:root:01-08-2021:10:05:59||531169196|zooinfo response200
INFO:root:01-08-2021:10:06:25||531169198|zooinfo response200
INFO:root:01-08-2021:10:06:26||531169198|https://www.linkedin.com/in/kellyuhrich?miniProfileUrn=urn%3Ali%3Afs_miniProfile%3AACoAAAF4psIBx6mkurvLfGwsqZCnXYJyaHISvw8
INFO:root:01-08-2021:10:06:26||531169198|got linkedin response200
INFO:root:01-08-2021:10:06:26||531169198|Kelly-Uhrich-SVP, Deputy Chief Information Security Officer
INFO:root:01-08-2021:10:06:40||531169200|zooinfo response200
INFO:root:01-08-2021:10:06:41||531169200|https://www.linkedin.com/in/eric-travis-b093b013?miniProfileUrn=urn%3Ali%3Afs_miniProfile%3AACoAAAK6VTkBLKcinZFyY4p_GaaIqDsOBlktFyc
INFO:root:01-08-2021:10:06:41||531169200|got linkedin response200
INFO:root:01-08-2021:10:06:41||531169200|Eric-Travis-Deputy Assistant Director/Deputy Chief Information Officer
INFO:root:01-08-2021:10:06:54||531169202|zooinfo response200
INFO:root:01-08-2021:10:06:55||531169202|https://www.linkedin.com/in/eraldgjoni?miniProfileUrn=urn%3Ali%3Afs_miniProfile%3AACoAAAxGLp0BE68fJ211OSO7Mo27iDHWqm_U4Io
INFO:root:01-08-2021:10:06:55||531169202|got linkedin response200
INFO:root:01-08-2021:10:06:55||531169202|Erald-Gjoni-Chief Information Officer
INFO:root:01-08-2021:10:07:09||531169204|zooinfo response200
INFO:root:01-08-2021:10:07:10||531169204|https://www.linkedin.com/in/kenjeanos?miniProfileUrn=urn%3Ali%3Afs_miniProfile%3AACoAAADEGsMBlzJaAoUYbDS0C44t8KUZyd74cXA
INFO:root:01-08-2021:10:07:11||531169204|got linkedin response200
INFO:root:01-08-2021:10:07:11||531169204|Ken-Jeanos-Chief Information Officer
INFO:root:01-08-2021:10:07:24||531169206|zooinfo response200
INFO:root:01-08-2021:10:07:49||531169208|zooinfo response200
INFO:root:01-08-2021:10:07:49||531169208|https://www.linkedin.com/in/ricjames?miniProfileUrn=urn%3Ali%3Afs_miniProfile%3AACoAAAA2P2wBwCt1mRYmNA_SAPWCmgsmErAFBAY
INFO:root:01-08-2021:10:07:50||531169208|got linkedin response200
INFO:root:01-08-2021:10:07:50||531169208|Ric-James-Chief Architecture Officer, OCIO
INFO:root:01-08-2021:10:08:04||531169284|zooinfo response200
INFO:root:01-08-2021:10:08:05||531169284|https://www.linkedin.com/in/fbroumand2018?miniProfileUrn=urn%3Ali%3Afs_miniProfile%3AACoAAAeDxgcBwhRJ5xnIj-TFYpJmOOQV9uVPGCM
INFO:root:01-08-2021:10:08:05||531169284|got linkedin response200
INFO:root:01-08-2021:10:08:05||531169284|Farshad-Broumand-IT Program Manager - Bureau of Global Public Affairs
INFO:root:01-08-2021:10:08:20||531169285|zooinfo response200
INFO:root:01-08-2021:10:08:21||531169285|https://www.linkedin.com/in/hdebarge?miniProfileUrn=urn%3Ali%3Afs_miniProfile%3AACoAAAuZWAwBMxBY8fikgTLlNusYheVzrrcDf68
INFO:root:01-08-2021:10:08:22||531169285|got linkedin response200
INFO:root:01-08-2021:10:08:22||531169285|Heather-DeBarge-Information Technology Service Desk Manager
INFO:root:01-08-2021:10:08:36||531169286|zooinfo response200
INFO:root:01-08-2021:10:08:36||531169286|https://www.linkedin.com/in/freddy-mendez-4b1521192?miniProfileUrn=urn%3Ali%3Afs_miniProfile%3AACoAAC1Ih4UBlYD0M7xJIePcxSO_q18OHIOOX18
INFO:root:01-08-2021:10:08:37||531169286|got linkedin response200
INFO:root:01-08-2021:10:08:37||531169286|Freddy-Mendez-Information Technology Manager
INFO:root:01-08-2021:10:08:55||531169287|zooinfo response200
INFO:root:01-08-2021:10:08:56||531169287|https://www.linkedin.com/in/steffenlandauer?miniProfileUrn=urn%3Ali%3Afs_miniProfile%3AACoAAAG-KmIBhF9mNR0UeTDlCH02-k1Nu44cCVc
INFO:root:01-08-2021:10:08:57||531169287|got linkedin response200
INFO:root:01-08-2021:10:08:57||531169287|Steffen-Landauer-Managing Director and Head of Talent Development
INFO:root:01-08-2021:10:09:15||531169288|zooinfo response200
INFO:root:01-08-2021:10:09:16||531169288|https://www.linkedin.com/in/nicholas-marino-43983329?miniProfileUrn=urn%3Ali%3Afs_miniProfile%3AACoAAAX--a0BMS6zcKmmClUVjTeJYLe6N-8L2BM
INFO:root:01-08-2021:10:09:16||531169288|got linkedin response200
INFO:root:01-08-2021:10:09:16||531169288|Nicholas-Marino-Desktop Security Team Member
INFO:root:01-08-2021:10:09:30||531169289|zooinfo response200
INFO:root:01-08-2021:10:09:31||531169289|https://www.linkedin.com/in/samson-selvaraj-98964ba4?miniProfileUrn=urn%3Ali%3Afs_miniProfile%3AACoAABYqG7kBljMwyTKH0p478VZyEZSWrMwjOwc
INFO:root:01-08-2021:10:09:31||531169289|got linkedin response200
INFO:root:01-08-2021:10:09:31||531169289|Samson-Selvaraj-Information Technology Project Manager
INFO:root:01-08-2021:10:09:46||531169290|zooinfo response200
INFO:root:01-08-2021:10:09:47||531169290|https://www.linkedin.com/in/brad-gornall-38505b8?miniProfileUrn=urn%3Ali%3Afs_miniProfile%3AACoAAAFuYVUBhnjvYeQ45_cYvMA_J7ozeEE44U0
INFO:root:01-08-2021:10:09:47||531169290|got linkedin response200
INFO:root:01-08-2021:10:09:47||531169290|Brad-Gornall-Sr. Finance Manager
INFO:root:01-08-2021:10:10:02||531169291|zooinfo response200
INFO:root:01-08-2021:10:10:03||531169291|https://www.linkedin.com/in/matthew-losi-8034155b?miniProfileUrn=urn%3Ali%3Afs_miniProfile%3AACoAAAyyl0MB6JPy-A47gy1zVzCZV9Mgu5fB3W4
INFO:root:01-08-2021:10:10:03||531169291|got linkedin response200
INFO:root:01-08-2021:10:10:03||531169291|Matthew-Losi-Director of Financial Planning and Analysis
INFO:root:01-08-2021:10:10:19||531169292|zooinfo response200
INFO:root:01-08-2021:10:10:21||531169292|https://www.linkedin.com/in/jackfitz?miniProfileUrn=urn%3Ali%3Afs_miniProfile%3AACoAAABWA2ABkPz3yX6e_r_wleY3uR8oYYX1ems
INFO:root:01-08-2021:10:10:21||531169292|got linkedin response200
INFO:root:01-08-2021:10:10:21||531169292|Jack-Fitzgerald-Software Engineering Manager
INFO:root:01-08-2021:10:10:36||531169293|zooinfo response200
INFO:root:01-08-2021:10:10:36||531169293|https://www.linkedin.com/in/arden-geist-a9b86314?miniProfileUrn=urn%3Ali%3Afs_miniProfile%3AACoAAAL5YFcBie9GIxH4IfYgoyvVWVZvQLw-TrU
INFO:root:01-08-2021:10:10:37||531169293|got linkedin response200
INFO:root:01-08-2021:10:10:37||531169293|Arden-Geist-Sr. Manager, IT
INFO:root:01-08-2021:10:10:56||531169294|zooinfo response200
INFO:root:01-08-2021:10:11:05||531169294|got linkedin response200
INFO:root:01-08-2021:10:11:05||531169294|Muhammad-Mufti-Manager Information Technology Services
INFO:root:01-08-2021:10:11:22||531169295|zooinfo response200
INFO:root:01-08-2021:10:11:23||531169295|https://www.linkedin.com/in/ed-kelley-878903b?miniProfileUrn=urn%3Ali%3Afs_miniProfile%3AACoAAAIXdRwBtrzo0Ams9R_MQCavYWjMDTViCGk
INFO:root:01-08-2021:10:11:24||531169295|got linkedin response200
INFO:root:01-08-2021:10:11:24||531169295|Ed-Kelley-CTO & Senior Vice President, Technology 
INFO:root:01-08-2021:10:11:40||531169296|zooinfo response200
INFO:root:01-08-2021:10:11:41||531169296|https://www.linkedin.com/in/gary-pratt-5374421?miniProfileUrn=urn%3Ali%3Afs_miniProfile%3AACoAAAA-FHsBU3meTdX0IW8Njs92AdOTPZFtGZk
INFO:root:01-08-2021:10:11:41||531169296|got linkedin response200
INFO:root:01-08-2021:10:11:41||531169296|Gary-Pratt-Chief Information Officer
INFO:root:01-08-2021:10:11:59||531169297|zooinfo response200
INFO:root:01-08-2021:10:12:00||531169297|https://www.linkedin.com/in/julianne-leblanc-74105112?miniProfileUrn=urn%3Ali%3Afs_miniProfile%3AACoAAAJ_f-EBuJmLjeMPYWzdYooOj9NrwGqnqo0
INFO:root:01-08-2021:10:12:00||531169297|got linkedin response200
INFO:root:01-08-2021:10:12:00||531169297|Julianne-LeBlanc-Chief Information Officer
INFO:root:01-08-2021:10:12:19||531169298|zooinfo response200
INFO:root:01-08-2021:10:12:19||531169298|https://www.linkedin.com/in/jonathan-stammler-4629a722?miniProfileUrn=urn%3Ali%3Afs_miniProfile%3AACoAAATGJ8oB39H4ArT8Zjwk_47Jy4nEntOnzrc
INFO:root:01-08-2021:10:12:20||531169298|got linkedin response200
INFO:root:01-08-2021:10:12:20||531169298|Jonathan-Stammler-Chief Information Security Officer
INFO:root:01-08-2021:10:12:34||531169299|zooinfo response200
INFO:root:01-08-2021:10:12:35||531169299|https://www.linkedin.com/in/zack42?miniProfileUrn=urn%3Ali%3Afs_miniProfile%3AACoAAAEqa2ABDo_GwgeAtGf0wb5csMWe12X6ihk
INFO:root:01-08-2021:10:12:36||531169299|got linkedin response200
INFO:root:01-08-2021:10:12:36||531169299|Jeffrey-Zack-Chief Information and Data Officer (CIO)
INFO:root:01-08-2021:10:12:49||531169300|zooinfo response200
INFO:root:01-08-2021:10:12:50||531169300|https://www.linkedin.com/in/walter-scott-828a882?miniProfileUrn=urn%3Ali%3Afs_miniProfile%3AACoAAACD2qAB53hXXXNMDDw7_vgXimO3rCSL4n0
INFO:root:01-08-2021:10:12:51||531169300|got linkedin response200
INFO:root:01-08-2021:10:12:51||531169300|Walter-Scott-Executive VP and CTO
INFO:root:01-08-2021:10:13:05||531169301|zooinfo response200
INFO:root:01-08-2021:10:13:07||531169301|https://www.linkedin.com/in/denise-jones-94936111?miniProfileUrn=urn%3Ali%3Afs_miniProfile%3AACoAAAJdpgkBDs2VdXw_nspodr-HBRiK4z7q710
INFO:root:01-08-2021:10:13:08||531169301|got linkedin response200
INFO:root:01-08-2021:10:13:08||531169301|Denise-Jones-Chief Information Officer
INFO:root:01-08-2021:10:13:22||531169319|zooinfo response200
INFO:root:01-08-2021:10:13:30||531169319|got linkedin response200
INFO:root:01-08-2021:10:13:30||531169319|Scott-Martin-Chief Information Officer
INFO:root:01-08-2021:10:13:45||531169326|zooinfo response200
INFO:root:01-08-2021:10:13:47||531169326|https://www.linkedin.com/in/melanie-harrison-48829642?miniProfileUrn=urn%3Ali%3Afs_miniProfile%3AACoAAAjwvCgBFXXOBEeimoDPxEIMtOKUfjxvIi4
INFO:root:01-08-2021:10:13:47||531169326|got linkedin response200
INFO:root:01-08-2021:10:13:47||531169326|Melanie-Harrison-Chief Information Officer
INFO:root:01-08-2021:10:14:05||531169327|zooinfo response200
INFO:root:01-08-2021:10:14:17||531169327|got linkedin response200
INFO:root:01-08-2021:10:14:17||531169327|Jim-Aralis-SVP Engineering & CTO Retired
INFO:root:01-08-2021:10:14:34||531169328|zooinfo response200
INFO:root:01-08-2021:10:14:35||531169328|https://www.linkedin.com/in/khem-balkaran-535a92a?miniProfileUrn=urn%3Ali%3Afs_miniProfile%3AACoAAAHwgXkBx8YZnT9hgvg0NP69He4r19xrWDE
INFO:root:01-08-2021:10:14:35||531169328|got linkedin response200
INFO:root:01-08-2021:10:14:35||531169328|Khem-Balkaran-CIO, VP Global Business Services 
INFO:root:01-08-2021:10:14:48||531169334|zooinfo response200
INFO:root:01-08-2021:10:14:49||531169334|https://www.linkedin.com/in/wallacesteve?miniProfileUrn=urn%3Ali%3Afs_miniProfile%3AACoAAAIfLVAB1B7D3kzojtVyaReuX0imP8i2tnc
INFO:root:01-08-2021:10:14:49||531169334|got linkedin response200
INFO:root:01-08-2021:10:14:49||531169334|Steve-Wallace-SVP-Global Chief Information Officer
INFO:root:01-08-2021:10:15:03||531169344|zooinfo response200
INFO:root:01-08-2021:10:15:04||531169344|https://www.linkedin.com/in/dirk-beekman-048200b?miniProfileUrn=urn%3Ali%3Afs_miniProfile%3AACoAAAH8yDgBn-2LCVbCQW0VNHICzexw776bGUY
INFO:root:01-08-2021:10:15:04||531169344|got linkedin response200
INFO:root:01-08-2021:10:15:04||531169344|Dirk-Beekman-Chief Technology Officer, V.P. R&D, Quality and Regulatory
INFO:root:01-08-2021:10:15:20||531169345|zooinfo response200
INFO:root:01-08-2021:10:15:21||531169345|https://www.linkedin.com/in/chris-welker-5a72461?miniProfileUrn=urn%3Ali%3Afs_miniProfile%3AACoAAAA2l88BGo2kEjqi4xnLUMYolkAZaxWHuqY
INFO:root:01-08-2021:10:15:21||531169345|got linkedin response200
INFO:root:01-08-2021:10:15:21||531169345|Chris-Welker-Vice President and Chief Information Officer
INFO:root:01-08-2021:10:15:39||531169346|zooinfo response200
INFO:root:01-08-2021:10:15:40||531169346|https://www.linkedin.com/in/patty-johnson-6385a922?miniProfileUrn=urn%3Ali%3Afs_miniProfile%3AACoAAAS3BkwB0EvtQV0i9-HH0_LEfMaKeMQLJ2s
INFO:root:01-08-2021:10:15:40||531169346|got linkedin response200
INFO:root:01-08-2021:10:15:40||531169346|Patty-Johnson-Executive Assistant to the Chief Medical Officer and Chief Information Officer
INFO:root:01-08-2021:10:15:54||531169347|zooinfo response200
INFO:root:01-08-2021:10:16:01||531169347|got linkedin response200
INFO:root:01-08-2021:10:16:01||531169347|Jonathan-Feibus-Chief Information Security Officer/Deputy Director
INFO:root:01-08-2021:10:16:17||531169348|zooinfo response200
INFO:root:01-08-2021:10:16:27||531169348|got linkedin response200
INFO:root:01-08-2021:10:16:27||531169348|David-Nelson-Chief Information Officer
INFO:root:01-08-2021:10:16:43||531169349|zooinfo response200
INFO:root:01-08-2021:10:16:44||531169349|https://www.linkedin.com/in/tony-wright-65586410?miniProfileUrn=urn%3Ali%3Afs_miniProfile%3AACoAAAJDJKEBjOZsI0MojvBqS4dm6J74h_49-oA
INFO:root:01-08-2021:10:16:44||531169349|got linkedin response200
INFO:root:01-08-2021:10:16:44||531169349|Tony-Wright-Vice President Information Technology & CIO
INFO:root:01-08-2021:10:16:57||531169350|zooinfo response200
INFO:root:01-08-2021:10:16:58||531169350|https://www.linkedin.com/in/jacobmathewandrade?miniProfileUrn=urn%3Ali%3Afs_miniProfile%3AACoAAAC-SgAB0vMNF36pl_r0gxxM2Cehdep2IB8
INFO:root:01-08-2021:10:16:58||531169350|got linkedin response200
INFO:root:01-08-2021:10:16:58||531169350|Jacob-Andrade-Director IT Infrastructure
INFO:root:01-08-2021:10:17:12||531169351|zooinfo response200
INFO:root:01-08-2021:10:17:24||531169351|got linkedin response200
INFO:root:01-08-2021:10:17:24||531169351|Jon-Mastny-IT Director, Infrastructure, Operations and Corporate Development 
INFO:root:01-08-2021:10:17:37||531169352|zooinfo response200
INFO:root:01-08-2021:10:17:45||531169352|got linkedin response200
INFO:root:01-08-2021:10:17:45||531169352|Michael-Cantalupo-Customer Success Account Manager
INFO:root:01-08-2021:10:17:59||531169353|zooinfo response200
INFO:root:01-08-2021:10:18:00||531169353|https://www.linkedin.com/in/mhorowitz?miniProfileUrn=urn%3Ali%3Afs_miniProfile%3AACoAAAAmV2oBYuV-OVx8Gh7PLGUOkYrC9ErmoMs
INFO:root:01-08-2021:10:18:01||531169353|got linkedin response200
INFO:root:01-08-2021:10:18:01||531169353|Mike-Horowitz-Vice President, IT Infrastructure
INFO:root:01-08-2021:10:18:17||531169354|zooinfo response200
INFO:root:01-08-2021:10:18:19||531169354|https://www.linkedin.com/in/steve-shinoda-b1080b1?miniProfileUrn=urn%3Ali%3Afs_miniProfile%3AACoAAABMQHwBhu8uQkINS7Ciw7U0cLUgGptn3fw
INFO:root:01-08-2021:10:18:19||531169354|got linkedin response200
INFO:root:01-08-2021:10:18:19||531169354|Steve-Shinoda-Information Technology Project Manager
INFO:root:01-08-2021:10:18:32||531169355|zooinfo response200
INFO:root:01-08-2021:10:18:33||531169355|https://www.linkedin.com/in/donna-ransier-62829a31?miniProfileUrn=urn%3Ali%3Afs_miniProfile%3AACoAAAagiAABmeBqM2_RxrkGV5zFQ-9ghpLDEKY
INFO:root:01-08-2021:10:18:33||531169355|got linkedin response200
INFO:root:01-08-2021:10:18:33||531169355|Donna-Ransier-Vice President Information Technology / Information Security Officer
INFO:root:01-08-2021:10:18:48||531169356|zooinfo response200
INFO:root:01-08-2021:10:18:48||531169356|https://www.linkedin.com/in/diane-marsilio-sphr-shrm-scp-6543495?miniProfileUrn=urn%3Ali%3Afs_miniProfile%3AACoAAADwuGABZWRapk-1PY4iDyxwrk0SMTSjyP8
INFO:root:01-08-2021:10:18:49||531169356|got linkedin response200
INFO:root:01-08-2021:10:18:49||531169356|Diane-Marsilio, SPHR, SHRM-SCP-Director of Human Resources
INFO:root:01-08-2021:10:19:06||531169357|zooinfo response200
INFO:root:01-08-2021:10:19:08||531169357|https://www.linkedin.com/in/derek-rankin-80014b85?miniProfileUrn=urn%3Ali%3Afs_miniProfile%3AACoAABH_LsABIphj42AloNzLjH0WaTlk63BpzBw
INFO:root:01-08-2021:10:19:08||531169357|got linkedin response200
INFO:root:01-08-2021:10:19:08||531169357|Derek-Rankin-Accounting, Sr. Manager
INFO:root:01-08-2021:10:19:23||531169358|zooinfo response410
INFO:root:01-08-2021:10:19:24||531169358|https://www.linkedin.com/in/jill-holden-59997582?miniProfileUrn=urn%3Ali%3Afs_miniProfile%3AACoAABGVqAUB2SHJ3TntmVDXmvCdja-pubDTvjE
INFO:root:01-08-2021:10:19:24||531169358|got linkedin response200
INFO:root:01-08-2021:10:19:24||531169358|Jill-Holden-Associate Director of Finance- Internal Medicine
INFO:root:01-08-2021:10:19:40||531169359|zooinfo response200
INFO:root:01-08-2021:10:19:40||531169359|https://www.linkedin.com/in/michael-duke-5734168?miniProfileUrn=urn%3Ali%3Afs_miniProfile%3AACoAAAF8LKcBZxFjOseZZT3GcVWWfo17_N-2m-U
INFO:root:01-08-2021:10:19:41||531169359|got linkedin response200
INFO:root:01-08-2021:10:19:41||531169359|Michael-Duke-Director Of Operations
INFO:root:01-08-2021:10:19:55||531169129|zooinfo response200
INFO:root:01-08-2021:10:19:56||531169129|https://www.linkedin.com/in/jackie-grunwald-8326696?miniProfileUrn=urn%3Ali%3Afs_miniProfile%3AACoAAAEqT2YBxgLTziXJkL7FPIjEy6XHThiAPVE
INFO:root:01-08-2021:10:19:57||531169129|got linkedin response200
INFO:root:01-08-2021:10:19:57||531169129|Jackie-Grunwald-Vice President & CIO
INFO:root:01-08-2021:10:20:14||531169130|zooinfo response200
INFO:root:01-08-2021:10:20:14||531169130|https://www.linkedin.com/in/tonyschliesser?miniProfileUrn=urn%3Ali%3Afs_miniProfile%3AACoAAAAmukAB2IqlGuNRHK7N6dTUnENaxQBXE-U
INFO:root:01-08-2021:10:20:15||531169130|got linkedin response200
INFO:root:01-08-2021:10:20:15||531169130|Tony-Schliesser-Chief Information Security Officer
INFO:root:01-08-2021:10:20:33||531169131|zooinfo response200
INFO:root:01-08-2021:10:20:33||531169131|https://www.linkedin.com/in/jackbelcher?miniProfileUrn=urn%3Ali%3Afs_miniProfile%3AACoAAAIUGhABtL6zHEV_hvfUx54ACN0Bw2LZXDM
INFO:root:01-08-2021:10:20:34||531169131|got linkedin response200
INFO:root:01-08-2021:10:20:34||531169131|Jack-Belcher-Chief Technology Officer
INFO:root:01-08-2021:10:20:47||531169132|zooinfo response200
INFO:root:01-08-2021:10:20:48||531169132|https://www.linkedin.com/in/vgopal?miniProfileUrn=urn%3Ali%3Afs_miniProfile%3AACoAAACYSQwBcgStiG6nRLDCofME9oUzbWwGR98
INFO:root:01-08-2021:10:20:48||531169132|got linkedin response200
INFO:root:01-08-2021:10:20:48||531169132|Vikram-Gopal-Sr. Vice-President & Chief Technology Officer
INFO:root:01-08-2021:10:21:04||531169133|zooinfo response200
INFO:root:01-08-2021:10:21:16||531169133|got linkedin response200
INFO:root:01-08-2021:10:21:16||531169133|Dr. Jay-R.-Principal Consultant
INFO:root:01-08-2021:10:21:33||531169134|zooinfo response200
INFO:root:01-08-2021:10:21:34||531169134|https://www.linkedin.com/in/masonbmcdaniel?miniProfileUrn=urn%3Ali%3Afs_miniProfile%3AACoAAAFYx5UBCT1XKUKl8juGOS2qrNTzXQx4R4Y
INFO:root:01-08-2021:10:21:35||531169134|got linkedin response200
INFO:root:01-08-2021:10:21:35||531169134|Mason-McDaniel-Co-Chair, Board of Directors
INFO:root:01-08-2021:10:21:48||531169137|zooinfo response200
INFO:root:01-08-2021:10:21:56||531169137|got linkedin response200
INFO:root:01-08-2021:10:21:56||531169137|Robert-Brown-Information Systems Security Authorization Manager
INFO:root:01-08-2021:10:22:14||531169139|zooinfo response200
INFO:root:01-08-2021:10:22:26||531169139|got linkedin response200
INFO:root:01-08-2021:10:22:26||531169139|David-Kurtz-Vice President Of Commercial Sales
INFO:root:01-08-2021:10:22:40||531169141|zooinfo response200
INFO:root:01-08-2021:10:22:40||531169141|https://www.linkedin.com/in/margi-lee-harney-b066705?miniProfileUrn=urn%3Ali%3Afs_miniProfile%3AACoAAAD81TYBdL7d-lSw-1sMlMLXvewO3-P3N5c
INFO:root:01-08-2021:10:22:41||531169141|got linkedin response200
INFO:root:01-08-2021:10:22:41||531169141|Margi-Lee Harney-Diversity and Inclusion Council Chair
INFO:root:01-08-2021:10:22:58||531169143|zooinfo response200
INFO:root:01-08-2021:10:23:00||531169143|https://www.linkedin.com/in/chris-nelson-8b1273?miniProfileUrn=urn%3Ali%3Afs_miniProfile%3AACoAAAAJ6EUBce1UBeR7Rz2kIC35qTF79kxIdg4
INFO:root:01-08-2021:10:23:00||531169143|got linkedin response200
INFO:root:01-08-2021:10:23:00||531169143|Chris-Nelson-Chief Information Officer
INFO:root:01-08-2021:10:23:14||531169145|zooinfo response200
INFO:root:01-08-2021:10:23:15||531169145|https://www.linkedin.com/in/oaaraya?miniProfileUrn=urn%3Ali%3Afs_miniProfile%3AACoAAAdpRUYBpkmZgDc5B03ksOi1DL4pFci_L1c
INFO:root:01-08-2021:10:23:15||531169145|got linkedin response200
INFO:root:01-08-2021:10:23:15||531169145|Oscar-Araya-Vice President Information Technology
INFO:root:01-08-2021:10:23:31||531169147|zooinfo response200
INFO:root:01-08-2021:10:23:32||531169147|https://www.linkedin.com/in/harry-singh-502920bb?miniProfileUrn=urn%3Ali%3Afs_miniProfile%3AACoAABmWQNIBiMnxOyVRVjZwLT01d4Gb5QCTcMQ
INFO:root:01-08-2021:10:23:32||531169147|got linkedin response200
INFO:root:01-08-2021:10:23:32||531169147|HARRY-SINGH-Associate Director/CIO
INFO:root:01-08-2021:10:23:45||531169148|zooinfo response200
INFO:root:01-08-2021:10:23:46||531169148|https://www.linkedin.com/in/togai-andrews-7aa7b9192?miniProfileUrn=urn%3Ali%3Afs_miniProfile%3AACoAAC1TMDIB9id73uVFF-CndgW62w_bZ-eAlRA
INFO:root:01-08-2021:10:23:46||531169148|got linkedin response200
INFO:root:01-08-2021:10:23:46||531169148|Togai-Andrews-Chief Information Security Officer
INFO:root:01-08-2021:10:24:01||531169151|zooinfo response200
INFO:root:01-08-2021:10:24:02||531169151|https://www.linkedin.com/in/steve-tobengauz-83291b8?miniProfileUrn=urn%3Ali%3Afs_miniProfile%3AACoAAAGPS-YBpcILjVgpwZHYRQ6ulGjP0R0NaDg
INFO:root:01-08-2021:10:24:03||531169151|got linkedin response200
INFO:root:01-08-2021:10:24:03||531169151|Steve-Tobengauz-Chief Financial Officer & Chief Operating Officer (CFO / COO)
INFO:root:01-08-2021:10:24:20||531169210|zooinfo response200
INFO:root:01-08-2021:10:24:21||531169210|https://www.linkedin.com/in/bill-mcelhaney-4b85b532?miniProfileUrn=urn%3Ali%3Afs_miniProfile%3AACoAAAbZ-4wB7tYlgyGpyIht0RiwLVD9ua10svk
INFO:root:01-08-2021:10:24:22||531169210|got linkedin response200
INFO:root:01-08-2021:10:24:22||531169210|Bill-McElhaney-Chief Information Officer, USCIS
INFO:root:01-08-2021:10:24:40||531169213|zooinfo response200
INFO:root:01-08-2021:10:24:41||531169213|https://www.linkedin.com/in/djoubrailov?miniProfileUrn=urn%3Ali%3Afs_miniProfile%3AACoAAAAUzSsBIWuPighcSzizVAYT_gAcnYcwLnE
INFO:root:01-08-2021:10:24:41||531169213|got linkedin response200
INFO:root:01-08-2021:10:24:41||531169213|Ivo-D.-Deputy Chief Technology Officer
INFO:root:01-08-2021:10:24:54||531169215|zooinfo response200
INFO:root:01-08-2021:10:24:55||531169215|https://www.linkedin.com/in/russell-haj-ramos-b68888?miniProfileUrn=urn%3Ali%3Afs_miniProfile%3AACoAAAAhJIABIX8aMsN2AJWs0Nf3RG2DOjC7x6I
INFO:root:01-08-2021:10:24:56||531169215|got linkedin response200
INFO:root:01-08-2021:10:24:56||531169215|Russell "Haj"-Ramos-Deputy Chief Information Security Officer
INFO:root:01-08-2021:10:25:09||531169218|zooinfo response200
INFO:root:01-08-2021:10:25:10||531169218|https://www.linkedin.com/in/jmontel137?miniProfileUrn=urn%3Ali%3Afs_miniProfile%3AACoAAADKG2MBn2conN-XhphcZz5cHRcMQ1Q-nvo
INFO:root:01-08-2021:10:25:10||531169218|got linkedin response200
INFO:root:01-08-2021:10:25:10||531169218|John-Montel-Associate Chief Information Officer
INFO:root:01-08-2021:10:25:24||531169220|zooinfo response200
INFO:root:01-08-2021:10:25:25||531169220|https://www.linkedin.com/in/william-rockwood-3a53a51?miniProfileUrn=urn%3Ali%3Afs_miniProfile%3AACoAAAA8Qe0BTIzsMuhMvslxZHXkAV9Rny-_I2s
INFO:root:01-08-2021:10:25:25||531169220|got linkedin response200
INFO:root:01-08-2021:10:25:25||531169220|William-Rockwood-Software Engineering Manager - UI
INFO:root:01-08-2021:10:25:39||531169222|zooinfo response200
INFO:root:01-08-2021:10:25:40||531169222|https://www.linkedin.com/in/satishkalala?miniProfileUrn=urn%3Ali%3Afs_miniProfile%3AACoAAABtuUUBL4UkbabmKgAOMXDDO4VO8_QAFmw
INFO:root:01-08-2021:10:25:40||531169222|got linkedin response200
INFO:root:01-08-2021:10:25:40||531169222|Satish-Kalala-Chief Technology Officer
INFO:root:01-08-2021:10:25:55||531169224|zooinfo response200
INFO:root:01-08-2021:10:25:56||531169224|https://www.linkedin.com/in/delilah-rivera-765927a0?miniProfileUrn=urn%3Ali%3Afs_miniProfile%3AACoAABV-gX0BTwUqJdiYgKC2U6vwtX_BxB2Snxk
INFO:root:01-08-2021:10:25:56||531169224|got linkedin response200
INFO:root:01-08-2021:10:25:56||531169224|Delilah-Rivera-Senior Business Finance Manager
INFO:root:01-08-2021:10:26:12||531169226|zooinfo response200
INFO:root:01-08-2021:10:26:13||531169226|https://www.linkedin.com/in/ben-parker-148aa433?miniProfileUrn=urn%3Ali%3Afs_miniProfile%3AACoAAAcaLcgBhfv4kzU1uBGvNR1OsBvNagcrISo
INFO:root:01-08-2021:10:26:14||531169226|got linkedin response200
INFO:root:01-08-2021:10:26:14||531169226|Ben-Parker-Technology Advisor
INFO:root:01-08-2021:10:26:26||531169229|zooinfo response200
INFO:root:01-08-2021:10:26:27||531169229|https://www.linkedin.com/in/jeffbird?miniProfileUrn=urn%3Ali%3Afs_miniProfile%3AACoAAAA6YzEBoh3VwYdu3p02Iqv1pma-tElzKoo
INFO:root:01-08-2021:10:26:27||531169229|got linkedin response200
INFO:root:01-08-2021:10:26:27||531169229|Jeff-Bird-President - Chief Operating Officer
INFO:root:01-08-2021:10:26:42||531169231|zooinfo response200
INFO:root:01-08-2021:10:26:43||531169231|https://www.linkedin.com/in/gaylena-cline-66b9953a?miniProfileUrn=urn%3Ali%3Afs_miniProfile%3AACoAAAhVCnMBlZxw4DmMii0DB0zrkKZJgqe4tnE
INFO:root:01-08-2021:10:26:43||531169231|got linkedin response200
INFO:root:01-08-2021:10:26:43||531169231|Gaylena-Cline-Associate Director Payroll Operations
INFO:root:01-08-2021:10:26:57||531169234|zooinfo response200
INFO:root:01-08-2021:10:26:58||531169234|https://www.linkedin.com/in/miguel-jimenez-b8a58859?miniProfileUrn=urn%3Ali%3Afs_miniProfile%3AACoAAAxdkJoBbVTJYrPs6B7pMiiI8uDBUGVAmyk
INFO:root:01-08-2021:10:26:58||531169234|got linkedin response200
INFO:root:01-08-2021:10:26:58||531169234|Miguel-Jimenez-Chief Operating Officer
INFO:root:01-08-2021:10:27:13||531169237|zooinfo response200
INFO:root:01-08-2021:10:27:23||531169237|got linkedin response200
INFO:root:01-08-2021:10:27:23||531169237|Scott-Taylor, CMRP-Regional Operations Manager
INFO:root:01-08-2021:10:27:36||531169240|zooinfo response200
INFO:root:01-08-2021:10:27:44||531169240|got linkedin response200
INFO:root:01-08-2021:10:27:44||531169240|Chris-Barone-Senior Vice President Operations
INFO:root:01-08-2021:10:27:58||531169241|zooinfo response200
INFO:root:01-08-2021:10:28:00||531169241|https://www.linkedin.com/in/renee-peterson-5270094?miniProfileUrn=urn%3Ali%3Afs_miniProfile%3AACoAAAC2f68BZtmPOV9d3XMPdl4yCDQhgOKXHIg
INFO:root:01-08-2021:10:28:00||531169241|got linkedin response200
INFO:root:01-08-2021:10:28:00||531169241|Renee-Peterson-Vice President and Chief Financial Officer
INFO:root:01-08-2021:10:28:17||531169242|zooinfo response200
INFO:root:01-08-2021:10:28:18||531169242|https://www.linkedin.com/in/bartlo-oosthuizen-2b178313?miniProfileUrn=urn%3Ali%3Afs_miniProfile%3AACoAAALIoeUBWQQJ7IeLrgrmh4JMqHKzZP56El8
INFO:root:01-08-2021:10:28:19||531169242|got linkedin response200
INFO:root:01-08-2021:10:28:19||531169242|Bartlo-Oosthuizen-Director, Finance Process and Solutions
INFO:root:01-08-2021:10:28:36||531169243|zooinfo response200
INFO:root:01-08-2021:10:28:36||531169243|https://www.linkedin.com/in/michael-kerrigan-061a102?miniProfileUrn=urn%3Ali%3Afs_miniProfile%3AACoAAACBaUkB5SFFYt-lnE10UiXsFxIT9DGeQSM
INFO:root:01-08-2021:10:28:37||531169243|got linkedin response200
INFO:root:01-08-2021:10:28:37||531169243|Michael-Kerrigan-Director of Human Resources
INFO:root:01-08-2021:10:28:51||531169244|zooinfo response200
INFO:root:01-08-2021:10:28:52||531169244|https://www.linkedin.com/in/cord-chase-240954106?miniProfileUrn=urn%3Ali%3Afs_miniProfile%3AACoAABrWPVABT0omnzV7Y0lrQAEoqQu-K_6bb20
INFO:root:01-08-2021:10:28:53||531169244|got linkedin response200
INFO:root:01-08-2021:10:28:53||531169244|Cord-Chase-Chief Information Security Officer (CISO)
INFO:root:01-08-2021:10:29:05||531169245|zooinfo response200
INFO:root:01-08-2021:10:29:07||531169245|https://www.linkedin.com/in/cord-chase-240954106?miniProfileUrn=urn%3Ali%3Afs_miniProfile%3AACoAABrWPVABT0omnzV7Y0lrQAEoqQu-K_6bb20
INFO:root:01-08-2021:10:29:07||531169245|got linkedin response200
INFO:root:01-08-2021:10:29:07||531169245|Cord-Chase-Chief Information Security Officer (CISO)
INFO:root:01-08-2021:10:29:21||531169246|zooinfo response200
INFO:root:01-08-2021:10:29:29||531169246|got linkedin response200
INFO:root:01-08-2021:10:29:29||531169246|Jeff-Wagner-Chief Technology Officer
INFO:root:01-08-2021:10:29:42||531169248|zooinfo response200
INFO:root:01-08-2021:10:29:43||531169248|https://www.linkedin.com/in/manesh-patel-954a9220?miniProfileUrn=urn%3Ali%3Afs_miniProfile%3AACoAAARuY9ABuX8B0YM69VrVhYLz15WSwrpdREk
INFO:root:01-08-2021:10:29:43||531169248|got linkedin response200
INFO:root:01-08-2021:10:29:43||531169248|Manesh-Patel-SVP & CIO
INFO:root:01-08-2021:10:29:56||531169249|zooinfo response200
INFO:root:01-08-2021:10:29:57||531169249|https://www.linkedin.com/in/marjorieboles?miniProfileUrn=urn%3Ali%3Afs_miniProfile%3AACoAAACfofsBnQqz7xZstCD5-ALad6E9K_2wP14
INFO:root:01-08-2021:10:29:57||531169249|got linkedin response200
INFO:root:01-08-2021:10:29:57||531169249|Marjorie-Boles-Group Chief Information Officer
INFO:root:01-08-2021:10:30:13||531169252|zooinfo response200
INFO:root:01-08-2021:10:30:14||531169252|https://www.linkedin.com/in/brad-hartig-9450562?miniProfileUrn=urn%3Ali%3Afs_miniProfile%3AACoAAABc4sUB6mG4bcxjgM58xt6dRj0sBpoAN6M
INFO:root:01-08-2021:10:30:14||531169252|got linkedin response200
INFO:root:01-08-2021:10:30:14||531169252|Brad-Hartig-CIO, General Manager
INFO:root:01-08-2021:10:30:28||531169253|zooinfo response200
INFO:root:01-08-2021:10:30:37||531169253|got linkedin response200
INFO:root:01-08-2021:10:30:37||531169253|Ryan-Moore, CISSP, GICSP-Joint Operations & Exercise Planner
INFO:root:01-08-2021:10:30:52||531169254|zooinfo response200
INFO:root:01-08-2021:10:30:52||531169254|https://www.linkedin.com/in/lynn-schug-77524214?miniProfileUrn=urn%3Ali%3Afs_miniProfile%3AACoAAALh7ckB5dMGL1g6Q82majBavj5CZX7jflA
INFO:root:01-08-2021:10:30:53||531169254|got linkedin response200
INFO:root:01-08-2021:10:30:53||531169254|Lynn-Schug-Deputy CIO, Enterprise Operations and Shared Services
INFO:root:01-08-2021:10:31:11||531169255|zooinfo response200
INFO:root:01-08-2021:10:31:12||531169255|https://www.linkedin.com/in/pamelaisom?miniProfileUrn=urn%3Ali%3Afs_miniProfile%3AACoAAACqFdsBBMlaow74fLvgfDTXvU_b2HK7v6k
INFO:root:01-08-2021:10:31:12||531169255|got linkedin response200
INFO:root:01-08-2021:10:31:12||531169255|Pamela-Isom-Acting Director, Artificial Intelligence & Technology Office
INFO:root:01-08-2021:10:31:27||531169256|zooinfo response200
INFO:root:01-08-2021:10:31:28||531169256|https://www.linkedin.com/in/ddarnellsmith?miniProfileUrn=urn%3Ali%3Afs_miniProfile%3AACoAAACcl48B_06qpzBkB8QateOTab5h-kzepqg
INFO:root:01-08-2021:10:31:28||531169256|got linkedin response200
INFO:root:01-08-2021:10:31:28||531169256|D. Darnell-Smith-Vice President and Chief Information Officer
INFO:root:01-08-2021:10:31:43||531169257|zooinfo response200
INFO:root:01-08-2021:10:31:44||531169257|https://www.linkedin.com/in/amie-smith-3b74b420?miniProfileUrn=urn%3Ali%3Afs_miniProfile%3AACoAAARYSDsBvjmnprUtNuy31VNoWzwUhImUCQU
INFO:root:01-08-2021:10:31:44||531169257|got linkedin response200
INFO:root:01-08-2021:10:31:44||531169257|Amie-Smith-Human Resources Manager
INFO:root:01-08-2021:10:31:57||531169258|zooinfo response200
INFO:root:01-08-2021:10:31:58||531169258|https://www.linkedin.com/in/aldo-h-gonzalez-674202177?miniProfileUrn=urn%3Ali%3Afs_miniProfile%3AACoAACna2TgB4660XBkhLfLnJZ96F_RQojeGJro
INFO:root:01-08-2021:10:31:58||531169258|got linkedin response200
INFO:root:01-08-2021:10:31:58||531169258|Aldo H.-Gonzalez-Senior Human Resources Manager
INFO:root:01-08-2021:10:32:16||531169259|zooinfo response200
INFO:root:01-08-2021:10:32:16||531169259|https://www.linkedin.com/in/janabasubas?miniProfileUrn=urn%3Ali%3Afs_miniProfile%3AACoAAAerNvgBmt4XBaBS75lOjY6hydJaSQZxmQg
INFO:root:01-08-2021:10:32:17||531169259|got linkedin response200
INFO:root:01-08-2021:10:32:17||531169259|Jana-Basubas, SPHR-Human Resources Director
INFO:root:01-08-2021:10:32:33||531169260|zooinfo response200
INFO:root:01-08-2021:10:32:45||531169260|got linkedin response200
INFO:root:01-08-2021:10:32:45||531169260|FRANK-KELLER-Controller - Detection USA
INFO:root:01-08-2021:10:33:00||531169261|zooinfo response200
INFO:root:01-08-2021:10:33:09||531169261|got linkedin response200
INFO:root:01-08-2021:10:33:09||531169261|error in extracting contact'companyUrn'
INFO:root:01-08-2021:10:33:26||531169262|zooinfo response200
INFO:root:01-08-2021:10:33:27||531169262|https://www.linkedin.com/in/zilan-ding-7b23a530?miniProfileUrn=urn%3Ali%3Afs_miniProfile%3AACoAAAZ29DYBqTqXecXtqNtM1pgxLymVGAcj7ME
INFO:root:01-08-2021:10:33:28||531169262|got linkedin response200
INFO:root:01-08-2021:10:33:28||531169262|Zilan-Ding-Finance Manager
INFO:root:01-08-2021:10:33:44||531169263|zooinfo response200
INFO:root:01-08-2021:10:33:51||531169263|got linkedin response200
INFO:root:01-08-2021:10:33:52||531169263|Davina (Dee)-Sané, MBA, PMP, CSM, CMP-Program Manager, Information Technology - PMO
INFO:root:01-08-2021:10:34:08||531169264|zooinfo response200
INFO:root:01-08-2021:10:34:09||531169264|https://www.linkedin.com/in/davidsulpy?miniProfileUrn=urn%3Ali%3Afs_miniProfile%3AACoAAALggGYBklH-DQDAqpbgsu1E39N5Ay0wJ6Y
INFO:root:01-08-2021:10:34:10||531169264|got linkedin response200
INFO:root:01-08-2021:10:34:10||531169264|David-Sulpy-Chief Technology Officer
INFO:root:01-08-2021:10:34:27||531169265|zooinfo response200
INFO:root:01-08-2021:10:34:27||531169265|https://www.linkedin.com/in/steve-justis-77117127?miniProfileUrn=urn%3Ali%3Afs_miniProfile%3AACoAAAWKfgUB93fGMbX460k0lVOWclnlaW5k63M
INFO:root:01-08-2021:10:34:28||531169265|got linkedin response200
INFO:root:01-08-2021:10:34:28||531169265|Steve-Justis-CIO
INFO:root:01-08-2021:10:34:41||531169266|zooinfo response200
INFO:root:01-08-2021:10:34:42||531169266|https://www.linkedin.com/in/vinod-brahmapuram?miniProfileUrn=urn%3Ali%3Afs_miniProfile%3AACoAABOpmgEBU6rUFDIrXVJguoDv8e4AJFyuwNQ
INFO:root:01-08-2021:10:34:42||531169266|got linkedin response200
INFO:root:01-08-2021:10:34:42||531169266|Vinod-Brahmapuram, MS, CISM, CISSP, MCSD-State Chief Information Security Officer
INFO:root:01-08-2021:10:35:00||531169267|zooinfo response200
INFO:root:01-08-2021:10:35:01||531169267|https://www.linkedin.com/in/ryanjschaap?miniProfileUrn=urn%3Ali%3Afs_miniProfile%3AACoAAAL5AisBU-5iNbeosKNIto1P_n_4ffNYLEk
INFO:root:01-08-2021:10:35:01||531169267|got linkedin response200
INFO:root:01-08-2021:10:35:01||531169267|Ryan-Schaap-Member Board of Directors
INFO:root:01-08-2021:10:35:19||531169268|zooinfo response200
INFO:root:01-08-2021:10:35:20||531169268|https://www.linkedin.com/in/dalekdriver?miniProfileUrn=urn%3Ali%3Afs_miniProfile%3AACoAAAIOIUIB0AAUFF0f3LZ5_Udns7ZjrlXCcsA
INFO:root:01-08-2021:10:35:21||531169268|got linkedin response200
INFO:root:01-08-2021:10:35:21||531169268|Dale-Driver-Assistant Vice President of IT/CIO
INFO:root:01-08-2021:10:35:37||531169269|zooinfo response200
INFO:root:01-08-2021:10:35:45||531169269|got linkedin response200
INFO:root:01-08-2021:10:35:45||531169269|Eric-Chin-Chief Information Officer
INFO:root:01-08-2021:10:36:02||531169270|zooinfo response200
INFO:root:01-08-2021:10:36:03||531169270|https://www.linkedin.com/in/ameades?miniProfileUrn=urn%3Ali%3Afs_miniProfile%3AACoAAALfw5IBV0vhs2UGFiuXMqYOgtvsORthgeY
INFO:root:01-08-2021:10:36:04||531169270|got linkedin response200
INFO:root:01-08-2021:10:36:04||531169270|Annemarie-Eades-Vice President for Information Technology and Chief Information Officer
INFO:root:01-08-2021:10:36:22||531169271|zooinfo response200
INFO:root:01-08-2021:10:36:23||531169271|https://www.linkedin.com/in/clif-summers-mpa-shrm-cp-55500713?miniProfileUrn=urn%3Ali%3Afs_miniProfile%3AACoAAAKrolEBUvc3iM9P0yEWvXR9KMTCPP_e5NE
INFO:root:01-08-2021:10:36:24||531169271|got linkedin response200
INFO:root:01-08-2021:10:36:24||531169271|Clif-Summers, MPA,SHRM-CP-Chief Information Officer
INFO:root:01-08-2021:10:36:36||531169272|zooinfo response200
INFO:root:01-08-2021:10:36:37||531169272|https://www.linkedin.com/in/john-meng-5741a06?miniProfileUrn=urn%3Ali%3Afs_miniProfile%3AACoAAAEYWSgBAcoYJVzvfufv1aW5I1qOymWrqDA
INFO:root:01-08-2021:10:36:37||531169272|got linkedin response200
INFO:root:01-08-2021:10:36:37||531169272|John-Meng-Senior Director Global IT Operations
INFO:root:01-08-2021:10:36:50||531169273|zooinfo response200
INFO:root:01-08-2021:10:37:00||531169273|got linkedin response200
INFO:root:01-08-2021:10:37:00||531169273|Weicheng (Vincent)-Jiang, MBA-IT Director
INFO:root:01-08-2021:10:37:16||531169274|zooinfo response200
INFO:root:01-08-2021:10:37:16||531169274|https://www.linkedin.com/in/michael-aceto-6851168?miniProfileUrn=urn%3Ali%3Afs_miniProfile%3AACoAAAFwyUUBANghPPC3sBHKkdSjbCFIJd6RWFk
INFO:root:01-08-2021:10:37:17||531169274|got linkedin response200
INFO:root:01-08-2021:10:37:17||531169274|Michael-Aceto-Director of Finance
INFO:root:01-08-2021:10:37:32||531169277|zooinfo response200
INFO:root:01-08-2021:10:37:33||531169277|https://www.linkedin.com/in/jacobbowman?miniProfileUrn=urn%3Ali%3Afs_miniProfile%3AACoAAAEhXckBtMylH1lqjSXcihQ7V8cTtJ4qXVI
INFO:root:01-08-2021:10:37:33||531169277|got linkedin response200
INFO:root:01-08-2021:10:37:33||531169277|Jacob-Bowman-Vice President, Finance - Direct & Digital Marketing Group
INFO:root:01-08-2021:10:37:49||531169280|zooinfo response200
INFO:root:01-08-2021:10:37:50||531169280|https://www.linkedin.com/in/michael-montgomery-4ba2921b?miniProfileUrn=urn%3Ali%3Afs_miniProfile%3AACoAAAQicU4BERoNL-AWqJl7zxOd-UO_ZjnuT1U
INFO:root:01-08-2021:10:37:51||531169280|got linkedin response200
INFO:root:01-08-2021:10:37:51||531169280|Michael-Montgomery-Vice President Information Technology at Trulite Glass & Aluminum Solutions
INFO:root:01-08-2021:10:38:06||531169281|zooinfo response200
INFO:root:01-08-2021:10:38:07||531169281|https://www.linkedin.com/in/stacydebroff?miniProfileUrn=urn%3Ali%3Afs_miniProfile%3AACoAAAADZS4BbX73UGB9W3X7ULu0nlijFb910VE
INFO:root:01-08-2021:10:38:08||531169281|got linkedin response200
INFO:root:01-08-2021:10:38:08||531169281|Stacy-DeBroff-CEO and founder
INFO:root:01-08-2021:10:38:23||531169282|zooinfo response200
INFO:root:01-08-2021:10:38:24||531169282|https://www.linkedin.com/in/sarakdavies?miniProfileUrn=urn%3Ali%3Afs_miniProfile%3AACoAAAC5bicBz1XHfMtXVy14nLHpwd4m0fSxWJo
INFO:root:01-08-2021:10:38:24||531169282|got linkedin response200
INFO:root:01-08-2021:10:38:24||531169282|Sara-Davies-Head Of Technical Recruitment
